1.4544 	WARNING 	We strongly recommend you activate the PTB sound engine in PsychoPy prefs as the preferred audio engine. Its timing is vastly superior. Your prefs are currently set to use ['sounddevice', 'PTB', 'pyo', 'pygame'] (in that order).
5.7421 	WARNING 	User requested fullscreen with size [1024  768], but screen is actually [1920, 1080]. Using actual size
6.3774 	EXP 	Created window1 = Window(allowGUI=False, allowStencil=False, autoLog=True, backendConf=UNKNOWN, bitsMode=UNKNOWN, blendMode='avg', bpc=(8, 8, 8), color=array([0, 0, 0]), colorSpace='rgb', depthBits=8, fullscr=<method-wrapper '__getattribute__' of attributeSetter object at 0x00000119B68D1A30>, gamma=None, gammaErrorPolicy='raise', lms=UNKNOWN, monitor=<psychopy.monitors.calibTools.Monitor object at 0x00000119B755E430>, multiSample=False, name='window1', numSamples=2, pos=(0, 0), screen=0, size=array([1920, 1080]), stencilBits=0, stereo=False, units='height', useFBO=True, useRetina=False, viewOri=0.0, viewPos=None, viewScale=None, waitBlanking=True, winType='pyglet')
6.3780 	EXP 	window1: mouseVisible = True
6.3781 	EXP 	window1: Attempting to measure frame rate of screen (0) ...
6.3782 	EXP 	window1: recordFrameIntervals = False
6.5430 	EXP 	window1: recordFrameIntervals = True
6.7269 	EXP 	Screen (0) actual frame rate measured at 59.94Hz
6.7270 	EXP 	window1: recordFrameIntervals = False
8.6172 	EXP 	Created text = TextStim(__class__=<class 'psychopy.visual.text.TextStim'>, alignHoriz=method-wrapper(...), alignText='center', alignVert=method-wrapper(...), anchorHoriz='center', anchorVert='center', antialias=True, autoDraw=False, autoLog=True, bold=False, color=array([1., 1., 1.]), colorSpace='rgb', contrast=1.0, depth=0.0, flipHoriz=False, flipVert=False, font='Open Sans', fontFiles=[], height=0.05, italic=False, languageStyle='LTR', name='text', opacity=1.0, ori=0.0, pos=array([0., 0.]), rgb=UNKNOWN, text='Memory test instructions', units='height', win=Window(...), wrapWidth=1)
8.6255 	EXP 	Created MemTest = TextStim(__class__=<class 'psychopy.visual.text.TextStim'>, alignHoriz=method-wrapper(...), alignText='center', alignVert=method-wrapper(...), anchorHoriz='center', anchorVert='center', antialias=True, autoDraw=False, autoLog=True, bold=False, color=array([1., 1., 1.]), colorSpace='rgb', contrast=1.0, depth=0.0, flipHoriz=False, flipVert=False, font='Open Sans', fontFiles=[], height=0.05, italic=False, languageStyle='LTR', name='MemTest', opacity=1.0, ori=0.0, pos=array([ 0.  , -0.15]), rgb=UNKNOWN, text='Did you see this image?', units='height', win=Window(...), wrapWidth=1)
8.6300 	EXP 	Created Display = ImageStim(__class__=<class 'psychopy.visual.image.ImageStim'>, anchor=('center', 'center'), autoLog=True, color=array([1., 1., 1.]), colorSpace='rgb', contrast=1.0, depth=-2.0, flipHoriz=False, flipVert=False, image='sin', interpolate=True, mask=None, maskParams=None, name='Display', opacity=1.0, ori=0.0, pos=array([0.  , 0.15]), size=array([0.5, 0.5]), texRes=128.0, units='height', win=Window(...))
8.6392 	EXP 	text: autoDraw = True
9.1489 	EXP 	Imported Memory_conditionSheet.xlsx as conditions, 565 conditions, 10 params
9.1551 	EXP 	Created sequence: sequential, trialTypes=565, nReps=1, seed=None
9.1554 	EXP 	New trial (rep=0, index=0): {'TrialType': 'Mem', 'Lag': 1, 'Image': 'giraffe.jpg', 'T1PA': 'P', 'T2PA': 'P', 'PicFolder': 'JPG\\', 'Picture': 'giraffe', 'FullPathName': 'C:\\\\Users\\\\Psychology\\\\Documents\\\\ABExperiment\\\\MemoryStudy\\\\resources\\\\JPG\\\\giraffe.jpg', 'FilePath': 'C:\\\\Users\\\\Psychology\\\\Documents\\\\ABExperiment\\\\MemoryStudy\\\\resources\\\\JPG\\\\'}
9.1619 	DATA 	Keypress: space
9.1694 	EXP 	text: autoDraw = False
9.1694 	EXP 	Display: image = 'C:\\\\Users\\\\Psychology\\\\Documents\\\\ABExperiment\\\\MemoryStudy\\\\resources\\\\JPG\\\\giraffe.jpg'
9.1694 	EXP 	MemTest: autoDraw = True
9.1694 	EXP 	Display: autoDraw = True
9.9557 	EXP 	New trial (rep=0, index=1): {'TrialType': 'Mem', 'Lag': 1, 'Image': 'greathornowl.jpg', 'T1PA': 'P', 'T2PA': 'P', 'PicFolder': 'JPG\\', 'Picture': 'greathornowl', 'FullPathName': 'C:\\\\Users\\\\Psychology\\\\Documents\\\\ABExperiment\\\\MemoryStudy\\\\resources\\\\JPG\\\\greathornowl.jpg', 'FilePath': 'C:\\\\Users\\\\Psychology\\\\Documents\\\\ABExperiment\\\\MemoryStudy\\\\resources\\\\JPG\\\\'}
9.9693 	DATA 	Keypress: 2
9.9773 	EXP 	MemTest: autoDraw = False
9.9773 	EXP 	Display: autoDraw = False
9.9773 	EXP 	Display: image = 'C:\\\\Users\\\\Psychology\\\\Documents\\\\ABExperiment\\\\MemoryStudy\\\\resources\\\\JPG\\\\greathornowl.jpg'
9.9773 	EXP 	MemTest: autoDraw = True
9.9773 	EXP 	Display: autoDraw = True
9.9980 	EXP 	New trial (rep=0, index=2): {'TrialType': 'Mem', 'Lag': 1, 'Image': 'candle08b.jpg', 'T1PA': 'P', 'T2PA': 'P', 'PicFolder': 'JPG\\', 'Picture': 'candle08b', 'FullPathName': 'C:\\\\Users\\\\Psychology\\\\Documents\\\\ABExperiment\\\\MemoryStudy\\\\resources\\\\JPG\\\\candle08b.jpg', 'FilePath': 'C:\\\\Users\\\\Psychology\\\\Documents\\\\ABExperiment\\\\MemoryStudy\\\\resources\\\\JPG\\\\'}
10.1139 	DATA 	Keypress: 1
10.1265 	EXP 	MemTest: autoDraw = False
10.1265 	EXP 	Display: autoDraw = False
10.1265 	EXP 	Display: image = 'C:\\\\Users\\\\Psychology\\\\Documents\\\\ABExperiment\\\\MemoryStudy\\\\resources\\\\JPG\\\\candle08b.jpg'
10.1265 	EXP 	MemTest: autoDraw = True
10.1265 	EXP 	Display: autoDraw = True
10.8157 	DATA 	Keypress: 1
10.8316 	EXP 	New trial (rep=0, index=3): {'TrialType': 'Mem', 'Lag': 1, 'Image': 'horse.jpg', 'T1PA': 'P', 'T2PA': 'P', 'PicFolder': 'JPG\\', 'Picture': 'horse', 'FullPathName': 'C:\\\\Users\\\\Psychology\\\\Documents\\\\ABExperiment\\\\MemoryStudy\\\\resources\\\\JPG\\\\horse.jpg', 'FilePath': 'C:\\\\Users\\\\Psychology\\\\Documents\\\\ABExperiment\\\\MemoryStudy\\\\resources\\\\JPG\\\\'}
10.9002 	EXP 	MemTest: autoDraw = False
10.9002 	EXP 	Display: autoDraw = False
10.9002 	EXP 	Display: image = 'C:\\\\Users\\\\Psychology\\\\Documents\\\\ABExperiment\\\\MemoryStudy\\\\resources\\\\JPG\\\\horse.jpg'
10.9002 	EXP 	MemTest: autoDraw = True
10.9002 	EXP 	Display: autoDraw = True
11.1840 	DATA 	Keypress: 1
11.1996 	EXP 	New trial (rep=0, index=4): {'TrialType': 'Mem', 'Lag': 1, 'Image': 'snowman.jpg', 'T1PA': 'P', 'T2PA': 'P', 'PicFolder': 'JPG\\', 'Picture': 'snowman', 'FullPathName': 'C:\\\\Users\\\\Psychology\\\\Documents\\\\ABExperiment\\\\MemoryStudy\\\\resources\\\\JPG\\\\snowman.jpg', 'FilePath': 'C:\\\\Users\\\\Psychology\\\\Documents\\\\ABExperiment\\\\MemoryStudy\\\\resources\\\\JPG\\\\'}
11.2162 	EXP 	MemTest: autoDraw = False
11.2162 	EXP 	Display: autoDraw = False
11.2162 	EXP 	Display: image = 'C:\\\\Users\\\\Psychology\\\\Documents\\\\ABExperiment\\\\MemoryStudy\\\\resources\\\\JPG\\\\snowman.jpg'
11.2162 	EXP 	MemTest: autoDraw = True
11.2162 	EXP 	Display: autoDraw = True
11.5332 	EXP 	New trial (rep=0, index=5): {'TrialType': 'Mem', 'Lag': 1, 'Image': 'squirrel.jpg', 'T1PA': 'P', 'T2PA': 'P', 'PicFolder': 'JPG\\', 'Picture': 'squirrel', 'FullPathName': 'C:\\\\Users\\\\Psychology\\\\Documents\\\\ABExperiment\\\\MemoryStudy\\\\resources\\\\JPG\\\\squirrel.jpg', 'FilePath': 'C:\\\\Users\\\\Psychology\\\\Documents\\\\ABExperiment\\\\MemoryStudy\\\\resources\\\\JPG\\\\'}
11.5407 	DATA 	Keypress: 1
11.5506 	EXP 	MemTest: autoDraw = False
11.5506 	EXP 	Display: autoDraw = False
11.5506 	EXP 	Display: image = 'C:\\\\Users\\\\Psychology\\\\Documents\\\\ABExperiment\\\\MemoryStudy\\\\resources\\\\JPG\\\\squirrel.jpg'
11.5506 	EXP 	MemTest: autoDraw = True
11.5506 	EXP 	Display: autoDraw = True
11.8493 	EXP 	New trial (rep=0, index=6): {'TrialType': 'Mem', 'Lag': 1, 'Image': 'firtree.jpg', 'T1PA': 'P', 'T2PA': 'P', 'PicFolder': 'JPG\\', 'Picture': 'firtree', 'FullPathName': 'C:\\\\Users\\\\Psychology\\\\Documents\\\\ABExperiment\\\\MemoryStudy\\\\resources\\\\JPG\\\\firtree.jpg', 'FilePath': 'C:\\\\Users\\\\Psychology\\\\Documents\\\\ABExperiment\\\\MemoryStudy\\\\resources\\\\JPG\\\\'}
11.9378 	DATA 	Keypress: 1
11.9489 	EXP 	MemTest: autoDraw = False
11.9489 	EXP 	Display: autoDraw = False
11.9489 	EXP 	Display: image = 'C:\\\\Users\\\\Psychology\\\\Documents\\\\ABExperiment\\\\MemoryStudy\\\\resources\\\\JPG\\\\firtree.jpg'
11.9489 	EXP 	MemTest: autoDraw = True
11.9489 	EXP 	Display: autoDraw = True
12.1828 	EXP 	New trial (rep=0, index=7): {'TrialType': 'Mem', 'Lag': 1, 'Image': 'bowlingball.jpg', 'T1PA': 'P', 'T2PA': 'P', 'PicFolder': 'JPG\\', 'Picture': 'bowlingball', 'FullPathName': 'C:\\\\Users\\\\Psychology\\\\Documents\\\\ABExperiment\\\\MemoryStudy\\\\resources\\\\JPG\\\\bowlingball.jpg', 'FilePath': 'C:\\\\Users\\\\Psychology\\\\Documents\\\\ABExperiment\\\\MemoryStudy\\\\resources\\\\JPG\\\\'}
12.1872 	DATA 	Keypress: 1
12.1979 	EXP 	MemTest: autoDraw = False
12.1979 	EXP 	Display: autoDraw = False
12.1979 	EXP 	Display: image = 'C:\\\\Users\\\\Psychology\\\\Documents\\\\ABExperiment\\\\MemoryStudy\\\\resources\\\\JPG\\\\bowlingball.jpg'
12.1979 	EXP 	MemTest: autoDraw = True
12.1979 	EXP 	Display: autoDraw = True
12.4831 	EXP 	New trial (rep=0, index=8): {'TrialType': 'Mem', 'Lag': 1, 'Image': 'bowlingpin.jpg', 'T1PA': 'P', 'T2PA': 'P', 'PicFolder': 'JPG\\', 'Picture': 'bowlingpin', 'FullPathName': 'C:\\\\Users\\\\Psychology\\\\Documents\\\\ABExperiment\\\\MemoryStudy\\\\resources\\\\JPG\\\\bowlingpin.jpg', 'FilePath': 'C:\\\\Users\\\\Psychology\\\\Documents\\\\ABExperiment\\\\MemoryStudy\\\\resources\\\\JPG\\\\'}
12.4870 	DATA 	Keypress: 1
12.4983 	EXP 	MemTest: autoDraw = False
12.4983 	EXP 	Display: autoDraw = False
12.4983 	EXP 	Display: image = 'C:\\\\Users\\\\Psychology\\\\Documents\\\\ABExperiment\\\\MemoryStudy\\\\resources\\\\JPG\\\\bowlingpin.jpg'
12.4983 	EXP 	MemTest: autoDraw = True
12.4983 	EXP 	Display: autoDraw = True
12.7866 	DATA 	Keypress: 1
12.8018 	EXP 	New trial (rep=0, index=9): {'TrialType': 'Mem', 'Lag': 1, 'Image': 'candycane01a.jpg', 'T1PA': 'P', 'T2PA': 'P', 'PicFolder': 'JPG\\', 'Picture': 'candycane01a', 'FullPathName': 'C:\\\\Users\\\\Psychology\\\\Documents\\\\ABExperiment\\\\MemoryStudy\\\\resources\\\\JPG\\\\candycane01a.jpg', 'FilePath': 'C:\\\\Users\\\\Psychology\\\\Documents\\\\ABExperiment\\\\MemoryStudy\\\\resources\\\\JPG\\\\'}
12.8182 	EXP 	MemTest: autoDraw = False
12.8182 	EXP 	Display: autoDraw = False
12.8182 	EXP 	Display: image = 'C:\\\\Users\\\\Psychology\\\\Documents\\\\ABExperiment\\\\MemoryStudy\\\\resources\\\\JPG\\\\candycane01a.jpg'
12.8182 	EXP 	MemTest: autoDraw = True
12.8182 	EXP 	Display: autoDraw = True
13.1022 	EXP 	New trial (rep=0, index=10): {'TrialType': 'Mem', 'Lag': 1, 'Image': 'dolphin01.jpg', 'T1PA': 'P', 'T2PA': 'P', 'PicFolder': 'JPG\\', 'Picture': 'dolphin01', 'FullPathName': 'C:\\\\Users\\\\Psychology\\\\Documents\\\\ABExperiment\\\\MemoryStudy\\\\resources\\\\JPG\\\\dolphin01.jpg', 'FilePath': 'C:\\\\Users\\\\Psychology\\\\Documents\\\\ABExperiment\\\\MemoryStudy\\\\resources\\\\JPG\\\\'}
13.1111 	DATA 	Keypress: 1
13.1188 	EXP 	MemTest: autoDraw = False
13.1188 	EXP 	Display: autoDraw = False
13.1188 	EXP 	Display: image = 'C:\\\\Users\\\\Psychology\\\\Documents\\\\ABExperiment\\\\MemoryStudy\\\\resources\\\\JPG\\\\dolphin01.jpg'
13.1188 	EXP 	MemTest: autoDraw = True
13.1188 	EXP 	Display: autoDraw = True
13.4025 	EXP 	New trial (rep=0, index=11): {'TrialType': 'Mem', 'Lag': 1, 'Image': 'dromedary.jpg', 'T1PA': 'P', 'T2PA': 'P', 'PicFolder': 'JPG\\', 'Picture': 'dromedary', 'FullPathName': 'C:\\\\Users\\\\Psychology\\\\Documents\\\\ABExperiment\\\\MemoryStudy\\\\resources\\\\JPG\\\\dromedary.jpg', 'FilePath': 'C:\\\\Users\\\\Psychology\\\\Documents\\\\ABExperiment\\\\MemoryStudy\\\\resources\\\\JPG\\\\'}
13.4113 	DATA 	Keypress: 1
13.4190 	EXP 	MemTest: autoDraw = False
13.4190 	EXP 	Display: autoDraw = False
13.4190 	EXP 	Display: image = 'C:\\\\Users\\\\Psychology\\\\Documents\\\\ABExperiment\\\\MemoryStudy\\\\resources\\\\JPG\\\\dromedary.jpg'
13.4190 	EXP 	MemTest: autoDraw = True
13.4190 	EXP 	Display: autoDraw = True
13.6851 	EXP 	New trial (rep=0, index=12): {'TrialType': 'Mem', 'Lag': 1, 'Image': 'football.jpg', 'T1PA': 'P', 'T2PA': 'P', 'PicFolder': 'JPG\\', 'Picture': 'football', 'FullPathName': 'C:\\\\Users\\\\Psychology\\\\Documents\\\\ABExperiment\\\\MemoryStudy\\\\resources\\\\JPG\\\\football.jpg', 'FilePath': 'C:\\\\Users\\\\Psychology\\\\Documents\\\\ABExperiment\\\\MemoryStudy\\\\resources\\\\JPG\\\\'}
13.6910 	DATA 	Keypress: 1
13.7008 	EXP 	MemTest: autoDraw = False
13.7008 	EXP 	Display: autoDraw = False
13.7008 	EXP 	Display: image = 'C:\\\\Users\\\\Psychology\\\\Documents\\\\ABExperiment\\\\MemoryStudy\\\\resources\\\\JPG\\\\football.jpg'
13.7008 	EXP 	MemTest: autoDraw = True
13.7008 	EXP 	Display: autoDraw = True
13.9697 	DATA 	Keypress: 1
13.9854 	EXP 	New trial (rep=0, index=13): {'TrialType': 'Mem', 'Lag': 1, 'Image': 'golfball.jpg', 'T1PA': 'P', 'T2PA': 'P', 'PicFolder': 'JPG\\', 'Picture': 'golfball', 'FullPathName': 'C:\\\\Users\\\\Psychology\\\\Documents\\\\ABExperiment\\\\MemoryStudy\\\\resources\\\\JPG\\\\golfball.jpg', 'FilePath': 'C:\\\\Users\\\\Psychology\\\\Documents\\\\ABExperiment\\\\MemoryStudy\\\\resources\\\\JPG\\\\'}
14.0009 	EXP 	MemTest: autoDraw = False
14.0009 	EXP 	Display: autoDraw = False
14.0009 	EXP 	Display: image = 'C:\\\\Users\\\\Psychology\\\\Documents\\\\ABExperiment\\\\MemoryStudy\\\\resources\\\\JPG\\\\golfball.jpg'
14.0009 	EXP 	MemTest: autoDraw = True
14.0009 	EXP 	Display: autoDraw = True
14.2689 	EXP 	New trial (rep=0, index=14): {'TrialType': 'Mem', 'Lag': 1, 'Image': 'guitarcase.jpg', 'T1PA': 'P', 'T2PA': 'P', 'PicFolder': 'JPG\\', 'Picture': 'guitarcase', 'FullPathName': 'C:\\\\Users\\\\Psychology\\\\Documents\\\\ABExperiment\\\\MemoryStudy\\\\resources\\\\JPG\\\\guitarcase.jpg', 'FilePath': 'C:\\\\Users\\\\Psychology\\\\Documents\\\\ABExperiment\\\\MemoryStudy\\\\resources\\\\JPG\\\\'}
14.2746 	DATA 	Keypress: 1
14.2845 	EXP 	MemTest: autoDraw = False
14.2845 	EXP 	Display: autoDraw = False
14.2845 	EXP 	Display: image = 'C:\\\\Users\\\\Psychology\\\\Documents\\\\ABExperiment\\\\MemoryStudy\\\\resources\\\\JPG\\\\guitarcase.jpg'
14.2845 	EXP 	MemTest: autoDraw = True
14.2845 	EXP 	Display: autoDraw = True
14.5368 	DATA 	Keypress: 1
14.5524 	EXP 	New trial (rep=0, index=15): {'TrialType': 'Mem', 'Lag': 1, 'Image': 'jellybean.jpg', 'T1PA': 'P', 'T2PA': 'P', 'PicFolder': 'JPG\\', 'Picture': 'jellybean', 'FullPathName': 'C:\\\\Users\\\\Psychology\\\\Documents\\\\ABExperiment\\\\MemoryStudy\\\\resources\\\\JPG\\\\jellybean.jpg', 'FilePath': 'C:\\\\Users\\\\Psychology\\\\Documents\\\\ABExperiment\\\\MemoryStudy\\\\resources\\\\JPG\\\\'}
14.5676 	EXP 	MemTest: autoDraw = False
14.5676 	EXP 	Display: autoDraw = False
14.5676 	EXP 	Display: image = 'C:\\\\Users\\\\Psychology\\\\Documents\\\\ABExperiment\\\\MemoryStudy\\\\resources\\\\JPG\\\\jellybean.jpg'
14.5676 	EXP 	MemTest: autoDraw = True
14.5676 	EXP 	Display: autoDraw = True
14.8196 	EXP 	New trial (rep=0, index=16): {'TrialType': 'Mem', 'Lag': 1, 'Image': 'kangaroo.jpg', 'T1PA': 'P', 'T2PA': 'P', 'PicFolder': 'JPG\\', 'Picture': 'kangaroo', 'FullPathName': 'C:\\\\Users\\\\Psychology\\\\Documents\\\\ABExperiment\\\\MemoryStudy\\\\resources\\\\JPG\\\\kangaroo.jpg', 'FilePath': 'C:\\\\Users\\\\Psychology\\\\Documents\\\\ABExperiment\\\\MemoryStudy\\\\resources\\\\JPG\\\\'}
14.8253 	DATA 	Keypress: 1
14.8353 	EXP 	MemTest: autoDraw = False
14.8353 	EXP 	Display: autoDraw = False
14.8353 	EXP 	Display: image = 'C:\\\\Users\\\\Psychology\\\\Documents\\\\ABExperiment\\\\MemoryStudy\\\\resources\\\\JPG\\\\kangaroo.jpg'
14.8353 	EXP 	MemTest: autoDraw = True
14.8353 	EXP 	Display: autoDraw = True
15.1031 	EXP 	New trial (rep=0, index=17): {'TrialType': 'Mem', 'Lag': 1, 'Image': 'kite.jpg', 'T1PA': 'P', 'T2PA': 'P', 'PicFolder': 'JPG\\', 'Picture': 'kite', 'FullPathName': 'C:\\\\Users\\\\Psychology\\\\Documents\\\\ABExperiment\\\\MemoryStudy\\\\resources\\\\JPG\\\\kite.jpg', 'FilePath': 'C:\\\\Users\\\\Psychology\\\\Documents\\\\ABExperiment\\\\MemoryStudy\\\\resources\\\\JPG\\\\'}
15.1089 	DATA 	Keypress: 1
15.1187 	EXP 	MemTest: autoDraw = False
15.1187 	EXP 	Display: autoDraw = False
15.1187 	EXP 	Display: image = 'C:\\\\Users\\\\Psychology\\\\Documents\\\\ABExperiment\\\\MemoryStudy\\\\resources\\\\JPG\\\\kite.jpg'
15.1187 	EXP 	MemTest: autoDraw = True
15.1187 	EXP 	Display: autoDraw = True
15.3867 	EXP 	New trial (rep=0, index=18): {'TrialType': 'Mem', 'Lag': 1, 'Image': 'lightswitch01.jpg', 'T1PA': 'P', 'T2PA': 'P', 'PicFolder': 'JPG\\', 'Picture': 'lightswitch01', 'FullPathName': 'C:\\\\Users\\\\Psychology\\\\Documents\\\\ABExperiment\\\\MemoryStudy\\\\resources\\\\JPG\\\\lightswitch01.jpg', 'FilePath': 'C:\\\\Users\\\\Psychology\\\\Documents\\\\ABExperiment\\\\MemoryStudy\\\\resources\\\\JPG\\\\'}
15.3924 	DATA 	Keypress: 1
15.4023 	EXP 	MemTest: autoDraw = False
15.4023 	EXP 	Display: autoDraw = False
15.4023 	EXP 	Display: image = 'C:\\\\Users\\\\Psychology\\\\Documents\\\\ABExperiment\\\\MemoryStudy\\\\resources\\\\JPG\\\\lightswitch01.jpg'
15.4023 	EXP 	MemTest: autoDraw = True
15.4023 	EXP 	Display: autoDraw = True
15.6703 	EXP 	New trial (rep=0, index=19): {'TrialType': 'Mem', 'Lag': 1, 'Image': 'locker.jpg', 'T1PA': 'P', 'T2PA': 'P', 'PicFolder': 'JPG\\', 'Picture': 'locker', 'FullPathName': 'C:\\\\Users\\\\Psychology\\\\Documents\\\\ABExperiment\\\\MemoryStudy\\\\resources\\\\JPG\\\\locker.jpg', 'FilePath': 'C:\\\\Users\\\\Psychology\\\\Documents\\\\ABExperiment\\\\MemoryStudy\\\\resources\\\\JPG\\\\'}
15.6761 	DATA 	Keypress: 1
15.6863 	EXP 	MemTest: autoDraw = False
15.6863 	EXP 	Display: autoDraw = False
15.6863 	EXP 	Display: image = 'C:\\\\Users\\\\Psychology\\\\Documents\\\\ABExperiment\\\\MemoryStudy\\\\resources\\\\JPG\\\\locker.jpg'
15.6863 	EXP 	MemTest: autoDraw = True
15.6863 	EXP 	Display: autoDraw = True
15.9379 	DATA 	Keypress: 1
15.9541 	EXP 	New trial (rep=0, index=20): {'TrialType': 'Mem', 'Lag': 1, 'Image': 'mailbox01.jpg', 'T1PA': 'P', 'T2PA': 'P', 'PicFolder': 'JPG\\', 'Picture': 'mailbox01', 'FullPathName': 'C:\\\\Users\\\\Psychology\\\\Documents\\\\ABExperiment\\\\MemoryStudy\\\\resources\\\\JPG\\\\mailbox01.jpg', 'FilePath': 'C:\\\\Users\\\\Psychology\\\\Documents\\\\ABExperiment\\\\MemoryStudy\\\\resources\\\\JPG\\\\'}
16.0578 	EXP 	MemTest: autoDraw = False
16.0578 	EXP 	Display: autoDraw = False
16.0578 	EXP 	Display: image = 'C:\\\\Users\\\\Psychology\\\\Documents\\\\ABExperiment\\\\MemoryStudy\\\\resources\\\\JPG\\\\mailbox01.jpg'
16.0578 	EXP 	MemTest: autoDraw = True
16.0578 	EXP 	Display: autoDraw = True
16.2367 	EXP 	New trial (rep=0, index=21): {'TrialType': 'Mem', 'Lag': 1, 'Image': 'mailbox02.jpg', 'T1PA': 'P', 'T2PA': 'P', 'PicFolder': 'JPG\\', 'Picture': 'mailbox02', 'FullPathName': 'C:\\\\Users\\\\Psychology\\\\Documents\\\\ABExperiment\\\\MemoryStudy\\\\resources\\\\JPG\\\\mailbox02.jpg', 'FilePath': 'C:\\\\Users\\\\Psychology\\\\Documents\\\\ABExperiment\\\\MemoryStudy\\\\resources\\\\JPG\\\\'}
16.2403 	DATA 	Keypress: 1
16.2520 	EXP 	MemTest: autoDraw = False
16.2520 	EXP 	Display: autoDraw = False
16.2520 	EXP 	Display: image = 'C:\\\\Users\\\\Psychology\\\\Documents\\\\ABExperiment\\\\MemoryStudy\\\\resources\\\\JPG\\\\mailbox02.jpg'
16.2520 	EXP 	MemTest: autoDraw = True
16.2520 	EXP 	Display: autoDraw = True
16.6047 	EXP 	New trial (rep=0, index=22): {'TrialType': 'Mem', 'Lag': 1, 'Image': 'mattress.jpg', 'T1PA': 'P', 'T2PA': 'P', 'PicFolder': 'JPG\\', 'Picture': 'mattress', 'FullPathName': 'C:\\\\Users\\\\Psychology\\\\Documents\\\\ABExperiment\\\\MemoryStudy\\\\resources\\\\JPG\\\\mattress.jpg', 'FilePath': 'C:\\\\Users\\\\Psychology\\\\Documents\\\\ABExperiment\\\\MemoryStudy\\\\resources\\\\JPG\\\\'}
16.6120 	DATA 	Keypress: 1
16.6214 	EXP 	MemTest: autoDraw = False
16.6214 	EXP 	Display: autoDraw = False
16.6214 	EXP 	Display: image = 'C:\\\\Users\\\\Psychology\\\\Documents\\\\ABExperiment\\\\MemoryStudy\\\\resources\\\\JPG\\\\mattress.jpg'
16.6214 	EXP 	MemTest: autoDraw = True
16.6214 	EXP 	Display: autoDraw = True
16.8894 	DATA 	Keypress: 1
16.9050 	EXP 	New trial (rep=0, index=23): {'TrialType': 'Mem', 'Lag': 1, 'Image': 'pumpkin.jpg', 'T1PA': 'P', 'T2PA': 'P', 'PicFolder': 'JPG\\', 'Picture': 'pumpkin', 'FullPathName': 'C:\\\\Users\\\\Psychology\\\\Documents\\\\ABExperiment\\\\MemoryStudy\\\\resources\\\\JPG\\\\pumpkin.jpg', 'FilePath': 'C:\\\\Users\\\\Psychology\\\\Documents\\\\ABExperiment\\\\MemoryStudy\\\\resources\\\\JPG\\\\'}
16.9213 	EXP 	MemTest: autoDraw = False
16.9213 	EXP 	Display: autoDraw = False
16.9213 	EXP 	Display: image = 'C:\\\\Users\\\\Psychology\\\\Documents\\\\ABExperiment\\\\MemoryStudy\\\\resources\\\\JPG\\\\pumpkin.jpg'
16.9213 	EXP 	MemTest: autoDraw = True
16.9213 	EXP 	Display: autoDraw = True
17.2220 	EXP 	New trial (rep=0, index=24): {'TrialType': 'Mem', 'Lag': 1, 'Image': 'schoolbus.jpg', 'T1PA': 'P', 'T2PA': 'P', 'PicFolder': 'JPG\\', 'Picture': 'schoolbus', 'FullPathName': 'C:\\\\Users\\\\Psychology\\\\Documents\\\\ABExperiment\\\\MemoryStudy\\\\resources\\\\JPG\\\\schoolbus.jpg', 'FilePath': 'C:\\\\Users\\\\Psychology\\\\Documents\\\\ABExperiment\\\\MemoryStudy\\\\resources\\\\JPG\\\\'}
17.2377 	DATA 	Keypress: 1
17.2456 	EXP 	MemTest: autoDraw = False
17.2456 	EXP 	Display: autoDraw = False
17.2456 	EXP 	Display: image = 'C:\\\\Users\\\\Psychology\\\\Documents\\\\ABExperiment\\\\MemoryStudy\\\\resources\\\\JPG\\\\schoolbus.jpg'
17.2456 	EXP 	MemTest: autoDraw = True
17.2456 	EXP 	Display: autoDraw = True
17.5078 	DATA 	Keypress: 1
17.5232 	EXP 	New trial (rep=0, index=25): {'TrialType': 'Mem', 'Lag': 1, 'Image': 'skateboard.jpg', 'T1PA': 'P', 'T2PA': 'P', 'PicFolder': 'JPG\\', 'Picture': 'skateboard', 'FullPathName': 'C:\\\\Users\\\\Psychology\\\\Documents\\\\ABExperiment\\\\MemoryStudy\\\\resources\\\\JPG\\\\skateboard.jpg', 'FilePath': 'C:\\\\Users\\\\Psychology\\\\Documents\\\\ABExperiment\\\\MemoryStudy\\\\resources\\\\JPG\\\\'}
17.5398 	EXP 	MemTest: autoDraw = False
17.5398 	EXP 	Display: autoDraw = False
17.5398 	EXP 	Display: image = 'C:\\\\Users\\\\Psychology\\\\Documents\\\\ABExperiment\\\\MemoryStudy\\\\resources\\\\JPG\\\\skateboard.jpg'
17.5398 	EXP 	MemTest: autoDraw = True
17.5398 	EXP 	Display: autoDraw = True
17.8215 	EXP 	New trial (rep=0, index=26): {'TrialType': 'Mem', 'Lag': 1, 'Image': 'soccerball.jpg', 'T1PA': 'P', 'T2PA': 'P', 'PicFolder': 'JPG\\', 'Picture': 'soccerball', 'FullPathName': 'C:\\\\Users\\\\Psychology\\\\Documents\\\\ABExperiment\\\\MemoryStudy\\\\resources\\\\JPG\\\\soccerball.jpg', 'FilePath': 'C:\\\\Users\\\\Psychology\\\\Documents\\\\ABExperiment\\\\MemoryStudy\\\\resources\\\\JPG\\\\'}
17.8252 	DATA 	Keypress: 1
17.8370 	EXP 	MemTest: autoDraw = False
17.8370 	EXP 	Display: autoDraw = False
17.8370 	EXP 	Display: image = 'C:\\\\Users\\\\Psychology\\\\Documents\\\\ABExperiment\\\\MemoryStudy\\\\resources\\\\JPG\\\\soccerball.jpg'
17.8370 	EXP 	MemTest: autoDraw = True
17.8370 	EXP 	Display: autoDraw = True
18.1065 	EXP 	New trial (rep=0, index=27): {'TrialType': 'Mem', 'Lag': 1, 'Image': 'wheelchair.jpg', 'T1PA': 'P', 'T2PA': 'P', 'PicFolder': 'JPG\\', 'Picture': 'wheelchair', 'FullPathName': 'C:\\\\Users\\\\Psychology\\\\Documents\\\\ABExperiment\\\\MemoryStudy\\\\resources\\\\JPG\\\\wheelchair.jpg', 'FilePath': 'C:\\\\Users\\\\Psychology\\\\Documents\\\\ABExperiment\\\\MemoryStudy\\\\resources\\\\JPG\\\\'}
18.1140 	DATA 	Keypress: 1
18.1234 	EXP 	MemTest: autoDraw = False
18.1234 	EXP 	Display: autoDraw = False
18.1234 	EXP 	Display: image = 'C:\\\\Users\\\\Psychology\\\\Documents\\\\ABExperiment\\\\MemoryStudy\\\\resources\\\\JPG\\\\wheelchair.jpg'
18.1234 	EXP 	MemTest: autoDraw = True
18.1234 	EXP 	Display: autoDraw = True
18.3897 	EXP 	New trial (rep=0, index=28): {'TrialType': 'Mem', 'Lag': 1, 'Image': 'zebra.jpg', 'T1PA': 'P', 'T2PA': 'P', 'PicFolder': 'JPG\\', 'Picture': 'zebra', 'FullPathName': 'C:\\\\Users\\\\Psychology\\\\Documents\\\\ABExperiment\\\\MemoryStudy\\\\resources\\\\JPG\\\\zebra.jpg', 'FilePath': 'C:\\\\Users\\\\Psychology\\\\Documents\\\\ABExperiment\\\\MemoryStudy\\\\resources\\\\JPG\\\\'}
18.3966 	DATA 	Keypress: 1
18.4061 	EXP 	MemTest: autoDraw = False
18.4061 	EXP 	Display: autoDraw = False
18.4061 	EXP 	Display: image = 'C:\\\\Users\\\\Psychology\\\\Documents\\\\ABExperiment\\\\MemoryStudy\\\\resources\\\\JPG\\\\zebra.jpg'
18.4061 	EXP 	MemTest: autoDraw = True
18.4061 	EXP 	Display: autoDraw = True
18.6903 	EXP 	New trial (rep=0, index=29): {'TrialType': 'Mem', 'Lag': 1, 'Image': 'pooltable.jpg', 'T1PA': 'P', 'T2PA': 'P', 'PicFolder': 'JPG\\', 'Picture': 'pooltable', 'FullPathName': 'C:\\\\Users\\\\Psychology\\\\Documents\\\\ABExperiment\\\\MemoryStudy\\\\resources\\\\JPG\\\\pooltable.jpg', 'FilePath': 'C:\\\\Users\\\\Psychology\\\\Documents\\\\ABExperiment\\\\MemoryStudy\\\\resources\\\\JPG\\\\'}
18.6971 	DATA 	Keypress: 1
18.7067 	EXP 	MemTest: autoDraw = False
18.7067 	EXP 	Display: autoDraw = False
18.7067 	EXP 	Display: image = 'C:\\\\Users\\\\Psychology\\\\Documents\\\\ABExperiment\\\\MemoryStudy\\\\resources\\\\JPG\\\\pooltable.jpg'
18.7067 	EXP 	MemTest: autoDraw = True
18.7067 	EXP 	Display: autoDraw = True
18.9904 	EXP 	New trial (rep=0, index=30): {'TrialType': 'Mem', 'Lag': 1, 'Image': 'swing.jpg', 'T1PA': 'P', 'T2PA': 'P', 'PicFolder': 'JPG\\', 'Picture': 'swing', 'FullPathName': 'C:\\\\Users\\\\Psychology\\\\Documents\\\\ABExperiment\\\\MemoryStudy\\\\resources\\\\JPG\\\\swing.jpg', 'FilePath': 'C:\\\\Users\\\\Psychology\\\\Documents\\\\ABExperiment\\\\MemoryStudy\\\\resources\\\\JPG\\\\'}
18.9971 	DATA 	Keypress: 1
19.0066 	EXP 	MemTest: autoDraw = False
19.0066 	EXP 	Display: autoDraw = False
19.0066 	EXP 	Display: image = 'C:\\\\Users\\\\Psychology\\\\Documents\\\\ABExperiment\\\\MemoryStudy\\\\resources\\\\JPG\\\\swing.jpg'
19.0066 	EXP 	MemTest: autoDraw = True
19.0066 	EXP 	Display: autoDraw = True
19.2907 	EXP 	New trial (rep=0, index=31): {'TrialType': 'Mem', 'Lag': 1, 'Image': 'africanelephant.jpg', 'T1PA': 'P', 'T2PA': 'P', 'PicFolder': 'JPG\\', 'Picture': 'africanelephant', 'FullPathName': 'C:\\\\Users\\\\Psychology\\\\Documents\\\\ABExperiment\\\\MemoryStudy\\\\resources\\\\JPG\\\\africanelephant.jpg', 'FilePath': 'C:\\\\Users\\\\Psychology\\\\Documents\\\\ABExperiment\\\\MemoryStudy\\\\resources\\\\JPG\\\\'}
19.2977 	DATA 	Keypress: 1
19.3073 	EXP 	MemTest: autoDraw = False
19.3073 	EXP 	Display: autoDraw = False
19.3073 	EXP 	Display: image = 'C:\\\\Users\\\\Psychology\\\\Documents\\\\ABExperiment\\\\MemoryStudy\\\\resources\\\\JPG\\\\africanelephant.jpg'
19.3073 	EXP 	MemTest: autoDraw = True
19.3073 	EXP 	Display: autoDraw = True
19.5910 	EXP 	New trial (rep=0, index=32): {'TrialType': 'Mem', 'Lag': 1, 'Image': 'apron.jpg', 'T1PA': 'P', 'T2PA': 'P', 'PicFolder': 'JPG\\', 'Picture': 'apron', 'FullPathName': 'C:\\\\Users\\\\Psychology\\\\Documents\\\\ABExperiment\\\\MemoryStudy\\\\resources\\\\JPG\\\\apron.jpg', 'FilePath': 'C:\\\\Users\\\\Psychology\\\\Documents\\\\ABExperiment\\\\MemoryStudy\\\\resources\\\\JPG\\\\'}
19.5979 	DATA 	Keypress: 1
19.6074 	EXP 	MemTest: autoDraw = False
19.6074 	EXP 	Display: autoDraw = False
19.6074 	EXP 	Display: image = 'C:\\\\Users\\\\Psychology\\\\Documents\\\\ABExperiment\\\\MemoryStudy\\\\resources\\\\JPG\\\\apron.jpg'
19.6074 	EXP 	MemTest: autoDraw = True
19.6074 	EXP 	Display: autoDraw = True
19.8747 	EXP 	New trial (rep=0, index=33): {'TrialType': 'Mem', 'Lag': 1, 'Image': 'barnowl.jpg', 'T1PA': 'P', 'T2PA': 'P', 'PicFolder': 'JPG\\', 'Picture': 'barnowl', 'FullPathName': 'C:\\\\Users\\\\Psychology\\\\Documents\\\\ABExperiment\\\\MemoryStudy\\\\resources\\\\JPG\\\\barnowl.jpg', 'FilePath': 'C:\\\\Users\\\\Psychology\\\\Documents\\\\ABExperiment\\\\MemoryStudy\\\\resources\\\\JPG\\\\'}
19.9668 	DATA 	Keypress: 1
19.9790 	EXP 	MemTest: autoDraw = False
19.9790 	EXP 	Display: autoDraw = False
19.9790 	EXP 	Display: image = 'C:\\\\Users\\\\Psychology\\\\Documents\\\\ABExperiment\\\\MemoryStudy\\\\resources\\\\JPG\\\\barnowl.jpg'
19.9790 	EXP 	MemTest: autoDraw = True
19.9790 	EXP 	Display: autoDraw = True
20.1759 	EXP 	New trial (rep=0, index=34): {'TrialType': 'Mem', 'Lag': 1, 'Image': 'basketball01.jpg', 'T1PA': 'P', 'T2PA': 'P', 'PicFolder': 'JPG\\', 'Picture': 'basketball01', 'FullPathName': 'C:\\\\Users\\\\Psychology\\\\Documents\\\\ABExperiment\\\\MemoryStudy\\\\resources\\\\JPG\\\\basketball01.jpg', 'FilePath': 'C:\\\\Users\\\\Psychology\\\\Documents\\\\ABExperiment\\\\MemoryStudy\\\\resources\\\\JPG\\\\'}
20.1856 	DATA 	Keypress: 1
20.1932 	EXP 	MemTest: autoDraw = False
20.1932 	EXP 	Display: autoDraw = False
20.1932 	EXP 	Display: image = 'C:\\\\Users\\\\Psychology\\\\Documents\\\\ABExperiment\\\\MemoryStudy\\\\resources\\\\JPG\\\\basketball01.jpg'
20.1932 	EXP 	MemTest: autoDraw = True
20.1932 	EXP 	Display: autoDraw = True
20.4930 	EXP 	New trial (rep=0, index=35): {'TrialType': 'Mem', 'Lag': 1, 'Image': 'bat.jpg', 'T1PA': 'P', 'T2PA': 'P', 'PicFolder': 'JPG\\', 'Picture': 'bat', 'FullPathName': 'C:\\\\Users\\\\Psychology\\\\Documents\\\\ABExperiment\\\\MemoryStudy\\\\resources\\\\JPG\\\\bat.jpg', 'FilePath': 'C:\\\\Users\\\\Psychology\\\\Documents\\\\ABExperiment\\\\MemoryStudy\\\\resources\\\\JPG\\\\'}
20.5016 	DATA 	Keypress: 1
20.5092 	EXP 	MemTest: autoDraw = False
20.5092 	EXP 	Display: autoDraw = False
20.5092 	EXP 	Display: image = 'C:\\\\Users\\\\Psychology\\\\Documents\\\\ABExperiment\\\\MemoryStudy\\\\resources\\\\JPG\\\\bat.jpg'
20.5092 	EXP 	MemTest: autoDraw = True
20.5092 	EXP 	Display: autoDraw = True
20.7926 	DATA 	Keypress: 1
20.8085 	EXP 	New trial (rep=0, index=36): {'TrialType': 'Mem', 'Lag': 1, 'Image': 'cloud.jpg', 'T1PA': 'P', 'T2PA': 'P', 'PicFolder': 'JPG\\', 'Picture': 'cloud', 'FullPathName': 'C:\\\\Users\\\\Psychology\\\\Documents\\\\ABExperiment\\\\MemoryStudy\\\\resources\\\\JPG\\\\cloud.jpg', 'FilePath': 'C:\\\\Users\\\\Psychology\\\\Documents\\\\ABExperiment\\\\MemoryStudy\\\\resources\\\\JPG\\\\'}
20.8235 	EXP 	MemTest: autoDraw = False
20.8235 	EXP 	Display: autoDraw = False
20.8235 	EXP 	Display: image = 'C:\\\\Users\\\\Psychology\\\\Documents\\\\ABExperiment\\\\MemoryStudy\\\\resources\\\\JPG\\\\cloud.jpg'
20.8235 	EXP 	MemTest: autoDraw = True
20.8235 	EXP 	Display: autoDraw = True
21.1087 	EXP 	New trial (rep=0, index=37): {'TrialType': 'Mem', 'Lag': 1, 'Image': 'crab01.jpg', 'T1PA': 'P', 'T2PA': 'P', 'PicFolder': 'JPG\\', 'Picture': 'crab01', 'FullPathName': 'C:\\\\Users\\\\Psychology\\\\Documents\\\\ABExperiment\\\\MemoryStudy\\\\resources\\\\JPG\\\\crab01.jpg', 'FilePath': 'C:\\\\Users\\\\Psychology\\\\Documents\\\\ABExperiment\\\\MemoryStudy\\\\resources\\\\JPG\\\\'}
21.1141 	DATA 	Keypress: 1
21.1240 	EXP 	MemTest: autoDraw = False
21.1240 	EXP 	Display: autoDraw = False
21.1240 	EXP 	Display: image = 'C:\\\\Users\\\\Psychology\\\\Documents\\\\ABExperiment\\\\MemoryStudy\\\\resources\\\\JPG\\\\crab01.jpg'
21.1240 	EXP 	MemTest: autoDraw = True
21.1240 	EXP 	Display: autoDraw = True
21.3757 	EXP 	New trial (rep=0, index=38): {'TrialType': 'Mem', 'Lag': 1, 'Image': 'cupcake.jpg', 'T1PA': 'P', 'T2PA': 'P', 'PicFolder': 'JPG\\', 'Picture': 'cupcake', 'FullPathName': 'C:\\\\Users\\\\Psychology\\\\Documents\\\\ABExperiment\\\\MemoryStudy\\\\resources\\\\JPG\\\\cupcake.jpg', 'FilePath': 'C:\\\\Users\\\\Psychology\\\\Documents\\\\ABExperiment\\\\MemoryStudy\\\\resources\\\\JPG\\\\'}
21.3812 	DATA 	Keypress: 1
21.3911 	EXP 	MemTest: autoDraw = False
21.3911 	EXP 	Display: autoDraw = False
21.3911 	EXP 	Display: image = 'C:\\\\Users\\\\Psychology\\\\Documents\\\\ABExperiment\\\\MemoryStudy\\\\resources\\\\JPG\\\\cupcake.jpg'
21.3911 	EXP 	MemTest: autoDraw = True
21.3911 	EXP 	Display: autoDraw = True
21.6761 	EXP 	New trial (rep=0, index=39): {'TrialType': 'Mem', 'Lag': 1, 'Image': 'donut.jpg', 'T1PA': 'P', 'T2PA': 'P', 'PicFolder': 'JPG\\', 'Picture': 'donut', 'FullPathName': 'C:\\\\Users\\\\Psychology\\\\Documents\\\\ABExperiment\\\\MemoryStudy\\\\resources\\\\JPG\\\\donut.jpg', 'FilePath': 'C:\\\\Users\\\\Psychology\\\\Documents\\\\ABExperiment\\\\MemoryStudy\\\\resources\\\\JPG\\\\'}
21.6814 	DATA 	Keypress: 1
21.6912 	EXP 	MemTest: autoDraw = False
21.6912 	EXP 	Display: autoDraw = False
21.6912 	EXP 	Display: image = 'C:\\\\Users\\\\Psychology\\\\Documents\\\\ABExperiment\\\\MemoryStudy\\\\resources\\\\JPG\\\\donut.jpg'
21.6912 	EXP 	MemTest: autoDraw = True
21.6912 	EXP 	Display: autoDraw = True
21.9763 	EXP 	New trial (rep=0, index=40): {'TrialType': 'Mem', 'Lag': 1, 'Image': 'eiffeltower.jpg', 'T1PA': 'P', 'T2PA': 'P', 'PicFolder': 'JPG\\', 'Picture': 'eiffeltower', 'FullPathName': 'C:\\\\Users\\\\Psychology\\\\Documents\\\\ABExperiment\\\\MemoryStudy\\\\resources\\\\JPG\\\\eiffeltower.jpg', 'FilePath': 'C:\\\\Users\\\\Psychology\\\\Documents\\\\ABExperiment\\\\MemoryStudy\\\\resources\\\\JPG\\\\'}
21.9815 	DATA 	Keypress: 1
21.9914 	EXP 	MemTest: autoDraw = False
21.9914 	EXP 	Display: autoDraw = False
21.9914 	EXP 	Display: image = 'C:\\\\Users\\\\Psychology\\\\Documents\\\\ABExperiment\\\\MemoryStudy\\\\resources\\\\JPG\\\\eiffeltower.jpg'
21.9914 	EXP 	MemTest: autoDraw = True
21.9914 	EXP 	Display: autoDraw = True
22.2767 	EXP 	New trial (rep=0, index=41): {'TrialType': 'Mem', 'Lag': 1, 'Image': 'exitsign.jpg', 'T1PA': 'P', 'T2PA': 'P', 'PicFolder': 'JPG\\', 'Picture': 'exitsign', 'FullPathName': 'C:\\\\Users\\\\Psychology\\\\Documents\\\\ABExperiment\\\\MemoryStudy\\\\resources\\\\JPG\\\\exitsign.jpg', 'FilePath': 'C:\\\\Users\\\\Psychology\\\\Documents\\\\ABExperiment\\\\MemoryStudy\\\\resources\\\\JPG\\\\'}
22.2820 	DATA 	Keypress: 1
22.2919 	EXP 	MemTest: autoDraw = False
22.2919 	EXP 	Display: autoDraw = False
22.2919 	EXP 	Display: image = 'C:\\\\Users\\\\Psychology\\\\Documents\\\\ABExperiment\\\\MemoryStudy\\\\resources\\\\JPG\\\\exitsign.jpg'
22.2919 	EXP 	MemTest: autoDraw = True
22.2919 	EXP 	Display: autoDraw = True
22.5444 	DATA 	Keypress: 1
22.5603 	EXP 	New trial (rep=0, index=42): {'TrialType': 'Mem', 'Lag': 1, 'Image': 'fortunecookie.jpg', 'T1PA': 'P', 'T2PA': 'P', 'PicFolder': 'JPG\\', 'Picture': 'fortunecookie', 'FullPathName': 'C:\\\\Users\\\\Psychology\\\\Documents\\\\ABExperiment\\\\MemoryStudy\\\\resources\\\\JPG\\\\fortunecookie.jpg', 'FilePath': 'C:\\\\Users\\\\Psychology\\\\Documents\\\\ABExperiment\\\\MemoryStudy\\\\resources\\\\JPG\\\\'}
22.5752 	EXP 	MemTest: autoDraw = False
22.5752 	EXP 	Display: autoDraw = False
22.5752 	EXP 	Display: image = 'C:\\\\Users\\\\Psychology\\\\Documents\\\\ABExperiment\\\\MemoryStudy\\\\resources\\\\JPG\\\\fortunecookie.jpg'
22.5752 	EXP 	MemTest: autoDraw = True
22.5752 	EXP 	Display: autoDraw = True
22.8605 	EXP 	New trial (rep=0, index=43): {'TrialType': 'Mem', 'Lag': 1, 'Image': 'harmonica.jpg', 'T1PA': 'P', 'T2PA': 'P', 'PicFolder': 'JPG\\', 'Picture': 'harmonica', 'FullPathName': 'C:\\\\Users\\\\Psychology\\\\Documents\\\\ABExperiment\\\\MemoryStudy\\\\resources\\\\JPG\\\\harmonica.jpg', 'FilePath': 'C:\\\\Users\\\\Psychology\\\\Documents\\\\ABExperiment\\\\MemoryStudy\\\\resources\\\\JPG\\\\'}
22.8658 	DATA 	Keypress: 1
22.8756 	EXP 	MemTest: autoDraw = False
22.8756 	EXP 	Display: autoDraw = False
22.8756 	EXP 	Display: image = 'C:\\\\Users\\\\Psychology\\\\Documents\\\\ABExperiment\\\\MemoryStudy\\\\resources\\\\JPG\\\\harmonica.jpg'
22.8756 	EXP 	MemTest: autoDraw = True
22.8756 	EXP 	Display: autoDraw = True
23.1607 	EXP 	New trial (rep=0, index=44): {'TrialType': 'Mem', 'Lag': 1, 'Image': 'doghouse.jpg', 'T1PA': 'P', 'T2PA': 'P', 'PicFolder': 'JPG\\', 'Picture': 'doghouse', 'FullPathName': 'C:\\\\Users\\\\Psychology\\\\Documents\\\\ABExperiment\\\\MemoryStudy\\\\resources\\\\JPG\\\\doghouse.jpg', 'FilePath': 'C:\\\\Users\\\\Psychology\\\\Documents\\\\ABExperiment\\\\MemoryStudy\\\\resources\\\\JPG\\\\'}
23.1660 	DATA 	Keypress: 1
23.1758 	EXP 	MemTest: autoDraw = False
23.1758 	EXP 	Display: autoDraw = False
23.1758 	EXP 	Display: image = 'C:\\\\Users\\\\Psychology\\\\Documents\\\\ABExperiment\\\\MemoryStudy\\\\resources\\\\JPG\\\\doghouse.jpg'
23.1758 	EXP 	MemTest: autoDraw = True
23.1758 	EXP 	Display: autoDraw = True
23.4445 	EXP 	New trial (rep=0, index=45): {'TrialType': 'Mem', 'Lag': 1, 'Image': 'ladder.jpg', 'T1PA': 'P', 'T2PA': 'P', 'PicFolder': 'JPG\\', 'Picture': 'ladder', 'FullPathName': 'C:\\\\Users\\\\Psychology\\\\Documents\\\\ABExperiment\\\\MemoryStudy\\\\resources\\\\JPG\\\\ladder.jpg', 'FilePath': 'C:\\\\Users\\\\Psychology\\\\Documents\\\\ABExperiment\\\\MemoryStudy\\\\resources\\\\JPG\\\\'}
23.4497 	DATA 	Keypress: 1
23.4595 	EXP 	MemTest: autoDraw = False
23.4595 	EXP 	Display: autoDraw = False
23.4595 	EXP 	Display: image = 'C:\\\\Users\\\\Psychology\\\\Documents\\\\ABExperiment\\\\MemoryStudy\\\\resources\\\\JPG\\\\ladder.jpg'
23.4595 	EXP 	MemTest: autoDraw = True
23.4595 	EXP 	Display: autoDraw = True
23.7480 	EXP 	New trial (rep=0, index=46): {'TrialType': 'Mem', 'Lag': 1, 'Image': 'lawnmower.jpg', 'T1PA': 'P', 'T2PA': 'P', 'PicFolder': 'JPG\\', 'Picture': 'lawnmower', 'FullPathName': 'C:\\\\Users\\\\Psychology\\\\Documents\\\\ABExperiment\\\\MemoryStudy\\\\resources\\\\JPG\\\\lawnmower.jpg', 'FilePath': 'C:\\\\Users\\\\Psychology\\\\Documents\\\\ABExperiment\\\\MemoryStudy\\\\resources\\\\JPG\\\\'}
23.7575 	DATA 	Keypress: 1
23.7652 	EXP 	MemTest: autoDraw = False
23.7652 	EXP 	Display: autoDraw = False
23.7652 	EXP 	Display: image = 'C:\\\\Users\\\\Psychology\\\\Documents\\\\ABExperiment\\\\MemoryStudy\\\\resources\\\\JPG\\\\lawnmower.jpg'
23.7652 	EXP 	MemTest: autoDraw = True
23.7652 	EXP 	Display: autoDraw = True
24.0456 	EXP 	New trial (rep=0, index=47): {'TrialType': 'Mem', 'Lag': 1, 'Image': 'nnoparkingsign.jpg', 'T1PA': 'P', 'T2PA': 'P', 'PicFolder': 'JPG\\', 'Picture': 'nnoparkingsign', 'FullPathName': 'C:\\\\Users\\\\Psychology\\\\Documents\\\\ABExperiment\\\\MemoryStudy\\\\resources\\\\JPG\\\nnoparkingsign.jpg', 'FilePath': 'C:\\\\Users\\\\Psychology\\\\Documents\\\\ABExperiment\\\\MemoryStudy\\\\resources\\\\JPG\\\\'}
24.0479 	DEPRECATION 	Couldn't find image C:\\Users\\Psychology\\Documents\\ABExperiment\\MemoryStudy\\resources\\JPG\
noparkingsign.jpg; check path? (tried: C:\Users\Psychology\Documents\ABExperiment\MemoryStudy\resources\JPG\
noparkingsign.jpg)
24.1796 	EXP 	window1: mouseVisible = True
