1.4119 	WARNING 	We strongly recommend you activate the PTB sound engine in PsychoPy prefs as the preferred audio engine. Its timing is vastly superior. Your prefs are currently set to use ['sounddevice', 'PTB', 'pyo', 'pygame'] (in that order).
5.6850 	WARNING 	User requested fullscreen with size [1024  768], but screen is actually [1920, 1080]. Using actual size
6.3406 	EXP 	Created window1 = Window(allowGUI=False, allowStencil=False, autoLog=True, backendConf=UNKNOWN, bitsMode=UNKNOWN, blendMode='avg', bpc=(8, 8, 8), color=array([0, 0, 0]), colorSpace='rgb', depthBits=8, fullscr=<method-wrapper '__getattribute__' of attributeSetter object at 0x000001534B1C1A00>, gamma=None, gammaErrorPolicy='raise', lms=UNKNOWN, monitor=<psychopy.monitors.calibTools.Monitor object at 0x000001534BE4E400>, multiSample=False, name='window1', numSamples=2, pos=(0, 0), screen=0, size=array([1920, 1080]), stencilBits=0, stereo=False, units='height', useFBO=True, useRetina=False, viewOri=0.0, viewPos=None, viewScale=None, waitBlanking=True, winType='pyglet')
6.3412 	EXP 	window1: mouseVisible = True
6.3413 	EXP 	window1: Attempting to measure frame rate of screen (0) ...
6.3414 	EXP 	window1: recordFrameIntervals = False
6.5058 	EXP 	window1: recordFrameIntervals = True
6.6898 	EXP 	Screen (0) actual frame rate measured at 59.98Hz
6.6899 	EXP 	window1: recordFrameIntervals = False
8.5743 	EXP 	Created text = TextStim(__class__=<class 'psychopy.visual.text.TextStim'>, alignHoriz=method-wrapper(...), alignText='center', alignVert=method-wrapper(...), anchorHoriz='center', anchorVert='center', antialias=True, autoDraw=False, autoLog=True, bold=False, color=array([1., 1., 1.]), colorSpace='rgb', contrast=1.0, depth=0.0, flipHoriz=False, flipVert=False, font='Open Sans', fontFiles=[], height=0.05, italic=False, languageStyle='LTR', name='text', opacity=1.0, ori=0.0, pos=array([0., 0.]), rgb=UNKNOWN, text='Memory test instructions', units='height', win=Window(...), wrapWidth=1)
8.5821 	EXP 	Created MemTest = TextStim(__class__=<class 'psychopy.visual.text.TextStim'>, alignHoriz=method-wrapper(...), alignText='center', alignVert=method-wrapper(...), anchorHoriz='center', anchorVert='center', antialias=True, autoDraw=False, autoLog=True, bold=False, color=array([1., 1., 1.]), colorSpace='rgb', contrast=1.0, depth=0.0, flipHoriz=False, flipVert=False, font='Open Sans', fontFiles=[], height=0.05, italic=False, languageStyle='LTR', name='MemTest', opacity=1.0, ori=0.0, pos=array([ 0.  , -0.15]), rgb=UNKNOWN, text='Did you see this image?', units='height', win=Window(...), wrapWidth=1)
8.5867 	EXP 	Created Display = ImageStim(__class__=<class 'psychopy.visual.image.ImageStim'>, anchor=('center', 'center'), autoLog=True, color=array([1., 1., 1.]), colorSpace='rgb', contrast=1.0, depth=-2.0, flipHoriz=False, flipVert=False, image='sin', interpolate=True, mask=None, maskParams=None, name='Display', opacity=1.0, ori=0.0, pos=array([0.  , 0.15]), size=array([0.5, 0.5]), texRes=128.0, units='height', win=Window(...))
8.5955 	EXP 	text: autoDraw = True
10.1291 	EXP 	Imported Memory_conditionSheet.xlsx as conditions, 565 conditions, 10 params
10.1357 	EXP 	Created sequence: sequential, trialTypes=565, nReps=1, seed=None
10.1361 	EXP 	New trial (rep=0, index=0): {'TrialType': 'Mem', 'Lag': 1, 'Image': 'giraffe.jpg', 'T1PA': 'P', 'T2PA': 'P', 'PicFolder': 'JPG\\', 'Picture': 'giraffe', 'FullPathName': 'C:\\\\Users\\\\Psychology\\\\Documents\\\\ABExperiment\\\\MemoryStudy\\\\resources\\\\JPG\\\\giraffe.jpg', 'FilePath': 'C:\\\\Users\\\\Psychology\\\\Documents\\\\ABExperiment\\\\MemoryStudy\\\\resources\\\\JPG\\\\'}
10.1425 	DATA 	Keypress: space
10.1501 	EXP 	text: autoDraw = False
10.1501 	EXP 	Display: image = 'C:\\\\Users\\\\Psychology\\\\Documents\\\\ABExperiment\\\\MemoryStudy\\\\resources\\\\JPG\\\\giraffe.jpg'
10.1501 	EXP 	MemTest: autoDraw = True
10.1501 	EXP 	Display: autoDraw = True
10.9142 	EXP 	New trial (rep=0, index=1): {'TrialType': 'Mem', 'Lag': 1, 'Image': 'greathornowl.jpg', 'T1PA': 'P', 'T2PA': 'P', 'PicFolder': 'JPG\\', 'Picture': 'greathornowl', 'FullPathName': 'C:\\\\Users\\\\Psychology\\\\Documents\\\\ABExperiment\\\\MemoryStudy\\\\resources\\\\JPG\\\\greathornowl.jpg', 'FilePath': 'C:\\\\Users\\\\Psychology\\\\Documents\\\\ABExperiment\\\\MemoryStudy\\\\resources\\\\JPG\\\\'}
10.9218 	DATA 	Keypress: 1
10.9293 	EXP 	MemTest: autoDraw = False
10.9293 	EXP 	Display: autoDraw = False
10.9293 	EXP 	Display: image = 'C:\\\\Users\\\\Psychology\\\\Documents\\\\ABExperiment\\\\MemoryStudy\\\\resources\\\\JPG\\\\greathornowl.jpg'
10.9293 	EXP 	MemTest: autoDraw = True
10.9293 	EXP 	Display: autoDraw = True
11.2954 	EXP 	New trial (rep=0, index=2): {'TrialType': 'Mem', 'Lag': 1, 'Image': 'candle08b.jpg', 'T1PA': 'P', 'T2PA': 'P', 'PicFolder': 'JPG\\', 'Picture': 'candle08b', 'FullPathName': 'C:\\\\Users\\\\Psychology\\\\Documents\\\\ABExperiment\\\\MemoryStudy\\\\resources\\\\JPG\\\\candle08b.jpg', 'FilePath': 'C:\\\\Users\\\\Psychology\\\\Documents\\\\ABExperiment\\\\MemoryStudy\\\\resources\\\\JPG\\\\'}
11.4257 	DATA 	Keypress: 1
11.4380 	EXP 	MemTest: autoDraw = False
11.4380 	EXP 	Display: autoDraw = False
11.4380 	EXP 	Display: image = 'C:\\\\Users\\\\Psychology\\\\Documents\\\\ABExperiment\\\\MemoryStudy\\\\resources\\\\JPG\\\\candle08b.jpg'
11.4380 	EXP 	MemTest: autoDraw = True
11.4380 	EXP 	Display: autoDraw = True
11.7835 	EXP 	New trial (rep=0, index=3): {'TrialType': 'Mem', 'Lag': 1, 'Image': 'horse.jpg', 'T1PA': 'P', 'T2PA': 'P', 'PicFolder': 'JPG\\', 'Picture': 'horse', 'FullPathName': 'C:\\\\Users\\\\Psychology\\\\Documents\\\\ABExperiment\\\\MemoryStudy\\\\resources\\\\JPG\\\\horse.jpg', 'FilePath': 'C:\\\\Users\\\\Psychology\\\\Documents\\\\ABExperiment\\\\MemoryStudy\\\\resources\\\\JPG\\\\'}
11.8590 	DATA 	Keypress: 1
11.8664 	EXP 	MemTest: autoDraw = False
11.8664 	EXP 	Display: autoDraw = False
11.8664 	EXP 	Display: image = 'C:\\\\Users\\\\Psychology\\\\Documents\\\\ABExperiment\\\\MemoryStudy\\\\resources\\\\JPG\\\\horse.jpg'
11.8664 	EXP 	MemTest: autoDraw = True
11.8664 	EXP 	Display: autoDraw = True
12.2966 	EXP 	New trial (rep=0, index=4): {'TrialType': 'Mem', 'Lag': 1, 'Image': 'snowman.jpg', 'T1PA': 'P', 'T2PA': 'P', 'PicFolder': 'JPG\\', 'Picture': 'snowman', 'FullPathName': 'C:\\\\Users\\\\Psychology\\\\Documents\\\\ABExperiment\\\\MemoryStudy\\\\resources\\\\JPG\\\\snowman.jpg', 'FilePath': 'C:\\\\Users\\\\Psychology\\\\Documents\\\\ABExperiment\\\\MemoryStudy\\\\resources\\\\JPG\\\\'}
12.3043 	DATA 	Keypress: 1
12.3135 	EXP 	MemTest: autoDraw = False
12.3135 	EXP 	Display: autoDraw = False
12.3135 	EXP 	Display: image = 'C:\\\\Users\\\\Psychology\\\\Documents\\\\ABExperiment\\\\MemoryStudy\\\\resources\\\\JPG\\\\snowman.jpg'
12.3135 	EXP 	MemTest: autoDraw = True
12.3135 	EXP 	Display: autoDraw = True
12.8457 	EXP 	New trial (rep=0, index=5): {'TrialType': 'Mem', 'Lag': 1, 'Image': 'squirrel.jpg', 'T1PA': 'P', 'T2PA': 'P', 'PicFolder': 'JPG\\', 'Picture': 'squirrel', 'FullPathName': 'C:\\\\Users\\\\Psychology\\\\Documents\\\\ABExperiment\\\\MemoryStudy\\\\resources\\\\JPG\\\\squirrel.jpg', 'FilePath': 'C:\\\\Users\\\\Psychology\\\\Documents\\\\ABExperiment\\\\MemoryStudy\\\\resources\\\\JPG\\\\'}
12.8499 	DATA 	Keypress: 1
12.8617 	EXP 	MemTest: autoDraw = False
12.8617 	EXP 	Display: autoDraw = False
12.8617 	EXP 	Display: image = 'C:\\\\Users\\\\Psychology\\\\Documents\\\\ABExperiment\\\\MemoryStudy\\\\resources\\\\JPG\\\\squirrel.jpg'
12.8617 	EXP 	MemTest: autoDraw = True
12.8617 	EXP 	Display: autoDraw = True
13.3669 	DATA 	Keypress: 1
13.3826 	EXP 	New trial (rep=0, index=6): {'TrialType': 'Mem', 'Lag': 1, 'Image': 'firtree.jpg', 'T1PA': 'P', 'T2PA': 'P', 'PicFolder': 'JPG\\', 'Picture': 'firtree', 'FullPathName': 'C:\\\\Users\\\\Psychology\\\\Documents\\\\ABExperiment\\\\MemoryStudy\\\\resources\\\\JPG\\\\firtree.jpg', 'FilePath': 'C:\\\\Users\\\\Psychology\\\\Documents\\\\ABExperiment\\\\MemoryStudy\\\\resources\\\\JPG\\\\'}
13.5022 	EXP 	MemTest: autoDraw = False
13.5022 	EXP 	Display: autoDraw = False
13.5022 	EXP 	Display: image = 'C:\\\\Users\\\\Psychology\\\\Documents\\\\ABExperiment\\\\MemoryStudy\\\\resources\\\\JPG\\\\firtree.jpg'
13.5022 	EXP 	MemTest: autoDraw = True
13.5022 	EXP 	Display: autoDraw = True
13.9165 	EXP 	New trial (rep=0, index=7): {'TrialType': 'Mem', 'Lag': 1, 'Image': 'bowlingball.jpg', 'T1PA': 'P', 'T2PA': 'P', 'PicFolder': 'JPG\\', 'Picture': 'bowlingball', 'FullPathName': 'C:\\\\Users\\\\Psychology\\\\Documents\\\\ABExperiment\\\\MemoryStudy\\\\resources\\\\JPG\\\\bowlingball.jpg', 'FilePath': 'C:\\\\Users\\\\Psychology\\\\Documents\\\\ABExperiment\\\\MemoryStudy\\\\resources\\\\JPG\\\\'}
13.9266 	DATA 	Keypress: 1
13.9343 	EXP 	MemTest: autoDraw = False
13.9343 	EXP 	Display: autoDraw = False
13.9343 	EXP 	Display: image = 'C:\\\\Users\\\\Psychology\\\\Documents\\\\ABExperiment\\\\MemoryStudy\\\\resources\\\\JPG\\\\bowlingball.jpg'
13.9343 	EXP 	MemTest: autoDraw = True
13.9343 	EXP 	Display: autoDraw = True
14.4160 	DATA 	Keypress: 1
14.4317 	EXP 	New trial (rep=0, index=8): {'TrialType': 'Mem', 'Lag': 1, 'Image': 'bowlingpin.jpg', 'T1PA': 'P', 'T2PA': 'P', 'PicFolder': 'JPG\\', 'Picture': 'bowlingpin', 'FullPathName': 'C:\\\\Users\\\\Psychology\\\\Documents\\\\ABExperiment\\\\MemoryStudy\\\\resources\\\\JPG\\\\bowlingpin.jpg', 'FilePath': 'C:\\\\Users\\\\Psychology\\\\Documents\\\\ABExperiment\\\\MemoryStudy\\\\resources\\\\JPG\\\\'}
14.4486 	EXP 	MemTest: autoDraw = False
14.4486 	EXP 	Display: autoDraw = False
14.4486 	EXP 	Display: image = 'C:\\\\Users\\\\Psychology\\\\Documents\\\\ABExperiment\\\\MemoryStudy\\\\resources\\\\JPG\\\\bowlingpin.jpg'
14.4486 	EXP 	MemTest: autoDraw = True
14.4486 	EXP 	Display: autoDraw = True
14.9490 	EXP 	New trial (rep=0, index=9): {'TrialType': 'Mem', 'Lag': 1, 'Image': 'candycane01a.jpg', 'T1PA': 'P', 'T2PA': 'P', 'PicFolder': 'JPG\\', 'Picture': 'candycane01a', 'FullPathName': 'C:\\\\Users\\\\Psychology\\\\Documents\\\\ABExperiment\\\\MemoryStudy\\\\resources\\\\JPG\\\\candycane01a.jpg', 'FilePath': 'C:\\\\Users\\\\Psychology\\\\Documents\\\\ABExperiment\\\\MemoryStudy\\\\resources\\\\JPG\\\\'}
14.9563 	DATA 	Keypress: 1
14.9658 	EXP 	MemTest: autoDraw = False
14.9658 	EXP 	Display: autoDraw = False
14.9658 	EXP 	Display: image = 'C:\\\\Users\\\\Psychology\\\\Documents\\\\ABExperiment\\\\MemoryStudy\\\\resources\\\\JPG\\\\candycane01a.jpg'
14.9658 	EXP 	MemTest: autoDraw = True
14.9658 	EXP 	Display: autoDraw = True
15.4829 	EXP 	New trial (rep=0, index=10): {'TrialType': 'Mem', 'Lag': 1, 'Image': 'dolphin01.jpg', 'T1PA': 'P', 'T2PA': 'P', 'PicFolder': 'JPG\\', 'Picture': 'dolphin01', 'FullPathName': 'C:\\\\Users\\\\Psychology\\\\Documents\\\\ABExperiment\\\\MemoryStudy\\\\resources\\\\JPG\\\\dolphin01.jpg', 'FilePath': 'C:\\\\Users\\\\Psychology\\\\Documents\\\\ABExperiment\\\\MemoryStudy\\\\resources\\\\JPG\\\\'}
15.4900 	DATA 	Keypress: 1
15.4997 	EXP 	MemTest: autoDraw = False
15.4997 	EXP 	Display: autoDraw = False
15.4997 	EXP 	Display: image = 'C:\\\\Users\\\\Psychology\\\\Documents\\\\ABExperiment\\\\MemoryStudy\\\\resources\\\\JPG\\\\dolphin01.jpg'
15.4997 	EXP 	MemTest: autoDraw = True
15.4997 	EXP 	Display: autoDraw = True
16.0499 	EXP 	New trial (rep=0, index=11): {'TrialType': 'Mem', 'Lag': 1, 'Image': 'dromedary.jpg', 'T1PA': 'P', 'T2PA': 'P', 'PicFolder': 'JPG\\', 'Picture': 'dromedary', 'FullPathName': 'C:\\\\Users\\\\Psychology\\\\Documents\\\\ABExperiment\\\\MemoryStudy\\\\resources\\\\JPG\\\\dromedary.jpg', 'FilePath': 'C:\\\\Users\\\\Psychology\\\\Documents\\\\ABExperiment\\\\MemoryStudy\\\\resources\\\\JPG\\\\'}
16.0573 	DATA 	Keypress: 1
16.0669 	EXP 	MemTest: autoDraw = False
16.0669 	EXP 	Display: autoDraw = False
16.0669 	EXP 	Display: image = 'C:\\\\Users\\\\Psychology\\\\Documents\\\\ABExperiment\\\\MemoryStudy\\\\resources\\\\JPG\\\\dromedary.jpg'
16.0669 	EXP 	MemTest: autoDraw = True
16.0669 	EXP 	Display: autoDraw = True
16.5848 	DATA 	Keypress: 1
16.6005 	EXP 	New trial (rep=0, index=12): {'TrialType': 'Mem', 'Lag': 1, 'Image': 'football.jpg', 'T1PA': 'P', 'T2PA': 'P', 'PicFolder': 'JPG\\', 'Picture': 'football', 'FullPathName': 'C:\\\\Users\\\\Psychology\\\\Documents\\\\ABExperiment\\\\MemoryStudy\\\\resources\\\\JPG\\\\football.jpg', 'FilePath': 'C:\\\\Users\\\\Psychology\\\\Documents\\\\ABExperiment\\\\MemoryStudy\\\\resources\\\\JPG\\\\'}
16.6269 	EXP 	MemTest: autoDraw = False
16.6269 	EXP 	Display: autoDraw = False
16.6269 	EXP 	Display: image = 'C:\\\\Users\\\\Psychology\\\\Documents\\\\ABExperiment\\\\MemoryStudy\\\\resources\\\\JPG\\\\football.jpg'
16.6269 	EXP 	MemTest: autoDraw = True
16.6269 	EXP 	Display: autoDraw = True
17.1177 	EXP 	New trial (rep=0, index=13): {'TrialType': 'Mem', 'Lag': 1, 'Image': 'golfball.jpg', 'T1PA': 'P', 'T2PA': 'P', 'PicFolder': 'JPG\\', 'Picture': 'golfball', 'FullPathName': 'C:\\\\Users\\\\Psychology\\\\Documents\\\\ABExperiment\\\\MemoryStudy\\\\resources\\\\JPG\\\\golfball.jpg', 'FilePath': 'C:\\\\Users\\\\Psychology\\\\Documents\\\\ABExperiment\\\\MemoryStudy\\\\resources\\\\JPG\\\\'}
17.1250 	DATA 	Keypress: 1
17.1346 	EXP 	MemTest: autoDraw = False
17.1346 	EXP 	Display: autoDraw = False
17.1346 	EXP 	Display: image = 'C:\\\\Users\\\\Psychology\\\\Documents\\\\ABExperiment\\\\MemoryStudy\\\\resources\\\\JPG\\\\golfball.jpg'
17.1346 	EXP 	MemTest: autoDraw = True
17.1346 	EXP 	Display: autoDraw = True
17.6183 	EXP 	New trial (rep=0, index=14): {'TrialType': 'Mem', 'Lag': 1, 'Image': 'guitarcase.jpg', 'T1PA': 'P', 'T2PA': 'P', 'PicFolder': 'JPG\\', 'Picture': 'guitarcase', 'FullPathName': 'C:\\\\Users\\\\Psychology\\\\Documents\\\\ABExperiment\\\\MemoryStudy\\\\resources\\\\JPG\\\\guitarcase.jpg', 'FilePath': 'C:\\\\Users\\\\Psychology\\\\Documents\\\\ABExperiment\\\\MemoryStudy\\\\resources\\\\JPG\\\\'}
17.6254 	DATA 	Keypress: 1
17.6351 	EXP 	MemTest: autoDraw = False
17.6351 	EXP 	Display: autoDraw = False
17.6351 	EXP 	Display: image = 'C:\\\\Users\\\\Psychology\\\\Documents\\\\ABExperiment\\\\MemoryStudy\\\\resources\\\\JPG\\\\guitarcase.jpg'
17.6351 	EXP 	MemTest: autoDraw = True
17.6351 	EXP 	Display: autoDraw = True
18.0853 	EXP 	New trial (rep=0, index=15): {'TrialType': 'Mem', 'Lag': 1, 'Image': 'jellybean.jpg', 'T1PA': 'P', 'T2PA': 'P', 'PicFolder': 'JPG\\', 'Picture': 'jellybean', 'FullPathName': 'C:\\\\Users\\\\Psychology\\\\Documents\\\\ABExperiment\\\\MemoryStudy\\\\resources\\\\JPG\\\\jellybean.jpg', 'FilePath': 'C:\\\\Users\\\\Psychology\\\\Documents\\\\ABExperiment\\\\MemoryStudy\\\\resources\\\\JPG\\\\'}
18.0923 	DATA 	Keypress: 1
18.1023 	EXP 	MemTest: autoDraw = False
18.1023 	EXP 	Display: autoDraw = False
18.1023 	EXP 	Display: image = 'C:\\\\Users\\\\Psychology\\\\Documents\\\\ABExperiment\\\\MemoryStudy\\\\resources\\\\JPG\\\\jellybean.jpg'
18.1023 	EXP 	MemTest: autoDraw = True
18.1023 	EXP 	Display: autoDraw = True
18.5692 	EXP 	New trial (rep=0, index=16): {'TrialType': 'Mem', 'Lag': 1, 'Image': 'kangaroo.jpg', 'T1PA': 'P', 'T2PA': 'P', 'PicFolder': 'JPG\\', 'Picture': 'kangaroo', 'FullPathName': 'C:\\\\Users\\\\Psychology\\\\Documents\\\\ABExperiment\\\\MemoryStudy\\\\resources\\\\JPG\\\\kangaroo.jpg', 'FilePath': 'C:\\\\Users\\\\Psychology\\\\Documents\\\\ABExperiment\\\\MemoryStudy\\\\resources\\\\JPG\\\\'}
18.5765 	DATA 	Keypress: 1
18.5861 	EXP 	MemTest: autoDraw = False
18.5861 	EXP 	Display: autoDraw = False
18.5861 	EXP 	Display: image = 'C:\\\\Users\\\\Psychology\\\\Documents\\\\ABExperiment\\\\MemoryStudy\\\\resources\\\\JPG\\\\kangaroo.jpg'
18.5861 	EXP 	MemTest: autoDraw = True
18.5861 	EXP 	Display: autoDraw = True
19.0696 	EXP 	New trial (rep=0, index=17): {'TrialType': 'Mem', 'Lag': 1, 'Image': 'kite.jpg', 'T1PA': 'P', 'T2PA': 'P', 'PicFolder': 'JPG\\', 'Picture': 'kite', 'FullPathName': 'C:\\\\Users\\\\Psychology\\\\Documents\\\\ABExperiment\\\\MemoryStudy\\\\resources\\\\JPG\\\\kite.jpg', 'FilePath': 'C:\\\\Users\\\\Psychology\\\\Documents\\\\ABExperiment\\\\MemoryStudy\\\\resources\\\\JPG\\\\'}
19.0766 	DATA 	Keypress: 1
19.0866 	EXP 	MemTest: autoDraw = False
19.0866 	EXP 	Display: autoDraw = False
19.0866 	EXP 	Display: image = 'C:\\\\Users\\\\Psychology\\\\Documents\\\\ABExperiment\\\\MemoryStudy\\\\resources\\\\JPG\\\\kite.jpg'
19.0866 	EXP 	MemTest: autoDraw = True
19.0866 	EXP 	Display: autoDraw = True
19.6201 	EXP 	New trial (rep=0, index=18): {'TrialType': 'Mem', 'Lag': 1, 'Image': 'lightswitch01.jpg', 'T1PA': 'P', 'T2PA': 'P', 'PicFolder': 'JPG\\', 'Picture': 'lightswitch01', 'FullPathName': 'C:\\\\Users\\\\Psychology\\\\Documents\\\\ABExperiment\\\\MemoryStudy\\\\resources\\\\JPG\\\\lightswitch01.jpg', 'FilePath': 'C:\\\\Users\\\\Psychology\\\\Documents\\\\ABExperiment\\\\MemoryStudy\\\\resources\\\\JPG\\\\'}
19.6274 	DATA 	Keypress: 1
19.6371 	EXP 	MemTest: autoDraw = False
19.6371 	EXP 	Display: autoDraw = False
19.6371 	EXP 	Display: image = 'C:\\\\Users\\\\Psychology\\\\Documents\\\\ABExperiment\\\\MemoryStudy\\\\resources\\\\JPG\\\\lightswitch01.jpg'
19.6371 	EXP 	MemTest: autoDraw = True
19.6371 	EXP 	Display: autoDraw = True
20.1208 	EXP 	New trial (rep=0, index=19): {'TrialType': 'Mem', 'Lag': 1, 'Image': 'locker.jpg', 'T1PA': 'P', 'T2PA': 'P', 'PicFolder': 'JPG\\', 'Picture': 'locker', 'FullPathName': 'C:\\\\Users\\\\Psychology\\\\Documents\\\\ABExperiment\\\\MemoryStudy\\\\resources\\\\JPG\\\\locker.jpg', 'FilePath': 'C:\\\\Users\\\\Psychology\\\\Documents\\\\ABExperiment\\\\MemoryStudy\\\\resources\\\\JPG\\\\'}
20.1276 	DATA 	Keypress: 1
20.1377 	EXP 	MemTest: autoDraw = False
20.1377 	EXP 	Display: autoDraw = False
20.1377 	EXP 	Display: image = 'C:\\\\Users\\\\Psychology\\\\Documents\\\\ABExperiment\\\\MemoryStudy\\\\resources\\\\JPG\\\\locker.jpg'
20.1377 	EXP 	MemTest: autoDraw = True
20.1377 	EXP 	Display: autoDraw = True
20.6379 	EXP 	New trial (rep=0, index=20): {'TrialType': 'Mem', 'Lag': 1, 'Image': 'mailbox01.jpg', 'T1PA': 'P', 'T2PA': 'P', 'PicFolder': 'JPG\\', 'Picture': 'mailbox01', 'FullPathName': 'C:\\\\Users\\\\Psychology\\\\Documents\\\\ABExperiment\\\\MemoryStudy\\\\resources\\\\JPG\\\\mailbox01.jpg', 'FilePath': 'C:\\\\Users\\\\Psychology\\\\Documents\\\\ABExperiment\\\\MemoryStudy\\\\resources\\\\JPG\\\\'}
20.7328 	DATA 	Keypress: 1
20.7426 	EXP 	MemTest: autoDraw = False
20.7426 	EXP 	Display: autoDraw = False
20.7426 	EXP 	Display: image = 'C:\\\\Users\\\\Psychology\\\\Documents\\\\ABExperiment\\\\MemoryStudy\\\\resources\\\\JPG\\\\mailbox01.jpg'
20.7426 	EXP 	MemTest: autoDraw = True
20.7426 	EXP 	Display: autoDraw = True
21.1723 	EXP 	New trial (rep=0, index=21): {'TrialType': 'Mem', 'Lag': 1, 'Image': 'mailbox02.jpg', 'T1PA': 'P', 'T2PA': 'P', 'PicFolder': 'JPG\\', 'Picture': 'mailbox02', 'FullPathName': 'C:\\\\Users\\\\Psychology\\\\Documents\\\\ABExperiment\\\\MemoryStudy\\\\resources\\\\JPG\\\\mailbox02.jpg', 'FilePath': 'C:\\\\Users\\\\Psychology\\\\Documents\\\\ABExperiment\\\\MemoryStudy\\\\resources\\\\JPG\\\\'}
21.1800 	DATA 	Keypress: 1
21.1887 	EXP 	MemTest: autoDraw = False
21.1887 	EXP 	Display: autoDraw = False
21.1887 	EXP 	Display: image = 'C:\\\\Users\\\\Psychology\\\\Documents\\\\ABExperiment\\\\MemoryStudy\\\\resources\\\\JPG\\\\mailbox02.jpg'
21.1887 	EXP 	MemTest: autoDraw = True
21.1887 	EXP 	Display: autoDraw = True
21.7390 	EXP 	New trial (rep=0, index=22): {'TrialType': 'Mem', 'Lag': 1, 'Image': 'mattress.jpg', 'T1PA': 'P', 'T2PA': 'P', 'PicFolder': 'JPG\\', 'Picture': 'mattress', 'FullPathName': 'C:\\\\Users\\\\Psychology\\\\Documents\\\\ABExperiment\\\\MemoryStudy\\\\resources\\\\JPG\\\\mattress.jpg', 'FilePath': 'C:\\\\Users\\\\Psychology\\\\Documents\\\\ABExperiment\\\\MemoryStudy\\\\resources\\\\JPG\\\\'}
21.7464 	DATA 	Keypress: 1
21.7561 	EXP 	MemTest: autoDraw = False
21.7561 	EXP 	Display: autoDraw = False
21.7561 	EXP 	Display: image = 'C:\\\\Users\\\\Psychology\\\\Documents\\\\ABExperiment\\\\MemoryStudy\\\\resources\\\\JPG\\\\mattress.jpg'
21.7561 	EXP 	MemTest: autoDraw = True
21.7561 	EXP 	Display: autoDraw = True
22.2572 	DATA 	Keypress: 1
22.2727 	EXP 	New trial (rep=0, index=23): {'TrialType': 'Mem', 'Lag': 1, 'Image': 'pumpkin.jpg', 'T1PA': 'P', 'T2PA': 'P', 'PicFolder': 'JPG\\', 'Picture': 'pumpkin', 'FullPathName': 'C:\\\\Users\\\\Psychology\\\\Documents\\\\ABExperiment\\\\MemoryStudy\\\\resources\\\\JPG\\\\pumpkin.jpg', 'FilePath': 'C:\\\\Users\\\\Psychology\\\\Documents\\\\ABExperiment\\\\MemoryStudy\\\\resources\\\\JPG\\\\'}
22.2991 	EXP 	MemTest: autoDraw = False
22.2991 	EXP 	Display: autoDraw = False
22.2991 	EXP 	Display: image = 'C:\\\\Users\\\\Psychology\\\\Documents\\\\ABExperiment\\\\MemoryStudy\\\\resources\\\\JPG\\\\pumpkin.jpg'
22.2991 	EXP 	MemTest: autoDraw = True
22.2991 	EXP 	Display: autoDraw = True
22.7235 	EXP 	New trial (rep=0, index=24): {'TrialType': 'Mem', 'Lag': 1, 'Image': 'schoolbus.jpg', 'T1PA': 'P', 'T2PA': 'P', 'PicFolder': 'JPG\\', 'Picture': 'schoolbus', 'FullPathName': 'C:\\\\Users\\\\Psychology\\\\Documents\\\\ABExperiment\\\\MemoryStudy\\\\resources\\\\JPG\\\\schoolbus.jpg', 'FilePath': 'C:\\\\Users\\\\Psychology\\\\Documents\\\\ABExperiment\\\\MemoryStudy\\\\resources\\\\JPG\\\\'}
22.7396 	DATA 	Keypress: 1
22.7478 	EXP 	MemTest: autoDraw = False
22.7478 	EXP 	Display: autoDraw = False
22.7478 	EXP 	Display: image = 'C:\\\\Users\\\\Psychology\\\\Documents\\\\ABExperiment\\\\MemoryStudy\\\\resources\\\\JPG\\\\schoolbus.jpg'
22.7478 	EXP 	MemTest: autoDraw = True
22.7478 	EXP 	Display: autoDraw = True
23.2566 	EXP 	New trial (rep=0, index=25): {'TrialType': 'Mem', 'Lag': 1, 'Image': 'skateboard.jpg', 'T1PA': 'P', 'T2PA': 'P', 'PicFolder': 'JPG\\', 'Picture': 'skateboard', 'FullPathName': 'C:\\\\Users\\\\Psychology\\\\Documents\\\\ABExperiment\\\\MemoryStudy\\\\resources\\\\JPG\\\\skateboard.jpg', 'FilePath': 'C:\\\\Users\\\\Psychology\\\\Documents\\\\ABExperiment\\\\MemoryStudy\\\\resources\\\\JPG\\\\'}
23.2633 	DATA 	Keypress: 1
23.2832 	EXP 	MemTest: autoDraw = False
23.2832 	EXP 	Display: autoDraw = False
23.2832 	EXP 	Display: image = 'C:\\\\Users\\\\Psychology\\\\Documents\\\\ABExperiment\\\\MemoryStudy\\\\resources\\\\JPG\\\\skateboard.jpg'
23.2832 	EXP 	MemTest: autoDraw = True
23.2832 	EXP 	Display: autoDraw = True
23.7403 	EXP 	New trial (rep=0, index=26): {'TrialType': 'Mem', 'Lag': 1, 'Image': 'soccerball.jpg', 'T1PA': 'P', 'T2PA': 'P', 'PicFolder': 'JPG\\', 'Picture': 'soccerball', 'FullPathName': 'C:\\\\Users\\\\Psychology\\\\Documents\\\\ABExperiment\\\\MemoryStudy\\\\resources\\\\JPG\\\\soccerball.jpg', 'FilePath': 'C:\\\\Users\\\\Psychology\\\\Documents\\\\ABExperiment\\\\MemoryStudy\\\\resources\\\\JPG\\\\'}
23.7467 	DATA 	Keypress: 1
23.7577 	EXP 	MemTest: autoDraw = False
23.7577 	EXP 	Display: autoDraw = False
23.7577 	EXP 	Display: image = 'C:\\\\Users\\\\Psychology\\\\Documents\\\\ABExperiment\\\\MemoryStudy\\\\resources\\\\JPG\\\\soccerball.jpg'
23.7577 	EXP 	MemTest: autoDraw = True
23.7577 	EXP 	Display: autoDraw = True
24.2251 	DATA 	Keypress: 1
24.2408 	EXP 	New trial (rep=0, index=27): {'TrialType': 'Mem', 'Lag': 1, 'Image': 'wheelchair.jpg', 'T1PA': 'P', 'T2PA': 'P', 'PicFolder': 'JPG\\', 'Picture': 'wheelchair', 'FullPathName': 'C:\\\\Users\\\\Psychology\\\\Documents\\\\ABExperiment\\\\MemoryStudy\\\\resources\\\\JPG\\\\wheelchair.jpg', 'FilePath': 'C:\\\\Users\\\\Psychology\\\\Documents\\\\ABExperiment\\\\MemoryStudy\\\\resources\\\\JPG\\\\'}
24.2579 	EXP 	MemTest: autoDraw = False
24.2579 	EXP 	Display: autoDraw = False
24.2579 	EXP 	Display: image = 'C:\\\\Users\\\\Psychology\\\\Documents\\\\ABExperiment\\\\MemoryStudy\\\\resources\\\\JPG\\\\wheelchair.jpg'
24.2579 	EXP 	MemTest: autoDraw = True
24.2579 	EXP 	Display: autoDraw = True
24.7747 	EXP 	New trial (rep=0, index=28): {'TrialType': 'Mem', 'Lag': 1, 'Image': 'zebra.jpg', 'T1PA': 'P', 'T2PA': 'P', 'PicFolder': 'JPG\\', 'Picture': 'zebra', 'FullPathName': 'C:\\\\Users\\\\Psychology\\\\Documents\\\\ABExperiment\\\\MemoryStudy\\\\resources\\\\JPG\\\\zebra.jpg', 'FilePath': 'C:\\\\Users\\\\Psychology\\\\Documents\\\\ABExperiment\\\\MemoryStudy\\\\resources\\\\JPG\\\\'}
24.7808 	DATA 	Keypress: 1
24.7920 	EXP 	MemTest: autoDraw = False
24.7920 	EXP 	Display: autoDraw = False
24.7920 	EXP 	Display: image = 'C:\\\\Users\\\\Psychology\\\\Documents\\\\ABExperiment\\\\MemoryStudy\\\\resources\\\\JPG\\\\zebra.jpg'
24.7920 	EXP 	MemTest: autoDraw = True
24.7920 	EXP 	Display: autoDraw = True
25.2921 	EXP 	New trial (rep=0, index=29): {'TrialType': 'Mem', 'Lag': 1, 'Image': 'pooltable.jpg', 'T1PA': 'P', 'T2PA': 'P', 'PicFolder': 'JPG\\', 'Picture': 'pooltable', 'FullPathName': 'C:\\\\Users\\\\Psychology\\\\Documents\\\\ABExperiment\\\\MemoryStudy\\\\resources\\\\JPG\\\\pooltable.jpg', 'FilePath': 'C:\\\\Users\\\\Psychology\\\\Documents\\\\ABExperiment\\\\MemoryStudy\\\\resources\\\\JPG\\\\'}
25.2981 	DATA 	Keypress: 1
25.3093 	EXP 	MemTest: autoDraw = False
25.3093 	EXP 	Display: autoDraw = False
25.3093 	EXP 	Display: image = 'C:\\\\Users\\\\Psychology\\\\Documents\\\\ABExperiment\\\\MemoryStudy\\\\resources\\\\JPG\\\\pooltable.jpg'
25.3093 	EXP 	MemTest: autoDraw = True
25.3093 	EXP 	Display: autoDraw = True
25.8259 	EXP 	New trial (rep=0, index=30): {'TrialType': 'Mem', 'Lag': 1, 'Image': 'swing.jpg', 'T1PA': 'P', 'T2PA': 'P', 'PicFolder': 'JPG\\', 'Picture': 'swing', 'FullPathName': 'C:\\\\Users\\\\Psychology\\\\Documents\\\\ABExperiment\\\\MemoryStudy\\\\resources\\\\JPG\\\\swing.jpg', 'FilePath': 'C:\\\\Users\\\\Psychology\\\\Documents\\\\ABExperiment\\\\MemoryStudy\\\\resources\\\\JPG\\\\'}
25.8319 	DATA 	Keypress: 1
25.8431 	EXP 	MemTest: autoDraw = False
25.8431 	EXP 	Display: autoDraw = False
25.8431 	EXP 	Display: image = 'C:\\\\Users\\\\Psychology\\\\Documents\\\\ABExperiment\\\\MemoryStudy\\\\resources\\\\JPG\\\\swing.jpg'
25.8431 	EXP 	MemTest: autoDraw = True
25.8431 	EXP 	Display: autoDraw = True
26.3271 	DATA 	Keypress: 1
26.3429 	EXP 	New trial (rep=0, index=31): {'TrialType': 'Mem', 'Lag': 1, 'Image': 'africanelephant.jpg', 'T1PA': 'P', 'T2PA': 'P', 'PicFolder': 'JPG\\', 'Picture': 'africanelephant', 'FullPathName': 'C:\\\\Users\\\\Psychology\\\\Documents\\\\ABExperiment\\\\MemoryStudy\\\\resources\\\\JPG\\\\africanelephant.jpg', 'FilePath': 'C:\\\\Users\\\\Psychology\\\\Documents\\\\ABExperiment\\\\MemoryStudy\\\\resources\\\\JPG\\\\'}
26.3599 	EXP 	MemTest: autoDraw = False
26.3599 	EXP 	Display: autoDraw = False
26.3599 	EXP 	Display: image = 'C:\\\\Users\\\\Psychology\\\\Documents\\\\ABExperiment\\\\MemoryStudy\\\\resources\\\\JPG\\\\africanelephant.jpg'
26.3599 	EXP 	MemTest: autoDraw = True
26.3599 	EXP 	Display: autoDraw = True
26.8435 	EXP 	New trial (rep=0, index=32): {'TrialType': 'Mem', 'Lag': 1, 'Image': 'apron.jpg', 'T1PA': 'P', 'T2PA': 'P', 'PicFolder': 'JPG\\', 'Picture': 'apron', 'FullPathName': 'C:\\\\Users\\\\Psychology\\\\Documents\\\\ABExperiment\\\\MemoryStudy\\\\resources\\\\JPG\\\\apron.jpg', 'FilePath': 'C:\\\\Users\\\\Psychology\\\\Documents\\\\ABExperiment\\\\MemoryStudy\\\\resources\\\\JPG\\\\'}
26.8497 	DATA 	Keypress: 1
26.8608 	EXP 	MemTest: autoDraw = False
26.8608 	EXP 	Display: autoDraw = False
26.8608 	EXP 	Display: image = 'C:\\\\Users\\\\Psychology\\\\Documents\\\\ABExperiment\\\\MemoryStudy\\\\resources\\\\JPG\\\\apron.jpg'
26.8608 	EXP 	MemTest: autoDraw = True
26.8608 	EXP 	Display: autoDraw = True
27.3606 	EXP 	New trial (rep=0, index=33): {'TrialType': 'Mem', 'Lag': 1, 'Image': 'barnowl.jpg', 'T1PA': 'P', 'T2PA': 'P', 'PicFolder': 'JPG\\', 'Picture': 'barnowl', 'FullPathName': 'C:\\\\Users\\\\Psychology\\\\Documents\\\\ABExperiment\\\\MemoryStudy\\\\resources\\\\JPG\\\\barnowl.jpg', 'FilePath': 'C:\\\\Users\\\\Psychology\\\\Documents\\\\ABExperiment\\\\MemoryStudy\\\\resources\\\\JPG\\\\'}
27.4493 	DATA 	Keypress: 1
27.4588 	EXP 	MemTest: autoDraw = False
27.4588 	EXP 	Display: autoDraw = False
27.4588 	EXP 	Display: image = 'C:\\\\Users\\\\Psychology\\\\Documents\\\\ABExperiment\\\\MemoryStudy\\\\resources\\\\JPG\\\\barnowl.jpg'
27.4588 	EXP 	MemTest: autoDraw = True
27.4588 	EXP 	Display: autoDraw = True
27.8441 	EXP 	New trial (rep=0, index=34): {'TrialType': 'Mem', 'Lag': 1, 'Image': 'basketball01.jpg', 'T1PA': 'P', 'T2PA': 'P', 'PicFolder': 'JPG\\', 'Picture': 'basketball01', 'FullPathName': 'C:\\\\Users\\\\Psychology\\\\Documents\\\\ABExperiment\\\\MemoryStudy\\\\resources\\\\JPG\\\\basketball01.jpg', 'FilePath': 'C:\\\\Users\\\\Psychology\\\\Documents\\\\ABExperiment\\\\MemoryStudy\\\\resources\\\\JPG\\\\'}
27.8485 	DATA 	Keypress: 1
27.8598 	EXP 	MemTest: autoDraw = False
27.8598 	EXP 	Display: autoDraw = False
27.8598 	EXP 	Display: image = 'C:\\\\Users\\\\Psychology\\\\Documents\\\\ABExperiment\\\\MemoryStudy\\\\resources\\\\JPG\\\\basketball01.jpg'
27.8598 	EXP 	MemTest: autoDraw = True
27.8598 	EXP 	Display: autoDraw = True
28.3138 	DATA 	Keypress: 1
28.3296 	EXP 	New trial (rep=0, index=35): {'TrialType': 'Mem', 'Lag': 1, 'Image': 'bat.jpg', 'T1PA': 'P', 'T2PA': 'P', 'PicFolder': 'JPG\\', 'Picture': 'bat', 'FullPathName': 'C:\\\\Users\\\\Psychology\\\\Documents\\\\ABExperiment\\\\MemoryStudy\\\\resources\\\\JPG\\\\bat.jpg', 'FilePath': 'C:\\\\Users\\\\Psychology\\\\Documents\\\\ABExperiment\\\\MemoryStudy\\\\resources\\\\JPG\\\\'}
28.3461 	EXP 	MemTest: autoDraw = False
28.3461 	EXP 	Display: autoDraw = False
28.3461 	EXP 	Display: image = 'C:\\\\Users\\\\Psychology\\\\Documents\\\\ABExperiment\\\\MemoryStudy\\\\resources\\\\JPG\\\\bat.jpg'
28.3461 	EXP 	MemTest: autoDraw = True
28.3461 	EXP 	Display: autoDraw = True
28.8339 	DATA 	Keypress: 1
28.8490 	EXP 	New trial (rep=0, index=36): {'TrialType': 'Mem', 'Lag': 1, 'Image': 'cloud.jpg', 'T1PA': 'P', 'T2PA': 'P', 'PicFolder': 'JPG\\', 'Picture': 'cloud', 'FullPathName': 'C:\\\\Users\\\\Psychology\\\\Documents\\\\ABExperiment\\\\MemoryStudy\\\\resources\\\\JPG\\\\cloud.jpg', 'FilePath': 'C:\\\\Users\\\\Psychology\\\\Documents\\\\ABExperiment\\\\MemoryStudy\\\\resources\\\\JPG\\\\'}
28.8664 	EXP 	MemTest: autoDraw = False
28.8664 	EXP 	Display: autoDraw = False
28.8664 	EXP 	Display: image = 'C:\\\\Users\\\\Psychology\\\\Documents\\\\ABExperiment\\\\MemoryStudy\\\\resources\\\\JPG\\\\cloud.jpg'
28.8664 	EXP 	MemTest: autoDraw = True
28.8664 	EXP 	Display: autoDraw = True
29.3160 	EXP 	New trial (rep=0, index=37): {'TrialType': 'Mem', 'Lag': 1, 'Image': 'crab01.jpg', 'T1PA': 'P', 'T2PA': 'P', 'PicFolder': 'JPG\\', 'Picture': 'crab01', 'FullPathName': 'C:\\\\Users\\\\Psychology\\\\Documents\\\\ABExperiment\\\\MemoryStudy\\\\resources\\\\JPG\\\\crab01.jpg', 'FilePath': 'C:\\\\Users\\\\Psychology\\\\Documents\\\\ABExperiment\\\\MemoryStudy\\\\resources\\\\JPG\\\\'}
29.3263 	DATA 	Keypress: 1
29.3342 	EXP 	MemTest: autoDraw = False
29.3342 	EXP 	Display: autoDraw = False
29.3342 	EXP 	Display: image = 'C:\\\\Users\\\\Psychology\\\\Documents\\\\ABExperiment\\\\MemoryStudy\\\\resources\\\\JPG\\\\crab01.jpg'
29.3342 	EXP 	MemTest: autoDraw = True
29.3342 	EXP 	Display: autoDraw = True
29.7465 	EXP 	New trial (rep=0, index=38): {'TrialType': 'Mem', 'Lag': 1, 'Image': 'cupcake.jpg', 'T1PA': 'P', 'T2PA': 'P', 'PicFolder': 'JPG\\', 'Picture': 'cupcake', 'FullPathName': 'C:\\\\Users\\\\Psychology\\\\Documents\\\\ABExperiment\\\\MemoryStudy\\\\resources\\\\JPG\\\\cupcake.jpg', 'FilePath': 'C:\\\\Users\\\\Psychology\\\\Documents\\\\ABExperiment\\\\MemoryStudy\\\\resources\\\\JPG\\\\'}
29.7519 	DATA 	Keypress: 1
29.7638 	EXP 	MemTest: autoDraw = False
29.7638 	EXP 	Display: autoDraw = False
29.7638 	EXP 	Display: image = 'C:\\\\Users\\\\Psychology\\\\Documents\\\\ABExperiment\\\\MemoryStudy\\\\resources\\\\JPG\\\\cupcake.jpg'
29.7638 	EXP 	MemTest: autoDraw = True
29.7638 	EXP 	Display: autoDraw = True
30.2144 	DATA 	Keypress: 1
30.2303 	EXP 	New trial (rep=0, index=39): {'TrialType': 'Mem', 'Lag': 1, 'Image': 'donut.jpg', 'T1PA': 'P', 'T2PA': 'P', 'PicFolder': 'JPG\\', 'Picture': 'donut', 'FullPathName': 'C:\\\\Users\\\\Psychology\\\\Documents\\\\ABExperiment\\\\MemoryStudy\\\\resources\\\\JPG\\\\donut.jpg', 'FilePath': 'C:\\\\Users\\\\Psychology\\\\Documents\\\\ABExperiment\\\\MemoryStudy\\\\resources\\\\JPG\\\\'}
30.2471 	EXP 	MemTest: autoDraw = False
30.2471 	EXP 	Display: autoDraw = False
30.2471 	EXP 	Display: image = 'C:\\\\Users\\\\Psychology\\\\Documents\\\\ABExperiment\\\\MemoryStudy\\\\resources\\\\JPG\\\\donut.jpg'
30.2471 	EXP 	MemTest: autoDraw = True
30.2471 	EXP 	Display: autoDraw = True
30.6640 	EXP 	New trial (rep=0, index=40): {'TrialType': 'Mem', 'Lag': 1, 'Image': 'eiffeltower.jpg', 'T1PA': 'P', 'T2PA': 'P', 'PicFolder': 'JPG\\', 'Picture': 'eiffeltower', 'FullPathName': 'C:\\\\Users\\\\Psychology\\\\Documents\\\\ABExperiment\\\\MemoryStudy\\\\resources\\\\JPG\\\\eiffeltower.jpg', 'FilePath': 'C:\\\\Users\\\\Psychology\\\\Documents\\\\ABExperiment\\\\MemoryStudy\\\\resources\\\\JPG\\\\'}
30.6691 	DATA 	Keypress: 1
30.6808 	EXP 	MemTest: autoDraw = False
30.6808 	EXP 	Display: autoDraw = False
30.6808 	EXP 	Display: image = 'C:\\\\Users\\\\Psychology\\\\Documents\\\\ABExperiment\\\\MemoryStudy\\\\resources\\\\JPG\\\\eiffeltower.jpg'
30.6808 	EXP 	MemTest: autoDraw = True
30.6808 	EXP 	Display: autoDraw = True
31.1312 	EXP 	New trial (rep=0, index=41): {'TrialType': 'Mem', 'Lag': 1, 'Image': 'exitsign.jpg', 'T1PA': 'P', 'T2PA': 'P', 'PicFolder': 'JPG\\', 'Picture': 'exitsign', 'FullPathName': 'C:\\\\Users\\\\Psychology\\\\Documents\\\\ABExperiment\\\\MemoryStudy\\\\resources\\\\JPG\\\\exitsign.jpg', 'FilePath': 'C:\\\\Users\\\\Psychology\\\\Documents\\\\ABExperiment\\\\MemoryStudy\\\\resources\\\\JPG\\\\'}
31.1365 	DATA 	Keypress: 1
31.1483 	EXP 	MemTest: autoDraw = False
31.1483 	EXP 	Display: autoDraw = False
31.1483 	EXP 	Display: image = 'C:\\\\Users\\\\Psychology\\\\Documents\\\\ABExperiment\\\\MemoryStudy\\\\resources\\\\JPG\\\\exitsign.jpg'
31.1483 	EXP 	MemTest: autoDraw = True
31.1483 	EXP 	Display: autoDraw = True
31.5649 	EXP 	New trial (rep=0, index=42): {'TrialType': 'Mem', 'Lag': 1, 'Image': 'fortunecookie.jpg', 'T1PA': 'P', 'T2PA': 'P', 'PicFolder': 'JPG\\', 'Picture': 'fortunecookie', 'FullPathName': 'C:\\\\Users\\\\Psychology\\\\Documents\\\\ABExperiment\\\\MemoryStudy\\\\resources\\\\JPG\\\\fortunecookie.jpg', 'FilePath': 'C:\\\\Users\\\\Psychology\\\\Documents\\\\ABExperiment\\\\MemoryStudy\\\\resources\\\\JPG\\\\'}
31.5702 	DATA 	Keypress: 1
31.5820 	EXP 	MemTest: autoDraw = False
31.5820 	EXP 	Display: autoDraw = False
31.5820 	EXP 	Display: image = 'C:\\\\Users\\\\Psychology\\\\Documents\\\\ABExperiment\\\\MemoryStudy\\\\resources\\\\JPG\\\\fortunecookie.jpg'
31.5820 	EXP 	MemTest: autoDraw = True
31.5820 	EXP 	Display: autoDraw = True
31.9822 	EXP 	New trial (rep=0, index=43): {'TrialType': 'Mem', 'Lag': 1, 'Image': 'harmonica.jpg', 'T1PA': 'P', 'T2PA': 'P', 'PicFolder': 'JPG\\', 'Picture': 'harmonica', 'FullPathName': 'C:\\\\Users\\\\Psychology\\\\Documents\\\\ABExperiment\\\\MemoryStudy\\\\resources\\\\JPG\\\\harmonica.jpg', 'FilePath': 'C:\\\\Users\\\\Psychology\\\\Documents\\\\ABExperiment\\\\MemoryStudy\\\\resources\\\\JPG\\\\'}
31.9874 	DATA 	Keypress: 1
31.9993 	EXP 	MemTest: autoDraw = False
31.9993 	EXP 	Display: autoDraw = False
31.9993 	EXP 	Display: image = 'C:\\\\Users\\\\Psychology\\\\Documents\\\\ABExperiment\\\\MemoryStudy\\\\resources\\\\JPG\\\\harmonica.jpg'
31.9993 	EXP 	MemTest: autoDraw = True
31.9993 	EXP 	Display: autoDraw = True
32.4326 	EXP 	New trial (rep=0, index=44): {'TrialType': 'Mem', 'Lag': 1, 'Image': 'doghouse.jpg', 'T1PA': 'P', 'T2PA': 'P', 'PicFolder': 'JPG\\', 'Picture': 'doghouse', 'FullPathName': 'C:\\\\Users\\\\Psychology\\\\Documents\\\\ABExperiment\\\\MemoryStudy\\\\resources\\\\JPG\\\\doghouse.jpg', 'FilePath': 'C:\\\\Users\\\\Psychology\\\\Documents\\\\ABExperiment\\\\MemoryStudy\\\\resources\\\\JPG\\\\'}
32.4379 	DATA 	Keypress: 1
32.4497 	EXP 	MemTest: autoDraw = False
32.4497 	EXP 	Display: autoDraw = False
32.4497 	EXP 	Display: image = 'C:\\\\Users\\\\Psychology\\\\Documents\\\\ABExperiment\\\\MemoryStudy\\\\resources\\\\JPG\\\\doghouse.jpg'
32.4497 	EXP 	MemTest: autoDraw = True
32.4497 	EXP 	Display: autoDraw = True
32.8830 	EXP 	New trial (rep=0, index=45): {'TrialType': 'Mem', 'Lag': 1, 'Image': 'ladder.jpg', 'T1PA': 'P', 'T2PA': 'P', 'PicFolder': 'JPG\\', 'Picture': 'ladder', 'FullPathName': 'C:\\\\Users\\\\Psychology\\\\Documents\\\\ABExperiment\\\\MemoryStudy\\\\resources\\\\JPG\\\\ladder.jpg', 'FilePath': 'C:\\\\Users\\\\Psychology\\\\Documents\\\\ABExperiment\\\\MemoryStudy\\\\resources\\\\JPG\\\\'}
32.8881 	DATA 	Keypress: 1
32.9000 	EXP 	MemTest: autoDraw = False
32.9000 	EXP 	Display: autoDraw = False
32.9000 	EXP 	Display: image = 'C:\\\\Users\\\\Psychology\\\\Documents\\\\ABExperiment\\\\MemoryStudy\\\\resources\\\\JPG\\\\ladder.jpg'
32.9000 	EXP 	MemTest: autoDraw = True
32.9000 	EXP 	Display: autoDraw = True
33.2835 	EXP 	New trial (rep=0, index=46): {'TrialType': 'Mem', 'Lag': 1, 'Image': 'lawnmower.jpg', 'T1PA': 'P', 'T2PA': 'P', 'PicFolder': 'JPG\\', 'Picture': 'lawnmower', 'FullPathName': 'C:\\\\Users\\\\Psychology\\\\Documents\\\\ABExperiment\\\\MemoryStudy\\\\resources\\\\JPG\\\\lawnmower.jpg', 'FilePath': 'C:\\\\Users\\\\Psychology\\\\Documents\\\\ABExperiment\\\\MemoryStudy\\\\resources\\\\JPG\\\\'}
33.2887 	DATA 	Keypress: 1
33.3004 	EXP 	MemTest: autoDraw = False
33.3004 	EXP 	Display: autoDraw = False
33.3004 	EXP 	Display: image = 'C:\\\\Users\\\\Psychology\\\\Documents\\\\ABExperiment\\\\MemoryStudy\\\\resources\\\\JPG\\\\lawnmower.jpg'
33.3004 	EXP 	MemTest: autoDraw = True
33.3004 	EXP 	Display: autoDraw = True
33.7505 	EXP 	New trial (rep=0, index=47): {'TrialType': 'Mem', 'Lag': 1, 'Image': 'parkingsign.jpg', 'T1PA': 'P', 'T2PA': 'P', 'PicFolder': 'JPG\\', 'Picture': 'parkingsign', 'FullPathName': 'C:\\\\Users\\\\Psychology\\\\Documents\\\\ABExperiment\\\\MemoryStudy\\\\resources\\\\JPG\\\\parkingsign.jpg', 'FilePath': 'C:\\\\Users\\\\Psychology\\\\Documents\\\\ABExperiment\\\\MemoryStudy\\\\resources\\\\JPG\\\\'}
33.7559 	DATA 	Keypress: 1
33.7678 	EXP 	MemTest: autoDraw = False
33.7678 	EXP 	Display: autoDraw = False
33.7678 	EXP 	Display: image = 'C:\\\\Users\\\\Psychology\\\\Documents\\\\ABExperiment\\\\MemoryStudy\\\\resources\\\\JPG\\\\parkingsign.jpg'
33.7678 	EXP 	MemTest: autoDraw = True
33.7678 	EXP 	Display: autoDraw = True
34.2174 	EXP 	New trial (rep=0, index=48): {'TrialType': 'Mem', 'Lag': 1, 'Image': 'skunk.jpg', 'T1PA': 'P', 'T2PA': 'P', 'PicFolder': 'JPG\\', 'Picture': 'skunk', 'FullPathName': 'C:\\\\Users\\\\Psychology\\\\Documents\\\\ABExperiment\\\\MemoryStudy\\\\resources\\\\JPG\\\\skunk.jpg', 'FilePath': 'C:\\\\Users\\\\Psychology\\\\Documents\\\\ABExperiment\\\\MemoryStudy\\\\resources\\\\JPG\\\\'}
34.2226 	DATA 	Keypress: 1
34.2343 	EXP 	MemTest: autoDraw = False
34.2343 	EXP 	Display: autoDraw = False
34.2343 	EXP 	Display: image = 'C:\\\\Users\\\\Psychology\\\\Documents\\\\ABExperiment\\\\MemoryStudy\\\\resources\\\\JPG\\\\skunk.jpg'
34.2343 	EXP 	MemTest: autoDraw = True
34.2343 	EXP 	Display: autoDraw = True
34.6680 	EXP 	New trial (rep=0, index=49): {'TrialType': 'Mem', 'Lag': 1, 'Image': 'snowboard.jpg', 'T1PA': 'P', 'T2PA': 'P', 'PicFolder': 'JPG\\', 'Picture': 'snowboard', 'FullPathName': 'C:\\\\Users\\\\Psychology\\\\Documents\\\\ABExperiment\\\\MemoryStudy\\\\resources\\\\JPG\\\\snowboard.jpg', 'FilePath': 'C:\\\\Users\\\\Psychology\\\\Documents\\\\ABExperiment\\\\MemoryStudy\\\\resources\\\\JPG\\\\'}
34.6732 	DATA 	Keypress: 1
34.6851 	EXP 	MemTest: autoDraw = False
34.6851 	EXP 	Display: autoDraw = False
34.6851 	EXP 	Display: image = 'C:\\\\Users\\\\Psychology\\\\Documents\\\\ABExperiment\\\\MemoryStudy\\\\resources\\\\JPG\\\\snowboard.jpg'
34.6851 	EXP 	MemTest: autoDraw = True
34.6851 	EXP 	Display: autoDraw = True
35.1193 	DATA 	Keypress: 1
35.1351 	EXP 	New trial (rep=0, index=50): {'TrialType': 'Mem', 'Lag': 1, 'Image': 'tiger02.jpg', 'T1PA': 'P', 'T2PA': 'P', 'PicFolder': 'JPG\\', 'Picture': 'tiger02', 'FullPathName': 'C:\\\\Users\\\\Psychology\\\\Documents\\\\ABExperiment\\\\MemoryStudy\\\\resources\\\\JPG\\\\tiger02.jpg', 'FilePath': 'C:\\\\Users\\\\Psychology\\\\Documents\\\\ABExperiment\\\\MemoryStudy\\\\resources\\\\JPG\\\\'}
35.1520 	EXP 	MemTest: autoDraw = False
35.1520 	EXP 	Display: autoDraw = False
35.1520 	EXP 	Display: image = 'C:\\\\Users\\\\Psychology\\\\Documents\\\\ABExperiment\\\\MemoryStudy\\\\resources\\\\JPG\\\\tiger02.jpg'
35.1520 	EXP 	MemTest: autoDraw = True
35.1520 	EXP 	Display: autoDraw = True
35.5771 	DATA 	Keypress: 1
35.5922 	EXP 	New trial (rep=0, index=51): {'TrialType': 'Mem', 'Lag': 1, 'Image': 'tree.jpg', 'T1PA': 'P', 'T2PA': 'P', 'PicFolder': 'JPG\\', 'Picture': 'tree', 'FullPathName': 'C:\\\\Users\\\\Psychology\\\\Documents\\\\ABExperiment\\\\MemoryStudy\\\\resources\\\\JPG\\\\tree.jpg', 'FilePath': 'C:\\\\Users\\\\Psychology\\\\Documents\\\\ABExperiment\\\\MemoryStudy\\\\resources\\\\JPG\\\\'}
35.6185 	EXP 	MemTest: autoDraw = False
35.6185 	EXP 	Display: autoDraw = False
35.6185 	EXP 	Display: image = 'C:\\\\Users\\\\Psychology\\\\Documents\\\\ABExperiment\\\\MemoryStudy\\\\resources\\\\JPG\\\\tree.jpg'
35.6185 	EXP 	MemTest: autoDraw = True
35.6185 	EXP 	Display: autoDraw = True
36.0694 	EXP 	New trial (rep=0, index=52): {'TrialType': 'Mem', 'Lag': 1, 'Image': 'waterfall.jpg', 'T1PA': 'P', 'T2PA': 'P', 'PicFolder': 'JPG\\', 'Picture': 'waterfall', 'FullPathName': 'C:\\\\Users\\\\Psychology\\\\Documents\\\\ABExperiment\\\\MemoryStudy\\\\resources\\\\JPG\\\\waterfall.jpg', 'FilePath': 'C:\\\\Users\\\\Psychology\\\\Documents\\\\ABExperiment\\\\MemoryStudy\\\\resources\\\\JPG\\\\'}
36.0762 	DATA 	Keypress: 1
36.0958 	EXP 	MemTest: autoDraw = False
36.0958 	EXP 	Display: autoDraw = False
36.0958 	EXP 	Display: image = 'C:\\\\Users\\\\Psychology\\\\Documents\\\\ABExperiment\\\\MemoryStudy\\\\resources\\\\JPG\\\\waterfall.jpg'
36.0958 	EXP 	MemTest: autoDraw = True
36.0958 	EXP 	Display: autoDraw = True
36.4530 	EXP 	New trial (rep=0, index=53): {'TrialType': 'Mem', 'Lag': 1, 'Image': 'bow.jpg', 'T1PA': 'P', 'T2PA': 'P', 'PicFolder': 'JPG\\', 'Picture': 'bow', 'FullPathName': 'C:\\\\Users\\\\Psychology\\\\Documents\\\\ABExperiment\\\\MemoryStudy\\\\resources\\\\JPG\\\\bow.jpg', 'FilePath': 'C:\\\\Users\\\\Psychology\\\\Documents\\\\ABExperiment\\\\MemoryStudy\\\\resources\\\\JPG\\\\'}
36.4589 	DATA 	Keypress: 1
36.4701 	EXP 	MemTest: autoDraw = False
36.4701 	EXP 	Display: autoDraw = False
36.4701 	EXP 	Display: image = 'C:\\\\Users\\\\Psychology\\\\Documents\\\\ABExperiment\\\\MemoryStudy\\\\resources\\\\JPG\\\\bow.jpg'
36.4701 	EXP 	MemTest: autoDraw = True
36.4701 	EXP 	Display: autoDraw = True
36.9201 	EXP 	New trial (rep=0, index=54): {'TrialType': 'Mem', 'Lag': 1, 'Image': 'arugula.jpg', 'T1PA': 'P', 'T2PA': 'P', 'PicFolder': 'JPG\\', 'Picture': 'arugula', 'FullPathName': 'C:\\\\Users\\\\Psychology\\\\Documents\\\\ABExperiment\\\\MemoryStudy\\\\resources\\\\JPG\\\\arugula.jpg', 'FilePath': 'C:\\\\Users\\\\Psychology\\\\Documents\\\\ABExperiment\\\\MemoryStudy\\\\resources\\\\JPG\\\\'}
37.0122 	DATA 	Keypress: 1
37.0222 	EXP 	MemTest: autoDraw = False
37.0222 	EXP 	Display: autoDraw = False
37.0222 	EXP 	Display: image = 'C:\\\\Users\\\\Psychology\\\\Documents\\\\ABExperiment\\\\MemoryStudy\\\\resources\\\\JPG\\\\arugula.jpg'
37.0222 	EXP 	MemTest: autoDraw = True
37.0222 	EXP 	Display: autoDraw = True
37.3716 	EXP 	New trial (rep=0, index=55): {'TrialType': 'Mem', 'Lag': 1, 'Image': 'beaver.jpg', 'T1PA': 'P', 'T2PA': 'P', 'PicFolder': 'JPG\\', 'Picture': 'beaver', 'FullPathName': 'C:\\\\Users\\\\Psychology\\\\Documents\\\\ABExperiment\\\\MemoryStudy\\\\resources\\\\JPG\\\\beaver.jpg', 'FilePath': 'C:\\\\Users\\\\Psychology\\\\Documents\\\\ABExperiment\\\\MemoryStudy\\\\resources\\\\JPG\\\\'}
37.3793 	DATA 	Keypress: 1
37.3883 	EXP 	MemTest: autoDraw = False
37.3883 	EXP 	Display: autoDraw = False
37.3883 	EXP 	Display: image = 'C:\\\\Users\\\\Psychology\\\\Documents\\\\ABExperiment\\\\MemoryStudy\\\\resources\\\\JPG\\\\beaver.jpg'
37.3883 	EXP 	MemTest: autoDraw = True
37.3883 	EXP 	Display: autoDraw = True
37.8712 	EXP 	New trial (rep=0, index=56): {'TrialType': 'Mem', 'Lag': 1, 'Image': 'snowglobe.jpg', 'T1PA': 'P', 'T2PA': 'P', 'PicFolder': 'JPG\\', 'Picture': 'snowglobe', 'FullPathName': 'C:\\\\Users\\\\Psychology\\\\Documents\\\\ABExperiment\\\\MemoryStudy\\\\resources\\\\JPG\\\\snowglobe.jpg', 'FilePath': 'C:\\\\Users\\\\Psychology\\\\Documents\\\\ABExperiment\\\\MemoryStudy\\\\resources\\\\JPG\\\\'}
37.9662 	DATA 	Keypress: 1
37.9766 	EXP 	MemTest: autoDraw = False
37.9766 	EXP 	Display: autoDraw = False
37.9766 	EXP 	Display: image = 'C:\\\\Users\\\\Psychology\\\\Documents\\\\ABExperiment\\\\MemoryStudy\\\\resources\\\\JPG\\\\snowglobe.jpg'
37.9766 	EXP 	MemTest: autoDraw = True
37.9766 	EXP 	Display: autoDraw = True
38.3562 	EXP 	New trial (rep=0, index=57): {'TrialType': 'Mem', 'Lag': 1, 'Image': 'bullet.jpg', 'T1PA': 'P', 'T2PA': 'P', 'PicFolder': 'JPG\\', 'Picture': 'bullet', 'FullPathName': 'C:\\\\Users\\\\Psychology\\\\Documents\\\\ABExperiment\\\\MemoryStudy\\\\resources\\\\JPG\\\\bullet.jpg', 'FilePath': 'C:\\\\Users\\\\Psychology\\\\Documents\\\\ABExperiment\\\\MemoryStudy\\\\resources\\\\JPG\\\\'}
38.3644 	DATA 	Keypress: 1
38.3726 	EXP 	MemTest: autoDraw = False
38.3726 	EXP 	Display: autoDraw = False
38.3726 	EXP 	Display: image = 'C:\\\\Users\\\\Psychology\\\\Documents\\\\ABExperiment\\\\MemoryStudy\\\\resources\\\\JPG\\\\bullet.jpg'
38.3726 	EXP 	MemTest: autoDraw = True
38.3726 	EXP 	Display: autoDraw = True
38.8077 	DATA 	Keypress: 1
38.8228 	EXP 	New trial (rep=0, index=58): {'TrialType': 'Mem', 'Lag': 1, 'Image': 'cactus.jpg', 'T1PA': 'P', 'T2PA': 'P', 'PicFolder': 'JPG\\', 'Picture': 'cactus', 'FullPathName': 'C:\\\\Users\\\\Psychology\\\\Documents\\\\ABExperiment\\\\MemoryStudy\\\\resources\\\\JPG\\\\cactus.jpg', 'FilePath': 'C:\\\\Users\\\\Psychology\\\\Documents\\\\ABExperiment\\\\MemoryStudy\\\\resources\\\\JPG\\\\'}
38.8372 	EXP 	MemTest: autoDraw = False
38.8372 	EXP 	Display: autoDraw = False
38.8372 	EXP 	Display: image = 'C:\\\\Users\\\\Psychology\\\\Documents\\\\ABExperiment\\\\MemoryStudy\\\\resources\\\\JPG\\\\cactus.jpg'
38.8372 	EXP 	MemTest: autoDraw = True
38.8372 	EXP 	Display: autoDraw = True
39.3400 	EXP 	New trial (rep=0, index=59): {'TrialType': 'Mem', 'Lag': 1, 'Image': 'cow.jpg', 'T1PA': 'P', 'T2PA': 'P', 'PicFolder': 'JPG\\', 'Picture': 'cow', 'FullPathName': 'C:\\\\Users\\\\Psychology\\\\Documents\\\\ABExperiment\\\\MemoryStudy\\\\resources\\\\JPG\\\\cow.jpg', 'FilePath': 'C:\\\\Users\\\\Psychology\\\\Documents\\\\ABExperiment\\\\MemoryStudy\\\\resources\\\\JPG\\\\'}
39.3470 	DATA 	Keypress: 1
39.3567 	EXP 	MemTest: autoDraw = False
39.3567 	EXP 	Display: autoDraw = False
39.3567 	EXP 	Display: image = 'C:\\\\Users\\\\Psychology\\\\Documents\\\\ABExperiment\\\\MemoryStudy\\\\resources\\\\JPG\\\\cow.jpg'
39.3567 	EXP 	MemTest: autoDraw = True
39.3567 	EXP 	Display: autoDraw = True
39.7912 	DATA 	Keypress: 1
39.8071 	EXP 	New trial (rep=0, index=60): {'TrialType': 'Mem', 'Lag': 1, 'Image': 'discoball.jpg', 'T1PA': 'P', 'T2PA': 'P', 'PicFolder': 'JPG\\', 'Picture': 'discoball', 'FullPathName': 'C:\\\\Users\\\\Psychology\\\\Documents\\\\ABExperiment\\\\MemoryStudy\\\\resources\\\\JPG\\\\discoball.jpg', 'FilePath': 'C:\\\\Users\\\\Psychology\\\\Documents\\\\ABExperiment\\\\MemoryStudy\\\\resources\\\\JPG\\\\'}
39.8239 	EXP 	MemTest: autoDraw = False
39.8239 	EXP 	Display: autoDraw = False
39.8239 	EXP 	Display: image = 'C:\\\\Users\\\\Psychology\\\\Documents\\\\ABExperiment\\\\MemoryStudy\\\\resources\\\\JPG\\\\discoball.jpg'
39.8239 	EXP 	MemTest: autoDraw = True
39.8239 	EXP 	Display: autoDraw = True
40.2252 	DATA 	Keypress: 1
40.2406 	EXP 	New trial (rep=0, index=61): {'TrialType': 'Mem', 'Lag': 1, 'Image': 'drumstick.jpg', 'T1PA': 'P', 'T2PA': 'P', 'PicFolder': 'JPG\\', 'Picture': 'drumstick', 'FullPathName': 'C:\\\\Users\\\\Psychology\\\\Documents\\\\ABExperiment\\\\MemoryStudy\\\\resources\\\\JPG\\\\drumstick.jpg', 'FilePath': 'C:\\\\Users\\\\Psychology\\\\Documents\\\\ABExperiment\\\\MemoryStudy\\\\resources\\\\JPG\\\\'}
40.2670 	EXP 	MemTest: autoDraw = False
40.2670 	EXP 	Display: autoDraw = False
40.2670 	EXP 	Display: image = 'C:\\\\Users\\\\Psychology\\\\Documents\\\\ABExperiment\\\\MemoryStudy\\\\resources\\\\JPG\\\\drumstick.jpg'
40.2670 	EXP 	MemTest: autoDraw = True
40.2670 	EXP 	Display: autoDraw = True
40.6577 	EXP 	New trial (rep=0, index=62): {'TrialType': 'Mem', 'Lag': 1, 'Image': 'fingerprint.jpg', 'T1PA': 'P', 'T2PA': 'P', 'PicFolder': 'JPG\\', 'Picture': 'fingerprint', 'FullPathName': 'C:\\\\Users\\\\Psychology\\\\Documents\\\\ABExperiment\\\\MemoryStudy\\\\resources\\\\JPG\\\\fingerprint.jpg', 'FilePath': 'C:\\\\Users\\\\Psychology\\\\Documents\\\\ABExperiment\\\\MemoryStudy\\\\resources\\\\JPG\\\\'}
40.6649 	DATA 	Keypress: 1
40.6747 	EXP 	MemTest: autoDraw = False
40.6747 	EXP 	Display: autoDraw = False
40.6747 	EXP 	Display: image = 'C:\\\\Users\\\\Psychology\\\\Documents\\\\ABExperiment\\\\MemoryStudy\\\\resources\\\\JPG\\\\fingerprint.jpg'
40.6747 	EXP 	MemTest: autoDraw = True
40.6747 	EXP 	Display: autoDraw = True
41.1415 	EXP 	New trial (rep=0, index=63): {'TrialType': 'Mem', 'Lag': 1, 'Image': 'hockeystick.jpg', 'T1PA': 'P', 'T2PA': 'P', 'PicFolder': 'JPG\\', 'Picture': 'hockeystick', 'FullPathName': 'C:\\\\Users\\\\Psychology\\\\Documents\\\\ABExperiment\\\\MemoryStudy\\\\resources\\\\JPG\\\\hockeystick.jpg', 'FilePath': 'C:\\\\Users\\\\Psychology\\\\Documents\\\\ABExperiment\\\\MemoryStudy\\\\resources\\\\JPG\\\\'}
41.1481 	DATA 	Keypress: 1
41.1679 	EXP 	MemTest: autoDraw = False
41.1679 	EXP 	Display: autoDraw = False
41.1679 	EXP 	Display: image = 'C:\\\\Users\\\\Psychology\\\\Documents\\\\ABExperiment\\\\MemoryStudy\\\\resources\\\\JPG\\\\hockeystick.jpg'
41.1679 	EXP 	MemTest: autoDraw = True
41.1679 	EXP 	Display: autoDraw = True
41.5765 	DATA 	Keypress: 1
41.5921 	EXP 	New trial (rep=0, index=64): {'TrialType': 'Mem', 'Lag': 1, 'Image': 'hulahoop.jpg', 'T1PA': 'P', 'T2PA': 'P', 'PicFolder': 'JPG\\', 'Picture': 'hulahoop', 'FullPathName': 'C:\\\\Users\\\\Psychology\\\\Documents\\\\ABExperiment\\\\MemoryStudy\\\\resources\\\\JPG\\\\hulahoop.jpg', 'FilePath': 'C:\\\\Users\\\\Psychology\\\\Documents\\\\ABExperiment\\\\MemoryStudy\\\\resources\\\\JPG\\\\'}
41.6196 	EXP 	MemTest: autoDraw = False
41.6196 	EXP 	Display: autoDraw = False
41.6196 	EXP 	Display: image = 'C:\\\\Users\\\\Psychology\\\\Documents\\\\ABExperiment\\\\MemoryStudy\\\\resources\\\\JPG\\\\hulahoop.jpg'
41.6196 	EXP 	MemTest: autoDraw = True
41.6196 	EXP 	Display: autoDraw = True
42.0464 	EXP 	New trial (rep=0, index=65): {'TrialType': 'Mem', 'Lag': 1, 'Image': 'ladybug03.jpg', 'T1PA': 'P', 'T2PA': 'P', 'PicFolder': 'JPG\\', 'Picture': 'ladybug03', 'FullPathName': 'C:\\\\Users\\\\Psychology\\\\Documents\\\\ABExperiment\\\\MemoryStudy\\\\resources\\\\JPG\\\\ladybug03.jpg', 'FilePath': 'C:\\\\Users\\\\Psychology\\\\Documents\\\\ABExperiment\\\\MemoryStudy\\\\resources\\\\JPG\\\\'}
42.0586 	DATA 	Keypress: 1
42.0664 	EXP 	MemTest: autoDraw = False
42.0664 	EXP 	Display: autoDraw = False
42.0664 	EXP 	Display: image = 'C:\\\\Users\\\\Psychology\\\\Documents\\\\ABExperiment\\\\MemoryStudy\\\\resources\\\\JPG\\\\ladybug03.jpg'
42.0664 	EXP 	MemTest: autoDraw = True
42.0664 	EXP 	Display: autoDraw = True
42.4929 	EXP 	New trial (rep=0, index=66): {'TrialType': 'Mem', 'Lag': 1, 'Image': 'magneticcompass.jpg', 'T1PA': 'P', 'T2PA': 'P', 'PicFolder': 'JPG\\', 'Picture': 'magneticcompass', 'FullPathName': 'C:\\\\Users\\\\Psychology\\\\Documents\\\\ABExperiment\\\\MemoryStudy\\\\resources\\\\JPG\\\\magneticcompass.jpg', 'FilePath': 'C:\\\\Users\\\\Psychology\\\\Documents\\\\ABExperiment\\\\MemoryStudy\\\\resources\\\\JPG\\\\'}
42.5000 	DATA 	Keypress: 1
42.5099 	EXP 	MemTest: autoDraw = False
42.5099 	EXP 	Display: autoDraw = False
42.5099 	EXP 	Display: image = 'C:\\\\Users\\\\Psychology\\\\Documents\\\\ABExperiment\\\\MemoryStudy\\\\resources\\\\JPG\\\\magneticcompass.jpg'
42.5099 	EXP 	MemTest: autoDraw = True
42.5099 	EXP 	Display: autoDraw = True
42.9267 	EXP 	New trial (rep=0, index=67): {'TrialType': 'Mem', 'Lag': 1, 'Image': 'moose.jpg', 'T1PA': 'P', 'T2PA': 'P', 'PicFolder': 'JPG\\', 'Picture': 'moose', 'FullPathName': 'C:\\\\Users\\\\Psychology\\\\Documents\\\\ABExperiment\\\\MemoryStudy\\\\resources\\\\JPG\\\\moose.jpg', 'FilePath': 'C:\\\\Users\\\\Psychology\\\\Documents\\\\ABExperiment\\\\MemoryStudy\\\\resources\\\\JPG\\\\'}
42.9339 	DATA 	Keypress: 1
42.9437 	EXP 	MemTest: autoDraw = False
42.9437 	EXP 	Display: autoDraw = False
42.9437 	EXP 	Display: image = 'C:\\\\Users\\\\Psychology\\\\Documents\\\\ABExperiment\\\\MemoryStudy\\\\resources\\\\JPG\\\\moose.jpg'
42.9437 	EXP 	MemTest: autoDraw = True
42.9437 	EXP 	Display: autoDraw = True
43.3771 	EXP 	New trial (rep=0, index=68): {'TrialType': 'Mem', 'Lag': 1, 'Image': 'peacock.jpg', 'T1PA': 'P', 'T2PA': 'P', 'PicFolder': 'JPG\\', 'Picture': 'peacock', 'FullPathName': 'C:\\\\Users\\\\Psychology\\\\Documents\\\\ABExperiment\\\\MemoryStudy\\\\resources\\\\JPG\\\\peacock.jpg', 'FilePath': 'C:\\\\Users\\\\Psychology\\\\Documents\\\\ABExperiment\\\\MemoryStudy\\\\resources\\\\JPG\\\\'}
43.3842 	DATA 	Keypress: 1
43.3941 	EXP 	MemTest: autoDraw = False
43.3941 	EXP 	Display: autoDraw = False
43.3941 	EXP 	Display: image = 'C:\\\\Users\\\\Psychology\\\\Documents\\\\ABExperiment\\\\MemoryStudy\\\\resources\\\\JPG\\\\peacock.jpg'
43.3941 	EXP 	MemTest: autoDraw = True
43.3941 	EXP 	Display: autoDraw = True
43.8276 	EXP 	New trial (rep=0, index=69): {'TrialType': 'Mem', 'Lag': 1, 'Image': 'rooster.jpg', 'T1PA': 'P', 'T2PA': 'P', 'PicFolder': 'JPG\\', 'Picture': 'rooster', 'FullPathName': 'C:\\\\Users\\\\Psychology\\\\Documents\\\\ABExperiment\\\\MemoryStudy\\\\resources\\\\JPG\\\\rooster.jpg', 'FilePath': 'C:\\\\Users\\\\Psychology\\\\Documents\\\\ABExperiment\\\\MemoryStudy\\\\resources\\\\JPG\\\\'}
43.8344 	DATA 	Keypress: 1
43.8446 	EXP 	MemTest: autoDraw = False
43.8446 	EXP 	Display: autoDraw = False
43.8446 	EXP 	Display: image = 'C:\\\\Users\\\\Psychology\\\\Documents\\\\ABExperiment\\\\MemoryStudy\\\\resources\\\\JPG\\\\rooster.jpg'
43.8446 	EXP 	MemTest: autoDraw = True
43.8446 	EXP 	Display: autoDraw = True
44.3115 	EXP 	New trial (rep=0, index=70): {'TrialType': 'Mem', 'Lag': 1, 'Image': 'sandcastle.jpg', 'T1PA': 'P', 'T2PA': 'P', 'PicFolder': 'JPG\\', 'Picture': 'sandcastle', 'FullPathName': 'C:\\\\Users\\\\Psychology\\\\Documents\\\\ABExperiment\\\\MemoryStudy\\\\resources\\\\JPG\\\\sandcastle.jpg', 'FilePath': 'C:\\\\Users\\\\Psychology\\\\Documents\\\\ABExperiment\\\\MemoryStudy\\\\resources\\\\JPG\\\\'}
44.3186 	DATA 	Keypress: 1
44.3284 	EXP 	MemTest: autoDraw = False
44.3284 	EXP 	Display: autoDraw = False
44.3284 	EXP 	Display: image = 'C:\\\\Users\\\\Psychology\\\\Documents\\\\ABExperiment\\\\MemoryStudy\\\\resources\\\\JPG\\\\sandcastle.jpg'
44.3284 	EXP 	MemTest: autoDraw = True
44.3284 	EXP 	Display: autoDraw = True
44.7619 	EXP 	New trial (rep=0, index=71): {'TrialType': 'Mem', 'Lag': 1, 'Image': 'sheep.jpg', 'T1PA': 'P', 'T2PA': 'P', 'PicFolder': 'JPG\\', 'Picture': 'sheep', 'FullPathName': 'C:\\\\Users\\\\Psychology\\\\Documents\\\\ABExperiment\\\\MemoryStudy\\\\resources\\\\JPG\\\\sheep.jpg', 'FilePath': 'C:\\\\Users\\\\Psychology\\\\Documents\\\\ABExperiment\\\\MemoryStudy\\\\resources\\\\JPG\\\\'}
44.7691 	DATA 	Keypress: 1
44.7788 	EXP 	MemTest: autoDraw = False
44.7788 	EXP 	Display: autoDraw = False
44.7788 	EXP 	Display: image = 'C:\\\\Users\\\\Psychology\\\\Documents\\\\ABExperiment\\\\MemoryStudy\\\\resources\\\\JPG\\\\sheep.jpg'
44.7788 	EXP 	MemTest: autoDraw = True
44.7788 	EXP 	Display: autoDraw = True
45.1789 	EXP 	New trial (rep=0, index=72): {'TrialType': 'Mem', 'Lag': 1, 'Image': 'spiderweb.jpg', 'T1PA': 'P', 'T2PA': 'P', 'PicFolder': 'JPG\\', 'Picture': 'spiderweb', 'FullPathName': 'C:\\\\Users\\\\Psychology\\\\Documents\\\\ABExperiment\\\\MemoryStudy\\\\resources\\\\JPG\\\\spiderweb.jpg', 'FilePath': 'C:\\\\Users\\\\Psychology\\\\Documents\\\\ABExperiment\\\\MemoryStudy\\\\resources\\\\JPG\\\\'}
45.1860 	DATA 	Keypress: 1
45.1959 	EXP 	MemTest: autoDraw = False
45.1959 	EXP 	Display: autoDraw = False
45.1959 	EXP 	Display: image = 'C:\\\\Users\\\\Psychology\\\\Documents\\\\ABExperiment\\\\MemoryStudy\\\\resources\\\\JPG\\\\spiderweb.jpg'
45.1959 	EXP 	MemTest: autoDraw = True
45.1959 	EXP 	Display: autoDraw = True
45.6127 	EXP 	New trial (rep=0, index=73): {'TrialType': 'Mem', 'Lag': 1, 'Image': 'trampoline.jpg', 'T1PA': 'P', 'T2PA': 'P', 'PicFolder': 'JPG\\', 'Picture': 'trampoline', 'FullPathName': 'C:\\\\Users\\\\Psychology\\\\Documents\\\\ABExperiment\\\\MemoryStudy\\\\resources\\\\JPG\\\\trampoline.jpg', 'FilePath': 'C:\\\\Users\\\\Psychology\\\\Documents\\\\ABExperiment\\\\MemoryStudy\\\\resources\\\\JPG\\\\'}
45.6197 	DATA 	Keypress: 1
45.6297 	EXP 	MemTest: autoDraw = False
45.6297 	EXP 	Display: autoDraw = False
45.6297 	EXP 	Display: image = 'C:\\\\Users\\\\Psychology\\\\Documents\\\\ABExperiment\\\\MemoryStudy\\\\resources\\\\JPG\\\\trampoline.jpg'
45.6297 	EXP 	MemTest: autoDraw = True
45.6297 	EXP 	Display: autoDraw = True
46.0799 	EXP 	New trial (rep=0, index=74): {'TrialType': 'Mem', 'Lag': 1, 'Image': 'trophy01.jpg', 'T1PA': 'P', 'T2PA': 'P', 'PicFolder': 'JPG\\', 'Picture': 'trophy01', 'FullPathName': 'C:\\\\Users\\\\Psychology\\\\Documents\\\\ABExperiment\\\\MemoryStudy\\\\resources\\\\JPG\\\\trophy01.jpg', 'FilePath': 'C:\\\\Users\\\\Psychology\\\\Documents\\\\ABExperiment\\\\MemoryStudy\\\\resources\\\\JPG\\\\'}
46.0869 	DATA 	Keypress: 1
46.0969 	EXP 	MemTest: autoDraw = False
46.0969 	EXP 	Display: autoDraw = False
46.0969 	EXP 	Display: image = 'C:\\\\Users\\\\Psychology\\\\Documents\\\\ABExperiment\\\\MemoryStudy\\\\resources\\\\JPG\\\\trophy01.jpg'
46.0969 	EXP 	MemTest: autoDraw = True
46.0969 	EXP 	Display: autoDraw = True
46.4645 	DATA 	Keypress: 1
46.4802 	EXP 	New trial (rep=0, index=75): {'TrialType': 'Mem', 'Lag': 1, 'Image': 'windmill.jpg', 'T1PA': 'P', 'T2PA': 'P', 'PicFolder': 'JPG\\', 'Picture': 'windmill', 'FullPathName': 'C:\\\\Users\\\\Psychology\\\\Documents\\\\ABExperiment\\\\MemoryStudy\\\\resources\\\\JPG\\\\windmill.jpg', 'FilePath': 'C:\\\\Users\\\\Psychology\\\\Documents\\\\ABExperiment\\\\MemoryStudy\\\\resources\\\\JPG\\\\'}
46.5066 	EXP 	MemTest: autoDraw = False
46.5066 	EXP 	Display: autoDraw = False
46.5066 	EXP 	Display: image = 'C:\\\\Users\\\\Psychology\\\\Documents\\\\ABExperiment\\\\MemoryStudy\\\\resources\\\\JPG\\\\windmill.jpg'
46.5066 	EXP 	MemTest: autoDraw = True
46.5066 	EXP 	Display: autoDraw = True
46.8974 	EXP 	New trial (rep=0, index=76): {'TrialType': 'Mem', 'Lag': 1, 'Image': 'arrow02.jpg', 'T1PA': 'P', 'T2PA': 'P', 'PicFolder': 'JPG\\', 'Picture': 'arrow02', 'FullPathName': 'C:\\\\Users\\\\Psychology\\\\Documents\\\\ABExperiment\\\\MemoryStudy\\\\resources\\\\JPG\\\\arrow02.jpg', 'FilePath': 'C:\\\\Users\\\\Psychology\\\\Documents\\\\ABExperiment\\\\MemoryStudy\\\\resources\\\\JPG\\\\'}
46.9043 	DATA 	Keypress: 1
46.9142 	EXP 	MemTest: autoDraw = False
46.9142 	EXP 	Display: autoDraw = False
46.9142 	EXP 	Display: image = 'C:\\\\Users\\\\Psychology\\\\Documents\\\\ABExperiment\\\\MemoryStudy\\\\resources\\\\JPG\\\\arrow02.jpg'
46.9142 	EXP 	MemTest: autoDraw = True
46.9142 	EXP 	Display: autoDraw = True
47.3478 	EXP 	New trial (rep=0, index=77): {'TrialType': 'Mem', 'Lag': 1, 'Image': 'birdhouse.jpg', 'T1PA': 'P', 'T2PA': 'P', 'PicFolder': 'JPG\\', 'Picture': 'birdhouse', 'FullPathName': 'C:\\\\Users\\\\Psychology\\\\Documents\\\\ABExperiment\\\\MemoryStudy\\\\resources\\\\JPG\\\\birdhouse.jpg', 'FilePath': 'C:\\\\Users\\\\Psychology\\\\Documents\\\\ABExperiment\\\\MemoryStudy\\\\resources\\\\JPG\\\\'}
47.3552 	DATA 	Keypress: 1
47.3647 	EXP 	MemTest: autoDraw = False
47.3647 	EXP 	Display: autoDraw = False
47.3647 	EXP 	Display: image = 'C:\\\\Users\\\\Psychology\\\\Documents\\\\ABExperiment\\\\MemoryStudy\\\\resources\\\\JPG\\\\birdhouse.jpg'
47.3647 	EXP 	MemTest: autoDraw = True
47.3647 	EXP 	Display: autoDraw = True
47.8159 	DATA 	Keypress: 1
47.8316 	EXP 	New trial (rep=0, index=78): {'TrialType': 'Mem', 'Lag': 1, 'Image': 'bridge.jpg', 'T1PA': 'P', 'T2PA': 'P', 'PicFolder': 'JPG\\', 'Picture': 'bridge', 'FullPathName': 'C:\\\\Users\\\\Psychology\\\\Documents\\\\ABExperiment\\\\MemoryStudy\\\\resources\\\\JPG\\\\bridge.jpg', 'FilePath': 'C:\\\\Users\\\\Psychology\\\\Documents\\\\ABExperiment\\\\MemoryStudy\\\\resources\\\\JPG\\\\'}
47.8520 	EXP 	MemTest: autoDraw = False
47.8520 	EXP 	Display: autoDraw = False
47.8520 	EXP 	Display: image = 'C:\\\\Users\\\\Psychology\\\\Documents\\\\ABExperiment\\\\MemoryStudy\\\\resources\\\\JPG\\\\bridge.jpg'
47.8520 	EXP 	MemTest: autoDraw = True
47.8520 	EXP 	Display: autoDraw = True
48.2479 	EXP 	New trial (rep=0, index=79): {'TrialType': 'Mem', 'Lag': 1, 'Image': 'cashregister01.jpg', 'T1PA': 'P', 'T2PA': 'P', 'PicFolder': 'JPG\\', 'Picture': 'cashregister01', 'FullPathName': 'C:\\\\Users\\\\Psychology\\\\Documents\\\\ABExperiment\\\\MemoryStudy\\\\resources\\\\JPG\\\\cashregister01.jpg', 'FilePath': 'C:\\\\Users\\\\Psychology\\\\Documents\\\\ABExperiment\\\\MemoryStudy\\\\resources\\\\JPG\\\\'}
48.2529 	DATA 	Keypress: 1
48.2647 	EXP 	MemTest: autoDraw = False
48.2647 	EXP 	Display: autoDraw = False
48.2647 	EXP 	Display: image = 'C:\\\\Users\\\\Psychology\\\\Documents\\\\ABExperiment\\\\MemoryStudy\\\\resources\\\\JPG\\\\cashregister01.jpg'
48.2647 	EXP 	MemTest: autoDraw = True
48.2647 	EXP 	Display: autoDraw = True
48.6648 	EXP 	New trial (rep=0, index=80): {'TrialType': 'Mem', 'Lag': 1, 'Image': 'dartboard.jpg', 'T1PA': 'P', 'T2PA': 'P', 'PicFolder': 'JPG\\', 'Picture': 'dartboard', 'FullPathName': 'C:\\\\Users\\\\Psychology\\\\Documents\\\\ABExperiment\\\\MemoryStudy\\\\resources\\\\JPG\\\\dartboard.jpg', 'FilePath': 'C:\\\\Users\\\\Psychology\\\\Documents\\\\ABExperiment\\\\MemoryStudy\\\\resources\\\\JPG\\\\'}
48.6697 	DATA 	Keypress: 1
48.6813 	EXP 	MemTest: autoDraw = False
48.6813 	EXP 	Display: autoDraw = False
48.6813 	EXP 	Display: image = 'C:\\\\Users\\\\Psychology\\\\Documents\\\\ABExperiment\\\\MemoryStudy\\\\resources\\\\JPG\\\\dartboard.jpg'
48.6813 	EXP 	MemTest: autoDraw = True
48.6813 	EXP 	Display: autoDraw = True
49.1709 	DATA 	Keypress: 1
49.1860 	EXP 	New trial (rep=0, index=81): {'TrialType': 'Mem', 'Lag': 1, 'Image': 'dreamcatcher.jpg', 'T1PA': 'P', 'T2PA': 'P', 'PicFolder': 'JPG\\', 'Picture': 'dreamcatcher', 'FullPathName': 'C:\\\\Users\\\\Psychology\\\\Documents\\\\ABExperiment\\\\MemoryStudy\\\\resources\\\\JPG\\\\dreamcatcher.jpg', 'FilePath': 'C:\\\\Users\\\\Psychology\\\\Documents\\\\ABExperiment\\\\MemoryStudy\\\\resources\\\\JPG\\\\'}
49.2033 	EXP 	MemTest: autoDraw = False
49.2033 	EXP 	Display: autoDraw = False
49.2033 	EXP 	Display: image = 'C:\\\\Users\\\\Psychology\\\\Documents\\\\ABExperiment\\\\MemoryStudy\\\\resources\\\\JPG\\\\dreamcatcher.jpg'
49.2033 	EXP 	MemTest: autoDraw = True
49.2033 	EXP 	Display: autoDraw = True
49.5835 	DATA 	Keypress: 1
49.5994 	EXP 	New trial (rep=0, index=82): {'TrialType': 'Mem', 'Lag': 1, 'Image': 'escalator.jpg', 'T1PA': 'P', 'T2PA': 'P', 'PicFolder': 'JPG\\', 'Picture': 'escalator', 'FullPathName': 'C:\\\\Users\\\\Psychology\\\\Documents\\\\ABExperiment\\\\MemoryStudy\\\\resources\\\\JPG\\\\escalator.jpg', 'FilePath': 'C:\\\\Users\\\\Psychology\\\\Documents\\\\ABExperiment\\\\MemoryStudy\\\\resources\\\\JPG\\\\'}
49.6162 	EXP 	MemTest: autoDraw = False
49.6162 	EXP 	Display: autoDraw = False
49.6162 	EXP 	Display: image = 'C:\\\\Users\\\\Psychology\\\\Documents\\\\ABExperiment\\\\MemoryStudy\\\\resources\\\\JPG\\\\escalator.jpg'
49.6162 	EXP 	MemTest: autoDraw = True
49.6162 	EXP 	Display: autoDraw = True
50.0165 	EXP 	New trial (rep=0, index=83): {'TrialType': 'Mem', 'Lag': 1, 'Image': 'firehydrant.jpg', 'T1PA': 'P', 'T2PA': 'P', 'PicFolder': 'JPG\\', 'Picture': 'firehydrant', 'FullPathName': 'C:\\\\Users\\\\Psychology\\\\Documents\\\\ABExperiment\\\\MemoryStudy\\\\resources\\\\JPG\\\\firehydrant.jpg', 'FilePath': 'C:\\\\Users\\\\Psychology\\\\Documents\\\\ABExperiment\\\\MemoryStudy\\\\resources\\\\JPG\\\\'}
50.0225 	DATA 	Keypress: 1
50.0336 	EXP 	MemTest: autoDraw = False
50.0336 	EXP 	Display: autoDraw = False
50.0336 	EXP 	Display: image = 'C:\\\\Users\\\\Psychology\\\\Documents\\\\ABExperiment\\\\MemoryStudy\\\\resources\\\\JPG\\\\firehydrant.jpg'
50.0336 	EXP 	MemTest: autoDraw = True
50.0336 	EXP 	Display: autoDraw = True
50.4502 	EXP 	New trial (rep=0, index=84): {'TrialType': 'Mem', 'Lag': 1, 'Image': 'greatwhiteshark.jpg', 'T1PA': 'P', 'T2PA': 'P', 'PicFolder': 'JPG\\', 'Picture': 'greatwhiteshark', 'FullPathName': 'C:\\\\Users\\\\Psychology\\\\Documents\\\\ABExperiment\\\\MemoryStudy\\\\resources\\\\JPG\\\\greatwhiteshark.jpg', 'FilePath': 'C:\\\\Users\\\\Psychology\\\\Documents\\\\ABExperiment\\\\MemoryStudy\\\\resources\\\\JPG\\\\'}
50.4563 	DATA 	Keypress: 1
50.4675 	EXP 	MemTest: autoDraw = False
50.4675 	EXP 	Display: autoDraw = False
50.4675 	EXP 	Display: image = 'C:\\\\Users\\\\Psychology\\\\Documents\\\\ABExperiment\\\\MemoryStudy\\\\resources\\\\JPG\\\\greatwhiteshark.jpg'
50.4675 	EXP 	MemTest: autoDraw = True
50.4675 	EXP 	Display: autoDraw = True
50.8673 	EXP 	New trial (rep=0, index=85): {'TrialType': 'Mem', 'Lag': 1, 'Image': 'helicopter.jpg', 'T1PA': 'P', 'T2PA': 'P', 'PicFolder': 'JPG\\', 'Picture': 'helicopter', 'FullPathName': 'C:\\\\Users\\\\Psychology\\\\Documents\\\\ABExperiment\\\\MemoryStudy\\\\resources\\\\JPG\\\\helicopter.jpg', 'FilePath': 'C:\\\\Users\\\\Psychology\\\\Documents\\\\ABExperiment\\\\MemoryStudy\\\\resources\\\\JPG\\\\'}
50.8733 	DATA 	Keypress: 1
50.8844 	EXP 	MemTest: autoDraw = False
50.8844 	EXP 	Display: autoDraw = False
50.8844 	EXP 	Display: image = 'C:\\\\Users\\\\Psychology\\\\Documents\\\\ABExperiment\\\\MemoryStudy\\\\resources\\\\JPG\\\\helicopter.jpg'
50.8844 	EXP 	MemTest: autoDraw = True
50.8844 	EXP 	Display: autoDraw = True
51.3186 	DATA 	Keypress: 1
51.3344 	EXP 	New trial (rep=0, index=86): {'TrialType': 'Mem', 'Lag': 1, 'Image': 'smokingsign.jpg', 'T1PA': 'P', 'T2PA': 'P', 'PicFolder': 'JPG\\', 'Picture': 'smokingsign', 'FullPathName': 'C:\\\\Users\\\\Psychology\\\\Documents\\\\ABExperiment\\\\MemoryStudy\\\\resources\\\\JPG\\\\smokingsign.jpg', 'FilePath': 'C:\\\\Users\\\\Psychology\\\\Documents\\\\ABExperiment\\\\MemoryStudy\\\\resources\\\\JPG\\\\'}
51.3518 	EXP 	MemTest: autoDraw = False
51.3518 	EXP 	Display: autoDraw = False
51.3518 	EXP 	Display: image = 'C:\\\\Users\\\\Psychology\\\\Documents\\\\ABExperiment\\\\MemoryStudy\\\\resources\\\\JPG\\\\smokingsign.jpg'
51.3518 	EXP 	MemTest: autoDraw = True
51.3518 	EXP 	Display: autoDraw = True
51.9852 	EXP 	New trial (rep=0, index=87): {'TrialType': 'Mem', 'Lag': 1, 'Image': 'owl.jpg', 'T1PA': 'P', 'T2PA': 'P', 'PicFolder': 'JPG\\', 'Picture': 'owl', 'FullPathName': 'C:\\\\Users\\\\Psychology\\\\Documents\\\\ABExperiment\\\\MemoryStudy\\\\resources\\\\JPG\\\\owl.jpg', 'FilePath': 'C:\\\\Users\\\\Psychology\\\\Documents\\\\ABExperiment\\\\MemoryStudy\\\\resources\\\\JPG\\\\'}
51.9876 	DEPRECATION 	Couldn't find image C:\\Users\\Psychology\\Documents\\ABExperiment\\MemoryStudy\\resources\\JPG\\owl.jpg; check path? (tried: C:\Users\Psychology\Documents\ABExperiment\MemoryStudy\resources\JPG\owl.jpg)
52.1134 	EXP 	window1: mouseVisible = True
