1.4094 	WARNING 	We strongly recommend you activate the PTB sound engine in PsychoPy prefs as the preferred audio engine. Its timing is vastly superior. Your prefs are currently set to use ['sounddevice', 'PTB', 'pyo', 'pygame'] (in that order).
4.9415 	WARNING 	User requested fullscreen with size [1024  768], but screen is actually [1920, 1080]. Using actual size
5.5866 	EXP 	Created window1 = Window(allowGUI=False, allowStencil=False, autoLog=True, backendConf=UNKNOWN, bitsMode=UNKNOWN, blendMode='avg', bpc=(8, 8, 8), color=array([0, 0, 0]), colorSpace='rgb', depthBits=8, fullscr=<method-wrapper '__getattribute__' of attributeSetter object at 0x0000019CA2711A60>, gamma=None, gammaErrorPolicy='raise', lms=UNKNOWN, monitor=<psychopy.monitors.calibTools.Monitor object at 0x0000019CA339E460>, multiSample=False, name='window1', numSamples=2, pos=(0, 0), screen=0, size=array([1920, 1080]), stencilBits=0, stereo=False, units='height', useFBO=True, useRetina=False, viewOri=0.0, viewPos=None, viewScale=None, waitBlanking=True, winType='pyglet')
5.5872 	EXP 	window1: mouseVisible = True
5.5873 	EXP 	window1: Attempting to measure frame rate of screen (0) ...
5.5873 	EXP 	window1: recordFrameIntervals = False
5.7495 	EXP 	window1: recordFrameIntervals = True
5.9359 	EXP 	Screen (0) actual frame rate measured at 59.08Hz
5.9360 	EXP 	window1: recordFrameIntervals = False
7.9323 	EXP 	Created text = TextStim(__class__=<class 'psychopy.visual.text.TextStim'>, alignHoriz=method-wrapper(...), alignText='center', alignVert=method-wrapper(...), anchorHoriz='center', anchorVert='center', antialias=True, autoDraw=False, autoLog=True, bold=False, color=array([1., 1., 1.]), colorSpace='rgb', contrast=1.0, depth=0.0, flipHoriz=False, flipVert=False, font='Open Sans', fontFiles=[], height=0.05, italic=False, languageStyle='LTR', name='text', opacity=1.0, ori=0.0, pos=array([0., 0.]), rgb=UNKNOWN, text='Memory test instructions', units='height', win=Window(...), wrapWidth=1)
7.9412 	EXP 	Created MemTest = TextStim(__class__=<class 'psychopy.visual.text.TextStim'>, alignHoriz=method-wrapper(...), alignText='center', alignVert=method-wrapper(...), anchorHoriz='center', anchorVert='center', antialias=True, autoDraw=False, autoLog=True, bold=False, color=array([1., 1., 1.]), colorSpace='rgb', contrast=1.0, depth=0.0, flipHoriz=False, flipVert=False, font='Open Sans', fontFiles=[], height=0.05, italic=False, languageStyle='LTR', name='MemTest', opacity=1.0, ori=0.0, pos=array([ 0.  , -0.15]), rgb=UNKNOWN, text='Did you see this image?', units='height', win=Window(...), wrapWidth=1)
7.9463 	EXP 	Created Display = ImageStim(__class__=<class 'psychopy.visual.image.ImageStim'>, anchor=('center', 'center'), autoLog=True, color=array([1., 1., 1.]), colorSpace='rgb', contrast=1.0, depth=-2.0, flipHoriz=False, flipVert=False, image='sin', interpolate=True, mask=None, maskParams=None, name='Display', opacity=1.0, ori=0.0, pos=array([0.  , 0.15]), size=array([0.5, 0.5]), texRes=128.0, units='height', win=Window(...))
7.9557 	EXP 	text: autoDraw = True
8.4076 	DATA 	Keypress: space
8.6065 	EXP 	Imported Memory_conditionSheet.xlsx as conditions, 565 conditions, 10 params
8.6131 	EXP 	Created sequence: random, trialTypes=565, nReps=1, seed=None
8.6134 	EXP 	New trial (rep=0, index=0): {'TrialType': 'Mem', 'Lag': 5, 'Image': 'pigeon.jpg', 'T1PA': 'P', 'T2PA': 'P', 'PicFolder': 'JPG\\', 'Picture': 'pigeon', 'FullPathName': 'C:\\\\Users\\\\Psychology\\\\Documents\\\\ABExperiment\\\\MemoryStudy\\\\resources\\\\JPG\\\\pigeon.jpg', 'FilePath': 'C:\\\\Users\\\\Psychology\\\\Documents\\\\ABExperiment\\\\MemoryStudy\\\\resources\\\\JPG\\\\'}
8.6307 	EXP 	text: autoDraw = False
8.6307 	EXP 	Display: image = 'C:\\\\Users\\\\Psychology\\\\Documents\\\\ABExperiment\\\\MemoryStudy\\\\resources\\\\JPG\\\\pigeon.jpg'
8.6307 	EXP 	MemTest: autoDraw = True
8.6307 	EXP 	Display: autoDraw = True
8.9385 	EXP 	New trial (rep=0, index=1): {'TrialType': 'Mem', 'Lag': 1, 'Image': 'snowglobe.jpg', 'T1PA': 'P', 'T2PA': 'P', 'PicFolder': 'JPG\\', 'Picture': 'snowglobe', 'FullPathName': 'C:\\\\Users\\\\Psychology\\\\Documents\\\\ABExperiment\\\\MemoryStudy\\\\resources\\\\JPG\\\\snowglobe.jpg', 'FilePath': 'C:\\\\Users\\\\Psychology\\\\Documents\\\\ABExperiment\\\\MemoryStudy\\\\resources\\\\JPG\\\\'}
9.0731 	DATA 	Keypress: 1
9.0866 	EXP 	MemTest: autoDraw = False
9.0866 	EXP 	Display: autoDraw = False
9.0866 	EXP 	Display: image = 'C:\\\\Users\\\\Psychology\\\\Documents\\\\ABExperiment\\\\MemoryStudy\\\\resources\\\\JPG\\\\snowglobe.jpg'
9.0866 	EXP 	MemTest: autoDraw = True
9.0866 	EXP 	Display: autoDraw = True
9.5903 	EXP 	New trial (rep=0, index=2): {'TrialType': 'Mem', 'Lag': 1, 'Image': 'kangaroo.jpg', 'T1PA': 'P', 'T2PA': 'P', 'PicFolder': 'JPG\\', 'Picture': 'kangaroo', 'FullPathName': 'C:\\\\Users\\\\Psychology\\\\Documents\\\\ABExperiment\\\\MemoryStudy\\\\resources\\\\JPG\\\\kangaroo.jpg', 'FilePath': 'C:\\\\Users\\\\Psychology\\\\Documents\\\\ABExperiment\\\\MemoryStudy\\\\resources\\\\JPG\\\\'}
9.6678 	DATA 	Keypress: 1
9.6753 	EXP 	MemTest: autoDraw = False
9.6753 	EXP 	Display: autoDraw = False
9.6753 	EXP 	Display: image = 'C:\\\\Users\\\\Psychology\\\\Documents\\\\ABExperiment\\\\MemoryStudy\\\\resources\\\\JPG\\\\kangaroo.jpg'
9.6753 	EXP 	MemTest: autoDraw = True
9.6753 	EXP 	Display: autoDraw = True
10.1742 	EXP 	New trial (rep=0, index=3): {'TrialType': 'Mem', 'Lag': 5, 'Image': 'licenseplate.jpg', 'T1PA': 'P', 'T2PA': 'P', 'PicFolder': 'JPG\\', 'Picture': 'licenseplate', 'FullPathName': 'C:\\\\Users\\\\Psychology\\\\Documents\\\\ABExperiment\\\\MemoryStudy\\\\resources\\\\JPG\\\\licenseplate.jpg', 'FilePath': 'C:\\\\Users\\\\Psychology\\\\Documents\\\\ABExperiment\\\\MemoryStudy\\\\resources\\\\JPG\\\\'}
10.1874 	DATA 	Keypress: 1
10.1949 	EXP 	MemTest: autoDraw = False
10.1949 	EXP 	Display: autoDraw = False
10.1949 	EXP 	Display: image = 'C:\\\\Users\\\\Psychology\\\\Documents\\\\ABExperiment\\\\MemoryStudy\\\\resources\\\\JPG\\\\licenseplate.jpg'
10.1949 	EXP 	MemTest: autoDraw = True
10.1949 	EXP 	Display: autoDraw = True
10.6916 	EXP 	New trial (rep=0, index=4): {'TrialType': 'Mem', 'Lag': 1, 'Image': 'firtree.jpg', 'T1PA': 'P', 'T2PA': 'P', 'PicFolder': 'JPG\\', 'Picture': 'firtree', 'FullPathName': 'C:\\\\Users\\\\Psychology\\\\Documents\\\\ABExperiment\\\\MemoryStudy\\\\resources\\\\JPG\\\\firtree.jpg', 'FilePath': 'C:\\\\Users\\\\Psychology\\\\Documents\\\\ABExperiment\\\\MemoryStudy\\\\resources\\\\JPG\\\\'}
10.8469 	DATA 	Keypress: 1
10.8572 	EXP 	MemTest: autoDraw = False
10.8572 	EXP 	Display: autoDraw = False
10.8572 	EXP 	Display: image = 'C:\\\\Users\\\\Psychology\\\\Documents\\\\ABExperiment\\\\MemoryStudy\\\\resources\\\\JPG\\\\firtree.jpg'
10.8572 	EXP 	MemTest: autoDraw = True
10.8572 	EXP 	Display: autoDraw = True
11.3240 	EXP 	New trial (rep=0, index=5): {'TrialType': 'Mem', 'Lag': 1, 'Image': 'giraffe.jpg', 'T1PA': 'P', 'T2PA': 'P', 'PicFolder': 'JPG\\', 'Picture': 'giraffe', 'FullPathName': 'C:\\\\Users\\\\Psychology\\\\Documents\\\\ABExperiment\\\\MemoryStudy\\\\resources\\\\JPG\\\\giraffe.jpg', 'FilePath': 'C:\\\\Users\\\\Psychology\\\\Documents\\\\ABExperiment\\\\MemoryStudy\\\\resources\\\\JPG\\\\'}
11.3293 	DATA 	Keypress: 1
11.3397 	EXP 	MemTest: autoDraw = False
11.3397 	EXP 	Display: autoDraw = False
11.3397 	EXP 	Display: image = 'C:\\\\Users\\\\Psychology\\\\Documents\\\\ABExperiment\\\\MemoryStudy\\\\resources\\\\JPG\\\\giraffe.jpg'
11.3397 	EXP 	MemTest: autoDraw = True
11.3397 	EXP 	Display: autoDraw = True
11.8742 	EXP 	New trial (rep=0, index=6): {'TrialType': 'Mem', 'Lag': 1, 'Image': 'bowtie.jpg', 'T1PA': 'P', 'T2PA': 'P', 'PicFolder': 'JPG\\', 'Picture': 'bowtie', 'FullPathName': 'C:\\\\Users\\\\Psychology\\\\Documents\\\\ABExperiment\\\\MemoryStudy\\\\resources\\\\JPG\\\\bowtie.jpg', 'FilePath': 'C:\\\\Users\\\\Psychology\\\\Documents\\\\ABExperiment\\\\MemoryStudy\\\\resources\\\\JPG\\\\'}
11.8793 	DATA 	Keypress: 1
11.8900 	EXP 	MemTest: autoDraw = False
11.8900 	EXP 	Display: autoDraw = False
11.8900 	EXP 	Display: image = 'C:\\\\Users\\\\Psychology\\\\Documents\\\\ABExperiment\\\\MemoryStudy\\\\resources\\\\JPG\\\\bowtie.jpg'
11.8900 	EXP 	MemTest: autoDraw = True
11.8900 	EXP 	Display: autoDraw = True
12.3971 	EXP 	New trial (rep=0, index=7): {'TrialType': 'Mem', 'Lag': 99, 'Image': 'desktopcomputer.jpg', 'T1PA': 'Z', 'T2PA': 'Z', 'PicFolder': 'JPG\\', 'Picture': 'desktopcomputer', 'FullPathName': 'C:\\\\Users\\\\Psychology\\\\Documents\\\\ABExperiment\\\\MemoryStudy\\\\resources\\\\JPG\\\\desktopcomputer.jpg', 'FilePath': 'C:\\\\Users\\\\Psychology\\\\Documents\\\\ABExperiment\\\\MemoryStudy\\\\resources\\\\JPG\\\\'}
12.5417 	DATA 	Keypress: 1
12.5518 	EXP 	MemTest: autoDraw = False
12.5518 	EXP 	Display: autoDraw = False
12.5518 	EXP 	Display: image = 'C:\\\\Users\\\\Psychology\\\\Documents\\\\ABExperiment\\\\MemoryStudy\\\\resources\\\\JPG\\\\desktopcomputer.jpg'
12.5518 	EXP 	MemTest: autoDraw = True
12.5518 	EXP 	Display: autoDraw = True
12.9611 	DATA 	Keypress: 1
12.9766 	EXP 	New trial (rep=0, index=8): {'TrialType': 'Mem', 'Lag': 99, 'Image': 'ipod.jpg', 'T1PA': 'Z', 'T2PA': 'Z', 'PicFolder': 'JPG\\', 'Picture': 'ipod', 'FullPathName': 'C:\\\\Users\\\\Psychology\\\\Documents\\\\ABExperiment\\\\MemoryStudy\\\\resources\\\\JPG\\\\ipod.jpg', 'FilePath': 'C:\\\\Users\\\\Psychology\\\\Documents\\\\ABExperiment\\\\MemoryStudy\\\\resources\\\\JPG\\\\'}
13.0890 	EXP 	MemTest: autoDraw = False
13.0890 	EXP 	Display: autoDraw = False
13.0890 	EXP 	Display: image = 'C:\\\\Users\\\\Psychology\\\\Documents\\\\ABExperiment\\\\MemoryStudy\\\\resources\\\\JPG\\\\ipod.jpg'
13.0890 	EXP 	MemTest: autoDraw = True
13.0890 	EXP 	Display: autoDraw = True
13.4620 	EXP 	New trial (rep=0, index=9): {'TrialType': 'Mem', 'Lag': 99, 'Image': 'oyster02.jpg', 'T1PA': 'Z', 'T2PA': 'Z', 'PicFolder': 'JPG\\', 'Picture': 'oyster02', 'FullPathName': 'C:\\\\Users\\\\Psychology\\\\Documents\\\\ABExperiment\\\\MemoryStudy\\\\resources\\\\JPG\\\\oyster02.jpg', 'FilePath': 'C:\\\\Users\\\\Psychology\\\\Documents\\\\ABExperiment\\\\MemoryStudy\\\\resources\\\\JPG\\\\'}
13.5856 	DATA 	Keypress: 1
13.5952 	EXP 	MemTest: autoDraw = False
13.5952 	EXP 	Display: autoDraw = False
13.5952 	EXP 	Display: image = 'C:\\\\Users\\\\Psychology\\\\Documents\\\\ABExperiment\\\\MemoryStudy\\\\resources\\\\JPG\\\\oyster02.jpg'
13.5952 	EXP 	MemTest: autoDraw = True
13.5952 	EXP 	Display: autoDraw = True
14.0263 	EXP 	New trial (rep=0, index=10): {'TrialType': 'Mem', 'Lag': 99, 'Image': 'papershredder.jpg', 'T1PA': 'Z', 'T2PA': 'Z', 'PicFolder': 'JPG\\', 'Picture': 'papershredder', 'FullPathName': 'C:\\\\Users\\\\Psychology\\\\Documents\\\\ABExperiment\\\\MemoryStudy\\\\resources\\\\JPG\\\\papershredder.jpg', 'FilePath': 'C:\\\\Users\\\\Psychology\\\\Documents\\\\ABExperiment\\\\MemoryStudy\\\\resources\\\\JPG\\\\'}
14.1250 	DATA 	Keypress: 1
14.1351 	EXP 	MemTest: autoDraw = False
14.1351 	EXP 	Display: autoDraw = False
14.1351 	EXP 	Display: image = 'C:\\\\Users\\\\Psychology\\\\Documents\\\\ABExperiment\\\\MemoryStudy\\\\resources\\\\JPG\\\\papershredder.jpg'
14.1351 	EXP 	MemTest: autoDraw = True
14.1351 	EXP 	Display: autoDraw = True
14.5789 	EXP 	New trial (rep=0, index=11): {'TrialType': 'Mem', 'Lag': 99, 'Image': 'riverotter.jpg', 'T1PA': 'Z', 'T2PA': 'Z', 'PicFolder': 'JPG\\', 'Picture': 'riverotter', 'FullPathName': 'C:\\\\Users\\\\Psychology\\\\Documents\\\\ABExperiment\\\\MemoryStudy\\\\resources\\\\JPG\\\\riverotter.jpg', 'FilePath': 'C:\\\\Users\\\\Psychology\\\\Documents\\\\ABExperiment\\\\MemoryStudy\\\\resources\\\\JPG\\\\'}
14.6725 	DATA 	Keypress: 1
14.6826 	EXP 	MemTest: autoDraw = False
14.6826 	EXP 	Display: autoDraw = False
14.6826 	EXP 	Display: image = 'C:\\\\Users\\\\Psychology\\\\Documents\\\\ABExperiment\\\\MemoryStudy\\\\resources\\\\JPG\\\\riverotter.jpg'
14.6826 	EXP 	MemTest: autoDraw = True
14.6826 	EXP 	Display: autoDraw = True
15.0939 	EXP 	New trial (rep=0, index=12): {'TrialType': 'Mem', 'Lag': 5, 'Image': 'bumpercar.jpg', 'T1PA': 'P', 'T2PA': 'P', 'PicFolder': 'JPG\\', 'Picture': 'bumpercar', 'FullPathName': 'C:\\\\Users\\\\Psychology\\\\Documents\\\\ABExperiment\\\\MemoryStudy\\\\resources\\\\JPG\\\\bumpercar.jpg', 'FilePath': 'C:\\\\Users\\\\Psychology\\\\Documents\\\\ABExperiment\\\\MemoryStudy\\\\resources\\\\JPG\\\\'}
15.1018 	DATA 	Keypress: 1
15.1119 	EXP 	MemTest: autoDraw = False
15.1119 	EXP 	Display: autoDraw = False
15.1119 	EXP 	Display: image = 'C:\\\\Users\\\\Psychology\\\\Documents\\\\ABExperiment\\\\MemoryStudy\\\\resources\\\\JPG\\\\bumpercar.jpg'
15.1119 	EXP 	MemTest: autoDraw = True
15.1119 	EXP 	Display: autoDraw = True
15.5793 	EXP 	New trial (rep=0, index=13): {'TrialType': 'Mem', 'Lag': 99, 'Image': 'gift01.jpg', 'T1PA': 'Z', 'T2PA': 'Z', 'PicFolder': 'JPG\\', 'Picture': 'gift01', 'FullPathName': 'C:\\\\Users\\\\Psychology\\\\Documents\\\\ABExperiment\\\\MemoryStudy\\\\resources\\\\JPG\\\\gift01.jpg', 'FilePath': 'C:\\\\Users\\\\Psychology\\\\Documents\\\\ABExperiment\\\\MemoryStudy\\\\resources\\\\JPG\\\\'}
15.6743 	DATA 	Keypress: 1
15.6840 	EXP 	MemTest: autoDraw = False
15.6840 	EXP 	Display: autoDraw = False
15.6840 	EXP 	Display: image = 'C:\\\\Users\\\\Psychology\\\\Documents\\\\ABExperiment\\\\MemoryStudy\\\\resources\\\\JPG\\\\gift01.jpg'
15.6840 	EXP 	MemTest: autoDraw = True
15.6840 	EXP 	Display: autoDraw = True
16.1127 	DATA 	Keypress: 1
16.1286 	EXP 	New trial (rep=0, index=14): {'TrialType': 'Mem', 'Lag': 99, 'Image': 'chime.jpg', 'T1PA': 'Z', 'T2PA': 'Z', 'PicFolder': 'JPG\\', 'Picture': 'chime', 'FullPathName': 'C:\\\\Users\\\\Psychology\\\\Documents\\\\ABExperiment\\\\MemoryStudy\\\\resources\\\\JPG\\\\chime.jpg', 'FilePath': 'C:\\\\Users\\\\Psychology\\\\Documents\\\\ABExperiment\\\\MemoryStudy\\\\resources\\\\JPG\\\\'}
16.2377 	EXP 	MemTest: autoDraw = False
16.2377 	EXP 	Display: autoDraw = False
16.2377 	EXP 	Display: image = 'C:\\\\Users\\\\Psychology\\\\Documents\\\\ABExperiment\\\\MemoryStudy\\\\resources\\\\JPG\\\\chime.jpg'
16.2377 	EXP 	MemTest: autoDraw = True
16.2377 	EXP 	Display: autoDraw = True
16.6832 	DATA 	Keypress: 1
16.6987 	EXP 	New trial (rep=0, index=15): {'TrialType': 'Mem', 'Lag': 99, 'Image': 'strap.jpg', 'T1PA': 'Z', 'T2PA': 'Z', 'PicFolder': 'JPG\\', 'Picture': 'strap', 'FullPathName': 'C:\\\\Users\\\\Psychology\\\\Documents\\\\ABExperiment\\\\MemoryStudy\\\\resources\\\\JPG\\\\strap.jpg', 'FilePath': 'C:\\\\Users\\\\Psychology\\\\Documents\\\\ABExperiment\\\\MemoryStudy\\\\resources\\\\JPG\\\\'}
16.8193 	EXP 	MemTest: autoDraw = False
16.8193 	EXP 	Display: autoDraw = False
16.8193 	EXP 	Display: image = 'C:\\\\Users\\\\Psychology\\\\Documents\\\\ABExperiment\\\\MemoryStudy\\\\resources\\\\JPG\\\\strap.jpg'
16.8193 	EXP 	MemTest: autoDraw = True
16.8193 	EXP 	Display: autoDraw = True
17.2165 	EXP 	New trial (rep=0, index=16): {'TrialType': 'Mem', 'Lag': 1, 'Image': 'curtain.jpg', 'T1PA': 'P', 'T2PA': 'P', 'PicFolder': 'JPG\\', 'Picture': 'curtain', 'FullPathName': 'C:\\\\Users\\\\Psychology\\\\Documents\\\\ABExperiment\\\\MemoryStudy\\\\resources\\\\JPG\\\\curtain.jpg', 'FilePath': 'C:\\\\Users\\\\Psychology\\\\Documents\\\\ABExperiment\\\\MemoryStudy\\\\resources\\\\JPG\\\\'}
17.2268 	DATA 	Keypress: 1
17.2345 	EXP 	MemTest: autoDraw = False
17.2345 	EXP 	Display: autoDraw = False
17.2345 	EXP 	Display: image = 'C:\\\\Users\\\\Psychology\\\\Documents\\\\ABExperiment\\\\MemoryStudy\\\\resources\\\\JPG\\\\curtain.jpg'
17.2345 	EXP 	MemTest: autoDraw = True
17.2345 	EXP 	Display: autoDraw = True
17.7337 	EXP 	New trial (rep=0, index=17): {'TrialType': 'Mem', 'Lag': 1, 'Image': 'pumpkin.jpg', 'T1PA': 'P', 'T2PA': 'P', 'PicFolder': 'JPG\\', 'Picture': 'pumpkin', 'FullPathName': 'C:\\\\Users\\\\Psychology\\\\Documents\\\\ABExperiment\\\\MemoryStudy\\\\resources\\\\JPG\\\\pumpkin.jpg', 'FilePath': 'C:\\\\Users\\\\Psychology\\\\Documents\\\\ABExperiment\\\\MemoryStudy\\\\resources\\\\JPG\\\\'}
17.7434 	DATA 	Keypress: 1
17.7511 	EXP 	MemTest: autoDraw = False
17.7511 	EXP 	Display: autoDraw = False
17.7511 	EXP 	Display: image = 'C:\\\\Users\\\\Psychology\\\\Documents\\\\ABExperiment\\\\MemoryStudy\\\\resources\\\\JPG\\\\pumpkin.jpg'
17.7511 	EXP 	MemTest: autoDraw = True
17.7511 	EXP 	Display: autoDraw = True
18.2188 	DATA 	Keypress: 1
18.2342 	EXP 	New trial (rep=0, index=18): {'TrialType': 'Mem', 'Lag': 99, 'Image': 'frenchhorn.jpg', 'T1PA': 'Z', 'T2PA': 'Z', 'PicFolder': 'JPG\\', 'Picture': 'frenchhorn', 'FullPathName': 'C:\\\\Users\\\\Psychology\\\\Documents\\\\ABExperiment\\\\MemoryStudy\\\\resources\\\\JPG\\\\frenchhorn.jpg', 'FilePath': 'C:\\\\Users\\\\Psychology\\\\Documents\\\\ABExperiment\\\\MemoryStudy\\\\resources\\\\JPG\\\\'}
18.3465 	EXP 	MemTest: autoDraw = False
18.3465 	EXP 	Display: autoDraw = False
18.3465 	EXP 	Display: image = 'C:\\\\Users\\\\Psychology\\\\Documents\\\\ABExperiment\\\\MemoryStudy\\\\resources\\\\JPG\\\\frenchhorn.jpg'
18.3465 	EXP 	MemTest: autoDraw = True
18.3465 	EXP 	Display: autoDraw = True
18.7661 	EXP 	New trial (rep=0, index=19): {'TrialType': 'Mem', 'Lag': 99, 'Image': 'chips.jpg', 'T1PA': 'Z', 'T2PA': 'Z', 'PicFolder': 'JPG\\', 'Picture': 'chips', 'FullPathName': 'C:\\\\Users\\\\Psychology\\\\Documents\\\\ABExperiment\\\\MemoryStudy\\\\resources\\\\JPG\\\\chips.jpg', 'FilePath': 'C:\\\\Users\\\\Psychology\\\\Documents\\\\ABExperiment\\\\MemoryStudy\\\\resources\\\\JPG\\\\'}
18.7690 	DEPRECATION 	Couldn't find image C:\\Users\\Psychology\\Documents\\ABExperiment\\MemoryStudy\\resources\\JPG\\chips.jpg; check path? (tried: C:\Users\Psychology\Documents\ABExperiment\MemoryStudy\resources\JPG\chips.jpg)
18.9153 	EXP 	window1: mouseVisible = True
