1.4385 	WARNING 	We strongly recommend you activate the PTB sound engine in PsychoPy prefs as the preferred audio engine. Its timing is vastly superior. Your prefs are currently set to use ['sounddevice', 'PTB', 'pyo', 'pygame'] (in that order).
6.4383 	WARNING 	User requested fullscreen with size [1024  768], but screen is actually [1920, 1080]. Using actual size
7.0749 	EXP 	Created window1 = Window(allowGUI=False, allowStencil=False, autoLog=True, backendConf=UNKNOWN, bitsMode=UNKNOWN, blendMode='avg', bpc=(8, 8, 8), color=array([0, 0, 0]), colorSpace='rgb', depthBits=8, fullscr=<method-wrapper '__getattribute__' of attributeSetter object at 0x0000014DB5141A30>, gamma=None, gammaErrorPolicy='raise', lms=UNKNOWN, monitor=<psychopy.monitors.calibTools.Monitor object at 0x0000014DB5DCE430>, multiSample=False, name='window1', numSamples=2, pos=(0, 0), screen=0, size=array([1920, 1080]), stencilBits=0, stereo=False, units='height', useFBO=True, useRetina=False, viewOri=0.0, viewPos=None, viewScale=None, waitBlanking=True, winType='pyglet')
7.0755 	EXP 	window1: mouseVisible = True
7.0756 	EXP 	window1: Attempting to measure frame rate of screen (0) ...
7.0756 	EXP 	window1: recordFrameIntervals = False
7.2404 	EXP 	window1: recordFrameIntervals = True
7.4244 	EXP 	Screen (0) actual frame rate measured at 59.90Hz
7.4245 	EXP 	window1: recordFrameIntervals = False
9.3173 	EXP 	Created text = TextStim(__class__=<class 'psychopy.visual.text.TextStim'>, alignHoriz=method-wrapper(...), alignText='center', alignVert=method-wrapper(...), anchorHoriz='center', anchorVert='center', antialias=True, autoDraw=False, autoLog=True, bold=False, color=array([1., 1., 1.]), colorSpace='rgb', contrast=1.0, depth=0.0, flipHoriz=False, flipVert=False, font='Open Sans', fontFiles=[], height=0.05, italic=False, languageStyle='LTR', name='text', opacity=1.0, ori=0.0, pos=array([0., 0.]), rgb=UNKNOWN, text='Memory test instructions', units='height', win=Window(...), wrapWidth=1)
9.3265 	EXP 	Created MemTest = TextStim(__class__=<class 'psychopy.visual.text.TextStim'>, alignHoriz=method-wrapper(...), alignText='center', alignVert=method-wrapper(...), anchorHoriz='center', anchorVert='center', antialias=True, autoDraw=False, autoLog=True, bold=False, color=array([1., 1., 1.]), colorSpace='rgb', contrast=1.0, depth=0.0, flipHoriz=False, flipVert=False, font='Open Sans', fontFiles=[], height=0.05, italic=False, languageStyle='LTR', name='MemTest', opacity=1.0, ori=0.0, pos=array([ 0.  , -0.15]), rgb=UNKNOWN, text='Did you see this image?', units='height', win=Window(...), wrapWidth=1)
9.3311 	EXP 	Created Display = ImageStim(__class__=<class 'psychopy.visual.image.ImageStim'>, anchor=('center', 'center'), autoLog=True, color=array([1., 1., 1.]), colorSpace='rgb', contrast=1.0, depth=-2.0, flipHoriz=False, flipVert=False, image='sin', interpolate=True, mask=None, maskParams=None, name='Display', opacity=1.0, ori=0.0, pos=array([0.  , 0.15]), size=array([0.5, 0.5]), texRes=128.0, units='height', win=Window(...))
9.3405 	EXP 	text: autoDraw = True
9.7615 	DATA 	Keypress: space
9.9404 	EXP 	Imported Memory_conditionSheet.xlsx as conditions, 565 conditions, 10 params
9.9469 	EXP 	Created sequence: random, trialTypes=565, nReps=1, seed=None
9.9472 	EXP 	New trial (rep=0, index=0): {'TrialType': 'Mem', 'Lag': 99, 'Image': 'scanner.jpg', 'T1PA': 'Z', 'T2PA': 'Z', 'PicFolder': 'JPG\\', 'Picture': 'scanner', 'FullPathName': 'C:\\\\Users\\\\Psychology\\\\Documents\\\\ABExperiment\\\\MemoryStudy\\\\resources\\\\JPG\\\\scanner.jpg', 'FilePath': 'C:\\\\Users\\\\Psychology\\\\Documents\\\\ABExperiment\\\\MemoryStudy\\\\resources\\\\JPG\\\\'}
10.0842 	EXP 	text: autoDraw = False
10.0842 	EXP 	Display: image = 'C:\\\\Users\\\\Psychology\\\\Documents\\\\ABExperiment\\\\MemoryStudy\\\\resources\\\\JPG\\\\scanner.jpg'
10.0842 	EXP 	MemTest: autoDraw = True
10.0842 	EXP 	Display: autoDraw = True
11.2635 	DATA 	Keypress: 1
11.2818 	EXP 	New trial (rep=0, index=1): {'TrialType': 'Mem', 'Lag': 99, 'Image': 'cementmixertruck.jpg', 'T1PA': 'Z', 'T2PA': 'Z', 'PicFolder': 'JPG\\', 'Picture': 'cementmixertruck', 'FullPathName': 'C:\\\\Users\\\\Psychology\\\\Documents\\\\ABExperiment\\\\MemoryStudy\\\\resources\\\\JPG\\\\cementmixertruck.jpg', 'FilePath': 'C:\\\\Users\\\\Psychology\\\\Documents\\\\ABExperiment\\\\MemoryStudy\\\\resources\\\\JPG\\\\'}
11.2844 	DEPRECATION 	Couldn't find image C:\\Users\\Psychology\\Documents\\ABExperiment\\MemoryStudy\\resources\\JPG\\cementmixertruck.jpg; check path? (tried: C:\Users\Psychology\Documents\ABExperiment\MemoryStudy\resources\JPG\cementmixertruck.jpg)
11.4169 	EXP 	window1: mouseVisible = True
