1.4805 	WARNING 	We strongly recommend you activate the PTB sound engine in PsychoPy prefs as the preferred audio engine. Its timing is vastly superior. Your prefs are currently set to use ['sounddevice', 'PTB', 'pyo', 'pygame'] (in that order).
19.1193 	WARNING 	User requested fullscreen with size [1024  768], but screen is actually [1920, 1080]. Using actual size
19.7592 	EXP 	Created window1 = Window(allowGUI=False, allowStencil=False, autoLog=True, backendConf=UNKNOWN, bitsMode=UNKNOWN, blendMode='avg', bpc=(8, 8, 8), color=array([0, 0, 0]), colorSpace='rgb', depthBits=8, fullscr=<method-wrapper '__getattribute__' of attributeSetter object at 0x000001D11D9A19D0>, gamma=None, gammaErrorPolicy='raise', lms=UNKNOWN, monitor=<psychopy.monitors.calibTools.Monitor object at 0x000001D11E61E3D0>, multiSample=False, name='window1', numSamples=2, pos=(0, 0), screen=0, size=array([1920, 1080]), stencilBits=0, stereo=False, units='height', useFBO=True, useRetina=False, viewOri=0.0, viewPos=None, viewScale=None, waitBlanking=True, winType='pyglet')
19.7599 	EXP 	window1: mouseVisible = True
19.7599 	EXP 	window1: Attempting to measure frame rate of screen (0) ...
19.7600 	EXP 	window1: recordFrameIntervals = False
19.9248 	EXP 	window1: recordFrameIntervals = True
20.1067 	EXP 	Screen (0) actual frame rate measured at 60.54Hz
20.1068 	EXP 	window1: recordFrameIntervals = False
21.9723 	EXP 	Created text = TextStim(__class__=<class 'psychopy.visual.text.TextStim'>, alignHoriz=method-wrapper(...), alignText='center', alignVert=method-wrapper(...), anchorHoriz='center', anchorVert='center', antialias=True, autoDraw=False, autoLog=True, bold=False, color=array([1., 1., 1.]), colorSpace='rgb', contrast=1.0, depth=0.0, flipHoriz=False, flipVert=False, font='Open Sans', fontFiles=[], height=0.05, italic=False, languageStyle='LTR', name='text', opacity=1.0, ori=0.0, pos=array([0., 0.]), rgb=UNKNOWN, text='Memory test instructions', units='height', win=Window(...), wrapWidth=1)
21.9804 	EXP 	Created MemTest = TextStim(__class__=<class 'psychopy.visual.text.TextStim'>, alignHoriz=method-wrapper(...), alignText='center', alignVert=method-wrapper(...), anchorHoriz='center', anchorVert='center', antialias=True, autoDraw=False, autoLog=True, bold=False, color=array([1., 1., 1.]), colorSpace='rgb', contrast=1.0, depth=0.0, flipHoriz=False, flipVert=False, font='Open Sans', fontFiles=[], height=0.05, italic=False, languageStyle='LTR', name='MemTest', opacity=1.0, ori=0.0, pos=array([ 0.  , -0.15]), rgb=UNKNOWN, text='Did you see this image?', units='height', win=Window(...), wrapWidth=1)
21.9854 	EXP 	Created Display = ImageStim(__class__=<class 'psychopy.visual.image.ImageStim'>, anchor=('center', 'center'), autoLog=True, color=array([1., 1., 1.]), colorSpace='rgb', contrast=1.0, depth=-2.0, flipHoriz=False, flipVert=False, image='sin', interpolate=True, mask=None, maskParams=None, name='Display', opacity=1.0, ori=0.0, pos=array([0.  , 0.15]), size=array([0.5, 0.5]), texRes=128.0, units='height', win=Window(...))
21.9945 	EXP 	text: autoDraw = True
27.7956 	EXP 	Imported Memory_conditionSheet.xlsx as conditions, 565 conditions, 10 params
27.8019 	EXP 	Created sequence: random, trialTypes=565, nReps=1, seed=None
27.8023 	EXP 	New trial (rep=0, index=0): {'TrialType': 'Mem', 'Lag': 1, 'Image': 'trampoline.jpg', 'T1PA': 'P', 'T2PA': 'P', 'PicFolder': 'JPG\\', 'Picture': 'trampoline', 'FullPathName': 'C:\\\\Users\\\\Psychology\\\\Documents\\\\ABExperiment\\\\MemoryStudy\\\\resources\\\\JPG\\\\trampoline.jpg', 'FilePath': 'C:\\\\Users\\\\Psychology\\\\Documents\\\\ABExperiment\\\\MemoryStudy\\\\resources\\\\JPG\\\\'}
27.8106 	DATA 	Keypress: space
27.8183 	EXP 	text: autoDraw = False
27.8183 	EXP 	Display: image = 'C:\\\\Users\\\\Psychology\\\\Documents\\\\ABExperiment\\\\MemoryStudy\\\\resources\\\\JPG\\\\trampoline.jpg'
27.8183 	EXP 	MemTest: autoDraw = True
27.8183 	EXP 	Display: autoDraw = True
29.1875 	DATA 	Keypress: 1
29.2062 	EXP 	New trial (rep=0, index=1): {'TrialType': 'Mem', 'Lag': 1, 'Image': 'dromedary.jpg', 'T1PA': 'P', 'T2PA': 'P', 'PicFolder': 'JPG\\', 'Picture': 'dromedary', 'FullPathName': 'C:\\\\Users\\\\Psychology\\\\Documents\\\\ABExperiment\\\\MemoryStudy\\\\resources\\\\JPG\\\\dromedary.jpg', 'FilePath': 'C:\\\\Users\\\\Psychology\\\\Documents\\\\ABExperiment\\\\MemoryStudy\\\\resources\\\\JPG\\\\'}
29.2225 	EXP 	MemTest: autoDraw = False
29.2225 	EXP 	Display: autoDraw = False
29.2225 	EXP 	Display: image = 'C:\\\\Users\\\\Psychology\\\\Documents\\\\ABExperiment\\\\MemoryStudy\\\\resources\\\\JPG\\\\dromedary.jpg'
29.2225 	EXP 	MemTest: autoDraw = True
29.2225 	EXP 	Display: autoDraw = True
29.7535 	EXP 	New trial (rep=0, index=2): {'TrialType': 'Mem', 'Lag': 99, 'Image': 'firealarm.jpg', 'T1PA': 'Z', 'T2PA': 'Z', 'PicFolder': 'JPG\\', 'Picture': 'firealarm', 'FullPathName': 'C:\\\\Users\\\\Psychology\\\\Documents\\\\ABExperiment\\\\MemoryStudy\\\\resources\\\\JPG\\\\firealarm.jpg', 'FilePath': 'C:\\\\Users\\\\Psychology\\\\Documents\\\\ABExperiment\\\\MemoryStudy\\\\resources\\\\JPG\\\\'}
29.9373 	DATA 	Keypress: 1
29.9502 	EXP 	MemTest: autoDraw = False
29.9502 	EXP 	Display: autoDraw = False
29.9502 	EXP 	Display: image = 'C:\\\\Users\\\\Psychology\\\\Documents\\\\ABExperiment\\\\MemoryStudy\\\\resources\\\\JPG\\\\firealarm.jpg'
29.9502 	EXP 	MemTest: autoDraw = True
29.9502 	EXP 	Display: autoDraw = True
30.3350 	EXP 	New trial (rep=0, index=3): {'TrialType': 'Mem', 'Lag': 99, 'Image': 'halloweenpumpkin.jpg', 'T1PA': 'Z', 'T2PA': 'Z', 'PicFolder': 'JPG\\', 'Picture': 'halloweenpumpkin', 'FullPathName': 'C:\\\\Users\\\\Psychology\\\\Documents\\\\ABExperiment\\\\MemoryStudy\\\\resources\\\\JPG\\\\halloweenpumpkin.jpg', 'FilePath': 'C:\\\\Users\\\\Psychology\\\\Documents\\\\ABExperiment\\\\MemoryStudy\\\\resources\\\\JPG\\\\'}
30.3366 	DEPRECATION 	Couldn't find image C:\\Users\\Psychology\\Documents\\ABExperiment\\MemoryStudy\\resources\\JPG\\halloweenpumpkin.jpg; check path? (tried: C:\Users\Psychology\Documents\ABExperiment\MemoryStudy\resources\JPG\halloweenpumpkin.jpg)
30.4439 	EXP 	window1: mouseVisible = True
