1.5117 	WARNING 	We strongly recommend you activate the PTB sound engine in PsychoPy prefs as the preferred audio engine. Its timing is vastly superior. Your prefs are currently set to use ['sounddevice', 'PTB', 'pyo', 'pygame'] (in that order).
7.4785 	WARNING 	User requested fullscreen with size [1024  768], but screen is actually [1920, 1080]. Using actual size
8.1150 	EXP 	Created window1 = Window(allowGUI=False, allowStencil=False, autoLog=True, backendConf=UNKNOWN, bitsMode=UNKNOWN, blendMode='avg', bpc=(8, 8, 8), color=array([0, 0, 0]), colorSpace='rgb', depthBits=8, fullscr=<method-wrapper '__getattribute__' of attributeSetter object at 0x00000162D00E1A60>, gamma=None, gammaErrorPolicy='raise', lms=UNKNOWN, monitor=<psychopy.monitors.calibTools.Monitor object at 0x00000162D0D6E460>, multiSample=False, name='window1', numSamples=2, pos=(0, 0), screen=0, size=array([1920, 1080]), stencilBits=0, stereo=False, units='height', useFBO=True, useRetina=False, viewOri=0.0, viewPos=None, viewScale=None, waitBlanking=True, winType='pyglet')
8.1154 	EXP 	window1: mouseVisible = True
8.1155 	EXP 	window1: Attempting to measure frame rate of screen (0) ...
8.1155 	EXP 	window1: recordFrameIntervals = False
8.2828 	EXP 	window1: recordFrameIntervals = True
8.4665 	EXP 	Screen (0) actual frame rate measured at 59.97Hz
8.4666 	EXP 	window1: recordFrameIntervals = False
10.3512 	EXP 	Created text = TextStim(__class__=<class 'psychopy.visual.text.TextStim'>, alignHoriz=method-wrapper(...), alignText='center', alignVert=method-wrapper(...), anchorHoriz='center', anchorVert='center', antialias=True, autoDraw=False, autoLog=True, bold=False, color=array([1., 1., 1.]), colorSpace='rgb', contrast=1.0, depth=0.0, flipHoriz=False, flipVert=False, font='Open Sans', fontFiles=[], height=0.05, italic=False, languageStyle='LTR', name='text', opacity=1.0, ori=0.0, pos=array([0., 0.]), rgb=UNKNOWN, text='Memory test instructions', units='height', win=Window(...), wrapWidth=1)
10.3595 	EXP 	Created MemTest = TextStim(__class__=<class 'psychopy.visual.text.TextStim'>, alignHoriz=method-wrapper(...), alignText='center', alignVert=method-wrapper(...), anchorHoriz='center', anchorVert='center', antialias=True, autoDraw=False, autoLog=True, bold=False, color=array([1., 1., 1.]), colorSpace='rgb', contrast=1.0, depth=0.0, flipHoriz=False, flipVert=False, font='Open Sans', fontFiles=[], height=0.05, italic=False, languageStyle='LTR', name='MemTest', opacity=1.0, ori=0.0, pos=array([ 0.  , -0.15]), rgb=UNKNOWN, text='Did you see this image?', units='height', win=Window(...), wrapWidth=1)
10.3640 	EXP 	Created Display = ImageStim(__class__=<class 'psychopy.visual.image.ImageStim'>, anchor=('center', 'center'), autoLog=True, color=array([1., 1., 1.]), colorSpace='rgb', contrast=1.0, depth=-2.0, flipHoriz=False, flipVert=False, image='sin', interpolate=True, mask=None, maskParams=None, name='Display', opacity=1.0, ori=0.0, pos=array([0.  , 0.15]), size=array([0.5, 0.5]), texRes=128.0, units='height', win=Window(...))
10.3729 	EXP 	text: autoDraw = True
10.8675 	EXP 	Imported Memory_conditionSheet.xlsx as conditions, 565 conditions, 10 params
10.8740 	EXP 	Created sequence: sequential, trialTypes=565, nReps=1, seed=None
10.8743 	EXP 	New trial (rep=0, index=0): {'TrialType': 'Mem', 'Lag': 1, 'Image': 'giraffe.jpg', 'T1PA': 'P', 'T2PA': 'P', 'PicFolder': 'JPG\\', 'Picture': 'giraffe', 'FullPathName': 'C:\\\\Users\\\\Psychology\\\\Documents\\\\ABExperiment\\\\MemoryStudy\\\\resources\\\\JPG\\\\giraffe.jpg', 'FilePath': 'C:\\\\Users\\\\Psychology\\\\Documents\\\\ABExperiment\\\\MemoryStudy\\\\resources\\\\JPG\\\\'}
10.8805 	DATA 	Keypress: space
10.8880 	EXP 	text: autoDraw = False
10.8880 	EXP 	Display: image = 'C:\\\\Users\\\\Psychology\\\\Documents\\\\ABExperiment\\\\MemoryStudy\\\\resources\\\\JPG\\\\giraffe.jpg'
10.8880 	EXP 	MemTest: autoDraw = True
10.8880 	EXP 	Display: autoDraw = True
11.2728 	EXP 	New trial (rep=0, index=1): {'TrialType': 'Mem', 'Lag': 1, 'Image': 'greathornowl.jpg', 'T1PA': 'P', 'T2PA': 'P', 'PicFolder': 'JPG\\', 'Picture': 'greathornowl', 'FullPathName': 'C:\\\\Users\\\\Psychology\\\\Documents\\\\ABExperiment\\\\MemoryStudy\\\\resources\\\\JPG\\\\greathornowl.jpg', 'FilePath': 'C:\\\\Users\\\\Psychology\\\\Documents\\\\ABExperiment\\\\MemoryStudy\\\\resources\\\\JPG\\\\'}
11.2804 	DATA 	Keypress: 1
11.2880 	EXP 	MemTest: autoDraw = False
11.2880 	EXP 	Display: autoDraw = False
11.2880 	EXP 	Display: image = 'C:\\\\Users\\\\Psychology\\\\Documents\\\\ABExperiment\\\\MemoryStudy\\\\resources\\\\JPG\\\\greathornowl.jpg'
11.2880 	EXP 	MemTest: autoDraw = True
11.2880 	EXP 	Display: autoDraw = True
11.7377 	EXP 	New trial (rep=0, index=2): {'TrialType': 'Mem', 'Lag': 1, 'Image': 'candle08b.jpg', 'T1PA': 'P', 'T2PA': 'P', 'PicFolder': 'JPG\\', 'Picture': 'candle08b', 'FullPathName': 'C:\\\\Users\\\\Psychology\\\\Documents\\\\ABExperiment\\\\MemoryStudy\\\\resources\\\\JPG\\\\candle08b.jpg', 'FilePath': 'C:\\\\Users\\\\Psychology\\\\Documents\\\\ABExperiment\\\\MemoryStudy\\\\resources\\\\JPG\\\\'}
11.8452 	DATA 	Keypress: 1
11.8582 	EXP 	MemTest: autoDraw = False
11.8582 	EXP 	Display: autoDraw = False
11.8582 	EXP 	Display: image = 'C:\\\\Users\\\\Psychology\\\\Documents\\\\ABExperiment\\\\MemoryStudy\\\\resources\\\\JPG\\\\candle08b.jpg'
11.8582 	EXP 	MemTest: autoDraw = True
11.8582 	EXP 	Display: autoDraw = True
12.1727 	EXP 	New trial (rep=0, index=3): {'TrialType': 'Mem', 'Lag': 1, 'Image': 'horse.jpg', 'T1PA': 'P', 'T2PA': 'P', 'PicFolder': 'JPG\\', 'Picture': 'horse', 'FullPathName': 'C:\\\\Users\\\\Psychology\\\\Documents\\\\ABExperiment\\\\MemoryStudy\\\\resources\\\\JPG\\\\horse.jpg', 'FilePath': 'C:\\\\Users\\\\Psychology\\\\Documents\\\\ABExperiment\\\\MemoryStudy\\\\resources\\\\JPG\\\\'}
12.2468 	DATA 	Keypress: 1
12.2544 	EXP 	MemTest: autoDraw = False
12.2544 	EXP 	Display: autoDraw = False
12.2544 	EXP 	Display: image = 'C:\\\\Users\\\\Psychology\\\\Documents\\\\ABExperiment\\\\MemoryStudy\\\\resources\\\\JPG\\\\horse.jpg'
12.2544 	EXP 	MemTest: autoDraw = True
12.2544 	EXP 	Display: autoDraw = True
12.6031 	EXP 	New trial (rep=0, index=4): {'TrialType': 'Mem', 'Lag': 1, 'Image': 'snowman.jpg', 'T1PA': 'P', 'T2PA': 'P', 'PicFolder': 'JPG\\', 'Picture': 'snowman', 'FullPathName': 'C:\\\\Users\\\\Psychology\\\\Documents\\\\ABExperiment\\\\MemoryStudy\\\\resources\\\\JPG\\\\snowman.jpg', 'FilePath': 'C:\\\\Users\\\\Psychology\\\\Documents\\\\ABExperiment\\\\MemoryStudy\\\\resources\\\\JPG\\\\'}
12.6076 	DATA 	Keypress: 1
12.6192 	EXP 	MemTest: autoDraw = False
12.6192 	EXP 	Display: autoDraw = False
12.6192 	EXP 	Display: image = 'C:\\\\Users\\\\Psychology\\\\Documents\\\\ABExperiment\\\\MemoryStudy\\\\resources\\\\JPG\\\\snowman.jpg'
12.6192 	EXP 	MemTest: autoDraw = True
12.6192 	EXP 	Display: autoDraw = True
13.0243 	EXP 	New trial (rep=0, index=5): {'TrialType': 'Mem', 'Lag': 1, 'Image': 'squirrel.jpg', 'T1PA': 'P', 'T2PA': 'P', 'PicFolder': 'JPG\\', 'Picture': 'squirrel', 'FullPathName': 'C:\\\\Users\\\\Psychology\\\\Documents\\\\ABExperiment\\\\MemoryStudy\\\\resources\\\\JPG\\\\squirrel.jpg', 'FilePath': 'C:\\\\Users\\\\Psychology\\\\Documents\\\\ABExperiment\\\\MemoryStudy\\\\resources\\\\JPG\\\\'}
13.0338 	DATA 	Keypress: 1
13.0415 	EXP 	MemTest: autoDraw = False
13.0415 	EXP 	Display: autoDraw = False
13.0415 	EXP 	Display: image = 'C:\\\\Users\\\\Psychology\\\\Documents\\\\ABExperiment\\\\MemoryStudy\\\\resources\\\\JPG\\\\squirrel.jpg'
13.0415 	EXP 	MemTest: autoDraw = True
13.0415 	EXP 	Display: autoDraw = True
13.4412 	EXP 	New trial (rep=0, index=6): {'TrialType': 'Mem', 'Lag': 1, 'Image': 'firtree.jpg', 'T1PA': 'P', 'T2PA': 'P', 'PicFolder': 'JPG\\', 'Picture': 'firtree', 'FullPathName': 'C:\\\\Users\\\\Psychology\\\\Documents\\\\ABExperiment\\\\MemoryStudy\\\\resources\\\\JPG\\\\firtree.jpg', 'FilePath': 'C:\\\\Users\\\\Psychology\\\\Documents\\\\ABExperiment\\\\MemoryStudy\\\\resources\\\\JPG\\\\'}
13.5435 	DATA 	Keypress: 1
13.5536 	EXP 	MemTest: autoDraw = False
13.5536 	EXP 	Display: autoDraw = False
13.5536 	EXP 	Display: image = 'C:\\\\Users\\\\Psychology\\\\Documents\\\\ABExperiment\\\\MemoryStudy\\\\resources\\\\JPG\\\\firtree.jpg'
13.5536 	EXP 	MemTest: autoDraw = True
13.5536 	EXP 	Display: autoDraw = True
13.8571 	EXP 	New trial (rep=0, index=7): {'TrialType': 'Mem', 'Lag': 1, 'Image': 'bowlingball.jpg', 'T1PA': 'P', 'T2PA': 'P', 'PicFolder': 'JPG\\', 'Picture': 'bowlingball', 'FullPathName': 'C:\\\\Users\\\\Psychology\\\\Documents\\\\ABExperiment\\\\MemoryStudy\\\\resources\\\\JPG\\\\bowlingball.jpg', 'FilePath': 'C:\\\\Users\\\\Psychology\\\\Documents\\\\ABExperiment\\\\MemoryStudy\\\\resources\\\\JPG\\\\'}
13.8657 	DATA 	Keypress: 1
13.8734 	EXP 	MemTest: autoDraw = False
13.8734 	EXP 	Display: autoDraw = False
13.8734 	EXP 	Display: image = 'C:\\\\Users\\\\Psychology\\\\Documents\\\\ABExperiment\\\\MemoryStudy\\\\resources\\\\JPG\\\\bowlingball.jpg'
13.8734 	EXP 	MemTest: autoDraw = True
13.8734 	EXP 	Display: autoDraw = True
14.2746 	DATA 	Keypress: 1
14.2904 	EXP 	New trial (rep=0, index=8): {'TrialType': 'Mem', 'Lag': 1, 'Image': 'bowlingpin.jpg', 'T1PA': 'P', 'T2PA': 'P', 'PicFolder': 'JPG\\', 'Picture': 'bowlingpin', 'FullPathName': 'C:\\\\Users\\\\Psychology\\\\Documents\\\\ABExperiment\\\\MemoryStudy\\\\resources\\\\JPG\\\\bowlingpin.jpg', 'FilePath': 'C:\\\\Users\\\\Psychology\\\\Documents\\\\ABExperiment\\\\MemoryStudy\\\\resources\\\\JPG\\\\'}
14.3067 	EXP 	MemTest: autoDraw = False
14.3067 	EXP 	Display: autoDraw = False
14.3067 	EXP 	Display: image = 'C:\\\\Users\\\\Psychology\\\\Documents\\\\ABExperiment\\\\MemoryStudy\\\\resources\\\\JPG\\\\bowlingpin.jpg'
14.3067 	EXP 	MemTest: autoDraw = True
14.3067 	EXP 	Display: autoDraw = True
14.7219 	EXP 	New trial (rep=0, index=9): {'TrialType': 'Mem', 'Lag': 1, 'Image': 'candycane01a.jpg', 'T1PA': 'P', 'T2PA': 'P', 'PicFolder': 'JPG\\', 'Picture': 'candycane01a', 'FullPathName': 'C:\\\\Users\\\\Psychology\\\\Documents\\\\ABExperiment\\\\MemoryStudy\\\\resources\\\\JPG\\\\candycane01a.jpg', 'FilePath': 'C:\\\\Users\\\\Psychology\\\\Documents\\\\ABExperiment\\\\MemoryStudy\\\\resources\\\\JPG\\\\'}
14.7264 	DATA 	Keypress: 1
14.7381 	EXP 	MemTest: autoDraw = False
14.7381 	EXP 	Display: autoDraw = False
14.7381 	EXP 	Display: image = 'C:\\\\Users\\\\Psychology\\\\Documents\\\\ABExperiment\\\\MemoryStudy\\\\resources\\\\JPG\\\\candycane01a.jpg'
14.7381 	EXP 	MemTest: autoDraw = True
14.7381 	EXP 	Display: autoDraw = True
15.1562 	EXP 	New trial (rep=0, index=10): {'TrialType': 'Mem', 'Lag': 1, 'Image': 'dolphin01.jpg', 'T1PA': 'P', 'T2PA': 'P', 'PicFolder': 'JPG\\', 'Picture': 'dolphin01', 'FullPathName': 'C:\\\\Users\\\\Psychology\\\\Documents\\\\ABExperiment\\\\MemoryStudy\\\\resources\\\\JPG\\\\dolphin01.jpg', 'FilePath': 'C:\\\\Users\\\\Psychology\\\\Documents\\\\ABExperiment\\\\MemoryStudy\\\\resources\\\\JPG\\\\'}
15.1651 	DATA 	Keypress: 1
15.1746 	EXP 	MemTest: autoDraw = False
15.1746 	EXP 	Display: autoDraw = False
15.1746 	EXP 	Display: image = 'C:\\\\Users\\\\Psychology\\\\Documents\\\\ABExperiment\\\\MemoryStudy\\\\resources\\\\JPG\\\\dolphin01.jpg'
15.1746 	EXP 	MemTest: autoDraw = True
15.1746 	EXP 	Display: autoDraw = True
15.5615 	DATA 	Keypress: 1
15.5767 	EXP 	New trial (rep=0, index=11): {'TrialType': 'Mem', 'Lag': 1, 'Image': 'dromedary.jpg', 'T1PA': 'P', 'T2PA': 'P', 'PicFolder': 'JPG\\', 'Picture': 'dromedary', 'FullPathName': 'C:\\\\Users\\\\Psychology\\\\Documents\\\\ABExperiment\\\\MemoryStudy\\\\resources\\\\JPG\\\\dromedary.jpg', 'FilePath': 'C:\\\\Users\\\\Psychology\\\\Documents\\\\ABExperiment\\\\MemoryStudy\\\\resources\\\\JPG\\\\'}
15.5937 	EXP 	MemTest: autoDraw = False
15.5937 	EXP 	Display: autoDraw = False
15.5937 	EXP 	Display: image = 'C:\\\\Users\\\\Psychology\\\\Documents\\\\ABExperiment\\\\MemoryStudy\\\\resources\\\\JPG\\\\dromedary.jpg'
15.5937 	EXP 	MemTest: autoDraw = True
15.5937 	EXP 	Display: autoDraw = True
15.9617 	DATA 	Keypress: 1
15.9772 	EXP 	New trial (rep=0, index=12): {'TrialType': 'Mem', 'Lag': 1, 'Image': 'football.jpg', 'T1PA': 'P', 'T2PA': 'P', 'PicFolder': 'JPG\\', 'Picture': 'football', 'FullPathName': 'C:\\\\Users\\\\Psychology\\\\Documents\\\\ABExperiment\\\\MemoryStudy\\\\resources\\\\JPG\\\\football.jpg', 'FilePath': 'C:\\\\Users\\\\Psychology\\\\Documents\\\\ABExperiment\\\\MemoryStudy\\\\resources\\\\JPG\\\\'}
15.9938 	EXP 	MemTest: autoDraw = False
15.9938 	EXP 	Display: autoDraw = False
15.9938 	EXP 	Display: image = 'C:\\\\Users\\\\Psychology\\\\Documents\\\\ABExperiment\\\\MemoryStudy\\\\resources\\\\JPG\\\\football.jpg'
15.9938 	EXP 	MemTest: autoDraw = True
15.9938 	EXP 	Display: autoDraw = True
16.3944 	EXP 	New trial (rep=0, index=13): {'TrialType': 'Mem', 'Lag': 1, 'Image': 'golfball.jpg', 'T1PA': 'P', 'T2PA': 'P', 'PicFolder': 'JPG\\', 'Picture': 'golfball', 'FullPathName': 'C:\\\\Users\\\\Psychology\\\\Documents\\\\ABExperiment\\\\MemoryStudy\\\\resources\\\\JPG\\\\golfball.jpg', 'FilePath': 'C:\\\\Users\\\\Psychology\\\\Documents\\\\ABExperiment\\\\MemoryStudy\\\\resources\\\\JPG\\\\'}
16.4035 	DATA 	Keypress: 1
16.4113 	EXP 	MemTest: autoDraw = False
16.4113 	EXP 	Display: autoDraw = False
16.4113 	EXP 	Display: image = 'C:\\\\Users\\\\Psychology\\\\Documents\\\\ABExperiment\\\\MemoryStudy\\\\resources\\\\JPG\\\\golfball.jpg'
16.4113 	EXP 	MemTest: autoDraw = True
16.4113 	EXP 	Display: autoDraw = True
16.7751 	DATA 	Keypress: 1
16.7912 	EXP 	New trial (rep=0, index=14): {'TrialType': 'Mem', 'Lag': 1, 'Image': 'guitarcase.jpg', 'T1PA': 'P', 'T2PA': 'P', 'PicFolder': 'JPG\\', 'Picture': 'guitarcase', 'FullPathName': 'C:\\\\Users\\\\Psychology\\\\Documents\\\\ABExperiment\\\\MemoryStudy\\\\resources\\\\JPG\\\\guitarcase.jpg', 'FilePath': 'C:\\\\Users\\\\Psychology\\\\Documents\\\\ABExperiment\\\\MemoryStudy\\\\resources\\\\JPG\\\\'}
16.8081 	EXP 	MemTest: autoDraw = False
16.8081 	EXP 	Display: autoDraw = False
16.8081 	EXP 	Display: image = 'C:\\\\Users\\\\Psychology\\\\Documents\\\\ABExperiment\\\\MemoryStudy\\\\resources\\\\JPG\\\\guitarcase.jpg'
16.8081 	EXP 	MemTest: autoDraw = True
16.8081 	EXP 	Display: autoDraw = True
17.1658 	EXP 	New trial (rep=0, index=15): {'TrialType': 'Mem', 'Lag': 1, 'Image': 'jellybean.jpg', 'T1PA': 'P', 'T2PA': 'P', 'PicFolder': 'JPG\\', 'Picture': 'jellybean', 'FullPathName': 'C:\\\\Users\\\\Psychology\\\\Documents\\\\ABExperiment\\\\MemoryStudy\\\\resources\\\\JPG\\\\jellybean.jpg', 'FilePath': 'C:\\\\Users\\\\Psychology\\\\Documents\\\\ABExperiment\\\\MemoryStudy\\\\resources\\\\JPG\\\\'}
17.1779 	DATA 	Keypress: 1
17.1859 	EXP 	MemTest: autoDraw = False
17.1859 	EXP 	Display: autoDraw = False
17.1859 	EXP 	Display: image = 'C:\\\\Users\\\\Psychology\\\\Documents\\\\ABExperiment\\\\MemoryStudy\\\\resources\\\\JPG\\\\jellybean.jpg'
17.1859 	EXP 	MemTest: autoDraw = True
17.1859 	EXP 	Display: autoDraw = True
17.5920 	EXP 	New trial (rep=0, index=16): {'TrialType': 'Mem', 'Lag': 1, 'Image': 'kangaroo.jpg', 'T1PA': 'P', 'T2PA': 'P', 'PicFolder': 'JPG\\', 'Picture': 'kangaroo', 'FullPathName': 'C:\\\\Users\\\\Psychology\\\\Documents\\\\ABExperiment\\\\MemoryStudy\\\\resources\\\\JPG\\\\kangaroo.jpg', 'FilePath': 'C:\\\\Users\\\\Psychology\\\\Documents\\\\ABExperiment\\\\MemoryStudy\\\\resources\\\\JPG\\\\'}
17.5980 	DATA 	Keypress: 1
17.6092 	EXP 	MemTest: autoDraw = False
17.6092 	EXP 	Display: autoDraw = False
17.6092 	EXP 	Display: image = 'C:\\\\Users\\\\Psychology\\\\Documents\\\\ABExperiment\\\\MemoryStudy\\\\resources\\\\JPG\\\\kangaroo.jpg'
17.6092 	EXP 	MemTest: autoDraw = True
17.6092 	EXP 	Display: autoDraw = True
17.9599 	DATA 	Keypress: 1
17.9757 	EXP 	New trial (rep=0, index=17): {'TrialType': 'Mem', 'Lag': 1, 'Image': 'kite.jpg', 'T1PA': 'P', 'T2PA': 'P', 'PicFolder': 'JPG\\', 'Picture': 'kite', 'FullPathName': 'C:\\\\Users\\\\Psychology\\\\Documents\\\\ABExperiment\\\\MemoryStudy\\\\resources\\\\JPG\\\\kite.jpg', 'FilePath': 'C:\\\\Users\\\\Psychology\\\\Documents\\\\ABExperiment\\\\MemoryStudy\\\\resources\\\\JPG\\\\'}
17.9927 	EXP 	MemTest: autoDraw = False
17.9927 	EXP 	Display: autoDraw = False
17.9927 	EXP 	Display: image = 'C:\\\\Users\\\\Psychology\\\\Documents\\\\ABExperiment\\\\MemoryStudy\\\\resources\\\\JPG\\\\kite.jpg'
17.9927 	EXP 	MemTest: autoDraw = True
17.9927 	EXP 	Display: autoDraw = True
18.3761 	EXP 	New trial (rep=0, index=18): {'TrialType': 'Mem', 'Lag': 1, 'Image': 'lightswitch01.jpg', 'T1PA': 'P', 'T2PA': 'P', 'PicFolder': 'JPG\\', 'Picture': 'lightswitch01', 'FullPathName': 'C:\\\\Users\\\\Psychology\\\\Documents\\\\ABExperiment\\\\MemoryStudy\\\\resources\\\\JPG\\\\lightswitch01.jpg', 'FilePath': 'C:\\\\Users\\\\Psychology\\\\Documents\\\\ABExperiment\\\\MemoryStudy\\\\resources\\\\JPG\\\\'}
18.3822 	DATA 	Keypress: 1
18.3933 	EXP 	MemTest: autoDraw = False
18.3933 	EXP 	Display: autoDraw = False
18.3933 	EXP 	Display: image = 'C:\\\\Users\\\\Psychology\\\\Documents\\\\ABExperiment\\\\MemoryStudy\\\\resources\\\\JPG\\\\lightswitch01.jpg'
18.3933 	EXP 	MemTest: autoDraw = True
18.3933 	EXP 	Display: autoDraw = True
18.8767 	EXP 	New trial (rep=0, index=19): {'TrialType': 'Mem', 'Lag': 1, 'Image': 'locker.jpg', 'T1PA': 'P', 'T2PA': 'P', 'PicFolder': 'JPG\\', 'Picture': 'locker', 'FullPathName': 'C:\\\\Users\\\\Psychology\\\\Documents\\\\ABExperiment\\\\MemoryStudy\\\\resources\\\\JPG\\\\locker.jpg', 'FilePath': 'C:\\\\Users\\\\Psychology\\\\Documents\\\\ABExperiment\\\\MemoryStudy\\\\resources\\\\JPG\\\\'}
18.8827 	DATA 	Keypress: 1
18.8938 	EXP 	MemTest: autoDraw = False
18.8938 	EXP 	Display: autoDraw = False
18.8938 	EXP 	Display: image = 'C:\\\\Users\\\\Psychology\\\\Documents\\\\ABExperiment\\\\MemoryStudy\\\\resources\\\\JPG\\\\locker.jpg'
18.8938 	EXP 	MemTest: autoDraw = True
18.8938 	EXP 	Display: autoDraw = True
19.2937 	EXP 	New trial (rep=0, index=20): {'TrialType': 'Mem', 'Lag': 1, 'Image': 'mailbox01.jpg', 'T1PA': 'P', 'T2PA': 'P', 'PicFolder': 'JPG\\', 'Picture': 'mailbox01', 'FullPathName': 'C:\\\\Users\\\\Psychology\\\\Documents\\\\ABExperiment\\\\MemoryStudy\\\\resources\\\\JPG\\\\mailbox01.jpg', 'FilePath': 'C:\\\\Users\\\\Psychology\\\\Documents\\\\ABExperiment\\\\MemoryStudy\\\\resources\\\\JPG\\\\'}
19.3930 	DATA 	Keypress: 1
19.4031 	EXP 	MemTest: autoDraw = False
19.4031 	EXP 	Display: autoDraw = False
19.4031 	EXP 	Display: image = 'C:\\\\Users\\\\Psychology\\\\Documents\\\\ABExperiment\\\\MemoryStudy\\\\resources\\\\JPG\\\\mailbox01.jpg'
19.4031 	EXP 	MemTest: autoDraw = True
19.4031 	EXP 	Display: autoDraw = True
19.7113 	EXP 	New trial (rep=0, index=21): {'TrialType': 'Mem', 'Lag': 1, 'Image': 'mailbox02.jpg', 'T1PA': 'P', 'T2PA': 'P', 'PicFolder': 'JPG\\', 'Picture': 'mailbox02', 'FullPathName': 'C:\\\\Users\\\\Psychology\\\\Documents\\\\ABExperiment\\\\MemoryStudy\\\\resources\\\\JPG\\\\mailbox02.jpg', 'FilePath': 'C:\\\\Users\\\\Psychology\\\\Documents\\\\ABExperiment\\\\MemoryStudy\\\\resources\\\\JPG\\\\'}
19.7175 	DATA 	Keypress: 1
19.7283 	EXP 	MemTest: autoDraw = False
19.7283 	EXP 	Display: autoDraw = False
19.7283 	EXP 	Display: image = 'C:\\\\Users\\\\Psychology\\\\Documents\\\\ABExperiment\\\\MemoryStudy\\\\resources\\\\JPG\\\\mailbox02.jpg'
19.7283 	EXP 	MemTest: autoDraw = True
19.7283 	EXP 	Display: autoDraw = True
20.1287 	DATA 	Keypress: 1
20.1445 	EXP 	New trial (rep=0, index=22): {'TrialType': 'Mem', 'Lag': 1, 'Image': 'mattress.jpg', 'T1PA': 'P', 'T2PA': 'P', 'PicFolder': 'JPG\\', 'Picture': 'mattress', 'FullPathName': 'C:\\\\Users\\\\Psychology\\\\Documents\\\\ABExperiment\\\\MemoryStudy\\\\resources\\\\JPG\\\\mattress.jpg', 'FilePath': 'C:\\\\Users\\\\Psychology\\\\Documents\\\\ABExperiment\\\\MemoryStudy\\\\resources\\\\JPG\\\\'}
20.1614 	EXP 	MemTest: autoDraw = False
20.1614 	EXP 	Display: autoDraw = False
20.1614 	EXP 	Display: image = 'C:\\\\Users\\\\Psychology\\\\Documents\\\\ABExperiment\\\\MemoryStudy\\\\resources\\\\JPG\\\\mattress.jpg'
20.1614 	EXP 	MemTest: autoDraw = True
20.1614 	EXP 	Display: autoDraw = True
20.5291 	DATA 	Keypress: 1
20.5448 	EXP 	New trial (rep=0, index=23): {'TrialType': 'Mem', 'Lag': 1, 'Image': 'pumpkin.jpg', 'T1PA': 'P', 'T2PA': 'P', 'PicFolder': 'JPG\\', 'Picture': 'pumpkin', 'FullPathName': 'C:\\\\Users\\\\Psychology\\\\Documents\\\\ABExperiment\\\\MemoryStudy\\\\resources\\\\JPG\\\\pumpkin.jpg', 'FilePath': 'C:\\\\Users\\\\Psychology\\\\Documents\\\\ABExperiment\\\\MemoryStudy\\\\resources\\\\JPG\\\\'}
20.5617 	EXP 	MemTest: autoDraw = False
20.5617 	EXP 	Display: autoDraw = False
20.5617 	EXP 	Display: image = 'C:\\\\Users\\\\Psychology\\\\Documents\\\\ABExperiment\\\\MemoryStudy\\\\resources\\\\JPG\\\\pumpkin.jpg'
20.5617 	EXP 	MemTest: autoDraw = True
20.5617 	EXP 	Display: autoDraw = True
20.9128 	DATA 	Keypress: 1
20.9286 	EXP 	New trial (rep=0, index=24): {'TrialType': 'Mem', 'Lag': 1, 'Image': 'schoolbus.jpg', 'T1PA': 'P', 'T2PA': 'P', 'PicFolder': 'JPG\\', 'Picture': 'schoolbus', 'FullPathName': 'C:\\\\Users\\\\Psychology\\\\Documents\\\\ABExperiment\\\\MemoryStudy\\\\resources\\\\JPG\\\\schoolbus.jpg', 'FilePath': 'C:\\\\Users\\\\Psychology\\\\Documents\\\\ABExperiment\\\\MemoryStudy\\\\resources\\\\JPG\\\\'}
20.9501 	EXP 	MemTest: autoDraw = False
20.9501 	EXP 	Display: autoDraw = False
20.9501 	EXP 	Display: image = 'C:\\\\Users\\\\Psychology\\\\Documents\\\\ABExperiment\\\\MemoryStudy\\\\resources\\\\JPG\\\\schoolbus.jpg'
20.9501 	EXP 	MemTest: autoDraw = True
20.9501 	EXP 	Display: autoDraw = True
21.3159 	EXP 	New trial (rep=0, index=25): {'TrialType': 'Mem', 'Lag': 1, 'Image': 'skateboard.jpg', 'T1PA': 'P', 'T2PA': 'P', 'PicFolder': 'JPG\\', 'Picture': 'skateboard', 'FullPathName': 'C:\\\\Users\\\\Psychology\\\\Documents\\\\ABExperiment\\\\MemoryStudy\\\\resources\\\\JPG\\\\skateboard.jpg', 'FilePath': 'C:\\\\Users\\\\Psychology\\\\Documents\\\\ABExperiment\\\\MemoryStudy\\\\resources\\\\JPG\\\\'}
21.3261 	DATA 	Keypress: 1
21.3338 	EXP 	MemTest: autoDraw = False
21.3338 	EXP 	Display: autoDraw = False
21.3338 	EXP 	Display: image = 'C:\\\\Users\\\\Psychology\\\\Documents\\\\ABExperiment\\\\MemoryStudy\\\\resources\\\\JPG\\\\skateboard.jpg'
21.3338 	EXP 	MemTest: autoDraw = True
21.3338 	EXP 	Display: autoDraw = True
21.6985 	DATA 	Keypress: 1
21.7142 	EXP 	New trial (rep=0, index=26): {'TrialType': 'Mem', 'Lag': 1, 'Image': 'soccerball.jpg', 'T1PA': 'P', 'T2PA': 'P', 'PicFolder': 'JPG\\', 'Picture': 'soccerball', 'FullPathName': 'C:\\\\Users\\\\Psychology\\\\Documents\\\\ABExperiment\\\\MemoryStudy\\\\resources\\\\JPG\\\\soccerball.jpg', 'FilePath': 'C:\\\\Users\\\\Psychology\\\\Documents\\\\ABExperiment\\\\MemoryStudy\\\\resources\\\\JPG\\\\'}
21.7310 	EXP 	MemTest: autoDraw = False
21.7310 	EXP 	Display: autoDraw = False
21.7310 	EXP 	Display: image = 'C:\\\\Users\\\\Psychology\\\\Documents\\\\ABExperiment\\\\MemoryStudy\\\\resources\\\\JPG\\\\soccerball.jpg'
21.7310 	EXP 	MemTest: autoDraw = True
21.7310 	EXP 	Display: autoDraw = True
22.0961 	EXP 	New trial (rep=0, index=27): {'TrialType': 'Mem', 'Lag': 1, 'Image': 'wheelchair.jpg', 'T1PA': 'P', 'T2PA': 'P', 'PicFolder': 'JPG\\', 'Picture': 'wheelchair', 'FullPathName': 'C:\\\\Users\\\\Psychology\\\\Documents\\\\ABExperiment\\\\MemoryStudy\\\\resources\\\\JPG\\\\wheelchair.jpg', 'FilePath': 'C:\\\\Users\\\\Psychology\\\\Documents\\\\ABExperiment\\\\MemoryStudy\\\\resources\\\\JPG\\\\'}
22.1008 	DATA 	Keypress: 1
22.1126 	EXP 	MemTest: autoDraw = False
22.1126 	EXP 	Display: autoDraw = False
22.1126 	EXP 	Display: image = 'C:\\\\Users\\\\Psychology\\\\Documents\\\\ABExperiment\\\\MemoryStudy\\\\resources\\\\JPG\\\\wheelchair.jpg'
22.1126 	EXP 	MemTest: autoDraw = True
22.1126 	EXP 	Display: autoDraw = True
22.5300 	EXP 	New trial (rep=0, index=28): {'TrialType': 'Mem', 'Lag': 1, 'Image': 'zebra.jpg', 'T1PA': 'P', 'T2PA': 'P', 'PicFolder': 'JPG\\', 'Picture': 'zebra', 'FullPathName': 'C:\\\\Users\\\\Psychology\\\\Documents\\\\ABExperiment\\\\MemoryStudy\\\\resources\\\\JPG\\\\zebra.jpg', 'FilePath': 'C:\\\\Users\\\\Psychology\\\\Documents\\\\ABExperiment\\\\MemoryStudy\\\\resources\\\\JPG\\\\'}
22.5346 	DATA 	Keypress: 1
22.5464 	EXP 	MemTest: autoDraw = False
22.5464 	EXP 	Display: autoDraw = False
22.5464 	EXP 	Display: image = 'C:\\\\Users\\\\Psychology\\\\Documents\\\\ABExperiment\\\\MemoryStudy\\\\resources\\\\JPG\\\\zebra.jpg'
22.5464 	EXP 	MemTest: autoDraw = True
22.5464 	EXP 	Display: autoDraw = True
22.9564 	DATA 	Keypress: 1
22.9711 	EXP 	New trial (rep=0, index=29): {'TrialType': 'Mem', 'Lag': 1, 'Image': 'pooltable.jpg', 'T1PA': 'P', 'T2PA': 'P', 'PicFolder': 'JPG\\', 'Picture': 'pooltable', 'FullPathName': 'C:\\\\Users\\\\Psychology\\\\Documents\\\\ABExperiment\\\\MemoryStudy\\\\resources\\\\JPG\\\\pooltable.jpg', 'FilePath': 'C:\\\\Users\\\\Psychology\\\\Documents\\\\ABExperiment\\\\MemoryStudy\\\\resources\\\\JPG\\\\'}
22.9903 	EXP 	MemTest: autoDraw = False
22.9903 	EXP 	Display: autoDraw = False
22.9903 	EXP 	Display: image = 'C:\\\\Users\\\\Psychology\\\\Documents\\\\ABExperiment\\\\MemoryStudy\\\\resources\\\\JPG\\\\pooltable.jpg'
22.9903 	EXP 	MemTest: autoDraw = True
22.9903 	EXP 	Display: autoDraw = True
23.3655 	EXP 	New trial (rep=0, index=30): {'TrialType': 'Mem', 'Lag': 1, 'Image': 'swing.jpg', 'T1PA': 'P', 'T2PA': 'P', 'PicFolder': 'JPG\\', 'Picture': 'swing', 'FullPathName': 'C:\\\\Users\\\\Psychology\\\\Documents\\\\ABExperiment\\\\MemoryStudy\\\\resources\\\\JPG\\\\swing.jpg', 'FilePath': 'C:\\\\Users\\\\Psychology\\\\Documents\\\\ABExperiment\\\\MemoryStudy\\\\resources\\\\JPG\\\\'}
23.3727 	DATA 	Keypress: 1
23.3821 	EXP 	MemTest: autoDraw = False
23.3821 	EXP 	Display: autoDraw = False
23.3821 	EXP 	Display: image = 'C:\\\\Users\\\\Psychology\\\\Documents\\\\ABExperiment\\\\MemoryStudy\\\\resources\\\\JPG\\\\swing.jpg'
23.3821 	EXP 	MemTest: autoDraw = True
23.3821 	EXP 	Display: autoDraw = True
23.7661 	EXP 	New trial (rep=0, index=31): {'TrialType': 'Mem', 'Lag': 1, 'Image': 'africanelephant.jpg', 'T1PA': 'P', 'T2PA': 'P', 'PicFolder': 'JPG\\', 'Picture': 'africanelephant', 'FullPathName': 'C:\\\\Users\\\\Psychology\\\\Documents\\\\ABExperiment\\\\MemoryStudy\\\\resources\\\\JPG\\\\africanelephant.jpg', 'FilePath': 'C:\\\\Users\\\\Psychology\\\\Documents\\\\ABExperiment\\\\MemoryStudy\\\\resources\\\\JPG\\\\'}
23.7740 	DATA 	Keypress: 1
23.7826 	EXP 	MemTest: autoDraw = False
23.7826 	EXP 	Display: autoDraw = False
23.7826 	EXP 	Display: image = 'C:\\\\Users\\\\Psychology\\\\Documents\\\\ABExperiment\\\\MemoryStudy\\\\resources\\\\JPG\\\\africanelephant.jpg'
23.7826 	EXP 	MemTest: autoDraw = True
23.7826 	EXP 	Display: autoDraw = True
24.1333 	EXP 	New trial (rep=0, index=32): {'TrialType': 'Mem', 'Lag': 1, 'Image': 'apron.jpg', 'T1PA': 'P', 'T2PA': 'P', 'PicFolder': 'JPG\\', 'Picture': 'apron', 'FullPathName': 'C:\\\\Users\\\\Psychology\\\\Documents\\\\ABExperiment\\\\MemoryStudy\\\\resources\\\\JPG\\\\apron.jpg', 'FilePath': 'C:\\\\Users\\\\Psychology\\\\Documents\\\\ABExperiment\\\\MemoryStudy\\\\resources\\\\JPG\\\\'}
24.1409 	DATA 	Keypress: 1
24.1496 	EXP 	MemTest: autoDraw = False
24.1496 	EXP 	Display: autoDraw = False
24.1496 	EXP 	Display: image = 'C:\\\\Users\\\\Psychology\\\\Documents\\\\ABExperiment\\\\MemoryStudy\\\\resources\\\\JPG\\\\apron.jpg'
24.1496 	EXP 	MemTest: autoDraw = True
24.1496 	EXP 	Display: autoDraw = True
24.6016 	DATA 	Keypress: 1
24.6172 	EXP 	New trial (rep=0, index=33): {'TrialType': 'Mem', 'Lag': 1, 'Image': 'barnowl.jpg', 'T1PA': 'P', 'T2PA': 'P', 'PicFolder': 'JPG\\', 'Picture': 'barnowl', 'FullPathName': 'C:\\\\Users\\\\Psychology\\\\Documents\\\\ABExperiment\\\\MemoryStudy\\\\resources\\\\JPG\\\\barnowl.jpg', 'FilePath': 'C:\\\\Users\\\\Psychology\\\\Documents\\\\ABExperiment\\\\MemoryStudy\\\\resources\\\\JPG\\\\'}
24.7184 	EXP 	MemTest: autoDraw = False
24.7184 	EXP 	Display: autoDraw = False
24.7184 	EXP 	Display: image = 'C:\\\\Users\\\\Psychology\\\\Documents\\\\ABExperiment\\\\MemoryStudy\\\\resources\\\\JPG\\\\barnowl.jpg'
24.7184 	EXP 	MemTest: autoDraw = True
24.7184 	EXP 	Display: autoDraw = True
25.0183 	EXP 	New trial (rep=0, index=34): {'TrialType': 'Mem', 'Lag': 1, 'Image': 'basketball01.jpg', 'T1PA': 'P', 'T2PA': 'P', 'PicFolder': 'JPG\\', 'Picture': 'basketball01', 'FullPathName': 'C:\\\\Users\\\\Psychology\\\\Documents\\\\ABExperiment\\\\MemoryStudy\\\\resources\\\\JPG\\\\basketball01.jpg', 'FilePath': 'C:\\\\Users\\\\Psychology\\\\Documents\\\\ABExperiment\\\\MemoryStudy\\\\resources\\\\JPG\\\\'}
25.0270 	DATA 	Keypress: 1
25.0346 	EXP 	MemTest: autoDraw = False
25.0346 	EXP 	Display: autoDraw = False
25.0346 	EXP 	Display: image = 'C:\\\\Users\\\\Psychology\\\\Documents\\\\ABExperiment\\\\MemoryStudy\\\\resources\\\\JPG\\\\basketball01.jpg'
25.0346 	EXP 	MemTest: autoDraw = True
25.0346 	EXP 	Display: autoDraw = True
25.3687 	DATA 	Keypress: 1
25.3846 	EXP 	New trial (rep=0, index=35): {'TrialType': 'Mem', 'Lag': 1, 'Image': 'bat.jpg', 'T1PA': 'P', 'T2PA': 'P', 'PicFolder': 'JPG\\', 'Picture': 'bat', 'FullPathName': 'C:\\\\Users\\\\Psychology\\\\Documents\\\\ABExperiment\\\\MemoryStudy\\\\resources\\\\JPG\\\\bat.jpg', 'FilePath': 'C:\\\\Users\\\\Psychology\\\\Documents\\\\ABExperiment\\\\MemoryStudy\\\\resources\\\\JPG\\\\'}
25.4009 	EXP 	MemTest: autoDraw = False
25.4009 	EXP 	Display: autoDraw = False
25.4009 	EXP 	Display: image = 'C:\\\\Users\\\\Psychology\\\\Documents\\\\ABExperiment\\\\MemoryStudy\\\\resources\\\\JPG\\\\bat.jpg'
25.4009 	EXP 	MemTest: autoDraw = True
25.4009 	EXP 	Display: autoDraw = True
25.7533 	EXP 	New trial (rep=0, index=36): {'TrialType': 'Mem', 'Lag': 1, 'Image': 'cloud.jpg', 'T1PA': 'P', 'T2PA': 'P', 'PicFolder': 'JPG\\', 'Picture': 'cloud', 'FullPathName': 'C:\\\\Users\\\\Psychology\\\\Documents\\\\ABExperiment\\\\MemoryStudy\\\\resources\\\\JPG\\\\cloud.jpg', 'FilePath': 'C:\\\\Users\\\\Psychology\\\\Documents\\\\ABExperiment\\\\MemoryStudy\\\\resources\\\\JPG\\\\'}
25.7622 	DATA 	Keypress: 1
25.7699 	EXP 	MemTest: autoDraw = False
25.7699 	EXP 	Display: autoDraw = False
25.7699 	EXP 	Display: image = 'C:\\\\Users\\\\Psychology\\\\Documents\\\\ABExperiment\\\\MemoryStudy\\\\resources\\\\JPG\\\\cloud.jpg'
25.7699 	EXP 	MemTest: autoDraw = True
25.7699 	EXP 	Display: autoDraw = True
26.1338 	EXP 	New trial (rep=0, index=37): {'TrialType': 'Mem', 'Lag': 1, 'Image': 'crab01.jpg', 'T1PA': 'P', 'T2PA': 'P', 'PicFolder': 'JPG\\', 'Picture': 'crab01', 'FullPathName': 'C:\\\\Users\\\\Psychology\\\\Documents\\\\ABExperiment\\\\MemoryStudy\\\\resources\\\\JPG\\\\crab01.jpg', 'FilePath': 'C:\\\\Users\\\\Psychology\\\\Documents\\\\ABExperiment\\\\MemoryStudy\\\\resources\\\\JPG\\\\'}
26.1392 	DATA 	Keypress: 1
26.1511 	EXP 	MemTest: autoDraw = False
26.1511 	EXP 	Display: autoDraw = False
26.1511 	EXP 	Display: image = 'C:\\\\Users\\\\Psychology\\\\Documents\\\\ABExperiment\\\\MemoryStudy\\\\resources\\\\JPG\\\\crab01.jpg'
26.1511 	EXP 	MemTest: autoDraw = True
26.1511 	EXP 	Display: autoDraw = True
26.4675 	EXP 	New trial (rep=0, index=38): {'TrialType': 'Mem', 'Lag': 1, 'Image': 'cupcake.jpg', 'T1PA': 'P', 'T2PA': 'P', 'PicFolder': 'JPG\\', 'Picture': 'cupcake', 'FullPathName': 'C:\\\\Users\\\\Psychology\\\\Documents\\\\ABExperiment\\\\MemoryStudy\\\\resources\\\\JPG\\\\cupcake.jpg', 'FilePath': 'C:\\\\Users\\\\Psychology\\\\Documents\\\\ABExperiment\\\\MemoryStudy\\\\resources\\\\JPG\\\\'}
26.4732 	DATA 	Keypress: 1
26.4851 	EXP 	MemTest: autoDraw = False
26.4851 	EXP 	Display: autoDraw = False
26.4851 	EXP 	Display: image = 'C:\\\\Users\\\\Psychology\\\\Documents\\\\ABExperiment\\\\MemoryStudy\\\\resources\\\\JPG\\\\cupcake.jpg'
26.4851 	EXP 	MemTest: autoDraw = True
26.4851 	EXP 	Display: autoDraw = True
26.8679 	EXP 	New trial (rep=0, index=39): {'TrialType': 'Mem', 'Lag': 1, 'Image': 'donut.jpg', 'T1PA': 'P', 'T2PA': 'P', 'PicFolder': 'JPG\\', 'Picture': 'donut', 'FullPathName': 'C:\\\\Users\\\\Psychology\\\\Documents\\\\ABExperiment\\\\MemoryStudy\\\\resources\\\\JPG\\\\donut.jpg', 'FilePath': 'C:\\\\Users\\\\Psychology\\\\Documents\\\\ABExperiment\\\\MemoryStudy\\\\resources\\\\JPG\\\\'}
26.8732 	DATA 	Keypress: 1
26.8850 	EXP 	MemTest: autoDraw = False
26.8850 	EXP 	Display: autoDraw = False
26.8850 	EXP 	Display: image = 'C:\\\\Users\\\\Psychology\\\\Documents\\\\ABExperiment\\\\MemoryStudy\\\\resources\\\\JPG\\\\donut.jpg'
26.8850 	EXP 	MemTest: autoDraw = True
26.8850 	EXP 	Display: autoDraw = True
27.2683 	EXP 	New trial (rep=0, index=40): {'TrialType': 'Mem', 'Lag': 1, 'Image': 'eiffeltower.jpg', 'T1PA': 'P', 'T2PA': 'P', 'PicFolder': 'JPG\\', 'Picture': 'eiffeltower', 'FullPathName': 'C:\\\\Users\\\\Psychology\\\\Documents\\\\ABExperiment\\\\MemoryStudy\\\\resources\\\\JPG\\\\eiffeltower.jpg', 'FilePath': 'C:\\\\Users\\\\Psychology\\\\Documents\\\\ABExperiment\\\\MemoryStudy\\\\resources\\\\JPG\\\\'}
27.2735 	DATA 	Keypress: 1
27.2851 	EXP 	MemTest: autoDraw = False
27.2851 	EXP 	Display: autoDraw = False
27.2851 	EXP 	Display: image = 'C:\\\\Users\\\\Psychology\\\\Documents\\\\ABExperiment\\\\MemoryStudy\\\\resources\\\\JPG\\\\eiffeltower.jpg'
27.2851 	EXP 	MemTest: autoDraw = True
27.2851 	EXP 	Display: autoDraw = True
27.6520 	EXP 	New trial (rep=0, index=41): {'TrialType': 'Mem', 'Lag': 1, 'Image': 'exitsign.jpg', 'T1PA': 'P', 'T2PA': 'P', 'PicFolder': 'JPG\\', 'Picture': 'exitsign', 'FullPathName': 'C:\\\\Users\\\\Psychology\\\\Documents\\\\ABExperiment\\\\MemoryStudy\\\\resources\\\\JPG\\\\exitsign.jpg', 'FilePath': 'C:\\\\Users\\\\Psychology\\\\Documents\\\\ABExperiment\\\\MemoryStudy\\\\resources\\\\JPG\\\\'}
27.6573 	DATA 	Keypress: 1
27.6691 	EXP 	MemTest: autoDraw = False
27.6691 	EXP 	Display: autoDraw = False
27.6691 	EXP 	Display: image = 'C:\\\\Users\\\\Psychology\\\\Documents\\\\ABExperiment\\\\MemoryStudy\\\\resources\\\\JPG\\\\exitsign.jpg'
27.6691 	EXP 	MemTest: autoDraw = True
27.6691 	EXP 	Display: autoDraw = True
28.0524 	EXP 	New trial (rep=0, index=42): {'TrialType': 'Mem', 'Lag': 1, 'Image': 'fortunecookie.jpg', 'T1PA': 'P', 'T2PA': 'P', 'PicFolder': 'JPG\\', 'Picture': 'fortunecookie', 'FullPathName': 'C:\\\\Users\\\\Psychology\\\\Documents\\\\ABExperiment\\\\MemoryStudy\\\\resources\\\\JPG\\\\fortunecookie.jpg', 'FilePath': 'C:\\\\Users\\\\Psychology\\\\Documents\\\\ABExperiment\\\\MemoryStudy\\\\resources\\\\JPG\\\\'}
28.0577 	DATA 	Keypress: 1
28.0697 	EXP 	MemTest: autoDraw = False
28.0697 	EXP 	Display: autoDraw = False
28.0697 	EXP 	Display: image = 'C:\\\\Users\\\\Psychology\\\\Documents\\\\ABExperiment\\\\MemoryStudy\\\\resources\\\\JPG\\\\fortunecookie.jpg'
28.0697 	EXP 	MemTest: autoDraw = True
28.0697 	EXP 	Display: autoDraw = True
28.4028 	EXP 	New trial (rep=0, index=43): {'TrialType': 'Mem', 'Lag': 1, 'Image': 'harmonica.jpg', 'T1PA': 'P', 'T2PA': 'P', 'PicFolder': 'JPG\\', 'Picture': 'harmonica', 'FullPathName': 'C:\\\\Users\\\\Psychology\\\\Documents\\\\ABExperiment\\\\MemoryStudy\\\\resources\\\\JPG\\\\harmonica.jpg', 'FilePath': 'C:\\\\Users\\\\Psychology\\\\Documents\\\\ABExperiment\\\\MemoryStudy\\\\resources\\\\JPG\\\\'}
28.4080 	DATA 	Keypress: 1
28.4198 	EXP 	MemTest: autoDraw = False
28.4198 	EXP 	Display: autoDraw = False
28.4198 	EXP 	Display: image = 'C:\\\\Users\\\\Psychology\\\\Documents\\\\ABExperiment\\\\MemoryStudy\\\\resources\\\\JPG\\\\harmonica.jpg'
28.4198 	EXP 	MemTest: autoDraw = True
28.4198 	EXP 	Display: autoDraw = True
28.7864 	EXP 	New trial (rep=0, index=44): {'TrialType': 'Mem', 'Lag': 1, 'Image': 'doghouse.jpg', 'T1PA': 'P', 'T2PA': 'P', 'PicFolder': 'JPG\\', 'Picture': 'doghouse', 'FullPathName': 'C:\\\\Users\\\\Psychology\\\\Documents\\\\ABExperiment\\\\MemoryStudy\\\\resources\\\\JPG\\\\doghouse.jpg', 'FilePath': 'C:\\\\Users\\\\Psychology\\\\Documents\\\\ABExperiment\\\\MemoryStudy\\\\resources\\\\JPG\\\\'}
28.7917 	DATA 	Keypress: 1
28.8037 	EXP 	MemTest: autoDraw = False
28.8037 	EXP 	Display: autoDraw = False
28.8037 	EXP 	Display: image = 'C:\\\\Users\\\\Psychology\\\\Documents\\\\ABExperiment\\\\MemoryStudy\\\\resources\\\\JPG\\\\doghouse.jpg'
28.8037 	EXP 	MemTest: autoDraw = True
28.8037 	EXP 	Display: autoDraw = True
29.2036 	EXP 	New trial (rep=0, index=45): {'TrialType': 'Mem', 'Lag': 1, 'Image': 'ladder.jpg', 'T1PA': 'P', 'T2PA': 'P', 'PicFolder': 'JPG\\', 'Picture': 'ladder', 'FullPathName': 'C:\\\\Users\\\\Psychology\\\\Documents\\\\ABExperiment\\\\MemoryStudy\\\\resources\\\\JPG\\\\ladder.jpg', 'FilePath': 'C:\\\\Users\\\\Psychology\\\\Documents\\\\ABExperiment\\\\MemoryStudy\\\\resources\\\\JPG\\\\'}
29.2088 	DATA 	Keypress: 1
29.2207 	EXP 	MemTest: autoDraw = False
29.2207 	EXP 	Display: autoDraw = False
29.2207 	EXP 	Display: image = 'C:\\\\Users\\\\Psychology\\\\Documents\\\\ABExperiment\\\\MemoryStudy\\\\resources\\\\JPG\\\\ladder.jpg'
29.2207 	EXP 	MemTest: autoDraw = True
29.2207 	EXP 	Display: autoDraw = True
29.6040 	EXP 	New trial (rep=0, index=46): {'TrialType': 'Mem', 'Lag': 1, 'Image': 'lawnmower.jpg', 'T1PA': 'P', 'T2PA': 'P', 'PicFolder': 'JPG\\', 'Picture': 'lawnmower', 'FullPathName': 'C:\\\\Users\\\\Psychology\\\\Documents\\\\ABExperiment\\\\MemoryStudy\\\\resources\\\\JPG\\\\lawnmower.jpg', 'FilePath': 'C:\\\\Users\\\\Psychology\\\\Documents\\\\ABExperiment\\\\MemoryStudy\\\\resources\\\\JPG\\\\'}
29.6092 	DATA 	Keypress: 1
29.6211 	EXP 	MemTest: autoDraw = False
29.6211 	EXP 	Display: autoDraw = False
29.6211 	EXP 	Display: image = 'C:\\\\Users\\\\Psychology\\\\Documents\\\\ABExperiment\\\\MemoryStudy\\\\resources\\\\JPG\\\\lawnmower.jpg'
29.6211 	EXP 	MemTest: autoDraw = True
29.6211 	EXP 	Display: autoDraw = True
30.5538 	EXP 	New trial (rep=0, index=47): {'TrialType': 'Mem', 'Lag': 1, 'Image': 'parkingsign.jpg', 'T1PA': 'P', 'T2PA': 'P', 'PicFolder': 'JPG\\', 'Picture': 'parkingsign', 'FullPathName': 'C:\\\\Users\\\\Psychology\\\\Documents\\\\ABExperiment\\\\MemoryStudy\\\\resources\\\\JPG\\\\parkingsign.jpg', 'FilePath': 'C:\\\\Users\\\\Psychology\\\\Documents\\\\ABExperiment\\\\MemoryStudy\\\\resources\\\\JPG\\\\'}
30.5578 	DATA 	Keypress: 1
30.5701 	EXP 	MemTest: autoDraw = False
30.5701 	EXP 	Display: autoDraw = False
30.5701 	EXP 	Display: image = 'C:\\\\Users\\\\Psychology\\\\Documents\\\\ABExperiment\\\\MemoryStudy\\\\resources\\\\JPG\\\\parkingsign.jpg'
30.5701 	EXP 	MemTest: autoDraw = True
30.5701 	EXP 	Display: autoDraw = True
31.4429 	EXP 	New trial (rep=0, index=48): {'TrialType': 'Mem', 'Lag': 1, 'Image': 'skunk.jpg', 'T1PA': 'P', 'T2PA': 'P', 'PicFolder': 'JPG\\', 'Picture': 'skunk', 'FullPathName': 'C:\\\\Users\\\\Psychology\\\\Documents\\\\ABExperiment\\\\MemoryStudy\\\\resources\\\\JPG\\\\skunk.jpg', 'FilePath': 'C:\\\\Users\\\\Psychology\\\\Documents\\\\ABExperiment\\\\MemoryStudy\\\\resources\\\\JPG\\\\'}
31.4536 	DATA 	Keypress: 1
31.4615 	EXP 	MemTest: autoDraw = False
31.4615 	EXP 	Display: autoDraw = False
31.4615 	EXP 	Display: image = 'C:\\\\Users\\\\Psychology\\\\Documents\\\\ABExperiment\\\\MemoryStudy\\\\resources\\\\JPG\\\\skunk.jpg'
31.4615 	EXP 	MemTest: autoDraw = True
31.4615 	EXP 	Display: autoDraw = True
31.8930 	EXP 	New trial (rep=0, index=49): {'TrialType': 'Mem', 'Lag': 1, 'Image': 'snowboard.jpg', 'T1PA': 'P', 'T2PA': 'P', 'PicFolder': 'JPG\\', 'Picture': 'snowboard', 'FullPathName': 'C:\\\\Users\\\\Psychology\\\\Documents\\\\ABExperiment\\\\MemoryStudy\\\\resources\\\\JPG\\\\snowboard.jpg', 'FilePath': 'C:\\\\Users\\\\Psychology\\\\Documents\\\\ABExperiment\\\\MemoryStudy\\\\resources\\\\JPG\\\\'}
31.9024 	DATA 	Keypress: 1
31.9101 	EXP 	MemTest: autoDraw = False
31.9101 	EXP 	Display: autoDraw = False
31.9101 	EXP 	Display: image = 'C:\\\\Users\\\\Psychology\\\\Documents\\\\ABExperiment\\\\MemoryStudy\\\\resources\\\\JPG\\\\snowboard.jpg'
31.9101 	EXP 	MemTest: autoDraw = True
31.9101 	EXP 	Display: autoDraw = True
32.3100 	EXP 	New trial (rep=0, index=50): {'TrialType': 'Mem', 'Lag': 1, 'Image': 'tiger02.jpg', 'T1PA': 'P', 'T2PA': 'P', 'PicFolder': 'JPG\\', 'Picture': 'tiger02', 'FullPathName': 'C:\\\\Users\\\\Psychology\\\\Documents\\\\ABExperiment\\\\MemoryStudy\\\\resources\\\\JPG\\\\tiger02.jpg', 'FilePath': 'C:\\\\Users\\\\Psychology\\\\Documents\\\\ABExperiment\\\\MemoryStudy\\\\resources\\\\JPG\\\\'}
32.3234 	DATA 	Keypress: 1
32.3312 	EXP 	MemTest: autoDraw = False
32.3312 	EXP 	Display: autoDraw = False
32.3312 	EXP 	Display: image = 'C:\\\\Users\\\\Psychology\\\\Documents\\\\ABExperiment\\\\MemoryStudy\\\\resources\\\\JPG\\\\tiger02.jpg'
32.3312 	EXP 	MemTest: autoDraw = True
32.3312 	EXP 	Display: autoDraw = True
32.7106 	EXP 	New trial (rep=0, index=51): {'TrialType': 'Mem', 'Lag': 1, 'Image': 'tree.jpg', 'T1PA': 'P', 'T2PA': 'P', 'PicFolder': 'JPG\\', 'Picture': 'tree', 'FullPathName': 'C:\\\\Users\\\\Psychology\\\\Documents\\\\ABExperiment\\\\MemoryStudy\\\\resources\\\\JPG\\\\tree.jpg', 'FilePath': 'C:\\\\Users\\\\Psychology\\\\Documents\\\\ABExperiment\\\\MemoryStudy\\\\resources\\\\JPG\\\\'}
32.7282 	DATA 	Keypress: 1
32.7359 	EXP 	MemTest: autoDraw = False
32.7359 	EXP 	Display: autoDraw = False
32.7359 	EXP 	Display: image = 'C:\\\\Users\\\\Psychology\\\\Documents\\\\ABExperiment\\\\MemoryStudy\\\\resources\\\\JPG\\\\tree.jpg'
32.7359 	EXP 	MemTest: autoDraw = True
32.7359 	EXP 	Display: autoDraw = True
33.0943 	EXP 	New trial (rep=0, index=52): {'TrialType': 'Mem', 'Lag': 1, 'Image': 'waterfall.jpg', 'T1PA': 'P', 'T2PA': 'P', 'PicFolder': 'JPG\\', 'Picture': 'waterfall', 'FullPathName': 'C:\\\\Users\\\\Psychology\\\\Documents\\\\ABExperiment\\\\MemoryStudy\\\\resources\\\\JPG\\\\waterfall.jpg', 'FilePath': 'C:\\\\Users\\\\Psychology\\\\Documents\\\\ABExperiment\\\\MemoryStudy\\\\resources\\\\JPG\\\\'}
33.1087 	DATA 	Keypress: 1
33.1166 	EXP 	MemTest: autoDraw = False
33.1166 	EXP 	Display: autoDraw = False
33.1166 	EXP 	Display: image = 'C:\\\\Users\\\\Psychology\\\\Documents\\\\ABExperiment\\\\MemoryStudy\\\\resources\\\\JPG\\\\waterfall.jpg'
33.1166 	EXP 	MemTest: autoDraw = True
33.1166 	EXP 	Display: autoDraw = True
33.4779 	EXP 	New trial (rep=0, index=53): {'TrialType': 'Mem', 'Lag': 1, 'Image': 'bow.jpg', 'T1PA': 'P', 'T2PA': 'P', 'PicFolder': 'JPG\\', 'Picture': 'bow', 'FullPathName': 'C:\\\\Users\\\\Psychology\\\\Documents\\\\ABExperiment\\\\MemoryStudy\\\\resources\\\\JPG\\\\bow.jpg', 'FilePath': 'C:\\\\Users\\\\Psychology\\\\Documents\\\\ABExperiment\\\\MemoryStudy\\\\resources\\\\JPG\\\\'}
33.4904 	DATA 	Keypress: 1
33.4982 	EXP 	MemTest: autoDraw = False
33.4982 	EXP 	Display: autoDraw = False
33.4982 	EXP 	Display: image = 'C:\\\\Users\\\\Psychology\\\\Documents\\\\ABExperiment\\\\MemoryStudy\\\\resources\\\\JPG\\\\bow.jpg'
33.4982 	EXP 	MemTest: autoDraw = True
33.4982 	EXP 	Display: autoDraw = True
33.9129 	DATA 	Keypress: 1
33.9283 	EXP 	New trial (rep=0, index=54): {'TrialType': 'Mem', 'Lag': 1, 'Image': 'arugula.jpg', 'T1PA': 'P', 'T2PA': 'P', 'PicFolder': 'JPG\\', 'Picture': 'arugula', 'FullPathName': 'C:\\\\Users\\\\Psychology\\\\Documents\\\\ABExperiment\\\\MemoryStudy\\\\resources\\\\JPG\\\\arugula.jpg', 'FilePath': 'C:\\\\Users\\\\Psychology\\\\Documents\\\\ABExperiment\\\\MemoryStudy\\\\resources\\\\JPG\\\\'}
34.0587 	EXP 	MemTest: autoDraw = False
34.0587 	EXP 	Display: autoDraw = False
34.0587 	EXP 	Display: image = 'C:\\\\Users\\\\Psychology\\\\Documents\\\\ABExperiment\\\\MemoryStudy\\\\resources\\\\JPG\\\\arugula.jpg'
34.0587 	EXP 	MemTest: autoDraw = True
34.0587 	EXP 	Display: autoDraw = True
34.4260 	EXP 	New trial (rep=0, index=55): {'TrialType': 'Mem', 'Lag': 1, 'Image': 'beaver.jpg', 'T1PA': 'P', 'T2PA': 'P', 'PicFolder': 'JPG\\', 'Picture': 'beaver', 'FullPathName': 'C:\\\\Users\\\\Psychology\\\\Documents\\\\ABExperiment\\\\MemoryStudy\\\\resources\\\\JPG\\\\beaver.jpg', 'FilePath': 'C:\\\\Users\\\\Psychology\\\\Documents\\\\ABExperiment\\\\MemoryStudy\\\\resources\\\\JPG\\\\'}
34.4361 	DATA 	Keypress: 1
34.4442 	EXP 	MemTest: autoDraw = False
34.4442 	EXP 	Display: autoDraw = False
34.4442 	EXP 	Display: image = 'C:\\\\Users\\\\Psychology\\\\Documents\\\\ABExperiment\\\\MemoryStudy\\\\resources\\\\JPG\\\\beaver.jpg'
34.4442 	EXP 	MemTest: autoDraw = True
34.4442 	EXP 	Display: autoDraw = True
34.8927 	EXP 	New trial (rep=0, index=56): {'TrialType': 'Mem', 'Lag': 1, 'Image': 'snowglobe.jpg', 'T1PA': 'P', 'T2PA': 'P', 'PicFolder': 'JPG\\', 'Picture': 'snowglobe', 'FullPathName': 'C:\\\\Users\\\\Psychology\\\\Documents\\\\ABExperiment\\\\MemoryStudy\\\\resources\\\\JPG\\\\snowglobe.jpg', 'FilePath': 'C:\\\\Users\\\\Psychology\\\\Documents\\\\ABExperiment\\\\MemoryStudy\\\\resources\\\\JPG\\\\'}
34.9920 	DATA 	Keypress: 1
35.0026 	EXP 	MemTest: autoDraw = False
35.0026 	EXP 	Display: autoDraw = False
35.0026 	EXP 	Display: image = 'C:\\\\Users\\\\Psychology\\\\Documents\\\\ABExperiment\\\\MemoryStudy\\\\resources\\\\JPG\\\\snowglobe.jpg'
35.0026 	EXP 	MemTest: autoDraw = True
35.0026 	EXP 	Display: autoDraw = True
35.4437 	EXP 	New trial (rep=0, index=57): {'TrialType': 'Mem', 'Lag': 1, 'Image': 'bullet.jpg', 'T1PA': 'P', 'T2PA': 'P', 'PicFolder': 'JPG\\', 'Picture': 'bullet', 'FullPathName': 'C:\\\\Users\\\\Psychology\\\\Documents\\\\ABExperiment\\\\MemoryStudy\\\\resources\\\\JPG\\\\bullet.jpg', 'FilePath': 'C:\\\\Users\\\\Psychology\\\\Documents\\\\ABExperiment\\\\MemoryStudy\\\\resources\\\\JPG\\\\'}
35.4492 	DATA 	Keypress: 1
35.4614 	EXP 	MemTest: autoDraw = False
35.4614 	EXP 	Display: autoDraw = False
35.4614 	EXP 	Display: image = 'C:\\\\Users\\\\Psychology\\\\Documents\\\\ABExperiment\\\\MemoryStudy\\\\resources\\\\JPG\\\\bullet.jpg'
35.4614 	EXP 	MemTest: autoDraw = True
35.4614 	EXP 	Display: autoDraw = True
35.8839 	EXP 	New trial (rep=0, index=58): {'TrialType': 'Mem', 'Lag': 1, 'Image': 'cactus.jpg', 'T1PA': 'P', 'T2PA': 'P', 'PicFolder': 'JPG\\', 'Picture': 'cactus', 'FullPathName': 'C:\\\\Users\\\\Psychology\\\\Documents\\\\ABExperiment\\\\MemoryStudy\\\\resources\\\\JPG\\\\cactus.jpg', 'FilePath': 'C:\\\\Users\\\\Psychology\\\\Documents\\\\ABExperiment\\\\MemoryStudy\\\\resources\\\\JPG\\\\'}
35.9007 	DATA 	Keypress: 1
35.9086 	EXP 	MemTest: autoDraw = False
35.9086 	EXP 	Display: autoDraw = False
35.9086 	EXP 	Display: image = 'C:\\\\Users\\\\Psychology\\\\Documents\\\\ABExperiment\\\\MemoryStudy\\\\resources\\\\JPG\\\\cactus.jpg'
35.9086 	EXP 	MemTest: autoDraw = True
35.9086 	EXP 	Display: autoDraw = True
36.2938 	EXP 	New trial (rep=0, index=59): {'TrialType': 'Mem', 'Lag': 1, 'Image': 'cow.jpg', 'T1PA': 'P', 'T2PA': 'P', 'PicFolder': 'JPG\\', 'Picture': 'cow', 'FullPathName': 'C:\\\\Users\\\\Psychology\\\\Documents\\\\ABExperiment\\\\MemoryStudy\\\\resources\\\\JPG\\\\cow.jpg', 'FilePath': 'C:\\\\Users\\\\Psychology\\\\Documents\\\\ABExperiment\\\\MemoryStudy\\\\resources\\\\JPG\\\\'}
36.3000 	DATA 	Keypress: 1
36.3111 	EXP 	MemTest: autoDraw = False
36.3111 	EXP 	Display: autoDraw = False
36.3111 	EXP 	Display: image = 'C:\\\\Users\\\\Psychology\\\\Documents\\\\ABExperiment\\\\MemoryStudy\\\\resources\\\\JPG\\\\cow.jpg'
36.3111 	EXP 	MemTest: autoDraw = True
36.3111 	EXP 	Display: autoDraw = True
36.6445 	EXP 	New trial (rep=0, index=60): {'TrialType': 'Mem', 'Lag': 1, 'Image': 'discoball.jpg', 'T1PA': 'P', 'T2PA': 'P', 'PicFolder': 'JPG\\', 'Picture': 'discoball', 'FullPathName': 'C:\\\\Users\\\\Psychology\\\\Documents\\\\ABExperiment\\\\MemoryStudy\\\\resources\\\\JPG\\\\discoball.jpg', 'FilePath': 'C:\\\\Users\\\\Psychology\\\\Documents\\\\ABExperiment\\\\MemoryStudy\\\\resources\\\\JPG\\\\'}
36.6553 	DATA 	Keypress: 1
36.6628 	EXP 	MemTest: autoDraw = False
36.6628 	EXP 	Display: autoDraw = False
36.6628 	EXP 	Display: image = 'C:\\\\Users\\\\Psychology\\\\Documents\\\\ABExperiment\\\\MemoryStudy\\\\resources\\\\JPG\\\\discoball.jpg'
36.6628 	EXP 	MemTest: autoDraw = True
36.6628 	EXP 	Display: autoDraw = True
36.9945 	EXP 	New trial (rep=0, index=61): {'TrialType': 'Mem', 'Lag': 1, 'Image': 'drumstick.jpg', 'T1PA': 'P', 'T2PA': 'P', 'PicFolder': 'JPG\\', 'Picture': 'drumstick', 'FullPathName': 'C:\\\\Users\\\\Psychology\\\\Documents\\\\ABExperiment\\\\MemoryStudy\\\\resources\\\\JPG\\\\drumstick.jpg', 'FilePath': 'C:\\\\Users\\\\Psychology\\\\Documents\\\\ABExperiment\\\\MemoryStudy\\\\resources\\\\JPG\\\\'}
37.0049 	DATA 	Keypress: 1
37.0123 	EXP 	MemTest: autoDraw = False
37.0123 	EXP 	Display: autoDraw = False
37.0123 	EXP 	Display: image = 'C:\\\\Users\\\\Psychology\\\\Documents\\\\ABExperiment\\\\MemoryStudy\\\\resources\\\\JPG\\\\drumstick.jpg'
37.0123 	EXP 	MemTest: autoDraw = True
37.0123 	EXP 	Display: autoDraw = True
37.3617 	EXP 	New trial (rep=0, index=62): {'TrialType': 'Mem', 'Lag': 1, 'Image': 'fingerprint.jpg', 'T1PA': 'P', 'T2PA': 'P', 'PicFolder': 'JPG\\', 'Picture': 'fingerprint', 'FullPathName': 'C:\\\\Users\\\\Psychology\\\\Documents\\\\ABExperiment\\\\MemoryStudy\\\\resources\\\\JPG\\\\fingerprint.jpg', 'FilePath': 'C:\\\\Users\\\\Psychology\\\\Documents\\\\ABExperiment\\\\MemoryStudy\\\\resources\\\\JPG\\\\'}
37.3715 	DATA 	Keypress: 1
37.3791 	EXP 	MemTest: autoDraw = False
37.3791 	EXP 	Display: autoDraw = False
37.3791 	EXP 	Display: image = 'C:\\\\Users\\\\Psychology\\\\Documents\\\\ABExperiment\\\\MemoryStudy\\\\resources\\\\JPG\\\\fingerprint.jpg'
37.3791 	EXP 	MemTest: autoDraw = True
37.3791 	EXP 	Display: autoDraw = True
37.7287 	EXP 	New trial (rep=0, index=63): {'TrialType': 'Mem', 'Lag': 1, 'Image': 'hockeystick.jpg', 'T1PA': 'P', 'T2PA': 'P', 'PicFolder': 'JPG\\', 'Picture': 'hockeystick', 'FullPathName': 'C:\\\\Users\\\\Psychology\\\\Documents\\\\ABExperiment\\\\MemoryStudy\\\\resources\\\\JPG\\\\hockeystick.jpg', 'FilePath': 'C:\\\\Users\\\\Psychology\\\\Documents\\\\ABExperiment\\\\MemoryStudy\\\\resources\\\\JPG\\\\'}
37.7387 	DATA 	Keypress: 1
37.7461 	EXP 	MemTest: autoDraw = False
37.7461 	EXP 	Display: autoDraw = False
37.7461 	EXP 	Display: image = 'C:\\\\Users\\\\Psychology\\\\Documents\\\\ABExperiment\\\\MemoryStudy\\\\resources\\\\JPG\\\\hockeystick.jpg'
37.7461 	EXP 	MemTest: autoDraw = True
37.7461 	EXP 	Display: autoDraw = True
38.0958 	EXP 	New trial (rep=0, index=64): {'TrialType': 'Mem', 'Lag': 1, 'Image': 'hulahoop.jpg', 'T1PA': 'P', 'T2PA': 'P', 'PicFolder': 'JPG\\', 'Picture': 'hulahoop', 'FullPathName': 'C:\\\\Users\\\\Psychology\\\\Documents\\\\ABExperiment\\\\MemoryStudy\\\\resources\\\\JPG\\\\hulahoop.jpg', 'FilePath': 'C:\\\\Users\\\\Psychology\\\\Documents\\\\ABExperiment\\\\MemoryStudy\\\\resources\\\\JPG\\\\'}
38.1021 	DATA 	Keypress: 1
38.1130 	EXP 	MemTest: autoDraw = False
38.1130 	EXP 	Display: autoDraw = False
38.1130 	EXP 	Display: image = 'C:\\\\Users\\\\Psychology\\\\Documents\\\\ABExperiment\\\\MemoryStudy\\\\resources\\\\JPG\\\\hulahoop.jpg'
38.1130 	EXP 	MemTest: autoDraw = True
38.1130 	EXP 	Display: autoDraw = True
38.4636 	DATA 	Keypress: 1
38.4794 	EXP 	New trial (rep=0, index=65): {'TrialType': 'Mem', 'Lag': 1, 'Image': 'ladybug03.jpg', 'T1PA': 'P', 'T2PA': 'P', 'PicFolder': 'JPG\\', 'Picture': 'ladybug03', 'FullPathName': 'C:\\\\Users\\\\Psychology\\\\Documents\\\\ABExperiment\\\\MemoryStudy\\\\resources\\\\JPG\\\\ladybug03.jpg', 'FilePath': 'C:\\\\Users\\\\Psychology\\\\Documents\\\\ABExperiment\\\\MemoryStudy\\\\resources\\\\JPG\\\\'}
38.4964 	EXP 	MemTest: autoDraw = False
38.4964 	EXP 	Display: autoDraw = False
38.4964 	EXP 	Display: image = 'C:\\\\Users\\\\Psychology\\\\Documents\\\\ABExperiment\\\\MemoryStudy\\\\resources\\\\JPG\\\\ladybug03.jpg'
38.4964 	EXP 	MemTest: autoDraw = True
38.4964 	EXP 	Display: autoDraw = True
38.8132 	EXP 	New trial (rep=0, index=66): {'TrialType': 'Mem', 'Lag': 1, 'Image': 'magneticcompass.jpg', 'T1PA': 'P', 'T2PA': 'P', 'PicFolder': 'JPG\\', 'Picture': 'magneticcompass', 'FullPathName': 'C:\\\\Users\\\\Psychology\\\\Documents\\\\ABExperiment\\\\MemoryStudy\\\\resources\\\\JPG\\\\magneticcompass.jpg', 'FilePath': 'C:\\\\Users\\\\Psychology\\\\Documents\\\\ABExperiment\\\\MemoryStudy\\\\resources\\\\JPG\\\\'}
38.8238 	DATA 	Keypress: 1
38.8313 	EXP 	MemTest: autoDraw = False
38.8313 	EXP 	Display: autoDraw = False
38.8313 	EXP 	Display: image = 'C:\\\\Users\\\\Psychology\\\\Documents\\\\ABExperiment\\\\MemoryStudy\\\\resources\\\\JPG\\\\magneticcompass.jpg'
38.8313 	EXP 	MemTest: autoDraw = True
38.8313 	EXP 	Display: autoDraw = True
39.1469 	EXP 	New trial (rep=0, index=67): {'TrialType': 'Mem', 'Lag': 1, 'Image': 'moose.jpg', 'T1PA': 'P', 'T2PA': 'P', 'PicFolder': 'JPG\\', 'Picture': 'moose', 'FullPathName': 'C:\\\\Users\\\\Psychology\\\\Documents\\\\ABExperiment\\\\MemoryStudy\\\\resources\\\\JPG\\\\moose.jpg', 'FilePath': 'C:\\\\Users\\\\Psychology\\\\Documents\\\\ABExperiment\\\\MemoryStudy\\\\resources\\\\JPG\\\\'}
39.1572 	DATA 	Keypress: 1
39.1646 	EXP 	MemTest: autoDraw = False
39.1646 	EXP 	Display: autoDraw = False
39.1646 	EXP 	Display: image = 'C:\\\\Users\\\\Psychology\\\\Documents\\\\ABExperiment\\\\MemoryStudy\\\\resources\\\\JPG\\\\moose.jpg'
39.1646 	EXP 	MemTest: autoDraw = True
39.1646 	EXP 	Display: autoDraw = True
39.4980 	DATA 	Keypress: 1
39.5137 	EXP 	New trial (rep=0, index=68): {'TrialType': 'Mem', 'Lag': 1, 'Image': 'peacock.jpg', 'T1PA': 'P', 'T2PA': 'P', 'PicFolder': 'JPG\\', 'Picture': 'peacock', 'FullPathName': 'C:\\\\Users\\\\Psychology\\\\Documents\\\\ABExperiment\\\\MemoryStudy\\\\resources\\\\JPG\\\\peacock.jpg', 'FilePath': 'C:\\\\Users\\\\Psychology\\\\Documents\\\\ABExperiment\\\\MemoryStudy\\\\resources\\\\JPG\\\\'}
39.5317 	EXP 	MemTest: autoDraw = False
39.5317 	EXP 	Display: autoDraw = False
39.5317 	EXP 	Display: image = 'C:\\\\Users\\\\Psychology\\\\Documents\\\\ABExperiment\\\\MemoryStudy\\\\resources\\\\JPG\\\\peacock.jpg'
39.5317 	EXP 	MemTest: autoDraw = True
39.5317 	EXP 	Display: autoDraw = True
39.8483 	DATA 	Keypress: 1
39.8641 	EXP 	New trial (rep=0, index=69): {'TrialType': 'Mem', 'Lag': 1, 'Image': 'rooster.jpg', 'T1PA': 'P', 'T2PA': 'P', 'PicFolder': 'JPG\\', 'Picture': 'rooster', 'FullPathName': 'C:\\\\Users\\\\Psychology\\\\Documents\\\\ABExperiment\\\\MemoryStudy\\\\resources\\\\JPG\\\\rooster.jpg', 'FilePath': 'C:\\\\Users\\\\Psychology\\\\Documents\\\\ABExperiment\\\\MemoryStudy\\\\resources\\\\JPG\\\\'}
39.8817 	EXP 	MemTest: autoDraw = False
39.8817 	EXP 	Display: autoDraw = False
39.8817 	EXP 	Display: image = 'C:\\\\Users\\\\Psychology\\\\Documents\\\\ABExperiment\\\\MemoryStudy\\\\resources\\\\JPG\\\\rooster.jpg'
39.8817 	EXP 	MemTest: autoDraw = True
39.8817 	EXP 	Display: autoDraw = True
40.2145 	EXP 	New trial (rep=0, index=70): {'TrialType': 'Mem', 'Lag': 1, 'Image': 'sandcastle.jpg', 'T1PA': 'P', 'T2PA': 'P', 'PicFolder': 'JPG\\', 'Picture': 'sandcastle', 'FullPathName': 'C:\\\\Users\\\\Psychology\\\\Documents\\\\ABExperiment\\\\MemoryStudy\\\\resources\\\\JPG\\\\sandcastle.jpg', 'FilePath': 'C:\\\\Users\\\\Psychology\\\\Documents\\\\ABExperiment\\\\MemoryStudy\\\\resources\\\\JPG\\\\'}
40.2207 	DATA 	Keypress: 1
40.2319 	EXP 	MemTest: autoDraw = False
40.2319 	EXP 	Display: autoDraw = False
40.2319 	EXP 	Display: image = 'C:\\\\Users\\\\Psychology\\\\Documents\\\\ABExperiment\\\\MemoryStudy\\\\resources\\\\JPG\\\\sandcastle.jpg'
40.2319 	EXP 	MemTest: autoDraw = True
40.2319 	EXP 	Display: autoDraw = True
40.5647 	EXP 	New trial (rep=0, index=71): {'TrialType': 'Mem', 'Lag': 1, 'Image': 'sheep.jpg', 'T1PA': 'P', 'T2PA': 'P', 'PicFolder': 'JPG\\', 'Picture': 'sheep', 'FullPathName': 'C:\\\\Users\\\\Psychology\\\\Documents\\\\ABExperiment\\\\MemoryStudy\\\\resources\\\\JPG\\\\sheep.jpg', 'FilePath': 'C:\\\\Users\\\\Psychology\\\\Documents\\\\ABExperiment\\\\MemoryStudy\\\\resources\\\\JPG\\\\'}
40.5756 	DATA 	Keypress: 1
40.5831 	EXP 	MemTest: autoDraw = False
40.5831 	EXP 	Display: autoDraw = False
40.5831 	EXP 	Display: image = 'C:\\\\Users\\\\Psychology\\\\Documents\\\\ABExperiment\\\\MemoryStudy\\\\resources\\\\JPG\\\\sheep.jpg'
40.5831 	EXP 	MemTest: autoDraw = True
40.5831 	EXP 	Display: autoDraw = True
40.8819 	EXP 	New trial (rep=0, index=72): {'TrialType': 'Mem', 'Lag': 1, 'Image': 'spiderweb.jpg', 'T1PA': 'P', 'T2PA': 'P', 'PicFolder': 'JPG\\', 'Picture': 'spiderweb', 'FullPathName': 'C:\\\\Users\\\\Psychology\\\\Documents\\\\ABExperiment\\\\MemoryStudy\\\\resources\\\\JPG\\\\spiderweb.jpg', 'FilePath': 'C:\\\\Users\\\\Psychology\\\\Documents\\\\ABExperiment\\\\MemoryStudy\\\\resources\\\\JPG\\\\'}
40.8882 	DATA 	Keypress: 1
40.8992 	EXP 	MemTest: autoDraw = False
40.8992 	EXP 	Display: autoDraw = False
40.8992 	EXP 	Display: image = 'C:\\\\Users\\\\Psychology\\\\Documents\\\\ABExperiment\\\\MemoryStudy\\\\resources\\\\JPG\\\\spiderweb.jpg'
40.8992 	EXP 	MemTest: autoDraw = True
40.8992 	EXP 	Display: autoDraw = True
41.2491 	EXP 	New trial (rep=0, index=73): {'TrialType': 'Mem', 'Lag': 1, 'Image': 'trampoline.jpg', 'T1PA': 'P', 'T2PA': 'P', 'PicFolder': 'JPG\\', 'Picture': 'trampoline', 'FullPathName': 'C:\\\\Users\\\\Psychology\\\\Documents\\\\ABExperiment\\\\MemoryStudy\\\\resources\\\\JPG\\\\trampoline.jpg', 'FilePath': 'C:\\\\Users\\\\Psychology\\\\Documents\\\\ABExperiment\\\\MemoryStudy\\\\resources\\\\JPG\\\\'}
41.2553 	DATA 	Keypress: 1
41.2662 	EXP 	MemTest: autoDraw = False
41.2662 	EXP 	Display: autoDraw = False
41.2662 	EXP 	Display: image = 'C:\\\\Users\\\\Psychology\\\\Documents\\\\ABExperiment\\\\MemoryStudy\\\\resources\\\\JPG\\\\trampoline.jpg'
41.2662 	EXP 	MemTest: autoDraw = True
41.2662 	EXP 	Display: autoDraw = True
41.5833 	DATA 	Keypress: 1
41.5991 	EXP 	New trial (rep=0, index=74): {'TrialType': 'Mem', 'Lag': 1, 'Image': 'trophy01.jpg', 'T1PA': 'P', 'T2PA': 'P', 'PicFolder': 'JPG\\', 'Picture': 'trophy01', 'FullPathName': 'C:\\\\Users\\\\Psychology\\\\Documents\\\\ABExperiment\\\\MemoryStudy\\\\resources\\\\JPG\\\\trophy01.jpg', 'FilePath': 'C:\\\\Users\\\\Psychology\\\\Documents\\\\ABExperiment\\\\MemoryStudy\\\\resources\\\\JPG\\\\'}
41.6166 	EXP 	MemTest: autoDraw = False
41.6166 	EXP 	Display: autoDraw = False
41.6166 	EXP 	Display: image = 'C:\\\\Users\\\\Psychology\\\\Documents\\\\ABExperiment\\\\MemoryStudy\\\\resources\\\\JPG\\\\trophy01.jpg'
41.6166 	EXP 	MemTest: autoDraw = True
41.6166 	EXP 	Display: autoDraw = True
41.9163 	EXP 	New trial (rep=0, index=75): {'TrialType': 'Mem', 'Lag': 1, 'Image': 'windmill.jpg', 'T1PA': 'P', 'T2PA': 'P', 'PicFolder': 'JPG\\', 'Picture': 'windmill', 'FullPathName': 'C:\\\\Users\\\\Psychology\\\\Documents\\\\ABExperiment\\\\MemoryStudy\\\\resources\\\\JPG\\\\windmill.jpg', 'FilePath': 'C:\\\\Users\\\\Psychology\\\\Documents\\\\ABExperiment\\\\MemoryStudy\\\\resources\\\\JPG\\\\'}
41.9267 	DATA 	Keypress: 1
41.9342 	EXP 	MemTest: autoDraw = False
41.9342 	EXP 	Display: autoDraw = False
41.9342 	EXP 	Display: image = 'C:\\\\Users\\\\Psychology\\\\Documents\\\\ABExperiment\\\\MemoryStudy\\\\resources\\\\JPG\\\\windmill.jpg'
41.9342 	EXP 	MemTest: autoDraw = True
41.9342 	EXP 	Display: autoDraw = True
42.2498 	EXP 	New trial (rep=0, index=76): {'TrialType': 'Mem', 'Lag': 1, 'Image': 'arrow02.jpg', 'T1PA': 'P', 'T2PA': 'P', 'PicFolder': 'JPG\\', 'Picture': 'arrow02', 'FullPathName': 'C:\\\\Users\\\\Psychology\\\\Documents\\\\ABExperiment\\\\MemoryStudy\\\\resources\\\\JPG\\\\arrow02.jpg', 'FilePath': 'C:\\\\Users\\\\Psychology\\\\Documents\\\\ABExperiment\\\\MemoryStudy\\\\resources\\\\JPG\\\\'}
42.2600 	DATA 	Keypress: 1
42.2675 	EXP 	MemTest: autoDraw = False
42.2675 	EXP 	Display: autoDraw = False
42.2675 	EXP 	Display: image = 'C:\\\\Users\\\\Psychology\\\\Documents\\\\ABExperiment\\\\MemoryStudy\\\\resources\\\\JPG\\\\arrow02.jpg'
42.2675 	EXP 	MemTest: autoDraw = True
42.2675 	EXP 	Display: autoDraw = True
42.5677 	DATA 	Keypress: 1
42.5836 	EXP 	New trial (rep=0, index=77): {'TrialType': 'Mem', 'Lag': 1, 'Image': 'birdhouse.jpg', 'T1PA': 'P', 'T2PA': 'P', 'PicFolder': 'JPG\\', 'Picture': 'birdhouse', 'FullPathName': 'C:\\\\Users\\\\Psychology\\\\Documents\\\\ABExperiment\\\\MemoryStudy\\\\resources\\\\JPG\\\\birdhouse.jpg', 'FilePath': 'C:\\\\Users\\\\Psychology\\\\Documents\\\\ABExperiment\\\\MemoryStudy\\\\resources\\\\JPG\\\\'}
42.6015 	EXP 	MemTest: autoDraw = False
42.6015 	EXP 	Display: autoDraw = False
42.6015 	EXP 	Display: image = 'C:\\\\Users\\\\Psychology\\\\Documents\\\\ABExperiment\\\\MemoryStudy\\\\resources\\\\JPG\\\\birdhouse.jpg'
42.6015 	EXP 	MemTest: autoDraw = True
42.6015 	EXP 	Display: autoDraw = True
42.9005 	EXP 	New trial (rep=0, index=78): {'TrialType': 'Mem', 'Lag': 1, 'Image': 'bridge.jpg', 'T1PA': 'P', 'T2PA': 'P', 'PicFolder': 'JPG\\', 'Picture': 'bridge', 'FullPathName': 'C:\\\\Users\\\\Psychology\\\\Documents\\\\ABExperiment\\\\MemoryStudy\\\\resources\\\\JPG\\\\bridge.jpg', 'FilePath': 'C:\\\\Users\\\\Psychology\\\\Documents\\\\ABExperiment\\\\MemoryStudy\\\\resources\\\\JPG\\\\'}
42.9122 	DATA 	Keypress: 1
42.9197 	EXP 	MemTest: autoDraw = False
42.9197 	EXP 	Display: autoDraw = False
42.9197 	EXP 	Display: image = 'C:\\\\Users\\\\Psychology\\\\Documents\\\\ABExperiment\\\\MemoryStudy\\\\resources\\\\JPG\\\\bridge.jpg'
42.9197 	EXP 	MemTest: autoDraw = True
42.9197 	EXP 	Display: autoDraw = True
43.2017 	DATA 	Keypress: 1
43.2174 	EXP 	New trial (rep=0, index=79): {'TrialType': 'Mem', 'Lag': 1, 'Image': 'cashregister01.jpg', 'T1PA': 'P', 'T2PA': 'P', 'PicFolder': 'JPG\\', 'Picture': 'cashregister01', 'FullPathName': 'C:\\\\Users\\\\Psychology\\\\Documents\\\\ABExperiment\\\\MemoryStudy\\\\resources\\\\JPG\\\\cashregister01.jpg', 'FilePath': 'C:\\\\Users\\\\Psychology\\\\Documents\\\\ABExperiment\\\\MemoryStudy\\\\resources\\\\JPG\\\\'}
43.2358 	EXP 	MemTest: autoDraw = False
43.2358 	EXP 	Display: autoDraw = False
43.2358 	EXP 	Display: image = 'C:\\\\Users\\\\Psychology\\\\Documents\\\\ABExperiment\\\\MemoryStudy\\\\resources\\\\JPG\\\\cashregister01.jpg'
43.2358 	EXP 	MemTest: autoDraw = True
43.2358 	EXP 	Display: autoDraw = True
43.5353 	DATA 	Keypress: 1
43.5511 	EXP 	New trial (rep=0, index=80): {'TrialType': 'Mem', 'Lag': 1, 'Image': 'dartboard.jpg', 'T1PA': 'P', 'T2PA': 'P', 'PicFolder': 'JPG\\', 'Picture': 'dartboard', 'FullPathName': 'C:\\\\Users\\\\Psychology\\\\Documents\\\\ABExperiment\\\\MemoryStudy\\\\resources\\\\JPG\\\\dartboard.jpg', 'FilePath': 'C:\\\\Users\\\\Psychology\\\\Documents\\\\ABExperiment\\\\MemoryStudy\\\\resources\\\\JPG\\\\'}
43.5690 	EXP 	MemTest: autoDraw = False
43.5690 	EXP 	Display: autoDraw = False
43.5690 	EXP 	Display: image = 'C:\\\\Users\\\\Psychology\\\\Documents\\\\ABExperiment\\\\MemoryStudy\\\\resources\\\\JPG\\\\dartboard.jpg'
43.5690 	EXP 	MemTest: autoDraw = True
43.5690 	EXP 	Display: autoDraw = True
43.8847 	EXP 	New trial (rep=0, index=81): {'TrialType': 'Mem', 'Lag': 1, 'Image': 'dreamcatcher.jpg', 'T1PA': 'P', 'T2PA': 'P', 'PicFolder': 'JPG\\', 'Picture': 'dreamcatcher', 'FullPathName': 'C:\\\\Users\\\\Psychology\\\\Documents\\\\ABExperiment\\\\MemoryStudy\\\\resources\\\\JPG\\\\dreamcatcher.jpg', 'FilePath': 'C:\\\\Users\\\\Psychology\\\\Documents\\\\ABExperiment\\\\MemoryStudy\\\\resources\\\\JPG\\\\'}
43.8952 	DATA 	Keypress: 1
43.9026 	EXP 	MemTest: autoDraw = False
43.9026 	EXP 	Display: autoDraw = False
43.9026 	EXP 	Display: image = 'C:\\\\Users\\\\Psychology\\\\Documents\\\\ABExperiment\\\\MemoryStudy\\\\resources\\\\JPG\\\\dreamcatcher.jpg'
43.9026 	EXP 	MemTest: autoDraw = True
43.9026 	EXP 	Display: autoDraw = True
44.2019 	EXP 	New trial (rep=0, index=82): {'TrialType': 'Mem', 'Lag': 1, 'Image': 'escalator.jpg', 'T1PA': 'P', 'T2PA': 'P', 'PicFolder': 'JPG\\', 'Picture': 'escalator', 'FullPathName': 'C:\\\\Users\\\\Psychology\\\\Documents\\\\ABExperiment\\\\MemoryStudy\\\\resources\\\\JPG\\\\escalator.jpg', 'FilePath': 'C:\\\\Users\\\\Psychology\\\\Documents\\\\ABExperiment\\\\MemoryStudy\\\\resources\\\\JPG\\\\'}
44.2080 	DATA 	Keypress: 1
44.2191 	EXP 	MemTest: autoDraw = False
44.2191 	EXP 	Display: autoDraw = False
44.2191 	EXP 	Display: image = 'C:\\\\Users\\\\Psychology\\\\Documents\\\\ABExperiment\\\\MemoryStudy\\\\resources\\\\JPG\\\\escalator.jpg'
44.2191 	EXP 	MemTest: autoDraw = True
44.2191 	EXP 	Display: autoDraw = True
44.5188 	EXP 	New trial (rep=0, index=83): {'TrialType': 'Mem', 'Lag': 1, 'Image': 'firehydrant.jpg', 'T1PA': 'P', 'T2PA': 'P', 'PicFolder': 'JPG\\', 'Picture': 'firehydrant', 'FullPathName': 'C:\\\\Users\\\\Psychology\\\\Documents\\\\ABExperiment\\\\MemoryStudy\\\\resources\\\\JPG\\\\firehydrant.jpg', 'FilePath': 'C:\\\\Users\\\\Psychology\\\\Documents\\\\ABExperiment\\\\MemoryStudy\\\\resources\\\\JPG\\\\'}
44.5291 	DATA 	Keypress: 1
44.5365 	EXP 	MemTest: autoDraw = False
44.5365 	EXP 	Display: autoDraw = False
44.5365 	EXP 	Display: image = 'C:\\\\Users\\\\Psychology\\\\Documents\\\\ABExperiment\\\\MemoryStudy\\\\resources\\\\JPG\\\\firehydrant.jpg'
44.5365 	EXP 	MemTest: autoDraw = True
44.5365 	EXP 	Display: autoDraw = True
44.8525 	EXP 	New trial (rep=0, index=84): {'TrialType': 'Mem', 'Lag': 1, 'Image': 'greatwhiteshark.jpg', 'T1PA': 'P', 'T2PA': 'P', 'PicFolder': 'JPG\\', 'Picture': 'greatwhiteshark', 'FullPathName': 'C:\\\\Users\\\\Psychology\\\\Documents\\\\ABExperiment\\\\MemoryStudy\\\\resources\\\\JPG\\\\greatwhiteshark.jpg', 'FilePath': 'C:\\\\Users\\\\Psychology\\\\Documents\\\\ABExperiment\\\\MemoryStudy\\\\resources\\\\JPG\\\\'}
44.8628 	DATA 	Keypress: 1
44.8702 	EXP 	MemTest: autoDraw = False
44.8702 	EXP 	Display: autoDraw = False
44.8702 	EXP 	Display: image = 'C:\\\\Users\\\\Psychology\\\\Documents\\\\ABExperiment\\\\MemoryStudy\\\\resources\\\\JPG\\\\greatwhiteshark.jpg'
44.8702 	EXP 	MemTest: autoDraw = True
44.8702 	EXP 	Display: autoDraw = True
45.1694 	EXP 	New trial (rep=0, index=85): {'TrialType': 'Mem', 'Lag': 1, 'Image': 'helicopter.jpg', 'T1PA': 'P', 'T2PA': 'P', 'PicFolder': 'JPG\\', 'Picture': 'helicopter', 'FullPathName': 'C:\\\\Users\\\\Psychology\\\\Documents\\\\ABExperiment\\\\MemoryStudy\\\\resources\\\\JPG\\\\helicopter.jpg', 'FilePath': 'C:\\\\Users\\\\Psychology\\\\Documents\\\\ABExperiment\\\\MemoryStudy\\\\resources\\\\JPG\\\\'}
45.1796 	DATA 	Keypress: 1
45.1871 	EXP 	MemTest: autoDraw = False
45.1871 	EXP 	Display: autoDraw = False
45.1871 	EXP 	Display: image = 'C:\\\\Users\\\\Psychology\\\\Documents\\\\ABExperiment\\\\MemoryStudy\\\\resources\\\\JPG\\\\helicopter.jpg'
45.1871 	EXP 	MemTest: autoDraw = True
45.1871 	EXP 	Display: autoDraw = True
45.4696 	EXP 	New trial (rep=0, index=86): {'TrialType': 'Mem', 'Lag': 1, 'Image': 'nosmokingsign.jpg', 'T1PA': 'P', 'T2PA': 'P', 'PicFolder': 'JPG\\', 'Picture': 'nosmokingsign', 'FullPathName': 'C:\\\\Users\\\\Psychology\\\\Documents\\\\ABExperiment\\\\MemoryStudy\\\\resources\\\\JPG\\\nosmokingsign.jpg', 'FilePath': 'C:\\\\Users\\\\Psychology\\\\Documents\\\\ABExperiment\\\\MemoryStudy\\\\resources\\\\JPG\\\\'}
45.4716 	DEPRECATION 	Couldn't find image C:\\Users\\Psychology\\Documents\\ABExperiment\\MemoryStudy\\resources\\JPG\
osmokingsign.jpg; check path? (tried: C:\Users\Psychology\Documents\ABExperiment\MemoryStudy\resources\JPG\
osmokingsign.jpg)
45.5944 	EXP 	window1: mouseVisible = True
