1.4053 	WARNING 	We strongly recommend you activate the PTB sound engine in PsychoPy prefs as the preferred audio engine. Its timing is vastly superior. Your prefs are currently set to use ['sounddevice', 'PTB', 'pyo', 'pygame'] (in that order).
10.6672 	WARNING 	User requested fullscreen with size [1024  768], but screen is actually [1920, 1080]. Using actual size
11.2915 	EXP 	Created window1 = Window(allowGUI=False, allowStencil=False, autoLog=True, backendConf=UNKNOWN, bitsMode=UNKNOWN, blendMode='avg', bpc=(8, 8, 8), color=array([0, 0, 0]), colorSpace='rgb', depthBits=8, fullscr=<method-wrapper '__getattribute__' of attributeSetter object at 0x00000223439B19D0>, gamma=None, gammaErrorPolicy='raise', lms=UNKNOWN, monitor=<psychopy.monitors.calibTools.Monitor object at 0x000002234463E3D0>, multiSample=False, name='window1', numSamples=2, pos=(0, 0), screen=0, size=array([1920, 1080]), stencilBits=0, stereo=False, units='height', useFBO=True, useRetina=False, viewOri=0.0, viewPos=None, viewScale=None, waitBlanking=True, winType='pyglet')
11.2921 	EXP 	window1: mouseVisible = True
11.2922 	EXP 	window1: Attempting to measure frame rate of screen (0) ...
11.2923 	EXP 	window1: recordFrameIntervals = False
11.4569 	EXP 	window1: recordFrameIntervals = True
11.6409 	EXP 	Screen (0) actual frame rate measured at 59.97Hz
11.6410 	EXP 	window1: recordFrameIntervals = False
13.5145 	EXP 	Created text = TextStim(__class__=<class 'psychopy.visual.text.TextStim'>, alignHoriz=method-wrapper(...), alignText='center', alignVert=method-wrapper(...), anchorHoriz='center', anchorVert='center', antialias=True, autoDraw=False, autoLog=True, bold=False, color=array([1., 1., 1.]), colorSpace='rgb', contrast=1.0, depth=0.0, flipHoriz=False, flipVert=False, font='Open Sans', fontFiles=[], height=0.05, italic=False, languageStyle='LTR', name='text', opacity=1.0, ori=0.0, pos=array([0., 0.]), rgb=UNKNOWN, text='Memory test instructions', units='height', win=Window(...), wrapWidth=1)
13.5227 	EXP 	Created MemTest = TextStim(__class__=<class 'psychopy.visual.text.TextStim'>, alignHoriz=method-wrapper(...), alignText='center', alignVert=method-wrapper(...), anchorHoriz='center', anchorVert='center', antialias=True, autoDraw=False, autoLog=True, bold=False, color=array([1., 1., 1.]), colorSpace='rgb', contrast=1.0, depth=0.0, flipHoriz=False, flipVert=False, font='Open Sans', fontFiles=[], height=0.05, italic=False, languageStyle='LTR', name='MemTest', opacity=1.0, ori=0.0, pos=array([ 0.  , -0.15]), rgb=UNKNOWN, text='Did you see this image?', units='height', win=Window(...), wrapWidth=1)
13.5276 	EXP 	Created Display = ImageStim(__class__=<class 'psychopy.visual.image.ImageStim'>, anchor=('center', 'center'), autoLog=True, color=array([1., 1., 1.]), colorSpace='rgb', contrast=1.0, depth=-2.0, flipHoriz=False, flipVert=False, image='sin', interpolate=True, mask=None, maskParams=None, name='Display', opacity=1.0, ori=0.0, pos=array([0.  , 0.15]), size=array([0.5, 0.5]), texRes=128.0, units='height', win=Window(...))
13.5368 	EXP 	text: autoDraw = True
14.6148 	EXP 	Imported Memory_conditionSheet.xlsx as conditions, 565 conditions, 10 params
14.6216 	EXP 	Created sequence: random, trialTypes=565, nReps=1, seed=None
14.6220 	EXP 	New trial (rep=0, index=0): {'TrialType': 'Mem', 'Lag': 99, 'Image': 'wheel04.jpg', 'T1PA': 'Z', 'T2PA': 'Z', 'PicFolder': 'JPG\\', 'Picture': 'wheel04', 'FullPathName': 'C:\\\\Users\\\\Psychology\\\\Documents\\\\ABExperiment\\\\MemoryStudy\\\\resources\\\\JPG\\\\wheel04.jpg', 'FilePath': 'C:\\\\Users\\\\Psychology\\\\Documents\\\\ABExperiment\\\\MemoryStudy\\\\resources\\\\JPG\\\\'}
14.7570 	DATA 	Keypress: space
14.7700 	EXP 	text: autoDraw = False
14.7700 	EXP 	Display: image = 'C:\\\\Users\\\\Psychology\\\\Documents\\\\ABExperiment\\\\MemoryStudy\\\\resources\\\\JPG\\\\wheel04.jpg'
14.7700 	EXP 	MemTest: autoDraw = True
14.7700 	EXP 	Display: autoDraw = True
15.7629 	EXP 	New trial (rep=0, index=1): {'TrialType': 'Mem', 'Lag': 99, 'Image': 'comb02a.jpg', 'T1PA': 'Z', 'T2PA': 'Z', 'PicFolder': 'JPG\\', 'Picture': 'comb02a', 'FullPathName': 'C:\\\\Users\\\\Psychology\\\\Documents\\\\ABExperiment\\\\MemoryStudy\\\\resources\\\\JPG\\\\comb02a.jpg', 'FilePath': 'C:\\\\Users\\\\Psychology\\\\Documents\\\\ABExperiment\\\\MemoryStudy\\\\resources\\\\JPG\\\\'}
15.8566 	DATA 	Keypress: 1
15.8664 	EXP 	MemTest: autoDraw = False
15.8664 	EXP 	Display: autoDraw = False
15.8664 	EXP 	Display: image = 'C:\\\\Users\\\\Psychology\\\\Documents\\\\ABExperiment\\\\MemoryStudy\\\\resources\\\\JPG\\\\comb02a.jpg'
15.8664 	EXP 	MemTest: autoDraw = True
15.8664 	EXP 	Display: autoDraw = True
16.3468 	EXP 	New trial (rep=0, index=2): {'TrialType': 'Mem', 'Lag': 5, 'Image': 'butterfly.jpg', 'T1PA': 'P', 'T2PA': 'P', 'PicFolder': 'JPG\\', 'Picture': 'butterfly', 'FullPathName': 'C:\\\\Users\\\\Psychology\\\\Documents\\\\ABExperiment\\\\MemoryStudy\\\\resources\\\\JPG\\\\butterfly.jpg', 'FilePath': 'C:\\\\Users\\\\Psychology\\\\Documents\\\\ABExperiment\\\\MemoryStudy\\\\resources\\\\JPG\\\\'}
16.4293 	DATA 	Keypress: 1
16.4367 	EXP 	MemTest: autoDraw = False
16.4367 	EXP 	Display: autoDraw = False
16.4367 	EXP 	Display: image = 'C:\\\\Users\\\\Psychology\\\\Documents\\\\ABExperiment\\\\MemoryStudy\\\\resources\\\\JPG\\\\butterfly.jpg'
16.4367 	EXP 	MemTest: autoDraw = True
16.4367 	EXP 	Display: autoDraw = True
16.8973 	EXP 	New trial (rep=0, index=3): {'TrialType': 'Mem', 'Lag': 5, 'Image': 'lip.jpg', 'T1PA': 'P', 'T2PA': 'P', 'PicFolder': 'JPG\\', 'Picture': 'lip', 'FullPathName': 'C:\\\\Users\\\\Psychology\\\\Documents\\\\ABExperiment\\\\MemoryStudy\\\\resources\\\\JPG\\\\lip.jpg', 'FilePath': 'C:\\\\Users\\\\Psychology\\\\Documents\\\\ABExperiment\\\\MemoryStudy\\\\resources\\\\JPG\\\\'}
16.9096 	DATA 	Keypress: 1
16.9172 	EXP 	MemTest: autoDraw = False
16.9172 	EXP 	Display: autoDraw = False
16.9172 	EXP 	Display: image = 'C:\\\\Users\\\\Psychology\\\\Documents\\\\ABExperiment\\\\MemoryStudy\\\\resources\\\\JPG\\\\lip.jpg'
16.9172 	EXP 	MemTest: autoDraw = True
16.9172 	EXP 	Display: autoDraw = True
17.4323 	DATA 	Keypress: 1
17.4479 	EXP 	New trial (rep=0, index=4): {'TrialType': 'Mem', 'Lag': 99, 'Image': 'jesusstatue.jpg', 'T1PA': 'Z', 'T2PA': 'Z', 'PicFolder': 'JPG\\', 'Picture': 'jesusstatue', 'FullPathName': 'C:\\\\Users\\\\Psychology\\\\Documents\\\\ABExperiment\\\\MemoryStudy\\\\resources\\\\JPG\\\\jesusstatue.jpg', 'FilePath': 'C:\\\\Users\\\\Psychology\\\\Documents\\\\ABExperiment\\\\MemoryStudy\\\\resources\\\\JPG\\\\'}
17.5604 	EXP 	MemTest: autoDraw = False
17.5604 	EXP 	Display: autoDraw = False
17.5604 	EXP 	Display: image = 'C:\\\\Users\\\\Psychology\\\\Documents\\\\ABExperiment\\\\MemoryStudy\\\\resources\\\\JPG\\\\jesusstatue.jpg'
17.5604 	EXP 	MemTest: autoDraw = True
17.5604 	EXP 	Display: autoDraw = True
17.9818 	EXP 	New trial (rep=0, index=5): {'TrialType': 'Mem', 'Lag': 1, 'Image': 'cupcake.jpg', 'T1PA': 'P', 'T2PA': 'P', 'PicFolder': 'JPG\\', 'Picture': 'cupcake', 'FullPathName': 'C:\\\\Users\\\\Psychology\\\\Documents\\\\ABExperiment\\\\MemoryStudy\\\\resources\\\\JPG\\\\cupcake.jpg', 'FilePath': 'C:\\\\Users\\\\Psychology\\\\Documents\\\\ABExperiment\\\\MemoryStudy\\\\resources\\\\JPG\\\\'}
17.9906 	DATA 	Keypress: 1
17.9986 	EXP 	MemTest: autoDraw = False
17.9986 	EXP 	Display: autoDraw = False
17.9986 	EXP 	Display: image = 'C:\\\\Users\\\\Psychology\\\\Documents\\\\ABExperiment\\\\MemoryStudy\\\\resources\\\\JPG\\\\cupcake.jpg'
17.9986 	EXP 	MemTest: autoDraw = True
17.9986 	EXP 	Display: autoDraw = True
18.4973 	EXP 	New trial (rep=0, index=6): {'TrialType': 'Mem', 'Lag': 99, 'Image': 'stuffedpuffin.jpg', 'T1PA': 'Z', 'T2PA': 'Z', 'PicFolder': 'JPG\\', 'Picture': 'stuffedpuffin', 'FullPathName': 'C:\\\\Users\\\\Psychology\\\\Documents\\\\ABExperiment\\\\MemoryStudy\\\\resources\\\\JPG\\\\stuffedpuffin.jpg', 'FilePath': 'C:\\\\Users\\\\Psychology\\\\Documents\\\\ABExperiment\\\\MemoryStudy\\\\resources\\\\JPG\\\\'}
18.5760 	DATA 	Keypress: 1
18.5855 	EXP 	MemTest: autoDraw = False
18.5855 	EXP 	Display: autoDraw = False
18.5855 	EXP 	Display: image = 'C:\\\\Users\\\\Psychology\\\\Documents\\\\ABExperiment\\\\MemoryStudy\\\\resources\\\\JPG\\\\stuffedpuffin.jpg'
18.5855 	EXP 	MemTest: autoDraw = True
18.5855 	EXP 	Display: autoDraw = True
19.0005 	DATA 	Keypress: 1
19.0157 	EXP 	New trial (rep=0, index=7): {'TrialType': 'Mem', 'Lag': 99, 'Image': 'dryingmachine02.jpg', 'T1PA': 'Z', 'T2PA': 'Z', 'PicFolder': 'JPG\\', 'Picture': 'dryingmachine02', 'FullPathName': 'C:\\\\Users\\\\Psychology\\\\Documents\\\\ABExperiment\\\\MemoryStudy\\\\resources\\\\JPG\\\\dryingmachine02.jpg', 'FilePath': 'C:\\\\Users\\\\Psychology\\\\Documents\\\\ABExperiment\\\\MemoryStudy\\\\resources\\\\JPG\\\\'}
19.1286 	EXP 	MemTest: autoDraw = False
19.1286 	EXP 	Display: autoDraw = False
19.1286 	EXP 	Display: image = 'C:\\\\Users\\\\Psychology\\\\Documents\\\\ABExperiment\\\\MemoryStudy\\\\resources\\\\JPG\\\\dryingmachine02.jpg'
19.1286 	EXP 	MemTest: autoDraw = True
19.1286 	EXP 	Display: autoDraw = True
19.5153 	EXP 	New trial (rep=0, index=8): {'TrialType': 'Mem', 'Lag': 99, 'Image': 'revolver.jpg', 'T1PA': 'Z', 'T2PA': 'Z', 'PicFolder': 'JPG\\', 'Picture': 'revolver', 'FullPathName': 'C:\\\\Users\\\\Psychology\\\\Documents\\\\ABExperiment\\\\MemoryStudy\\\\resources\\\\JPG\\\\revolver.jpg', 'FilePath': 'C:\\\\Users\\\\Psychology\\\\Documents\\\\ABExperiment\\\\MemoryStudy\\\\resources\\\\JPG\\\\'}
19.6053 	DATA 	Keypress: 1
19.6161 	EXP 	MemTest: autoDraw = False
19.6161 	EXP 	Display: autoDraw = False
19.6161 	EXP 	Display: image = 'C:\\\\Users\\\\Psychology\\\\Documents\\\\ABExperiment\\\\MemoryStudy\\\\resources\\\\JPG\\\\revolver.jpg'
19.6161 	EXP 	MemTest: autoDraw = True
19.6161 	EXP 	Display: autoDraw = True
20.0170 	EXP 	New trial (rep=0, index=9): {'TrialType': 'Mem', 'Lag': 99, 'Image': 'hen.jpg', 'T1PA': 'Z', 'T2PA': 'Z', 'PicFolder': 'JPG\\', 'Picture': 'hen', 'FullPathName': 'C:\\\\Users\\\\Psychology\\\\Documents\\\\ABExperiment\\\\MemoryStudy\\\\resources\\\\JPG\\\\hen.jpg', 'FilePath': 'C:\\\\Users\\\\Psychology\\\\Documents\\\\ABExperiment\\\\MemoryStudy\\\\resources\\\\JPG\\\\'}
20.1295 	DATA 	Keypress: 1
20.1399 	EXP 	MemTest: autoDraw = False
20.1399 	EXP 	Display: autoDraw = False
20.1399 	EXP 	Display: image = 'C:\\\\Users\\\\Psychology\\\\Documents\\\\ABExperiment\\\\MemoryStudy\\\\resources\\\\JPG\\\\hen.jpg'
20.1399 	EXP 	MemTest: autoDraw = True
20.1399 	EXP 	Display: autoDraw = True
20.5020 	DATA 	Keypress: 1
20.5176 	EXP 	New trial (rep=0, index=10): {'TrialType': 'Mem', 'Lag': 99, 'Image': 'helmet.jpg', 'T1PA': 'Z', 'T2PA': 'Z', 'PicFolder': 'JPG\\', 'Picture': 'helmet', 'FullPathName': 'C:\\\\Users\\\\Psychology\\\\Documents\\\\ABExperiment\\\\MemoryStudy\\\\resources\\\\JPG\\\\helmet.jpg', 'FilePath': 'C:\\\\Users\\\\Psychology\\\\Documents\\\\ABExperiment\\\\MemoryStudy\\\\resources\\\\JPG\\\\'}
20.6425 	EXP 	MemTest: autoDraw = False
20.6425 	EXP 	Display: autoDraw = False
20.6425 	EXP 	Display: image = 'C:\\\\Users\\\\Psychology\\\\Documents\\\\ABExperiment\\\\MemoryStudy\\\\resources\\\\JPG\\\\helmet.jpg'
20.6425 	EXP 	MemTest: autoDraw = True
20.6425 	EXP 	Display: autoDraw = True
20.9845 	EXP 	New trial (rep=0, index=11): {'TrialType': 'Mem', 'Lag': 99, 'Image': 'bottleofwhitewine.jpg', 'T1PA': 'Z', 'T2PA': 'Z', 'PicFolder': 'JPG\\', 'Picture': 'bottleofwhitewine', 'FullPathName': 'C:\\\\Users\\\\Psychology\\\\Documents\\\\ABExperiment\\\\MemoryStudy\\\\resources\\\\JPG\\\\bottleofwhitewine.jpg', 'FilePath': 'C:\\\\Users\\\\Psychology\\\\Documents\\\\ABExperiment\\\\MemoryStudy\\\\resources\\\\JPG\\\\'}
21.0863 	DATA 	Keypress: 1
21.0964 	EXP 	MemTest: autoDraw = False
21.0964 	EXP 	Display: autoDraw = False
21.0964 	EXP 	Display: image = 'C:\\\\Users\\\\Psychology\\\\Documents\\\\ABExperiment\\\\MemoryStudy\\\\resources\\\\JPG\\\\bottleofwhitewine.jpg'
21.0964 	EXP 	MemTest: autoDraw = True
21.0964 	EXP 	Display: autoDraw = True
21.4683 	EXP 	New trial (rep=0, index=12): {'TrialType': 'Mem', 'Lag': 99, 'Image': 'banana01.jpg', 'T1PA': 'Z', 'T2PA': 'Z', 'PicFolder': 'JPG\\', 'Picture': 'banana01', 'FullPathName': 'C:\\\\Users\\\\Psychology\\\\Documents\\\\ABExperiment\\\\MemoryStudy\\\\resources\\\\JPG\\\\banana01.jpg', 'FilePath': 'C:\\\\Users\\\\Psychology\\\\Documents\\\\ABExperiment\\\\MemoryStudy\\\\resources\\\\JPG\\\\'}
21.5688 	DATA 	Keypress: 1
21.5784 	EXP 	MemTest: autoDraw = False
21.5784 	EXP 	Display: autoDraw = False
21.5784 	EXP 	Display: image = 'C:\\\\Users\\\\Psychology\\\\Documents\\\\ABExperiment\\\\MemoryStudy\\\\resources\\\\JPG\\\\banana01.jpg'
21.5784 	EXP 	MemTest: autoDraw = True
21.5784 	EXP 	Display: autoDraw = True
21.9519 	EXP 	New trial (rep=0, index=13): {'TrialType': 'Mem', 'Lag': 99, 'Image': 'christmaswreath.jpg', 'T1PA': 'Z', 'T2PA': 'Z', 'PicFolder': 'JPG\\', 'Picture': 'christmaswreath', 'FullPathName': 'C:\\\\Users\\\\Psychology\\\\Documents\\\\ABExperiment\\\\MemoryStudy\\\\resources\\\\JPG\\\\christmaswreath.jpg', 'FilePath': 'C:\\\\Users\\\\Psychology\\\\Documents\\\\ABExperiment\\\\MemoryStudy\\\\resources\\\\JPG\\\\'}
22.0637 	DATA 	Keypress: 1
22.0733 	EXP 	MemTest: autoDraw = False
22.0733 	EXP 	Display: autoDraw = False
22.0733 	EXP 	Display: image = 'C:\\\\Users\\\\Psychology\\\\Documents\\\\ABExperiment\\\\MemoryStudy\\\\resources\\\\JPG\\\\christmaswreath.jpg'
22.0733 	EXP 	MemTest: autoDraw = True
22.0733 	EXP 	Display: autoDraw = True
22.4704 	DATA 	Keypress: 1
22.4859 	EXP 	New trial (rep=0, index=14): {'TrialType': 'Mem', 'Lag': 99, 'Image': 'kneepad01c.jpg', 'T1PA': 'Z', 'T2PA': 'Z', 'PicFolder': 'JPG\\', 'Picture': 'kneepad01c', 'FullPathName': 'C:\\\\Users\\\\Psychology\\\\Documents\\\\ABExperiment\\\\MemoryStudy\\\\resources\\\\JPG\\\\kneepad01c.jpg', 'FilePath': 'C:\\\\Users\\\\Psychology\\\\Documents\\\\ABExperiment\\\\MemoryStudy\\\\resources\\\\JPG\\\\'}
22.5048 	EXP 	MemTest: autoDraw = False
22.5048 	EXP 	Display: autoDraw = False
22.5048 	EXP 	Display: image = 'C:\\\\Users\\\\Psychology\\\\Documents\\\\ABExperiment\\\\MemoryStudy\\\\resources\\\\JPG\\\\kneepad01c.jpg'
22.5048 	EXP 	MemTest: autoDraw = True
22.5048 	EXP 	Display: autoDraw = True
22.9696 	EXP 	New trial (rep=0, index=15): {'TrialType': 'Mem', 'Lag': 99, 'Image': 'hotdog.jpg', 'T1PA': 'Z', 'T2PA': 'Z', 'PicFolder': 'JPG\\', 'Picture': 'hotdog', 'FullPathName': 'C:\\\\Users\\\\Psychology\\\\Documents\\\\ABExperiment\\\\MemoryStudy\\\\resources\\\\JPG\\\\hotdog.jpg', 'FilePath': 'C:\\\\Users\\\\Psychology\\\\Documents\\\\ABExperiment\\\\MemoryStudy\\\\resources\\\\JPG\\\\'}
23.0854 	DATA 	Keypress: 1
23.0955 	EXP 	MemTest: autoDraw = False
23.0955 	EXP 	Display: autoDraw = False
23.0955 	EXP 	Display: image = 'C:\\\\Users\\\\Psychology\\\\Documents\\\\ABExperiment\\\\MemoryStudy\\\\resources\\\\JPG\\\\hotdog.jpg'
23.0955 	EXP 	MemTest: autoDraw = True
23.0955 	EXP 	Display: autoDraw = True
23.4545 	DATA 	Keypress: 1
23.4703 	EXP 	New trial (rep=0, index=16): {'TrialType': 'Mem', 'Lag': 99, 'Image': 'filetool.jpg', 'T1PA': 'Z', 'T2PA': 'Z', 'PicFolder': 'JPG\\', 'Picture': 'filetool', 'FullPathName': 'C:\\\\Users\\\\Psychology\\\\Documents\\\\ABExperiment\\\\MemoryStudy\\\\resources\\\\JPG\\\\filetool.jpg', 'FilePath': 'C:\\\\Users\\\\Psychology\\\\Documents\\\\ABExperiment\\\\MemoryStudy\\\\resources\\\\JPG\\\\'}
23.4732 	DEPRECATION 	Couldn't find image C:\\Users\\Psychology\\Documents\\ABExperiment\\MemoryStudy\\resources\\JPG\\filetool.jpg; check path? (tried: C:\Users\Psychology\Documents\ABExperiment\MemoryStudy\resources\JPG\filetool.jpg)
23.6156 	EXP 	window1: mouseVisible = True
