1.4425 	WARNING 	We strongly recommend you activate the PTB sound engine in PsychoPy prefs as the preferred audio engine. Its timing is vastly superior. Your prefs are currently set to use ['sounddevice', 'PTB', 'pyo', 'pygame'] (in that order).
6.1664 	WARNING 	User requested fullscreen with size [1024  768], but screen is actually [1920, 1080]. Using actual size
6.8041 	EXP 	Created window1 = Window(allowGUI=False, allowStencil=False, autoLog=True, backendConf=UNKNOWN, bitsMode=UNKNOWN, blendMode='avg', bpc=(8, 8, 8), color=array([0, 0, 0]), colorSpace='rgb', depthBits=8, fullscr=<method-wrapper '__getattribute__' of attributeSetter object at 0x0000029145C51AC0>, gamma=None, gammaErrorPolicy='raise', lms=UNKNOWN, monitor=<psychopy.monitors.calibTools.Monitor object at 0x00000291468DE4C0>, multiSample=False, name='window1', numSamples=2, pos=(0, 0), screen=0, size=array([1920, 1080]), stencilBits=0, stereo=False, units='height', useFBO=True, useRetina=False, viewOri=0.0, viewPos=None, viewScale=None, waitBlanking=True, winType='pyglet')
6.8045 	EXP 	window1: mouseVisible = True
6.8046 	EXP 	window1: Attempting to measure frame rate of screen (0) ...
6.8046 	EXP 	window1: recordFrameIntervals = False
6.9700 	EXP 	window1: recordFrameIntervals = True
7.1557 	EXP 	Screen (0) actual frame rate measured at 59.30Hz
7.1558 	EXP 	window1: recordFrameIntervals = False
9.0798 	EXP 	Created text = TextStim(__class__=<class 'psychopy.visual.text.TextStim'>, alignHoriz=method-wrapper(...), alignText='center', alignVert=method-wrapper(...), anchorHoriz='center', anchorVert='center', antialias=True, autoDraw=False, autoLog=True, bold=False, color=array([1., 1., 1.]), colorSpace='rgb', contrast=1.0, depth=0.0, flipHoriz=False, flipVert=False, font='Open Sans', fontFiles=[], height=0.05, italic=False, languageStyle='LTR', name='text', opacity=1.0, ori=0.0, pos=array([0., 0.]), rgb=UNKNOWN, text='Memory test instructions', units='height', win=Window(...), wrapWidth=1)
9.0877 	EXP 	Created MemTest = TextStim(__class__=<class 'psychopy.visual.text.TextStim'>, alignHoriz=method-wrapper(...), alignText='center', alignVert=method-wrapper(...), anchorHoriz='center', anchorVert='center', antialias=True, autoDraw=False, autoLog=True, bold=False, color=array([1., 1., 1.]), colorSpace='rgb', contrast=1.0, depth=0.0, flipHoriz=False, flipVert=False, font='Open Sans', fontFiles=[], height=0.05, italic=False, languageStyle='LTR', name='MemTest', opacity=1.0, ori=0.0, pos=array([ 0.  , -0.15]), rgb=UNKNOWN, text='Did you see this image?', units='height', win=Window(...), wrapWidth=1)
9.0923 	EXP 	Created Display = ImageStim(__class__=<class 'psychopy.visual.image.ImageStim'>, anchor=('center', 'center'), autoLog=True, color=array([1., 1., 1.]), colorSpace='rgb', contrast=1.0, depth=-2.0, flipHoriz=False, flipVert=False, image='sin', interpolate=True, mask=None, maskParams=None, name='Display', opacity=1.0, ori=0.0, pos=array([0.  , 0.15]), size=array([0.5, 0.5]), texRes=128.0, units='height', win=Window(...))
9.1019 	EXP 	text: autoDraw = True
10.1961 	EXP 	Imported Memory_conditionSheet.xlsx as conditions, 565 conditions, 10 params
10.2028 	EXP 	Created sequence: sequential, trialTypes=565, nReps=1, seed=None
10.2031 	EXP 	New trial (rep=0, index=0): {'TrialType': 'Mem', 'Lag': 1, 'Image': 'giraffe.jpg', 'T1PA': 'P', 'T2PA': 'P', 'PicFolder': 'JPG\\', 'Picture': 'giraffe', 'FullPathName': 'C:\\\\Users\\\\Psychology\\\\Documents\\\\ABExperiment\\\\MemoryStudy\\\\resources\\\\JPG\\\\giraffe.jpg', 'FilePath': 'C:\\\\Users\\\\Psychology\\\\Documents\\\\ABExperiment\\\\MemoryStudy\\\\resources\\\\JPG\\\\'}
10.2099 	DATA 	Keypress: space
10.2178 	EXP 	text: autoDraw = False
10.2178 	EXP 	Display: image = 'C:\\\\Users\\\\Psychology\\\\Documents\\\\ABExperiment\\\\MemoryStudy\\\\resources\\\\JPG\\\\giraffe.jpg'
10.2178 	EXP 	MemTest: autoDraw = True
10.2178 	EXP 	Display: autoDraw = True
10.9130 	EXP 	New trial (rep=0, index=1): {'TrialType': 'Mem', 'Lag': 1, 'Image': 'greathornowl.jpg', 'T1PA': 'P', 'T2PA': 'P', 'PicFolder': 'JPG\\', 'Picture': 'greathornowl', 'FullPathName': 'C:\\\\Users\\\\Psychology\\\\Documents\\\\ABExperiment\\\\MemoryStudy\\\\resources\\\\JPG\\\\greathornowl.jpg', 'FilePath': 'C:\\\\Users\\\\Psychology\\\\Documents\\\\ABExperiment\\\\MemoryStudy\\\\resources\\\\JPG\\\\'}
10.9212 	DATA 	Keypress: 1
10.9288 	EXP 	MemTest: autoDraw = False
10.9288 	EXP 	Display: autoDraw = False
10.9288 	EXP 	Display: image = 'C:\\\\Users\\\\Psychology\\\\Documents\\\\ABExperiment\\\\MemoryStudy\\\\resources\\\\JPG\\\\greathornowl.jpg'
10.9288 	EXP 	MemTest: autoDraw = True
10.9288 	EXP 	Display: autoDraw = True
11.2942 	EXP 	New trial (rep=0, index=2): {'TrialType': 'Mem', 'Lag': 1, 'Image': 'candle08b.jpg', 'T1PA': 'P', 'T2PA': 'P', 'PicFolder': 'JPG\\', 'Picture': 'candle08b', 'FullPathName': 'C:\\\\Users\\\\Psychology\\\\Documents\\\\ABExperiment\\\\MemoryStudy\\\\resources\\\\JPG\\\\candle08b.jpg', 'FilePath': 'C:\\\\Users\\\\Psychology\\\\Documents\\\\ABExperiment\\\\MemoryStudy\\\\resources\\\\JPG\\\\'}
11.4134 	DATA 	Keypress: 1
11.4264 	EXP 	MemTest: autoDraw = False
11.4264 	EXP 	Display: autoDraw = False
11.4264 	EXP 	Display: image = 'C:\\\\Users\\\\Psychology\\\\Documents\\\\ABExperiment\\\\MemoryStudy\\\\resources\\\\JPG\\\\candle08b.jpg'
11.4264 	EXP 	MemTest: autoDraw = True
11.4264 	EXP 	Display: autoDraw = True
11.6759 	EXP 	New trial (rep=0, index=3): {'TrialType': 'Mem', 'Lag': 1, 'Image': 'horse.jpg', 'T1PA': 'P', 'T2PA': 'P', 'PicFolder': 'JPG\\', 'Picture': 'horse', 'FullPathName': 'C:\\\\Users\\\\Psychology\\\\Documents\\\\ABExperiment\\\\MemoryStudy\\\\resources\\\\JPG\\\\horse.jpg', 'FilePath': 'C:\\\\Users\\\\Psychology\\\\Documents\\\\ABExperiment\\\\MemoryStudy\\\\resources\\\\JPG\\\\'}
11.7459 	DATA 	Keypress: 1
11.7538 	EXP 	MemTest: autoDraw = False
11.7538 	EXP 	Display: autoDraw = False
11.7538 	EXP 	Display: image = 'C:\\\\Users\\\\Psychology\\\\Documents\\\\ABExperiment\\\\MemoryStudy\\\\resources\\\\JPG\\\\horse.jpg'
11.7538 	EXP 	MemTest: autoDraw = True
11.7538 	EXP 	Display: autoDraw = True
12.0280 	EXP 	New trial (rep=0, index=4): {'TrialType': 'Mem', 'Lag': 1, 'Image': 'snowman.jpg', 'T1PA': 'P', 'T2PA': 'P', 'PicFolder': 'JPG\\', 'Picture': 'snowman', 'FullPathName': 'C:\\\\Users\\\\Psychology\\\\Documents\\\\ABExperiment\\\\MemoryStudy\\\\resources\\\\JPG\\\\snowman.jpg', 'FilePath': 'C:\\\\Users\\\\Psychology\\\\Documents\\\\ABExperiment\\\\MemoryStudy\\\\resources\\\\JPG\\\\'}
12.0354 	DATA 	Keypress: 1
12.0445 	EXP 	MemTest: autoDraw = False
12.0445 	EXP 	Display: autoDraw = False
12.0445 	EXP 	Display: image = 'C:\\\\Users\\\\Psychology\\\\Documents\\\\ABExperiment\\\\MemoryStudy\\\\resources\\\\JPG\\\\snowman.jpg'
12.0445 	EXP 	MemTest: autoDraw = True
12.0445 	EXP 	Display: autoDraw = True
12.3765 	EXP 	New trial (rep=0, index=5): {'TrialType': 'Mem', 'Lag': 1, 'Image': 'squirrel.jpg', 'T1PA': 'P', 'T2PA': 'P', 'PicFolder': 'JPG\\', 'Picture': 'squirrel', 'FullPathName': 'C:\\\\Users\\\\Psychology\\\\Documents\\\\ABExperiment\\\\MemoryStudy\\\\resources\\\\JPG\\\\squirrel.jpg', 'FilePath': 'C:\\\\Users\\\\Psychology\\\\Documents\\\\ABExperiment\\\\MemoryStudy\\\\resources\\\\JPG\\\\'}
12.3809 	DATA 	Keypress: 1
12.3928 	EXP 	MemTest: autoDraw = False
12.3928 	EXP 	Display: autoDraw = False
12.3928 	EXP 	Display: image = 'C:\\\\Users\\\\Psychology\\\\Documents\\\\ABExperiment\\\\MemoryStudy\\\\resources\\\\JPG\\\\squirrel.jpg'
12.3928 	EXP 	MemTest: autoDraw = True
12.3928 	EXP 	Display: autoDraw = True
12.7477 	EXP 	New trial (rep=0, index=6): {'TrialType': 'Mem', 'Lag': 1, 'Image': 'firtree.jpg', 'T1PA': 'P', 'T2PA': 'P', 'PicFolder': 'JPG\\', 'Picture': 'firtree', 'FullPathName': 'C:\\\\Users\\\\Psychology\\\\Documents\\\\ABExperiment\\\\MemoryStudy\\\\resources\\\\JPG\\\\firtree.jpg', 'FilePath': 'C:\\\\Users\\\\Psychology\\\\Documents\\\\ABExperiment\\\\MemoryStudy\\\\resources\\\\JPG\\\\'}
12.8627 	DATA 	Keypress: 1
12.8728 	EXP 	MemTest: autoDraw = False
12.8728 	EXP 	Display: autoDraw = False
12.8728 	EXP 	Display: image = 'C:\\\\Users\\\\Psychology\\\\Documents\\\\ABExperiment\\\\MemoryStudy\\\\resources\\\\JPG\\\\firtree.jpg'
12.8728 	EXP 	MemTest: autoDraw = True
12.8728 	EXP 	Display: autoDraw = True
13.1299 	EXP 	New trial (rep=0, index=7): {'TrialType': 'Mem', 'Lag': 1, 'Image': 'bowlingball.jpg', 'T1PA': 'P', 'T2PA': 'P', 'PicFolder': 'JPG\\', 'Picture': 'bowlingball', 'FullPathName': 'C:\\\\Users\\\\Psychology\\\\Documents\\\\ABExperiment\\\\MemoryStudy\\\\resources\\\\JPG\\\\bowlingball.jpg', 'FilePath': 'C:\\\\Users\\\\Psychology\\\\Documents\\\\ABExperiment\\\\MemoryStudy\\\\resources\\\\JPG\\\\'}
13.1393 	DATA 	Keypress: 1
13.1488 	EXP 	MemTest: autoDraw = False
13.1488 	EXP 	Display: autoDraw = False
13.1488 	EXP 	Display: image = 'C:\\\\Users\\\\Psychology\\\\Documents\\\\ABExperiment\\\\MemoryStudy\\\\resources\\\\JPG\\\\bowlingball.jpg'
13.1488 	EXP 	MemTest: autoDraw = True
13.1488 	EXP 	Display: autoDraw = True
13.4940 	EXP 	New trial (rep=0, index=8): {'TrialType': 'Mem', 'Lag': 1, 'Image': 'bowlingpin.jpg', 'T1PA': 'P', 'T2PA': 'P', 'PicFolder': 'JPG\\', 'Picture': 'bowlingpin', 'FullPathName': 'C:\\\\Users\\\\Psychology\\\\Documents\\\\ABExperiment\\\\MemoryStudy\\\\resources\\\\JPG\\\\bowlingpin.jpg', 'FilePath': 'C:\\\\Users\\\\Psychology\\\\Documents\\\\ABExperiment\\\\MemoryStudy\\\\resources\\\\JPG\\\\'}
13.4982 	DATA 	Keypress: 1
13.5105 	EXP 	MemTest: autoDraw = False
13.5105 	EXP 	Display: autoDraw = False
13.5105 	EXP 	Display: image = 'C:\\\\Users\\\\Psychology\\\\Documents\\\\ABExperiment\\\\MemoryStudy\\\\resources\\\\JPG\\\\bowlingpin.jpg'
13.5105 	EXP 	MemTest: autoDraw = True
13.5105 	EXP 	Display: autoDraw = True
13.8446 	EXP 	New trial (rep=0, index=9): {'TrialType': 'Mem', 'Lag': 1, 'Image': 'candycane01a.jpg', 'T1PA': 'P', 'T2PA': 'P', 'PicFolder': 'JPG\\', 'Picture': 'candycane01a', 'FullPathName': 'C:\\\\Users\\\\Psychology\\\\Documents\\\\ABExperiment\\\\MemoryStudy\\\\resources\\\\JPG\\\\candycane01a.jpg', 'FilePath': 'C:\\\\Users\\\\Psychology\\\\Documents\\\\ABExperiment\\\\MemoryStudy\\\\resources\\\\JPG\\\\'}
13.8489 	DATA 	Keypress: 1
13.8607 	EXP 	MemTest: autoDraw = False
13.8607 	EXP 	Display: autoDraw = False
13.8607 	EXP 	Display: image = 'C:\\\\Users\\\\Psychology\\\\Documents\\\\ABExperiment\\\\MemoryStudy\\\\resources\\\\JPG\\\\candycane01a.jpg'
13.8607 	EXP 	MemTest: autoDraw = True
13.8607 	EXP 	Display: autoDraw = True
14.1783 	EXP 	New trial (rep=0, index=10): {'TrialType': 'Mem', 'Lag': 1, 'Image': 'dolphin01.jpg', 'T1PA': 'P', 'T2PA': 'P', 'PicFolder': 'JPG\\', 'Picture': 'dolphin01', 'FullPathName': 'C:\\\\Users\\\\Psychology\\\\Documents\\\\ABExperiment\\\\MemoryStudy\\\\resources\\\\JPG\\\\dolphin01.jpg', 'FilePath': 'C:\\\\Users\\\\Psychology\\\\Documents\\\\ABExperiment\\\\MemoryStudy\\\\resources\\\\JPG\\\\'}
14.1827 	DATA 	Keypress: 1
14.1946 	EXP 	MemTest: autoDraw = False
14.1946 	EXP 	Display: autoDraw = False
14.1946 	EXP 	Display: image = 'C:\\\\Users\\\\Psychology\\\\Documents\\\\ABExperiment\\\\MemoryStudy\\\\resources\\\\JPG\\\\dolphin01.jpg'
14.1946 	EXP 	MemTest: autoDraw = True
14.1946 	EXP 	Display: autoDraw = True
14.5121 	EXP 	New trial (rep=0, index=11): {'TrialType': 'Mem', 'Lag': 1, 'Image': 'dromedary.jpg', 'T1PA': 'P', 'T2PA': 'P', 'PicFolder': 'JPG\\', 'Picture': 'dromedary', 'FullPathName': 'C:\\\\Users\\\\Psychology\\\\Documents\\\\ABExperiment\\\\MemoryStudy\\\\resources\\\\JPG\\\\dromedary.jpg', 'FilePath': 'C:\\\\Users\\\\Psychology\\\\Documents\\\\ABExperiment\\\\MemoryStudy\\\\resources\\\\JPG\\\\'}
14.5164 	DATA 	Keypress: 1
14.5281 	EXP 	MemTest: autoDraw = False
14.5281 	EXP 	Display: autoDraw = False
14.5281 	EXP 	Display: image = 'C:\\\\Users\\\\Psychology\\\\Documents\\\\ABExperiment\\\\MemoryStudy\\\\resources\\\\JPG\\\\dromedary.jpg'
14.5281 	EXP 	MemTest: autoDraw = True
14.5281 	EXP 	Display: autoDraw = True
14.7623 	EXP 	New trial (rep=0, index=12): {'TrialType': 'Mem', 'Lag': 1, 'Image': 'football.jpg', 'T1PA': 'P', 'T2PA': 'P', 'PicFolder': 'JPG\\', 'Picture': 'football', 'FullPathName': 'C:\\\\Users\\\\Psychology\\\\Documents\\\\ABExperiment\\\\MemoryStudy\\\\resources\\\\JPG\\\\football.jpg', 'FilePath': 'C:\\\\Users\\\\Psychology\\\\Documents\\\\ABExperiment\\\\MemoryStudy\\\\resources\\\\JPG\\\\'}
14.7666 	DATA 	Keypress: 1
14.7786 	EXP 	MemTest: autoDraw = False
14.7786 	EXP 	Display: autoDraw = False
14.7786 	EXP 	Display: image = 'C:\\\\Users\\\\Psychology\\\\Documents\\\\ABExperiment\\\\MemoryStudy\\\\resources\\\\JPG\\\\football.jpg'
14.7786 	EXP 	MemTest: autoDraw = True
14.7786 	EXP 	Display: autoDraw = True
14.9841 	DATA 	Keypress: 1
14.9996 	EXP 	New trial (rep=0, index=13): {'TrialType': 'Mem', 'Lag': 1, 'Image': 'golfball.jpg', 'T1PA': 'P', 'T2PA': 'P', 'PicFolder': 'JPG\\', 'Picture': 'golfball', 'FullPathName': 'C:\\\\Users\\\\Psychology\\\\Documents\\\\ABExperiment\\\\MemoryStudy\\\\resources\\\\JPG\\\\golfball.jpg', 'FilePath': 'C:\\\\Users\\\\Psychology\\\\Documents\\\\ABExperiment\\\\MemoryStudy\\\\resources\\\\JPG\\\\'}
15.0164 	EXP 	MemTest: autoDraw = False
15.0164 	EXP 	Display: autoDraw = False
15.0164 	EXP 	Display: image = 'C:\\\\Users\\\\Psychology\\\\Documents\\\\ABExperiment\\\\MemoryStudy\\\\resources\\\\JPG\\\\golfball.jpg'
15.0164 	EXP 	MemTest: autoDraw = True
15.0164 	EXP 	Display: autoDraw = True
15.1999 	EXP 	New trial (rep=0, index=14): {'TrialType': 'Mem', 'Lag': 1, 'Image': 'guitarcase.jpg', 'T1PA': 'P', 'T2PA': 'P', 'PicFolder': 'JPG\\', 'Picture': 'guitarcase', 'FullPathName': 'C:\\\\Users\\\\Psychology\\\\Documents\\\\ABExperiment\\\\MemoryStudy\\\\resources\\\\JPG\\\\guitarcase.jpg', 'FilePath': 'C:\\\\Users\\\\Psychology\\\\Documents\\\\ABExperiment\\\\MemoryStudy\\\\resources\\\\JPG\\\\'}
15.2095 	DATA 	Keypress: 1
15.2177 	EXP 	MemTest: autoDraw = False
15.2177 	EXP 	Display: autoDraw = False
15.2177 	EXP 	Display: image = 'C:\\\\Users\\\\Psychology\\\\Documents\\\\ABExperiment\\\\MemoryStudy\\\\resources\\\\JPG\\\\guitarcase.jpg'
15.2177 	EXP 	MemTest: autoDraw = True
15.2177 	EXP 	Display: autoDraw = True
15.4301 	EXP 	New trial (rep=0, index=15): {'TrialType': 'Mem', 'Lag': 1, 'Image': 'jellybean.jpg', 'T1PA': 'P', 'T2PA': 'P', 'PicFolder': 'JPG\\', 'Picture': 'jellybean', 'FullPathName': 'C:\\\\Users\\\\Psychology\\\\Documents\\\\ABExperiment\\\\MemoryStudy\\\\resources\\\\JPG\\\\jellybean.jpg', 'FilePath': 'C:\\\\Users\\\\Psychology\\\\Documents\\\\ABExperiment\\\\MemoryStudy\\\\resources\\\\JPG\\\\'}
15.4352 	DATA 	Keypress: 1
15.4469 	EXP 	MemTest: autoDraw = False
15.4469 	EXP 	Display: autoDraw = False
15.4469 	EXP 	Display: image = 'C:\\\\Users\\\\Psychology\\\\Documents\\\\ABExperiment\\\\MemoryStudy\\\\resources\\\\JPG\\\\jellybean.jpg'
15.4469 	EXP 	MemTest: autoDraw = True
15.4469 	EXP 	Display: autoDraw = True
15.6478 	DATA 	Keypress: 1
15.6637 	EXP 	New trial (rep=0, index=16): {'TrialType': 'Mem', 'Lag': 1, 'Image': 'kangaroo.jpg', 'T1PA': 'P', 'T2PA': 'P', 'PicFolder': 'JPG\\', 'Picture': 'kangaroo', 'FullPathName': 'C:\\\\Users\\\\Psychology\\\\Documents\\\\ABExperiment\\\\MemoryStudy\\\\resources\\\\JPG\\\\kangaroo.jpg', 'FilePath': 'C:\\\\Users\\\\Psychology\\\\Documents\\\\ABExperiment\\\\MemoryStudy\\\\resources\\\\JPG\\\\'}
15.6805 	EXP 	MemTest: autoDraw = False
15.6805 	EXP 	Display: autoDraw = False
15.6805 	EXP 	Display: image = 'C:\\\\Users\\\\Psychology\\\\Documents\\\\ABExperiment\\\\MemoryStudy\\\\resources\\\\JPG\\\\kangaroo.jpg'
15.6805 	EXP 	MemTest: autoDraw = True
15.6805 	EXP 	Display: autoDraw = True
15.8640 	EXP 	New trial (rep=0, index=17): {'TrialType': 'Mem', 'Lag': 1, 'Image': 'kite.jpg', 'T1PA': 'P', 'T2PA': 'P', 'PicFolder': 'JPG\\', 'Picture': 'kite', 'FullPathName': 'C:\\\\Users\\\\Psychology\\\\Documents\\\\ABExperiment\\\\MemoryStudy\\\\resources\\\\JPG\\\\kite.jpg', 'FilePath': 'C:\\\\Users\\\\Psychology\\\\Documents\\\\ABExperiment\\\\MemoryStudy\\\\resources\\\\JPG\\\\'}
15.8693 	DATA 	Keypress: 1
15.8810 	EXP 	MemTest: autoDraw = False
15.8810 	EXP 	Display: autoDraw = False
15.8810 	EXP 	Display: image = 'C:\\\\Users\\\\Psychology\\\\Documents\\\\ABExperiment\\\\MemoryStudy\\\\resources\\\\JPG\\\\kite.jpg'
15.8810 	EXP 	MemTest: autoDraw = True
15.8810 	EXP 	Display: autoDraw = True
16.0823 	EXP 	New trial (rep=0, index=18): {'TrialType': 'Mem', 'Lag': 1, 'Image': 'lightswitch01.jpg', 'T1PA': 'P', 'T2PA': 'P', 'PicFolder': 'JPG\\', 'Picture': 'lightswitch01', 'FullPathName': 'C:\\\\Users\\\\Psychology\\\\Documents\\\\ABExperiment\\\\MemoryStudy\\\\resources\\\\JPG\\\\lightswitch01.jpg', 'FilePath': 'C:\\\\Users\\\\Psychology\\\\Documents\\\\ABExperiment\\\\MemoryStudy\\\\resources\\\\JPG\\\\'}
16.0944 	DATA 	Keypress: 1
16.1022 	EXP 	MemTest: autoDraw = False
16.1022 	EXP 	Display: autoDraw = False
16.1022 	EXP 	Display: image = 'C:\\\\Users\\\\Psychology\\\\Documents\\\\ABExperiment\\\\MemoryStudy\\\\resources\\\\JPG\\\\lightswitch01.jpg'
16.1022 	EXP 	MemTest: autoDraw = True
16.1022 	EXP 	Display: autoDraw = True
16.2810 	EXP 	New trial (rep=0, index=19): {'TrialType': 'Mem', 'Lag': 1, 'Image': 'locker.jpg', 'T1PA': 'P', 'T2PA': 'P', 'PicFolder': 'JPG\\', 'Picture': 'locker', 'FullPathName': 'C:\\\\Users\\\\Psychology\\\\Documents\\\\ABExperiment\\\\MemoryStudy\\\\resources\\\\JPG\\\\locker.jpg', 'FilePath': 'C:\\\\Users\\\\Psychology\\\\Documents\\\\ABExperiment\\\\MemoryStudy\\\\resources\\\\JPG\\\\'}
16.2872 	DATA 	Keypress: 1
16.2983 	EXP 	MemTest: autoDraw = False
16.2983 	EXP 	Display: autoDraw = False
16.2983 	EXP 	Display: image = 'C:\\\\Users\\\\Psychology\\\\Documents\\\\ABExperiment\\\\MemoryStudy\\\\resources\\\\JPG\\\\locker.jpg'
16.2983 	EXP 	MemTest: autoDraw = True
16.2983 	EXP 	Display: autoDraw = True
16.4977 	EXP 	New trial (rep=0, index=20): {'TrialType': 'Mem', 'Lag': 1, 'Image': 'mailbox01.jpg', 'T1PA': 'P', 'T2PA': 'P', 'PicFolder': 'JPG\\', 'Picture': 'mailbox01', 'FullPathName': 'C:\\\\Users\\\\Psychology\\\\Documents\\\\ABExperiment\\\\MemoryStudy\\\\resources\\\\JPG\\\\mailbox01.jpg', 'FilePath': 'C:\\\\Users\\\\Psychology\\\\Documents\\\\ABExperiment\\\\MemoryStudy\\\\resources\\\\JPG\\\\'}
16.5937 	DATA 	Keypress: 1
16.6037 	EXP 	MemTest: autoDraw = False
16.6037 	EXP 	Display: autoDraw = False
16.6037 	EXP 	Display: image = 'C:\\\\Users\\\\Psychology\\\\Documents\\\\ABExperiment\\\\MemoryStudy\\\\resources\\\\JPG\\\\mailbox01.jpg'
16.6037 	EXP 	MemTest: autoDraw = True
16.6037 	EXP 	Display: autoDraw = True
16.7016 	EXP 	New trial (rep=0, index=21): {'TrialType': 'Mem', 'Lag': 1, 'Image': 'mailbox02.jpg', 'T1PA': 'P', 'T2PA': 'P', 'PicFolder': 'JPG\\', 'Picture': 'mailbox02', 'FullPathName': 'C:\\\\Users\\\\Psychology\\\\Documents\\\\ABExperiment\\\\MemoryStudy\\\\resources\\\\JPG\\\\mailbox02.jpg', 'FilePath': 'C:\\\\Users\\\\Psychology\\\\Documents\\\\ABExperiment\\\\MemoryStudy\\\\resources\\\\JPG\\\\'}
16.7114 	DATA 	Keypress: 1
16.7195 	EXP 	MemTest: autoDraw = False
16.7195 	EXP 	Display: autoDraw = False
16.7195 	EXP 	Display: image = 'C:\\\\Users\\\\Psychology\\\\Documents\\\\ABExperiment\\\\MemoryStudy\\\\resources\\\\JPG\\\\mailbox02.jpg'
16.7195 	EXP 	MemTest: autoDraw = True
16.7195 	EXP 	Display: autoDraw = True
16.8988 	EXP 	New trial (rep=0, index=22): {'TrialType': 'Mem', 'Lag': 1, 'Image': 'mattress.jpg', 'T1PA': 'P', 'T2PA': 'P', 'PicFolder': 'JPG\\', 'Picture': 'mattress', 'FullPathName': 'C:\\\\Users\\\\Psychology\\\\Documents\\\\ABExperiment\\\\MemoryStudy\\\\resources\\\\JPG\\\\mattress.jpg', 'FilePath': 'C:\\\\Users\\\\Psychology\\\\Documents\\\\ABExperiment\\\\MemoryStudy\\\\resources\\\\JPG\\\\'}
16.9049 	DATA 	Keypress: 1
16.9244 	EXP 	MemTest: autoDraw = False
16.9244 	EXP 	Display: autoDraw = False
16.9244 	EXP 	Display: image = 'C:\\\\Users\\\\Psychology\\\\Documents\\\\ABExperiment\\\\MemoryStudy\\\\resources\\\\JPG\\\\mattress.jpg'
16.9244 	EXP 	MemTest: autoDraw = True
16.9244 	EXP 	Display: autoDraw = True
17.0990 	EXP 	New trial (rep=0, index=23): {'TrialType': 'Mem', 'Lag': 1, 'Image': 'pumpkin.jpg', 'T1PA': 'P', 'T2PA': 'P', 'PicFolder': 'JPG\\', 'Picture': 'pumpkin', 'FullPathName': 'C:\\\\Users\\\\Psychology\\\\Documents\\\\ABExperiment\\\\MemoryStudy\\\\resources\\\\JPG\\\\pumpkin.jpg', 'FilePath': 'C:\\\\Users\\\\Psychology\\\\Documents\\\\ABExperiment\\\\MemoryStudy\\\\resources\\\\JPG\\\\'}
17.1050 	DATA 	Keypress: 1
17.1163 	EXP 	MemTest: autoDraw = False
17.1163 	EXP 	Display: autoDraw = False
17.1163 	EXP 	Display: image = 'C:\\\\Users\\\\Psychology\\\\Documents\\\\ABExperiment\\\\MemoryStudy\\\\resources\\\\JPG\\\\pumpkin.jpg'
17.1163 	EXP 	MemTest: autoDraw = True
17.1163 	EXP 	Display: autoDraw = True
17.3161 	EXP 	New trial (rep=0, index=24): {'TrialType': 'Mem', 'Lag': 1, 'Image': 'schoolbus.jpg', 'T1PA': 'P', 'T2PA': 'P', 'PicFolder': 'JPG\\', 'Picture': 'schoolbus', 'FullPathName': 'C:\\\\Users\\\\Psychology\\\\Documents\\\\ABExperiment\\\\MemoryStudy\\\\resources\\\\JPG\\\\schoolbus.jpg', 'FilePath': 'C:\\\\Users\\\\Psychology\\\\Documents\\\\ABExperiment\\\\MemoryStudy\\\\resources\\\\JPG\\\\'}
17.3302 	DATA 	Keypress: 1
17.3381 	EXP 	MemTest: autoDraw = False
17.3381 	EXP 	Display: autoDraw = False
17.3381 	EXP 	Display: image = 'C:\\\\Users\\\\Psychology\\\\Documents\\\\ABExperiment\\\\MemoryStudy\\\\resources\\\\JPG\\\\schoolbus.jpg'
17.3381 	EXP 	MemTest: autoDraw = True
17.3381 	EXP 	Display: autoDraw = True
17.5186 	EXP 	New trial (rep=0, index=25): {'TrialType': 'Mem', 'Lag': 1, 'Image': 'skateboard.jpg', 'T1PA': 'P', 'T2PA': 'P', 'PicFolder': 'JPG\\', 'Picture': 'skateboard', 'FullPathName': 'C:\\\\Users\\\\Psychology\\\\Documents\\\\ABExperiment\\\\MemoryStudy\\\\resources\\\\JPG\\\\skateboard.jpg', 'FilePath': 'C:\\\\Users\\\\Psychology\\\\Documents\\\\ABExperiment\\\\MemoryStudy\\\\resources\\\\JPG\\\\'}
17.5286 	DATA 	Keypress: 1
17.5363 	EXP 	MemTest: autoDraw = False
17.5363 	EXP 	Display: autoDraw = False
17.5363 	EXP 	Display: image = 'C:\\\\Users\\\\Psychology\\\\Documents\\\\ABExperiment\\\\MemoryStudy\\\\resources\\\\JPG\\\\skateboard.jpg'
17.5363 	EXP 	MemTest: autoDraw = True
17.5363 	EXP 	Display: autoDraw = True
17.7190 	EXP 	New trial (rep=0, index=26): {'TrialType': 'Mem', 'Lag': 1, 'Image': 'soccerball.jpg', 'T1PA': 'P', 'T2PA': 'P', 'PicFolder': 'JPG\\', 'Picture': 'soccerball', 'FullPathName': 'C:\\\\Users\\\\Psychology\\\\Documents\\\\ABExperiment\\\\MemoryStudy\\\\resources\\\\JPG\\\\soccerball.jpg', 'FilePath': 'C:\\\\Users\\\\Psychology\\\\Documents\\\\ABExperiment\\\\MemoryStudy\\\\resources\\\\JPG\\\\'}
17.7287 	DATA 	Keypress: 1
17.7364 	EXP 	MemTest: autoDraw = False
17.7364 	EXP 	Display: autoDraw = False
17.7364 	EXP 	Display: image = 'C:\\\\Users\\\\Psychology\\\\Documents\\\\ABExperiment\\\\MemoryStudy\\\\resources\\\\JPG\\\\soccerball.jpg'
17.7364 	EXP 	MemTest: autoDraw = True
17.7364 	EXP 	Display: autoDraw = True
17.9361 	EXP 	New trial (rep=0, index=27): {'TrialType': 'Mem', 'Lag': 1, 'Image': 'wheelchair.jpg', 'T1PA': 'P', 'T2PA': 'P', 'PicFolder': 'JPG\\', 'Picture': 'wheelchair', 'FullPathName': 'C:\\\\Users\\\\Psychology\\\\Documents\\\\ABExperiment\\\\MemoryStudy\\\\resources\\\\JPG\\\\wheelchair.jpg', 'FilePath': 'C:\\\\Users\\\\Psychology\\\\Documents\\\\ABExperiment\\\\MemoryStudy\\\\resources\\\\JPG\\\\'}
17.9457 	DATA 	Keypress: 1
17.9534 	EXP 	MemTest: autoDraw = False
17.9534 	EXP 	Display: autoDraw = False
17.9534 	EXP 	Display: image = 'C:\\\\Users\\\\Psychology\\\\Documents\\\\ABExperiment\\\\MemoryStudy\\\\resources\\\\JPG\\\\wheelchair.jpg'
17.9534 	EXP 	MemTest: autoDraw = True
17.9534 	EXP 	Display: autoDraw = True
18.1381 	DATA 	Keypress: 1
18.1525 	EXP 	New trial (rep=0, index=28): {'TrialType': 'Mem', 'Lag': 1, 'Image': 'zebra.jpg', 'T1PA': 'P', 'T2PA': 'P', 'PicFolder': 'JPG\\', 'Picture': 'zebra', 'FullPathName': 'C:\\\\Users\\\\Psychology\\\\Documents\\\\ABExperiment\\\\MemoryStudy\\\\resources\\\\JPG\\\\zebra.jpg', 'FilePath': 'C:\\\\Users\\\\Psychology\\\\Documents\\\\ABExperiment\\\\MemoryStudy\\\\resources\\\\JPG\\\\'}
18.1754 	EXP 	MemTest: autoDraw = False
18.1754 	EXP 	Display: autoDraw = False
18.1754 	EXP 	Display: image = 'C:\\\\Users\\\\Psychology\\\\Documents\\\\ABExperiment\\\\MemoryStudy\\\\resources\\\\JPG\\\\zebra.jpg'
18.1754 	EXP 	MemTest: autoDraw = True
18.1754 	EXP 	Display: autoDraw = True
18.3495 	EXP 	New trial (rep=0, index=29): {'TrialType': 'Mem', 'Lag': 1, 'Image': 'pooltable.jpg', 'T1PA': 'P', 'T2PA': 'P', 'PicFolder': 'JPG\\', 'Picture': 'pooltable', 'FullPathName': 'C:\\\\Users\\\\Psychology\\\\Documents\\\\ABExperiment\\\\MemoryStudy\\\\resources\\\\JPG\\\\pooltable.jpg', 'FilePath': 'C:\\\\Users\\\\Psychology\\\\Documents\\\\ABExperiment\\\\MemoryStudy\\\\resources\\\\JPG\\\\'}
18.3543 	DATA 	Keypress: 1
18.3660 	EXP 	MemTest: autoDraw = False
18.3660 	EXP 	Display: autoDraw = False
18.3660 	EXP 	Display: image = 'C:\\\\Users\\\\Psychology\\\\Documents\\\\ABExperiment\\\\MemoryStudy\\\\resources\\\\JPG\\\\pooltable.jpg'
18.3660 	EXP 	MemTest: autoDraw = True
18.3660 	EXP 	Display: autoDraw = True
18.5496 	EXP 	New trial (rep=0, index=30): {'TrialType': 'Mem', 'Lag': 1, 'Image': 'swing.jpg', 'T1PA': 'P', 'T2PA': 'P', 'PicFolder': 'JPG\\', 'Picture': 'swing', 'FullPathName': 'C:\\\\Users\\\\Psychology\\\\Documents\\\\ABExperiment\\\\MemoryStudy\\\\resources\\\\JPG\\\\swing.jpg', 'FilePath': 'C:\\\\Users\\\\Psychology\\\\Documents\\\\ABExperiment\\\\MemoryStudy\\\\resources\\\\JPG\\\\'}
18.5543 	DATA 	Keypress: 1
18.5660 	EXP 	MemTest: autoDraw = False
18.5660 	EXP 	Display: autoDraw = False
18.5660 	EXP 	Display: image = 'C:\\\\Users\\\\Psychology\\\\Documents\\\\ABExperiment\\\\MemoryStudy\\\\resources\\\\JPG\\\\swing.jpg'
18.5660 	EXP 	MemTest: autoDraw = True
18.5660 	EXP 	Display: autoDraw = True
18.7497 	EXP 	New trial (rep=0, index=31): {'TrialType': 'Mem', 'Lag': 1, 'Image': 'africanelephant.jpg', 'T1PA': 'P', 'T2PA': 'P', 'PicFolder': 'JPG\\', 'Picture': 'africanelephant', 'FullPathName': 'C:\\\\Users\\\\Psychology\\\\Documents\\\\ABExperiment\\\\MemoryStudy\\\\resources\\\\JPG\\\\africanelephant.jpg', 'FilePath': 'C:\\\\Users\\\\Psychology\\\\Documents\\\\ABExperiment\\\\MemoryStudy\\\\resources\\\\JPG\\\\'}
18.7545 	DATA 	Keypress: 1
18.7663 	EXP 	MemTest: autoDraw = False
18.7663 	EXP 	Display: autoDraw = False
18.7663 	EXP 	Display: image = 'C:\\\\Users\\\\Psychology\\\\Documents\\\\ABExperiment\\\\MemoryStudy\\\\resources\\\\JPG\\\\africanelephant.jpg'
18.7663 	EXP 	MemTest: autoDraw = True
18.7663 	EXP 	Display: autoDraw = True
18.9335 	EXP 	New trial (rep=0, index=32): {'TrialType': 'Mem', 'Lag': 1, 'Image': 'apron.jpg', 'T1PA': 'P', 'T2PA': 'P', 'PicFolder': 'JPG\\', 'Picture': 'apron', 'FullPathName': 'C:\\\\Users\\\\Psychology\\\\Documents\\\\ABExperiment\\\\MemoryStudy\\\\resources\\\\JPG\\\\apron.jpg', 'FilePath': 'C:\\\\Users\\\\Psychology\\\\Documents\\\\ABExperiment\\\\MemoryStudy\\\\resources\\\\JPG\\\\'}
18.9384 	DATA 	Keypress: 1
18.9502 	EXP 	MemTest: autoDraw = False
18.9502 	EXP 	Display: autoDraw = False
18.9502 	EXP 	Display: image = 'C:\\\\Users\\\\Psychology\\\\Documents\\\\ABExperiment\\\\MemoryStudy\\\\resources\\\\JPG\\\\apron.jpg'
18.9502 	EXP 	MemTest: autoDraw = True
18.9502 	EXP 	Display: autoDraw = True
19.1335 	EXP 	New trial (rep=0, index=33): {'TrialType': 'Mem', 'Lag': 1, 'Image': 'barnowl.jpg', 'T1PA': 'P', 'T2PA': 'P', 'PicFolder': 'JPG\\', 'Picture': 'barnowl', 'FullPathName': 'C:\\\\Users\\\\Psychology\\\\Documents\\\\ABExperiment\\\\MemoryStudy\\\\resources\\\\JPG\\\\barnowl.jpg', 'FilePath': 'C:\\\\Users\\\\Psychology\\\\Documents\\\\ABExperiment\\\\MemoryStudy\\\\resources\\\\JPG\\\\'}
19.2200 	DATA 	Keypress: 1
19.2298 	EXP 	MemTest: autoDraw = False
19.2298 	EXP 	Display: autoDraw = False
19.2298 	EXP 	Display: image = 'C:\\\\Users\\\\Psychology\\\\Documents\\\\ABExperiment\\\\MemoryStudy\\\\resources\\\\JPG\\\\barnowl.jpg'
19.2298 	EXP 	MemTest: autoDraw = True
19.2298 	EXP 	Display: autoDraw = True
19.3209 	DATA 	Keypress: 1
19.3367 	EXP 	New trial (rep=0, index=34): {'TrialType': 'Mem', 'Lag': 1, 'Image': 'basketball01.jpg', 'T1PA': 'P', 'T2PA': 'P', 'PicFolder': 'JPG\\', 'Picture': 'basketball01', 'FullPathName': 'C:\\\\Users\\\\Psychology\\\\Documents\\\\ABExperiment\\\\MemoryStudy\\\\resources\\\\JPG\\\\basketball01.jpg', 'FilePath': 'C:\\\\Users\\\\Psychology\\\\Documents\\\\ABExperiment\\\\MemoryStudy\\\\resources\\\\JPG\\\\'}
19.3527 	EXP 	MemTest: autoDraw = False
19.3527 	EXP 	Display: autoDraw = False
19.3527 	EXP 	Display: image = 'C:\\\\Users\\\\Psychology\\\\Documents\\\\ABExperiment\\\\MemoryStudy\\\\resources\\\\JPG\\\\basketball01.jpg'
19.3527 	EXP 	MemTest: autoDraw = True
19.3527 	EXP 	Display: autoDraw = True
19.5362 	EXP 	New trial (rep=0, index=35): {'TrialType': 'Mem', 'Lag': 1, 'Image': 'bat.jpg', 'T1PA': 'P', 'T2PA': 'P', 'PicFolder': 'JPG\\', 'Picture': 'bat', 'FullPathName': 'C:\\\\Users\\\\Psychology\\\\Documents\\\\ABExperiment\\\\MemoryStudy\\\\resources\\\\JPG\\\\bat.jpg', 'FilePath': 'C:\\\\Users\\\\Psychology\\\\Documents\\\\ABExperiment\\\\MemoryStudy\\\\resources\\\\JPG\\\\'}
19.5444 	DATA 	Keypress: 1
19.5524 	EXP 	MemTest: autoDraw = False
19.5524 	EXP 	Display: autoDraw = False
19.5524 	EXP 	Display: image = 'C:\\\\Users\\\\Psychology\\\\Documents\\\\ABExperiment\\\\MemoryStudy\\\\resources\\\\JPG\\\\bat.jpg'
19.5524 	EXP 	MemTest: autoDraw = True
19.5524 	EXP 	Display: autoDraw = True
19.7348 	DATA 	Keypress: 1
19.7506 	EXP 	New trial (rep=0, index=36): {'TrialType': 'Mem', 'Lag': 1, 'Image': 'cloud.jpg', 'T1PA': 'P', 'T2PA': 'P', 'PicFolder': 'JPG\\', 'Picture': 'cloud', 'FullPathName': 'C:\\\\Users\\\\Psychology\\\\Documents\\\\ABExperiment\\\\MemoryStudy\\\\resources\\\\JPG\\\\cloud.jpg', 'FilePath': 'C:\\\\Users\\\\Psychology\\\\Documents\\\\ABExperiment\\\\MemoryStudy\\\\resources\\\\JPG\\\\'}
19.7668 	EXP 	MemTest: autoDraw = False
19.7668 	EXP 	Display: autoDraw = False
19.7668 	EXP 	Display: image = 'C:\\\\Users\\\\Psychology\\\\Documents\\\\ABExperiment\\\\MemoryStudy\\\\resources\\\\JPG\\\\cloud.jpg'
19.7668 	EXP 	MemTest: autoDraw = True
19.7668 	EXP 	Display: autoDraw = True
19.9349 	DATA 	Keypress: 1
19.9510 	EXP 	New trial (rep=0, index=37): {'TrialType': 'Mem', 'Lag': 1, 'Image': 'crab01.jpg', 'T1PA': 'P', 'T2PA': 'P', 'PicFolder': 'JPG\\', 'Picture': 'crab01', 'FullPathName': 'C:\\\\Users\\\\Psychology\\\\Documents\\\\ABExperiment\\\\MemoryStudy\\\\resources\\\\JPG\\\\crab01.jpg', 'FilePath': 'C:\\\\Users\\\\Psychology\\\\Documents\\\\ABExperiment\\\\MemoryStudy\\\\resources\\\\JPG\\\\'}
19.9670 	EXP 	MemTest: autoDraw = False
19.9670 	EXP 	Display: autoDraw = False
19.9670 	EXP 	Display: image = 'C:\\\\Users\\\\Psychology\\\\Documents\\\\ABExperiment\\\\MemoryStudy\\\\resources\\\\JPG\\\\crab01.jpg'
19.9670 	EXP 	MemTest: autoDraw = True
19.9670 	EXP 	Display: autoDraw = True
20.1514 	EXP 	New trial (rep=0, index=38): {'TrialType': 'Mem', 'Lag': 1, 'Image': 'cupcake.jpg', 'T1PA': 'P', 'T2PA': 'P', 'PicFolder': 'JPG\\', 'Picture': 'cupcake', 'FullPathName': 'C:\\\\Users\\\\Psychology\\\\Documents\\\\ABExperiment\\\\MemoryStudy\\\\resources\\\\JPG\\\\cupcake.jpg', 'FilePath': 'C:\\\\Users\\\\Psychology\\\\Documents\\\\ABExperiment\\\\MemoryStudy\\\\resources\\\\JPG\\\\'}
20.1565 	DATA 	Keypress: 1
20.1686 	EXP 	MemTest: autoDraw = False
20.1686 	EXP 	Display: autoDraw = False
20.1686 	EXP 	Display: image = 'C:\\\\Users\\\\Psychology\\\\Documents\\\\ABExperiment\\\\MemoryStudy\\\\resources\\\\JPG\\\\cupcake.jpg'
20.1686 	EXP 	MemTest: autoDraw = True
20.1686 	EXP 	Display: autoDraw = True
20.3528 	EXP 	New trial (rep=0, index=39): {'TrialType': 'Mem', 'Lag': 1, 'Image': 'donut.jpg', 'T1PA': 'P', 'T2PA': 'P', 'PicFolder': 'JPG\\', 'Picture': 'donut', 'FullPathName': 'C:\\\\Users\\\\Psychology\\\\Documents\\\\ABExperiment\\\\MemoryStudy\\\\resources\\\\JPG\\\\donut.jpg', 'FilePath': 'C:\\\\Users\\\\Psychology\\\\Documents\\\\ABExperiment\\\\MemoryStudy\\\\resources\\\\JPG\\\\'}
20.3600 	DATA 	Keypress: 1
20.3694 	EXP 	MemTest: autoDraw = False
20.3694 	EXP 	Display: autoDraw = False
20.3694 	EXP 	Display: image = 'C:\\\\Users\\\\Psychology\\\\Documents\\\\ABExperiment\\\\MemoryStudy\\\\resources\\\\JPG\\\\donut.jpg'
20.3694 	EXP 	MemTest: autoDraw = True
20.3694 	EXP 	Display: autoDraw = True
20.5531 	EXP 	New trial (rep=0, index=40): {'TrialType': 'Mem', 'Lag': 1, 'Image': 'eiffeltower.jpg', 'T1PA': 'P', 'T2PA': 'P', 'PicFolder': 'JPG\\', 'Picture': 'eiffeltower', 'FullPathName': 'C:\\\\Users\\\\Psychology\\\\Documents\\\\ABExperiment\\\\MemoryStudy\\\\resources\\\\JPG\\\\eiffeltower.jpg', 'FilePath': 'C:\\\\Users\\\\Psychology\\\\Documents\\\\ABExperiment\\\\MemoryStudy\\\\resources\\\\JPG\\\\'}
20.5605 	DATA 	Keypress: 1
20.5697 	EXP 	MemTest: autoDraw = False
20.5697 	EXP 	Display: autoDraw = False
20.5697 	EXP 	Display: image = 'C:\\\\Users\\\\Psychology\\\\Documents\\\\ABExperiment\\\\MemoryStudy\\\\resources\\\\JPG\\\\eiffeltower.jpg'
20.5697 	EXP 	MemTest: autoDraw = True
20.5697 	EXP 	Display: autoDraw = True
20.7535 	EXP 	New trial (rep=0, index=41): {'TrialType': 'Mem', 'Lag': 1, 'Image': 'exitsign.jpg', 'T1PA': 'P', 'T2PA': 'P', 'PicFolder': 'JPG\\', 'Picture': 'exitsign', 'FullPathName': 'C:\\\\Users\\\\Psychology\\\\Documents\\\\ABExperiment\\\\MemoryStudy\\\\resources\\\\JPG\\\\exitsign.jpg', 'FilePath': 'C:\\\\Users\\\\Psychology\\\\Documents\\\\ABExperiment\\\\MemoryStudy\\\\resources\\\\JPG\\\\'}
20.7612 	DATA 	Keypress: 1
20.7698 	EXP 	MemTest: autoDraw = False
20.7698 	EXP 	Display: autoDraw = False
20.7698 	EXP 	Display: image = 'C:\\\\Users\\\\Psychology\\\\Documents\\\\ABExperiment\\\\MemoryStudy\\\\resources\\\\JPG\\\\exitsign.jpg'
20.7698 	EXP 	MemTest: autoDraw = True
20.7698 	EXP 	Display: autoDraw = True
20.9537 	EXP 	New trial (rep=0, index=42): {'TrialType': 'Mem', 'Lag': 1, 'Image': 'fortunecookie.jpg', 'T1PA': 'P', 'T2PA': 'P', 'PicFolder': 'JPG\\', 'Picture': 'fortunecookie', 'FullPathName': 'C:\\\\Users\\\\Psychology\\\\Documents\\\\ABExperiment\\\\MemoryStudy\\\\resources\\\\JPG\\\\fortunecookie.jpg', 'FilePath': 'C:\\\\Users\\\\Psychology\\\\Documents\\\\ABExperiment\\\\MemoryStudy\\\\resources\\\\JPG\\\\'}
20.9613 	DATA 	Keypress: 1
20.9700 	EXP 	MemTest: autoDraw = False
20.9700 	EXP 	Display: autoDraw = False
20.9700 	EXP 	Display: image = 'C:\\\\Users\\\\Psychology\\\\Documents\\\\ABExperiment\\\\MemoryStudy\\\\resources\\\\JPG\\\\fortunecookie.jpg'
20.9700 	EXP 	MemTest: autoDraw = True
20.9700 	EXP 	Display: autoDraw = True
21.1705 	EXP 	New trial (rep=0, index=43): {'TrialType': 'Mem', 'Lag': 1, 'Image': 'harmonica.jpg', 'T1PA': 'P', 'T2PA': 'P', 'PicFolder': 'JPG\\', 'Picture': 'harmonica', 'FullPathName': 'C:\\\\Users\\\\Psychology\\\\Documents\\\\ABExperiment\\\\MemoryStudy\\\\resources\\\\JPG\\\\harmonica.jpg', 'FilePath': 'C:\\\\Users\\\\Psychology\\\\Documents\\\\ABExperiment\\\\MemoryStudy\\\\resources\\\\JPG\\\\'}
21.1780 	DATA 	Keypress: 1
21.1869 	EXP 	MemTest: autoDraw = False
21.1869 	EXP 	Display: autoDraw = False
21.1869 	EXP 	Display: image = 'C:\\\\Users\\\\Psychology\\\\Documents\\\\ABExperiment\\\\MemoryStudy\\\\resources\\\\JPG\\\\harmonica.jpg'
21.1869 	EXP 	MemTest: autoDraw = True
21.1869 	EXP 	Display: autoDraw = True
21.3707 	EXP 	New trial (rep=0, index=44): {'TrialType': 'Mem', 'Lag': 1, 'Image': 'doghouse.jpg', 'T1PA': 'P', 'T2PA': 'P', 'PicFolder': 'JPG\\', 'Picture': 'doghouse', 'FullPathName': 'C:\\\\Users\\\\Psychology\\\\Documents\\\\ABExperiment\\\\MemoryStudy\\\\resources\\\\JPG\\\\doghouse.jpg', 'FilePath': 'C:\\\\Users\\\\Psychology\\\\Documents\\\\ABExperiment\\\\MemoryStudy\\\\resources\\\\JPG\\\\'}
21.3782 	DATA 	Keypress: 1
21.3871 	EXP 	MemTest: autoDraw = False
21.3871 	EXP 	Display: autoDraw = False
21.3871 	EXP 	Display: image = 'C:\\\\Users\\\\Psychology\\\\Documents\\\\ABExperiment\\\\MemoryStudy\\\\resources\\\\JPG\\\\doghouse.jpg'
21.3871 	EXP 	MemTest: autoDraw = True
21.3871 	EXP 	Display: autoDraw = True
21.5709 	EXP 	New trial (rep=0, index=45): {'TrialType': 'Mem', 'Lag': 1, 'Image': 'ladder.jpg', 'T1PA': 'P', 'T2PA': 'P', 'PicFolder': 'JPG\\', 'Picture': 'ladder', 'FullPathName': 'C:\\\\Users\\\\Psychology\\\\Documents\\\\ABExperiment\\\\MemoryStudy\\\\resources\\\\JPG\\\\ladder.jpg', 'FilePath': 'C:\\\\Users\\\\Psychology\\\\Documents\\\\ABExperiment\\\\MemoryStudy\\\\resources\\\\JPG\\\\'}
21.5785 	DATA 	Keypress: 1
21.5874 	EXP 	MemTest: autoDraw = False
21.5874 	EXP 	Display: autoDraw = False
21.5874 	EXP 	Display: image = 'C:\\\\Users\\\\Psychology\\\\Documents\\\\ABExperiment\\\\MemoryStudy\\\\resources\\\\JPG\\\\ladder.jpg'
21.5874 	EXP 	MemTest: autoDraw = True
21.5874 	EXP 	Display: autoDraw = True
21.7877 	EXP 	New trial (rep=0, index=46): {'TrialType': 'Mem', 'Lag': 1, 'Image': 'lawnmower.jpg', 'T1PA': 'P', 'T2PA': 'P', 'PicFolder': 'JPG\\', 'Picture': 'lawnmower', 'FullPathName': 'C:\\\\Users\\\\Psychology\\\\Documents\\\\ABExperiment\\\\MemoryStudy\\\\resources\\\\JPG\\\\lawnmower.jpg', 'FilePath': 'C:\\\\Users\\\\Psychology\\\\Documents\\\\ABExperiment\\\\MemoryStudy\\\\resources\\\\JPG\\\\'}
21.7953 	DATA 	Keypress: 1
21.8044 	EXP 	MemTest: autoDraw = False
21.8044 	EXP 	Display: autoDraw = False
21.8044 	EXP 	Display: image = 'C:\\\\Users\\\\Psychology\\\\Documents\\\\ABExperiment\\\\MemoryStudy\\\\resources\\\\JPG\\\\lawnmower.jpg'
21.8044 	EXP 	MemTest: autoDraw = True
21.8044 	EXP 	Display: autoDraw = True
21.9880 	EXP 	New trial (rep=0, index=47): {'TrialType': 'Mem', 'Lag': 1, 'Image': 'parkingsign.jpg', 'T1PA': 'P', 'T2PA': 'P', 'PicFolder': 'JPG\\', 'Picture': 'parkingsign', 'FullPathName': 'C:\\\\Users\\\\Psychology\\\\Documents\\\\ABExperiment\\\\MemoryStudy\\\\resources\\\\JPG\\\\parkingsign.jpg', 'FilePath': 'C:\\\\Users\\\\Psychology\\\\Documents\\\\ABExperiment\\\\MemoryStudy\\\\resources\\\\JPG\\\\'}
21.9957 	DATA 	Keypress: 1
22.0045 	EXP 	MemTest: autoDraw = False
22.0045 	EXP 	Display: autoDraw = False
22.0045 	EXP 	Display: image = 'C:\\\\Users\\\\Psychology\\\\Documents\\\\ABExperiment\\\\MemoryStudy\\\\resources\\\\JPG\\\\parkingsign.jpg'
22.0045 	EXP 	MemTest: autoDraw = True
22.0045 	EXP 	Display: autoDraw = True
22.1882 	EXP 	New trial (rep=0, index=48): {'TrialType': 'Mem', 'Lag': 1, 'Image': 'skunk.jpg', 'T1PA': 'P', 'T2PA': 'P', 'PicFolder': 'JPG\\', 'Picture': 'skunk', 'FullPathName': 'C:\\\\Users\\\\Psychology\\\\Documents\\\\ABExperiment\\\\MemoryStudy\\\\resources\\\\JPG\\\\skunk.jpg', 'FilePath': 'C:\\\\Users\\\\Psychology\\\\Documents\\\\ABExperiment\\\\MemoryStudy\\\\resources\\\\JPG\\\\'}
22.1956 	DATA 	Keypress: 1
22.2046 	EXP 	MemTest: autoDraw = False
22.2046 	EXP 	Display: autoDraw = False
22.2046 	EXP 	Display: image = 'C:\\\\Users\\\\Psychology\\\\Documents\\\\ABExperiment\\\\MemoryStudy\\\\resources\\\\JPG\\\\skunk.jpg'
22.2046 	EXP 	MemTest: autoDraw = True
22.2046 	EXP 	Display: autoDraw = True
22.3884 	EXP 	New trial (rep=0, index=49): {'TrialType': 'Mem', 'Lag': 1, 'Image': 'snowboard.jpg', 'T1PA': 'P', 'T2PA': 'P', 'PicFolder': 'JPG\\', 'Picture': 'snowboard', 'FullPathName': 'C:\\\\Users\\\\Psychology\\\\Documents\\\\ABExperiment\\\\MemoryStudy\\\\resources\\\\JPG\\\\snowboard.jpg', 'FilePath': 'C:\\\\Users\\\\Psychology\\\\Documents\\\\ABExperiment\\\\MemoryStudy\\\\resources\\\\JPG\\\\'}
22.3960 	DATA 	Keypress: 1
22.4048 	EXP 	MemTest: autoDraw = False
22.4048 	EXP 	Display: autoDraw = False
22.4048 	EXP 	Display: image = 'C:\\\\Users\\\\Psychology\\\\Documents\\\\ABExperiment\\\\MemoryStudy\\\\resources\\\\JPG\\\\snowboard.jpg'
22.4048 	EXP 	MemTest: autoDraw = True
22.4048 	EXP 	Display: autoDraw = True
22.6221 	EXP 	New trial (rep=0, index=50): {'TrialType': 'Mem', 'Lag': 1, 'Image': 'tiger02.jpg', 'T1PA': 'P', 'T2PA': 'P', 'PicFolder': 'JPG\\', 'Picture': 'tiger02', 'FullPathName': 'C:\\\\Users\\\\Psychology\\\\Documents\\\\ABExperiment\\\\MemoryStudy\\\\resources\\\\JPG\\\\tiger02.jpg', 'FilePath': 'C:\\\\Users\\\\Psychology\\\\Documents\\\\ABExperiment\\\\MemoryStudy\\\\resources\\\\JPG\\\\'}
22.6298 	DATA 	Keypress: 1
22.6386 	EXP 	MemTest: autoDraw = False
22.6386 	EXP 	Display: autoDraw = False
22.6386 	EXP 	Display: image = 'C:\\\\Users\\\\Psychology\\\\Documents\\\\ABExperiment\\\\MemoryStudy\\\\resources\\\\JPG\\\\tiger02.jpg'
22.6386 	EXP 	MemTest: autoDraw = True
22.6386 	EXP 	Display: autoDraw = True
22.8220 	EXP 	New trial (rep=0, index=51): {'TrialType': 'Mem', 'Lag': 1, 'Image': 'tree.jpg', 'T1PA': 'P', 'T2PA': 'P', 'PicFolder': 'JPG\\', 'Picture': 'tree', 'FullPathName': 'C:\\\\Users\\\\Psychology\\\\Documents\\\\ABExperiment\\\\MemoryStudy\\\\resources\\\\JPG\\\\tree.jpg', 'FilePath': 'C:\\\\Users\\\\Psychology\\\\Documents\\\\ABExperiment\\\\MemoryStudy\\\\resources\\\\JPG\\\\'}
22.8339 	DATA 	Keypress: 1
22.8415 	EXP 	MemTest: autoDraw = False
22.8415 	EXP 	Display: autoDraw = False
22.8415 	EXP 	Display: image = 'C:\\\\Users\\\\Psychology\\\\Documents\\\\ABExperiment\\\\MemoryStudy\\\\resources\\\\JPG\\\\tree.jpg'
22.8415 	EXP 	MemTest: autoDraw = True
22.8415 	EXP 	Display: autoDraw = True
23.0220 	EXP 	New trial (rep=0, index=52): {'TrialType': 'Mem', 'Lag': 1, 'Image': 'waterfall.jpg', 'T1PA': 'P', 'T2PA': 'P', 'PicFolder': 'JPG\\', 'Picture': 'waterfall', 'FullPathName': 'C:\\\\Users\\\\Psychology\\\\Documents\\\\ABExperiment\\\\MemoryStudy\\\\resources\\\\JPG\\\\waterfall.jpg', 'FilePath': 'C:\\\\Users\\\\Psychology\\\\Documents\\\\ABExperiment\\\\MemoryStudy\\\\resources\\\\JPG\\\\'}
23.0304 	DATA 	Keypress: 1
23.0387 	EXP 	MemTest: autoDraw = False
23.0387 	EXP 	Display: autoDraw = False
23.0387 	EXP 	Display: image = 'C:\\\\Users\\\\Psychology\\\\Documents\\\\ABExperiment\\\\MemoryStudy\\\\resources\\\\JPG\\\\waterfall.jpg'
23.0387 	EXP 	MemTest: autoDraw = True
23.0387 	EXP 	Display: autoDraw = True
23.2077 	DATA 	Keypress: 1
23.2234 	EXP 	New trial (rep=0, index=53): {'TrialType': 'Mem', 'Lag': 1, 'Image': 'bow.jpg', 'T1PA': 'P', 'T2PA': 'P', 'PicFolder': 'JPG\\', 'Picture': 'bow', 'FullPathName': 'C:\\\\Users\\\\Psychology\\\\Documents\\\\ABExperiment\\\\MemoryStudy\\\\resources\\\\JPG\\\\bow.jpg', 'FilePath': 'C:\\\\Users\\\\Psychology\\\\Documents\\\\ABExperiment\\\\MemoryStudy\\\\resources\\\\JPG\\\\'}
23.2391 	EXP 	MemTest: autoDraw = False
23.2391 	EXP 	Display: autoDraw = False
23.2391 	EXP 	Display: image = 'C:\\\\Users\\\\Psychology\\\\Documents\\\\ABExperiment\\\\MemoryStudy\\\\resources\\\\JPG\\\\bow.jpg'
23.2391 	EXP 	MemTest: autoDraw = True
23.2391 	EXP 	Display: autoDraw = True
23.4044 	EXP 	New trial (rep=0, index=54): {'TrialType': 'Mem', 'Lag': 1, 'Image': 'arugula.jpg', 'T1PA': 'P', 'T2PA': 'P', 'PicFolder': 'JPG\\', 'Picture': 'arugula', 'FullPathName': 'C:\\\\Users\\\\Psychology\\\\Documents\\\\ABExperiment\\\\MemoryStudy\\\\resources\\\\JPG\\\\arugula.jpg', 'FilePath': 'C:\\\\Users\\\\Psychology\\\\Documents\\\\ABExperiment\\\\MemoryStudy\\\\resources\\\\JPG\\\\'}
23.4875 	DATA 	Keypress: 1
23.4973 	EXP 	MemTest: autoDraw = False
23.4973 	EXP 	Display: autoDraw = False
23.4973 	EXP 	Display: image = 'C:\\\\Users\\\\Psychology\\\\Documents\\\\ABExperiment\\\\MemoryStudy\\\\resources\\\\JPG\\\\arugula.jpg'
23.4973 	EXP 	MemTest: autoDraw = True
23.4973 	EXP 	Display: autoDraw = True
23.5919 	DATA 	Keypress: 1
23.6075 	EXP 	New trial (rep=0, index=55): {'TrialType': 'Mem', 'Lag': 1, 'Image': 'beaver.jpg', 'T1PA': 'P', 'T2PA': 'P', 'PicFolder': 'JPG\\', 'Picture': 'beaver', 'FullPathName': 'C:\\\\Users\\\\Psychology\\\\Documents\\\\ABExperiment\\\\MemoryStudy\\\\resources\\\\JPG\\\\beaver.jpg', 'FilePath': 'C:\\\\Users\\\\Psychology\\\\Documents\\\\ABExperiment\\\\MemoryStudy\\\\resources\\\\JPG\\\\'}
23.6237 	EXP 	MemTest: autoDraw = False
23.6237 	EXP 	Display: autoDraw = False
23.6237 	EXP 	Display: image = 'C:\\\\Users\\\\Psychology\\\\Documents\\\\ABExperiment\\\\MemoryStudy\\\\resources\\\\JPG\\\\beaver.jpg'
23.6237 	EXP 	MemTest: autoDraw = True
23.6237 	EXP 	Display: autoDraw = True
23.8239 	EXP 	New trial (rep=0, index=56): {'TrialType': 'Mem', 'Lag': 1, 'Image': 'snowglobe.jpg', 'T1PA': 'P', 'T2PA': 'P', 'PicFolder': 'JPG\\', 'Picture': 'snowglobe', 'FullPathName': 'C:\\\\Users\\\\Psychology\\\\Documents\\\\ABExperiment\\\\MemoryStudy\\\\resources\\\\JPG\\\\snowglobe.jpg', 'FilePath': 'C:\\\\Users\\\\Psychology\\\\Documents\\\\ABExperiment\\\\MemoryStudy\\\\resources\\\\JPG\\\\'}
23.9231 	DATA 	Keypress: 1
23.9330 	EXP 	MemTest: autoDraw = False
23.9330 	EXP 	Display: autoDraw = False
23.9330 	EXP 	Display: image = 'C:\\\\Users\\\\Psychology\\\\Documents\\\\ABExperiment\\\\MemoryStudy\\\\resources\\\\JPG\\\\snowglobe.jpg'
23.9330 	EXP 	MemTest: autoDraw = True
23.9330 	EXP 	Display: autoDraw = True
24.0237 	EXP 	New trial (rep=0, index=57): {'TrialType': 'Mem', 'Lag': 1, 'Image': 'bullet.jpg', 'T1PA': 'P', 'T2PA': 'P', 'PicFolder': 'JPG\\', 'Picture': 'bullet', 'FullPathName': 'C:\\\\Users\\\\Psychology\\\\Documents\\\\ABExperiment\\\\MemoryStudy\\\\resources\\\\JPG\\\\bullet.jpg', 'FilePath': 'C:\\\\Users\\\\Psychology\\\\Documents\\\\ABExperiment\\\\MemoryStudy\\\\resources\\\\JPG\\\\'}
24.0317 	DATA 	Keypress: 1
24.0399 	EXP 	MemTest: autoDraw = False
24.0399 	EXP 	Display: autoDraw = False
24.0399 	EXP 	Display: image = 'C:\\\\Users\\\\Psychology\\\\Documents\\\\ABExperiment\\\\MemoryStudy\\\\resources\\\\JPG\\\\bullet.jpg'
24.0399 	EXP 	MemTest: autoDraw = True
24.0399 	EXP 	Display: autoDraw = True
24.2377 	EXP 	New trial (rep=0, index=58): {'TrialType': 'Mem', 'Lag': 1, 'Image': 'cactus.jpg', 'T1PA': 'P', 'T2PA': 'P', 'PicFolder': 'JPG\\', 'Picture': 'cactus', 'FullPathName': 'C:\\\\Users\\\\Psychology\\\\Documents\\\\ABExperiment\\\\MemoryStudy\\\\resources\\\\JPG\\\\cactus.jpg', 'FilePath': 'C:\\\\Users\\\\Psychology\\\\Documents\\\\ABExperiment\\\\MemoryStudy\\\\resources\\\\JPG\\\\'}
24.2414 	DATA 	Keypress: 1
24.2542 	EXP 	MemTest: autoDraw = False
24.2542 	EXP 	Display: autoDraw = False
24.2542 	EXP 	Display: image = 'C:\\\\Users\\\\Psychology\\\\Documents\\\\ABExperiment\\\\MemoryStudy\\\\resources\\\\JPG\\\\cactus.jpg'
24.2542 	EXP 	MemTest: autoDraw = True
24.2542 	EXP 	Display: autoDraw = True
24.4415 	EXP 	New trial (rep=0, index=59): {'TrialType': 'Mem', 'Lag': 1, 'Image': 'cow.jpg', 'T1PA': 'P', 'T2PA': 'P', 'PicFolder': 'JPG\\', 'Picture': 'cow', 'FullPathName': 'C:\\\\Users\\\\Psychology\\\\Documents\\\\ABExperiment\\\\MemoryStudy\\\\resources\\\\JPG\\\\cow.jpg', 'FilePath': 'C:\\\\Users\\\\Psychology\\\\Documents\\\\ABExperiment\\\\MemoryStudy\\\\resources\\\\JPG\\\\'}
24.4505 	DATA 	Keypress: 1
24.4581 	EXP 	MemTest: autoDraw = False
24.4581 	EXP 	Display: autoDraw = False
24.4581 	EXP 	Display: image = 'C:\\\\Users\\\\Psychology\\\\Documents\\\\ABExperiment\\\\MemoryStudy\\\\resources\\\\JPG\\\\cow.jpg'
24.4581 	EXP 	MemTest: autoDraw = True
24.4581 	EXP 	Display: autoDraw = True
24.6594 	EXP 	New trial (rep=0, index=60): {'TrialType': 'Mem', 'Lag': 1, 'Image': 'discoball.jpg', 'T1PA': 'P', 'T2PA': 'P', 'PicFolder': 'JPG\\', 'Picture': 'discoball', 'FullPathName': 'C:\\\\Users\\\\Psychology\\\\Documents\\\\ABExperiment\\\\MemoryStudy\\\\resources\\\\JPG\\\\discoball.jpg', 'FilePath': 'C:\\\\Users\\\\Psychology\\\\Documents\\\\ABExperiment\\\\MemoryStudy\\\\resources\\\\JPG\\\\'}
24.6695 	DATA 	Keypress: 1
24.6772 	EXP 	MemTest: autoDraw = False
24.6772 	EXP 	Display: autoDraw = False
24.6772 	EXP 	Display: image = 'C:\\\\Users\\\\Psychology\\\\Documents\\\\ABExperiment\\\\MemoryStudy\\\\resources\\\\JPG\\\\discoball.jpg'
24.6772 	EXP 	MemTest: autoDraw = True
24.6772 	EXP 	Display: autoDraw = True
24.8931 	EXP 	New trial (rep=0, index=61): {'TrialType': 'Mem', 'Lag': 1, 'Image': 'drumstick.jpg', 'T1PA': 'P', 'T2PA': 'P', 'PicFolder': 'JPG\\', 'Picture': 'drumstick', 'FullPathName': 'C:\\\\Users\\\\Psychology\\\\Documents\\\\ABExperiment\\\\MemoryStudy\\\\resources\\\\JPG\\\\drumstick.jpg', 'FilePath': 'C:\\\\Users\\\\Psychology\\\\Documents\\\\ABExperiment\\\\MemoryStudy\\\\resources\\\\JPG\\\\'}
24.9025 	DATA 	Keypress: 1
24.9102 	EXP 	MemTest: autoDraw = False
24.9102 	EXP 	Display: autoDraw = False
24.9102 	EXP 	Display: image = 'C:\\\\Users\\\\Psychology\\\\Documents\\\\ABExperiment\\\\MemoryStudy\\\\resources\\\\JPG\\\\drumstick.jpg'
24.9102 	EXP 	MemTest: autoDraw = True
24.9102 	EXP 	Display: autoDraw = True
25.0931 	EXP 	New trial (rep=0, index=62): {'TrialType': 'Mem', 'Lag': 1, 'Image': 'fingerprint.jpg', 'T1PA': 'P', 'T2PA': 'P', 'PicFolder': 'JPG\\', 'Picture': 'fingerprint', 'FullPathName': 'C:\\\\Users\\\\Psychology\\\\Documents\\\\ABExperiment\\\\MemoryStudy\\\\resources\\\\JPG\\\\fingerprint.jpg', 'FilePath': 'C:\\\\Users\\\\Psychology\\\\Documents\\\\ABExperiment\\\\MemoryStudy\\\\resources\\\\JPG\\\\'}
25.1025 	DATA 	Keypress: 1
25.1103 	EXP 	MemTest: autoDraw = False
25.1103 	EXP 	Display: autoDraw = False
25.1103 	EXP 	Display: image = 'C:\\\\Users\\\\Psychology\\\\Documents\\\\ABExperiment\\\\MemoryStudy\\\\resources\\\\JPG\\\\fingerprint.jpg'
25.1103 	EXP 	MemTest: autoDraw = True
25.1103 	EXP 	Display: autoDraw = True
25.3112 	DATA 	Keypress: 1
25.3264 	EXP 	New trial (rep=0, index=63): {'TrialType': 'Mem', 'Lag': 1, 'Image': 'hockeystick.jpg', 'T1PA': 'P', 'T2PA': 'P', 'PicFolder': 'JPG\\', 'Picture': 'hockeystick', 'FullPathName': 'C:\\\\Users\\\\Psychology\\\\Documents\\\\ABExperiment\\\\MemoryStudy\\\\resources\\\\JPG\\\\hockeystick.jpg', 'FilePath': 'C:\\\\Users\\\\Psychology\\\\Documents\\\\ABExperiment\\\\MemoryStudy\\\\resources\\\\JPG\\\\'}
25.3424 	EXP 	MemTest: autoDraw = False
25.3424 	EXP 	Display: autoDraw = False
25.3424 	EXP 	Display: image = 'C:\\\\Users\\\\Psychology\\\\Documents\\\\ABExperiment\\\\MemoryStudy\\\\resources\\\\JPG\\\\hockeystick.jpg'
25.3424 	EXP 	MemTest: autoDraw = True
25.3424 	EXP 	Display: autoDraw = True
25.5402 	EXP 	New trial (rep=0, index=64): {'TrialType': 'Mem', 'Lag': 1, 'Image': 'hulahoop.jpg', 'T1PA': 'P', 'T2PA': 'P', 'PicFolder': 'JPG\\', 'Picture': 'hulahoop', 'FullPathName': 'C:\\\\Users\\\\Psychology\\\\Documents\\\\ABExperiment\\\\MemoryStudy\\\\resources\\\\JPG\\\\hulahoop.jpg', 'FilePath': 'C:\\\\Users\\\\Psychology\\\\Documents\\\\ABExperiment\\\\MemoryStudy\\\\resources\\\\JPG\\\\'}
25.5458 	DATA 	Keypress: 1
25.5576 	EXP 	MemTest: autoDraw = False
25.5576 	EXP 	Display: autoDraw = False
25.5576 	EXP 	Display: image = 'C:\\\\Users\\\\Psychology\\\\Documents\\\\ABExperiment\\\\MemoryStudy\\\\resources\\\\JPG\\\\hulahoop.jpg'
25.5576 	EXP 	MemTest: autoDraw = True
25.5576 	EXP 	Display: autoDraw = True
25.7570 	EXP 	New trial (rep=0, index=65): {'TrialType': 'Mem', 'Lag': 1, 'Image': 'ladybug03.jpg', 'T1PA': 'P', 'T2PA': 'P', 'PicFolder': 'JPG\\', 'Picture': 'ladybug03', 'FullPathName': 'C:\\\\Users\\\\Psychology\\\\Documents\\\\ABExperiment\\\\MemoryStudy\\\\resources\\\\JPG\\\\ladybug03.jpg', 'FilePath': 'C:\\\\Users\\\\Psychology\\\\Documents\\\\ABExperiment\\\\MemoryStudy\\\\resources\\\\JPG\\\\'}
25.7624 	DATA 	Keypress: 1
25.7742 	EXP 	MemTest: autoDraw = False
25.7742 	EXP 	Display: autoDraw = False
25.7742 	EXP 	Display: image = 'C:\\\\Users\\\\Psychology\\\\Documents\\\\ABExperiment\\\\MemoryStudy\\\\resources\\\\JPG\\\\ladybug03.jpg'
25.7742 	EXP 	MemTest: autoDraw = True
25.7742 	EXP 	Display: autoDraw = True
25.9407 	EXP 	New trial (rep=0, index=66): {'TrialType': 'Mem', 'Lag': 1, 'Image': 'magneticcompass.jpg', 'T1PA': 'P', 'T2PA': 'P', 'PicFolder': 'JPG\\', 'Picture': 'magneticcompass', 'FullPathName': 'C:\\\\Users\\\\Psychology\\\\Documents\\\\ABExperiment\\\\MemoryStudy\\\\resources\\\\JPG\\\\magneticcompass.jpg', 'FilePath': 'C:\\\\Users\\\\Psychology\\\\Documents\\\\ABExperiment\\\\MemoryStudy\\\\resources\\\\JPG\\\\'}
25.9461 	DATA 	Keypress: 1
25.9579 	EXP 	MemTest: autoDraw = False
25.9579 	EXP 	Display: autoDraw = False
25.9579 	EXP 	Display: image = 'C:\\\\Users\\\\Psychology\\\\Documents\\\\ABExperiment\\\\MemoryStudy\\\\resources\\\\JPG\\\\magneticcompass.jpg'
25.9579 	EXP 	MemTest: autoDraw = True
25.9579 	EXP 	Display: autoDraw = True
26.1583 	DATA 	Keypress: 1
26.1742 	EXP 	New trial (rep=0, index=67): {'TrialType': 'Mem', 'Lag': 1, 'Image': 'moose.jpg', 'T1PA': 'P', 'T2PA': 'P', 'PicFolder': 'JPG\\', 'Picture': 'moose', 'FullPathName': 'C:\\\\Users\\\\Psychology\\\\Documents\\\\ABExperiment\\\\MemoryStudy\\\\resources\\\\JPG\\\\moose.jpg', 'FilePath': 'C:\\\\Users\\\\Psychology\\\\Documents\\\\ABExperiment\\\\MemoryStudy\\\\resources\\\\JPG\\\\'}
26.1911 	EXP 	MemTest: autoDraw = False
26.1911 	EXP 	Display: autoDraw = False
26.1911 	EXP 	Display: image = 'C:\\\\Users\\\\Psychology\\\\Documents\\\\ABExperiment\\\\MemoryStudy\\\\resources\\\\JPG\\\\moose.jpg'
26.1911 	EXP 	MemTest: autoDraw = True
26.1911 	EXP 	Display: autoDraw = True
26.3743 	EXP 	New trial (rep=0, index=68): {'TrialType': 'Mem', 'Lag': 1, 'Image': 'peacock.jpg', 'T1PA': 'P', 'T2PA': 'P', 'PicFolder': 'JPG\\', 'Picture': 'peacock', 'FullPathName': 'C:\\\\Users\\\\Psychology\\\\Documents\\\\ABExperiment\\\\MemoryStudy\\\\resources\\\\JPG\\\\peacock.jpg', 'FilePath': 'C:\\\\Users\\\\Psychology\\\\Documents\\\\ABExperiment\\\\MemoryStudy\\\\resources\\\\JPG\\\\'}
26.3797 	DATA 	Keypress: 1
26.3917 	EXP 	MemTest: autoDraw = False
26.3917 	EXP 	Display: autoDraw = False
26.3917 	EXP 	Display: image = 'C:\\\\Users\\\\Psychology\\\\Documents\\\\ABExperiment\\\\MemoryStudy\\\\resources\\\\JPG\\\\peacock.jpg'
26.3917 	EXP 	MemTest: autoDraw = True
26.3917 	EXP 	Display: autoDraw = True
26.5753 	DATA 	Keypress: 1
26.5912 	EXP 	New trial (rep=0, index=69): {'TrialType': 'Mem', 'Lag': 1, 'Image': 'rooster.jpg', 'T1PA': 'P', 'T2PA': 'P', 'PicFolder': 'JPG\\', 'Picture': 'rooster', 'FullPathName': 'C:\\\\Users\\\\Psychology\\\\Documents\\\\ABExperiment\\\\MemoryStudy\\\\resources\\\\JPG\\\\rooster.jpg', 'FilePath': 'C:\\\\Users\\\\Psychology\\\\Documents\\\\ABExperiment\\\\MemoryStudy\\\\resources\\\\JPG\\\\'}
26.6077 	EXP 	MemTest: autoDraw = False
26.6077 	EXP 	Display: autoDraw = False
26.6077 	EXP 	Display: image = 'C:\\\\Users\\\\Psychology\\\\Documents\\\\ABExperiment\\\\MemoryStudy\\\\resources\\\\JPG\\\\rooster.jpg'
26.6077 	EXP 	MemTest: autoDraw = True
26.6077 	EXP 	Display: autoDraw = True
26.7922 	DATA 	Keypress: 1
26.8079 	EXP 	New trial (rep=0, index=70): {'TrialType': 'Mem', 'Lag': 1, 'Image': 'sandcastle.jpg', 'T1PA': 'P', 'T2PA': 'P', 'PicFolder': 'JPG\\', 'Picture': 'sandcastle', 'FullPathName': 'C:\\\\Users\\\\Psychology\\\\Documents\\\\ABExperiment\\\\MemoryStudy\\\\resources\\\\JPG\\\\sandcastle.jpg', 'FilePath': 'C:\\\\Users\\\\Psychology\\\\Documents\\\\ABExperiment\\\\MemoryStudy\\\\resources\\\\JPG\\\\'}
26.8245 	EXP 	MemTest: autoDraw = False
26.8245 	EXP 	Display: autoDraw = False
26.8245 	EXP 	Display: image = 'C:\\\\Users\\\\Psychology\\\\Documents\\\\ABExperiment\\\\MemoryStudy\\\\resources\\\\JPG\\\\sandcastle.jpg'
26.8245 	EXP 	MemTest: autoDraw = True
26.8245 	EXP 	Display: autoDraw = True
27.0084 	EXP 	New trial (rep=0, index=71): {'TrialType': 'Mem', 'Lag': 1, 'Image': 'sheep.jpg', 'T1PA': 'P', 'T2PA': 'P', 'PicFolder': 'JPG\\', 'Picture': 'sheep', 'FullPathName': 'C:\\\\Users\\\\Psychology\\\\Documents\\\\ABExperiment\\\\MemoryStudy\\\\resources\\\\JPG\\\\sheep.jpg', 'FilePath': 'C:\\\\Users\\\\Psychology\\\\Documents\\\\ABExperiment\\\\MemoryStudy\\\\resources\\\\JPG\\\\'}
27.0138 	DATA 	Keypress: 1
27.0256 	EXP 	MemTest: autoDraw = False
27.0256 	EXP 	Display: autoDraw = False
27.0256 	EXP 	Display: image = 'C:\\\\Users\\\\Psychology\\\\Documents\\\\ABExperiment\\\\MemoryStudy\\\\resources\\\\JPG\\\\sheep.jpg'
27.0256 	EXP 	MemTest: autoDraw = True
27.0256 	EXP 	Display: autoDraw = True
27.2085 	EXP 	New trial (rep=0, index=72): {'TrialType': 'Mem', 'Lag': 1, 'Image': 'spiderweb.jpg', 'T1PA': 'P', 'T2PA': 'P', 'PicFolder': 'JPG\\', 'Picture': 'spiderweb', 'FullPathName': 'C:\\\\Users\\\\Psychology\\\\Documents\\\\ABExperiment\\\\MemoryStudy\\\\resources\\\\JPG\\\\spiderweb.jpg', 'FilePath': 'C:\\\\Users\\\\Psychology\\\\Documents\\\\ABExperiment\\\\MemoryStudy\\\\resources\\\\JPG\\\\'}
27.2140 	DATA 	Keypress: 1
27.2257 	EXP 	MemTest: autoDraw = False
27.2257 	EXP 	Display: autoDraw = False
27.2257 	EXP 	Display: image = 'C:\\\\Users\\\\Psychology\\\\Documents\\\\ABExperiment\\\\MemoryStudy\\\\resources\\\\JPG\\\\spiderweb.jpg'
27.2257 	EXP 	MemTest: autoDraw = True
27.2257 	EXP 	Display: autoDraw = True
27.4253 	EXP 	New trial (rep=0, index=73): {'TrialType': 'Mem', 'Lag': 1, 'Image': 'trampoline.jpg', 'T1PA': 'P', 'T2PA': 'P', 'PicFolder': 'JPG\\', 'Picture': 'trampoline', 'FullPathName': 'C:\\\\Users\\\\Psychology\\\\Documents\\\\ABExperiment\\\\MemoryStudy\\\\resources\\\\JPG\\\\trampoline.jpg', 'FilePath': 'C:\\\\Users\\\\Psychology\\\\Documents\\\\ABExperiment\\\\MemoryStudy\\\\resources\\\\JPG\\\\'}
27.4306 	DATA 	Keypress: 1
27.4424 	EXP 	MemTest: autoDraw = False
27.4424 	EXP 	Display: autoDraw = False
27.4424 	EXP 	Display: image = 'C:\\\\Users\\\\Psychology\\\\Documents\\\\ABExperiment\\\\MemoryStudy\\\\resources\\\\JPG\\\\trampoline.jpg'
27.4424 	EXP 	MemTest: autoDraw = True
27.4424 	EXP 	Display: autoDraw = True
27.6265 	EXP 	New trial (rep=0, index=74): {'TrialType': 'Mem', 'Lag': 1, 'Image': 'trophy01.jpg', 'T1PA': 'P', 'T2PA': 'P', 'PicFolder': 'JPG\\', 'Picture': 'trophy01', 'FullPathName': 'C:\\\\Users\\\\Psychology\\\\Documents\\\\ABExperiment\\\\MemoryStudy\\\\resources\\\\JPG\\\\trophy01.jpg', 'FilePath': 'C:\\\\Users\\\\Psychology\\\\Documents\\\\ABExperiment\\\\MemoryStudy\\\\resources\\\\JPG\\\\'}
27.6337 	DATA 	Keypress: 1
27.6435 	EXP 	MemTest: autoDraw = False
27.6435 	EXP 	Display: autoDraw = False
27.6435 	EXP 	Display: image = 'C:\\\\Users\\\\Psychology\\\\Documents\\\\ABExperiment\\\\MemoryStudy\\\\resources\\\\JPG\\\\trophy01.jpg'
27.6435 	EXP 	MemTest: autoDraw = True
27.6435 	EXP 	Display: autoDraw = True
27.8438 	EXP 	New trial (rep=0, index=75): {'TrialType': 'Mem', 'Lag': 1, 'Image': 'windmill.jpg', 'T1PA': 'P', 'T2PA': 'P', 'PicFolder': 'JPG\\', 'Picture': 'windmill', 'FullPathName': 'C:\\\\Users\\\\Psychology\\\\Documents\\\\ABExperiment\\\\MemoryStudy\\\\resources\\\\JPG\\\\windmill.jpg', 'FilePath': 'C:\\\\Users\\\\Psychology\\\\Documents\\\\ABExperiment\\\\MemoryStudy\\\\resources\\\\JPG\\\\'}
27.8513 	DATA 	Keypress: 1
27.8603 	EXP 	MemTest: autoDraw = False
27.8603 	EXP 	Display: autoDraw = False
27.8603 	EXP 	Display: image = 'C:\\\\Users\\\\Psychology\\\\Documents\\\\ABExperiment\\\\MemoryStudy\\\\resources\\\\JPG\\\\windmill.jpg'
27.8603 	EXP 	MemTest: autoDraw = True
27.8603 	EXP 	Display: autoDraw = True
28.0606 	EXP 	New trial (rep=0, index=76): {'TrialType': 'Mem', 'Lag': 1, 'Image': 'arrow02.jpg', 'T1PA': 'P', 'T2PA': 'P', 'PicFolder': 'JPG\\', 'Picture': 'arrow02', 'FullPathName': 'C:\\\\Users\\\\Psychology\\\\Documents\\\\ABExperiment\\\\MemoryStudy\\\\resources\\\\JPG\\\\arrow02.jpg', 'FilePath': 'C:\\\\Users\\\\Psychology\\\\Documents\\\\ABExperiment\\\\MemoryStudy\\\\resources\\\\JPG\\\\'}
28.0680 	DATA 	Keypress: 1
28.0770 	EXP 	MemTest: autoDraw = False
28.0770 	EXP 	Display: autoDraw = False
28.0770 	EXP 	Display: image = 'C:\\\\Users\\\\Psychology\\\\Documents\\\\ABExperiment\\\\MemoryStudy\\\\resources\\\\JPG\\\\arrow02.jpg'
28.0770 	EXP 	MemTest: autoDraw = True
28.0770 	EXP 	Display: autoDraw = True
28.2610 	EXP 	New trial (rep=0, index=77): {'TrialType': 'Mem', 'Lag': 1, 'Image': 'birdhouse.jpg', 'T1PA': 'P', 'T2PA': 'P', 'PicFolder': 'JPG\\', 'Picture': 'birdhouse', 'FullPathName': 'C:\\\\Users\\\\Psychology\\\\Documents\\\\ABExperiment\\\\MemoryStudy\\\\resources\\\\JPG\\\\birdhouse.jpg', 'FilePath': 'C:\\\\Users\\\\Psychology\\\\Documents\\\\ABExperiment\\\\MemoryStudy\\\\resources\\\\JPG\\\\'}
28.2685 	DATA 	Keypress: 1
28.2773 	EXP 	MemTest: autoDraw = False
28.2773 	EXP 	Display: autoDraw = False
28.2773 	EXP 	Display: image = 'C:\\\\Users\\\\Psychology\\\\Documents\\\\ABExperiment\\\\MemoryStudy\\\\resources\\\\JPG\\\\birdhouse.jpg'
28.2773 	EXP 	MemTest: autoDraw = True
28.2773 	EXP 	Display: autoDraw = True
28.4788 	DATA 	Keypress: 1
28.4948 	EXP 	New trial (rep=0, index=78): {'TrialType': 'Mem', 'Lag': 1, 'Image': 'bridge.jpg', 'T1PA': 'P', 'T2PA': 'P', 'PicFolder': 'JPG\\', 'Picture': 'bridge', 'FullPathName': 'C:\\\\Users\\\\Psychology\\\\Documents\\\\ABExperiment\\\\MemoryStudy\\\\resources\\\\JPG\\\\bridge.jpg', 'FilePath': 'C:\\\\Users\\\\Psychology\\\\Documents\\\\ABExperiment\\\\MemoryStudy\\\\resources\\\\JPG\\\\'}
28.5158 	EXP 	MemTest: autoDraw = False
28.5158 	EXP 	Display: autoDraw = False
28.5158 	EXP 	Display: image = 'C:\\\\Users\\\\Psychology\\\\Documents\\\\ABExperiment\\\\MemoryStudy\\\\resources\\\\JPG\\\\bridge.jpg'
28.5158 	EXP 	MemTest: autoDraw = True
28.5158 	EXP 	Display: autoDraw = True
28.6944 	EXP 	New trial (rep=0, index=79): {'TrialType': 'Mem', 'Lag': 1, 'Image': 'cashregister01.jpg', 'T1PA': 'P', 'T2PA': 'P', 'PicFolder': 'JPG\\', 'Picture': 'cashregister01', 'FullPathName': 'C:\\\\Users\\\\Psychology\\\\Documents\\\\ABExperiment\\\\MemoryStudy\\\\resources\\\\JPG\\\\cashregister01.jpg', 'FilePath': 'C:\\\\Users\\\\Psychology\\\\Documents\\\\ABExperiment\\\\MemoryStudy\\\\resources\\\\JPG\\\\'}
28.7024 	DATA 	Keypress: 1
28.7110 	EXP 	MemTest: autoDraw = False
28.7110 	EXP 	Display: autoDraw = False
28.7110 	EXP 	Display: image = 'C:\\\\Users\\\\Psychology\\\\Documents\\\\ABExperiment\\\\MemoryStudy\\\\resources\\\\JPG\\\\cashregister01.jpg'
28.7110 	EXP 	MemTest: autoDraw = True
28.7110 	EXP 	Display: autoDraw = True
28.8956 	DATA 	Keypress: 1
28.9115 	EXP 	New trial (rep=0, index=80): {'TrialType': 'Mem', 'Lag': 1, 'Image': 'dartboard.jpg', 'T1PA': 'P', 'T2PA': 'P', 'PicFolder': 'JPG\\', 'Picture': 'dartboard', 'FullPathName': 'C:\\\\Users\\\\Psychology\\\\Documents\\\\ABExperiment\\\\MemoryStudy\\\\resources\\\\JPG\\\\dartboard.jpg', 'FilePath': 'C:\\\\Users\\\\Psychology\\\\Documents\\\\ABExperiment\\\\MemoryStudy\\\\resources\\\\JPG\\\\'}
28.9279 	EXP 	MemTest: autoDraw = False
28.9279 	EXP 	Display: autoDraw = False
28.9279 	EXP 	Display: image = 'C:\\\\Users\\\\Psychology\\\\Documents\\\\ABExperiment\\\\MemoryStudy\\\\resources\\\\JPG\\\\dartboard.jpg'
28.9279 	EXP 	MemTest: autoDraw = True
28.9279 	EXP 	Display: autoDraw = True
29.1284 	EXP 	New trial (rep=0, index=81): {'TrialType': 'Mem', 'Lag': 1, 'Image': 'dreamcatcher.jpg', 'T1PA': 'P', 'T2PA': 'P', 'PicFolder': 'JPG\\', 'Picture': 'dreamcatcher', 'FullPathName': 'C:\\\\Users\\\\Psychology\\\\Documents\\\\ABExperiment\\\\MemoryStudy\\\\resources\\\\JPG\\\\dreamcatcher.jpg', 'FilePath': 'C:\\\\Users\\\\Psychology\\\\Documents\\\\ABExperiment\\\\MemoryStudy\\\\resources\\\\JPG\\\\'}
29.1363 	DATA 	Keypress: 1
29.1463 	EXP 	MemTest: autoDraw = False
29.1463 	EXP 	Display: autoDraw = False
29.1463 	EXP 	Display: image = 'C:\\\\Users\\\\Psychology\\\\Documents\\\\ABExperiment\\\\MemoryStudy\\\\resources\\\\JPG\\\\dreamcatcher.jpg'
29.1463 	EXP 	MemTest: autoDraw = True
29.1463 	EXP 	Display: autoDraw = True
29.3300 	EXP 	New trial (rep=0, index=82): {'TrialType': 'Mem', 'Lag': 1, 'Image': 'escalator.jpg', 'T1PA': 'P', 'T2PA': 'P', 'PicFolder': 'JPG\\', 'Picture': 'escalator', 'FullPathName': 'C:\\\\Users\\\\Psychology\\\\Documents\\\\ABExperiment\\\\MemoryStudy\\\\resources\\\\JPG\\\\escalator.jpg', 'FilePath': 'C:\\\\Users\\\\Psychology\\\\Documents\\\\ABExperiment\\\\MemoryStudy\\\\resources\\\\JPG\\\\'}
29.3391 	DATA 	Keypress: 1
29.3468 	EXP 	MemTest: autoDraw = False
29.3468 	EXP 	Display: autoDraw = False
29.3468 	EXP 	Display: image = 'C:\\\\Users\\\\Psychology\\\\Documents\\\\ABExperiment\\\\MemoryStudy\\\\resources\\\\JPG\\\\escalator.jpg'
29.3468 	EXP 	MemTest: autoDraw = True
29.3468 	EXP 	Display: autoDraw = True
29.5476 	EXP 	New trial (rep=0, index=83): {'TrialType': 'Mem', 'Lag': 1, 'Image': 'firehydrant.jpg', 'T1PA': 'P', 'T2PA': 'P', 'PicFolder': 'JPG\\', 'Picture': 'firehydrant', 'FullPathName': 'C:\\\\Users\\\\Psychology\\\\Documents\\\\ABExperiment\\\\MemoryStudy\\\\resources\\\\JPG\\\\firehydrant.jpg', 'FilePath': 'C:\\\\Users\\\\Psychology\\\\Documents\\\\ABExperiment\\\\MemoryStudy\\\\resources\\\\JPG\\\\'}
29.5572 	DATA 	Keypress: 1
29.5649 	EXP 	MemTest: autoDraw = False
29.5649 	EXP 	Display: autoDraw = False
29.5649 	EXP 	Display: image = 'C:\\\\Users\\\\Psychology\\\\Documents\\\\ABExperiment\\\\MemoryStudy\\\\resources\\\\JPG\\\\firehydrant.jpg'
29.5649 	EXP 	MemTest: autoDraw = True
29.5649 	EXP 	Display: autoDraw = True
29.7643 	EXP 	New trial (rep=0, index=84): {'TrialType': 'Mem', 'Lag': 1, 'Image': 'greatwhiteshark.jpg', 'T1PA': 'P', 'T2PA': 'P', 'PicFolder': 'JPG\\', 'Picture': 'greatwhiteshark', 'FullPathName': 'C:\\\\Users\\\\Psychology\\\\Documents\\\\ABExperiment\\\\MemoryStudy\\\\resources\\\\JPG\\\\greatwhiteshark.jpg', 'FilePath': 'C:\\\\Users\\\\Psychology\\\\Documents\\\\ABExperiment\\\\MemoryStudy\\\\resources\\\\JPG\\\\'}
29.7733 	DATA 	Keypress: 1
29.7810 	EXP 	MemTest: autoDraw = False
29.7810 	EXP 	Display: autoDraw = False
29.7810 	EXP 	Display: image = 'C:\\\\Users\\\\Psychology\\\\Documents\\\\ABExperiment\\\\MemoryStudy\\\\resources\\\\JPG\\\\greatwhiteshark.jpg'
29.7810 	EXP 	MemTest: autoDraw = True
29.7810 	EXP 	Display: autoDraw = True
29.9612 	EXP 	New trial (rep=0, index=85): {'TrialType': 'Mem', 'Lag': 1, 'Image': 'helicopter.jpg', 'T1PA': 'P', 'T2PA': 'P', 'PicFolder': 'JPG\\', 'Picture': 'helicopter', 'FullPathName': 'C:\\\\Users\\\\Psychology\\\\Documents\\\\ABExperiment\\\\MemoryStudy\\\\resources\\\\JPG\\\\helicopter.jpg', 'FilePath': 'C:\\\\Users\\\\Psychology\\\\Documents\\\\ABExperiment\\\\MemoryStudy\\\\resources\\\\JPG\\\\'}
29.9664 	DATA 	Keypress: 1
29.9783 	EXP 	MemTest: autoDraw = False
29.9783 	EXP 	Display: autoDraw = False
29.9783 	EXP 	Display: image = 'C:\\\\Users\\\\Psychology\\\\Documents\\\\ABExperiment\\\\MemoryStudy\\\\resources\\\\JPG\\\\helicopter.jpg'
29.9783 	EXP 	MemTest: autoDraw = True
29.9783 	EXP 	Display: autoDraw = True
30.1780 	EXP 	New trial (rep=0, index=86): {'TrialType': 'Mem', 'Lag': 1, 'Image': 'smokingsign.jpg', 'T1PA': 'P', 'T2PA': 'P', 'PicFolder': 'JPG\\', 'Picture': 'smokingsign', 'FullPathName': 'C:\\\\Users\\\\Psychology\\\\Documents\\\\ABExperiment\\\\MemoryStudy\\\\resources\\\\JPG\\\\smokingsign.jpg', 'FilePath': 'C:\\\\Users\\\\Psychology\\\\Documents\\\\ABExperiment\\\\MemoryStudy\\\\resources\\\\JPG\\\\'}
30.1833 	DATA 	Keypress: 1
30.1952 	EXP 	MemTest: autoDraw = False
30.1952 	EXP 	Display: autoDraw = False
30.1952 	EXP 	Display: image = 'C:\\\\Users\\\\Psychology\\\\Documents\\\\ABExperiment\\\\MemoryStudy\\\\resources\\\\JPG\\\\smokingsign.jpg'
30.1952 	EXP 	MemTest: autoDraw = True
30.1952 	EXP 	Display: autoDraw = True
30.3949 	EXP 	New trial (rep=0, index=87): {'TrialType': 'Mem', 'Lag': 1, 'Image': 'barnowl.jpg', 'T1PA': 'P', 'T2PA': 'P', 'PicFolder': 'JPG\\', 'Picture': 'barnowl', 'FullPathName': 'C:\\\\Users\\\\Psychology\\\\Documents\\\\ABExperiment\\\\MemoryStudy\\\\resources\\\\JPG\\\\barnowl.jpg', 'FilePath': 'C:\\\\Users\\\\Psychology\\\\Documents\\\\ABExperiment\\\\MemoryStudy\\\\resources\\\\JPG\\\\'}
30.4786 	DATA 	Keypress: 1
30.4884 	EXP 	MemTest: autoDraw = False
30.4884 	EXP 	Display: autoDraw = False
30.4884 	EXP 	Display: image = 'C:\\\\Users\\\\Psychology\\\\Documents\\\\ABExperiment\\\\MemoryStudy\\\\resources\\\\JPG\\\\barnowl.jpg'
30.4884 	EXP 	MemTest: autoDraw = True
30.4884 	EXP 	Display: autoDraw = True
30.6143 	EXP 	New trial (rep=0, index=88): {'TrialType': 'Mem', 'Lag': 1, 'Image': 'pig.jpg', 'T1PA': 'P', 'T2PA': 'P', 'PicFolder': 'JPG\\', 'Picture': 'pig', 'FullPathName': 'C:\\\\Users\\\\Psychology\\\\Documents\\\\ABExperiment\\\\MemoryStudy\\\\resources\\\\JPG\\\\pig.jpg', 'FilePath': 'C:\\\\Users\\\\Psychology\\\\Documents\\\\ABExperiment\\\\MemoryStudy\\\\resources\\\\JPG\\\\'}
30.6257 	DATA 	Keypress: 1
30.6334 	EXP 	MemTest: autoDraw = False
30.6334 	EXP 	Display: autoDraw = False
30.6334 	EXP 	Display: image = 'C:\\\\Users\\\\Psychology\\\\Documents\\\\ABExperiment\\\\MemoryStudy\\\\resources\\\\JPG\\\\pig.jpg'
30.6334 	EXP 	MemTest: autoDraw = True
30.6334 	EXP 	Display: autoDraw = True
30.8316 	DATA 	Keypress: 1
30.8474 	EXP 	New trial (rep=0, index=89): {'TrialType': 'Mem', 'Lag': 1, 'Image': 'polarbear.jpg', 'T1PA': 'P', 'T2PA': 'P', 'PicFolder': 'JPG\\', 'Picture': 'polarbear', 'FullPathName': 'C:\\\\Users\\\\Psychology\\\\Documents\\\\ABExperiment\\\\MemoryStudy\\\\resources\\\\JPG\\\\polarbear.jpg', 'FilePath': 'C:\\\\Users\\\\Psychology\\\\Documents\\\\ABExperiment\\\\MemoryStudy\\\\resources\\\\JPG\\\\'}
30.8665 	EXP 	MemTest: autoDraw = False
30.8665 	EXP 	Display: autoDraw = False
30.8665 	EXP 	Display: image = 'C:\\\\Users\\\\Psychology\\\\Documents\\\\ABExperiment\\\\MemoryStudy\\\\resources\\\\JPG\\\\polarbear.jpg'
30.8665 	EXP 	MemTest: autoDraw = True
30.8665 	EXP 	Display: autoDraw = True
31.0974 	EXP 	New trial (rep=0, index=90): {'TrialType': 'Mem', 'Lag': 1, 'Image': 'sandbarshark.jpg', 'T1PA': 'P', 'T2PA': 'P', 'PicFolder': 'JPG\\', 'Picture': 'sandbarshark', 'FullPathName': 'C:\\\\Users\\\\Psychology\\\\Documents\\\\ABExperiment\\\\MemoryStudy\\\\resources\\\\JPG\\\\sandbarshark.jpg', 'FilePath': 'C:\\\\Users\\\\Psychology\\\\Documents\\\\ABExperiment\\\\MemoryStudy\\\\resources\\\\JPG\\\\'}
31.1997 	DATA 	Keypress: 1
31.2101 	EXP 	MemTest: autoDraw = False
31.2101 	EXP 	Display: autoDraw = False
31.2101 	EXP 	Display: image = 'C:\\\\Users\\\\Psychology\\\\Documents\\\\ABExperiment\\\\MemoryStudy\\\\resources\\\\JPG\\\\sandbarshark.jpg'
31.2101 	EXP 	MemTest: autoDraw = True
31.2101 	EXP 	Display: autoDraw = True
31.3117 	EXP 	New trial (rep=0, index=91): {'TrialType': 'Mem', 'Lag': 1, 'Image': 'telescope.jpg', 'T1PA': 'P', 'T2PA': 'P', 'PicFolder': 'JPG\\', 'Picture': 'telescope', 'FullPathName': 'C:\\\\Users\\\\Psychology\\\\Documents\\\\ABExperiment\\\\MemoryStudy\\\\resources\\\\JPG\\\\telescope.jpg', 'FilePath': 'C:\\\\Users\\\\Psychology\\\\Documents\\\\ABExperiment\\\\MemoryStudy\\\\resources\\\\JPG\\\\'}
31.3160 	DATA 	Keypress: 1
31.3281 	EXP 	MemTest: autoDraw = False
31.3281 	EXP 	Display: autoDraw = False
31.3281 	EXP 	Display: image = 'C:\\\\Users\\\\Psychology\\\\Documents\\\\ABExperiment\\\\MemoryStudy\\\\resources\\\\JPG\\\\telescope.jpg'
31.3281 	EXP 	MemTest: autoDraw = True
31.3281 	EXP 	Display: autoDraw = True
31.5494 	EXP 	New trial (rep=0, index=92): {'TrialType': 'Mem', 'Lag': 1, 'Image': 'tent.jpg', 'T1PA': 'P', 'T2PA': 'P', 'PicFolder': 'JPG\\', 'Picture': 'tent', 'FullPathName': 'C:\\\\Users\\\\Psychology\\\\Documents\\\\ABExperiment\\\\MemoryStudy\\\\resources\\\\JPG\\\\tent.jpg', 'FilePath': 'C:\\\\Users\\\\Psychology\\\\Documents\\\\ABExperiment\\\\MemoryStudy\\\\resources\\\\JPG\\\\'}
31.5602 	DATA 	Keypress: 1
31.5681 	EXP 	MemTest: autoDraw = False
31.5681 	EXP 	Display: autoDraw = False
31.5681 	EXP 	Display: image = 'C:\\\\Users\\\\Psychology\\\\Documents\\\\ABExperiment\\\\MemoryStudy\\\\resources\\\\JPG\\\\tent.jpg'
31.5681 	EXP 	MemTest: autoDraw = True
31.5681 	EXP 	Display: autoDraw = True
31.7630 	EXP 	New trial (rep=0, index=93): {'TrialType': 'Mem', 'Lag': 1, 'Image': 'toilet.jpg', 'T1PA': 'P', 'T2PA': 'P', 'PicFolder': 'JPG\\', 'Picture': 'toilet', 'FullPathName': 'C:\\\\Users\\\\Psychology\\\\Documents\\\\ABExperiment\\\\MemoryStudy\\\\resources\\\\JPG\\\\toilet.jpg', 'FilePath': 'C:\\\\Users\\\\Psychology\\\\Documents\\\\ABExperiment\\\\MemoryStudy\\\\resources\\\\JPG\\\\'}
31.7729 	DATA 	Keypress: 1
31.7809 	EXP 	MemTest: autoDraw = False
31.7809 	EXP 	Display: autoDraw = False
31.7809 	EXP 	Display: image = 'C:\\\\Users\\\\Psychology\\\\Documents\\\\ABExperiment\\\\MemoryStudy\\\\resources\\\\JPG\\\\toilet.jpg'
31.7809 	EXP 	MemTest: autoDraw = True
31.7809 	EXP 	Display: autoDraw = True
31.9878 	EXP 	New trial (rep=0, index=94): {'TrialType': 'Mem', 'Lag': 1, 'Image': 'tricycle.jpg', 'T1PA': 'P', 'T2PA': 'P', 'PicFolder': 'JPG\\', 'Picture': 'tricycle', 'FullPathName': 'C:\\\\Users\\\\Psychology\\\\Documents\\\\ABExperiment\\\\MemoryStudy\\\\resources\\\\JPG\\\\tricycle.jpg', 'FilePath': 'C:\\\\Users\\\\Psychology\\\\Documents\\\\ABExperiment\\\\MemoryStudy\\\\resources\\\\JPG\\\\'}
32.0006 	DATA 	Keypress: 1
32.0085 	EXP 	MemTest: autoDraw = False
32.0085 	EXP 	Display: autoDraw = False
32.0085 	EXP 	Display: image = 'C:\\\\Users\\\\Psychology\\\\Documents\\\\ABExperiment\\\\MemoryStudy\\\\resources\\\\JPG\\\\tricycle.jpg'
32.0085 	EXP 	MemTest: autoDraw = True
32.0085 	EXP 	Display: autoDraw = True
32.2299 	EXP 	New trial (rep=0, index=95): {'TrialType': 'Mem', 'Lag': 1, 'Image': 'rubikcube.jpg', 'T1PA': 'P', 'T2PA': 'P', 'PicFolder': 'JPG\\', 'Picture': 'rubikcube', 'FullPathName': 'C:\\\\Users\\\\Psychology\\\\Documents\\\\ABExperiment\\\\MemoryStudy\\\\resources\\\\JPG\\\\rubikcube.jpg', 'FilePath': 'C:\\\\Users\\\\Psychology\\\\Documents\\\\ABExperiment\\\\MemoryStudy\\\\resources\\\\JPG\\\\'}
32.2392 	DATA 	Keypress: 1
32.2477 	EXP 	MemTest: autoDraw = False
32.2477 	EXP 	Display: autoDraw = False
32.2477 	EXP 	Display: image = 'C:\\\\Users\\\\Psychology\\\\Documents\\\\ABExperiment\\\\MemoryStudy\\\\resources\\\\JPG\\\\rubikcube.jpg'
32.2477 	EXP 	MemTest: autoDraw = True
32.2477 	EXP 	Display: autoDraw = True
32.4968 	EXP 	New trial (rep=0, index=96): {'TrialType': 'Mem', 'Lag': 1, 'Image': 'anchor.jpg', 'T1PA': 'P', 'T2PA': 'P', 'PicFolder': 'JPG\\', 'Picture': 'anchor', 'FullPathName': 'C:\\\\Users\\\\Psychology\\\\Documents\\\\ABExperiment\\\\MemoryStudy\\\\resources\\\\JPG\\\\anchor.jpg', 'FilePath': 'C:\\\\Users\\\\Psychology\\\\Documents\\\\ABExperiment\\\\MemoryStudy\\\\resources\\\\JPG\\\\'}
32.5031 	DATA 	Keypress: 1
32.5148 	EXP 	MemTest: autoDraw = False
32.5148 	EXP 	Display: autoDraw = False
32.5148 	EXP 	Display: image = 'C:\\\\Users\\\\Psychology\\\\Documents\\\\ABExperiment\\\\MemoryStudy\\\\resources\\\\JPG\\\\anchor.jpg'
32.5148 	EXP 	MemTest: autoDraw = True
32.5148 	EXP 	Display: autoDraw = True
32.7637 	EXP 	New trial (rep=0, index=97): {'TrialType': 'Mem', 'Lag': 1, 'Image': 'beerbottle.jpg', 'T1PA': 'P', 'T2PA': 'P', 'PicFolder': 'JPG\\', 'Picture': 'beerbottle', 'FullPathName': 'C:\\\\Users\\\\Psychology\\\\Documents\\\\ABExperiment\\\\MemoryStudy\\\\resources\\\\JPG\\\\beerbottle.jpg', 'FilePath': 'C:\\\\Users\\\\Psychology\\\\Documents\\\\ABExperiment\\\\MemoryStudy\\\\resources\\\\JPG\\\\'}
32.7685 	DATA 	Keypress: 1
32.7802 	EXP 	MemTest: autoDraw = False
32.7802 	EXP 	Display: autoDraw = False
32.7802 	EXP 	Display: image = 'C:\\\\Users\\\\Psychology\\\\Documents\\\\ABExperiment\\\\MemoryStudy\\\\resources\\\\JPG\\\\beerbottle.jpg'
32.7802 	EXP 	MemTest: autoDraw = True
32.7802 	EXP 	Display: autoDraw = True
33.0148 	DATA 	Keypress: 1
33.0306 	EXP 	New trial (rep=0, index=98): {'TrialType': 'Mem', 'Lag': 1, 'Image': 'bowtie.jpg', 'T1PA': 'P', 'T2PA': 'P', 'PicFolder': 'JPG\\', 'Picture': 'bowtie', 'FullPathName': 'C:\\\\Users\\\\Psychology\\\\Documents\\\\ABExperiment\\\\MemoryStudy\\\\resources\\\\JPG\\\\bowtie.jpg', 'FilePath': 'C:\\\\Users\\\\Psychology\\\\Documents\\\\ABExperiment\\\\MemoryStudy\\\\resources\\\\JPG\\\\'}
33.0469 	EXP 	MemTest: autoDraw = False
33.0469 	EXP 	Display: autoDraw = False
33.0469 	EXP 	Display: image = 'C:\\\\Users\\\\Psychology\\\\Documents\\\\ABExperiment\\\\MemoryStudy\\\\resources\\\\JPG\\\\bowtie.jpg'
33.0469 	EXP 	MemTest: autoDraw = True
33.0469 	EXP 	Display: autoDraw = True
33.2976 	EXP 	New trial (rep=0, index=99): {'TrialType': 'Mem', 'Lag': 1, 'Image': 'cannon.jpg', 'T1PA': 'P', 'T2PA': 'P', 'PicFolder': 'JPG\\', 'Picture': 'cannon', 'FullPathName': 'C:\\\\Users\\\\Psychology\\\\Documents\\\\ABExperiment\\\\MemoryStudy\\\\resources\\\\JPG\\\\cannon.jpg', 'FilePath': 'C:\\\\Users\\\\Psychology\\\\Documents\\\\ABExperiment\\\\MemoryStudy\\\\resources\\\\JPG\\\\'}
33.3025 	DATA 	Keypress: 1
33.3141 	EXP 	MemTest: autoDraw = False
33.3141 	EXP 	Display: autoDraw = False
33.3141 	EXP 	Display: image = 'C:\\\\Users\\\\Psychology\\\\Documents\\\\ABExperiment\\\\MemoryStudy\\\\resources\\\\JPG\\\\cannon.jpg'
33.3141 	EXP 	MemTest: autoDraw = True
33.3141 	EXP 	Display: autoDraw = True
33.6056 	EXP 	New trial (rep=0, index=100): {'TrialType': 'Mem', 'Lag': 1, 'Image': 'cat.jpg', 'T1PA': 'P', 'T2PA': 'P', 'PicFolder': 'JPG\\', 'Picture': 'cat', 'FullPathName': 'C:\\\\Users\\\\Psychology\\\\Documents\\\\ABExperiment\\\\MemoryStudy\\\\resources\\\\JPG\\\\cat.jpg', 'FilePath': 'C:\\\\Users\\\\Psychology\\\\Documents\\\\ABExperiment\\\\MemoryStudy\\\\resources\\\\JPG\\\\'}
33.6180 	DATA 	Keypress: 1
33.6261 	EXP 	MemTest: autoDraw = False
33.6261 	EXP 	Display: autoDraw = False
33.6261 	EXP 	Display: image = 'C:\\\\Users\\\\Psychology\\\\Documents\\\\ABExperiment\\\\MemoryStudy\\\\resources\\\\JPG\\\\cat.jpg'
33.6261 	EXP 	MemTest: autoDraw = True
33.6261 	EXP 	Display: autoDraw = True
33.8819 	EXP 	New trial (rep=0, index=101): {'TrialType': 'Mem', 'Lag': 1, 'Image': 'chair.jpg', 'T1PA': 'P', 'T2PA': 'P', 'PicFolder': 'JPG\\', 'Picture': 'chair', 'FullPathName': 'C:\\\\Users\\\\Psychology\\\\Documents\\\\ABExperiment\\\\MemoryStudy\\\\resources\\\\JPG\\\\chair.jpg', 'FilePath': 'C:\\\\Users\\\\Psychology\\\\Documents\\\\ABExperiment\\\\MemoryStudy\\\\resources\\\\JPG\\\\'}
33.8880 	DATA 	Keypress: 1
33.8990 	EXP 	MemTest: autoDraw = False
33.8990 	EXP 	Display: autoDraw = False
33.8990 	EXP 	Display: image = 'C:\\\\Users\\\\Psychology\\\\Documents\\\\ABExperiment\\\\MemoryStudy\\\\resources\\\\JPG\\\\chair.jpg'
33.8990 	EXP 	MemTest: autoDraw = True
33.8990 	EXP 	Display: autoDraw = True
34.2488 	EXP 	New trial (rep=0, index=102): {'TrialType': 'Mem', 'Lag': 1, 'Image': 'cross01.jpg', 'T1PA': 'P', 'T2PA': 'P', 'PicFolder': 'JPG\\', 'Picture': 'cross01', 'FullPathName': 'C:\\\\Users\\\\Psychology\\\\Documents\\\\ABExperiment\\\\MemoryStudy\\\\resources\\\\JPG\\\\cross01.jpg', 'FilePath': 'C:\\\\Users\\\\Psychology\\\\Documents\\\\ABExperiment\\\\MemoryStudy\\\\resources\\\\JPG\\\\'}
34.2588 	DATA 	Keypress: 1
34.2664 	EXP 	MemTest: autoDraw = False
34.2664 	EXP 	Display: autoDraw = False
34.2664 	EXP 	Display: image = 'C:\\\\Users\\\\Psychology\\\\Documents\\\\ABExperiment\\\\MemoryStudy\\\\resources\\\\JPG\\\\cross01.jpg'
34.2664 	EXP 	MemTest: autoDraw = True
34.2664 	EXP 	Display: autoDraw = True
34.6325 	EXP 	New trial (rep=0, index=103): {'TrialType': 'Mem', 'Lag': 1, 'Image': 'englishcucumber.jpg', 'T1PA': 'P', 'T2PA': 'P', 'PicFolder': 'JPG\\', 'Picture': 'englishcucumber', 'FullPathName': 'C:\\\\Users\\\\Psychology\\\\Documents\\\\ABExperiment\\\\MemoryStudy\\\\resources\\\\JPG\\\\englishcucumber.jpg', 'FilePath': 'C:\\\\Users\\\\Psychology\\\\Documents\\\\ABExperiment\\\\MemoryStudy\\\\resources\\\\JPG\\\\'}
34.6386 	DATA 	Keypress: 1
34.6497 	EXP 	MemTest: autoDraw = False
34.6497 	EXP 	Display: autoDraw = False
34.6497 	EXP 	Display: image = 'C:\\\\Users\\\\Psychology\\\\Documents\\\\ABExperiment\\\\MemoryStudy\\\\resources\\\\JPG\\\\englishcucumber.jpg'
34.6497 	EXP 	MemTest: autoDraw = True
34.6497 	EXP 	Display: autoDraw = True
35.0005 	DATA 	Keypress: 1
35.0161 	EXP 	New trial (rep=0, index=104): {'TrialType': 'Mem', 'Lag': 1, 'Image': 'frisbee.jpg', 'T1PA': 'P', 'T2PA': 'P', 'PicFolder': 'JPG\\', 'Picture': 'frisbee', 'FullPathName': 'C:\\\\Users\\\\Psychology\\\\Documents\\\\ABExperiment\\\\MemoryStudy\\\\resources\\\\JPG\\\\frisbee.jpg', 'FilePath': 'C:\\\\Users\\\\Psychology\\\\Documents\\\\ABExperiment\\\\MemoryStudy\\\\resources\\\\JPG\\\\'}
35.0341 	EXP 	MemTest: autoDraw = False
35.0341 	EXP 	Display: autoDraw = False
35.0341 	EXP 	Display: image = 'C:\\\\Users\\\\Psychology\\\\Documents\\\\ABExperiment\\\\MemoryStudy\\\\resources\\\\JPG\\\\frisbee.jpg'
35.0341 	EXP 	MemTest: autoDraw = True
35.0341 	EXP 	Display: autoDraw = True
35.3666 	EXP 	New trial (rep=0, index=105): {'TrialType': 'Mem', 'Lag': 1, 'Image': 'granolabar01.jpg', 'T1PA': 'P', 'T2PA': 'P', 'PicFolder': 'JPG\\', 'Picture': 'granolabar01', 'FullPathName': 'C:\\\\Users\\\\Psychology\\\\Documents\\\\ABExperiment\\\\MemoryStudy\\\\resources\\\\JPG\\\\granolabar01.jpg', 'FilePath': 'C:\\\\Users\\\\Psychology\\\\Documents\\\\ABExperiment\\\\MemoryStudy\\\\resources\\\\JPG\\\\'}
35.3825 	DATA 	Keypress: 1
35.3901 	EXP 	MemTest: autoDraw = False
35.3901 	EXP 	Display: autoDraw = False
35.3901 	EXP 	Display: image = 'C:\\\\Users\\\\Psychology\\\\Documents\\\\ABExperiment\\\\MemoryStudy\\\\resources\\\\JPG\\\\granolabar01.jpg'
35.3901 	EXP 	MemTest: autoDraw = True
35.3901 	EXP 	Display: autoDraw = True
35.7335 	EXP 	New trial (rep=0, index=106): {'TrialType': 'Mem', 'Lag': 1, 'Image': 'jeans01.jpg', 'T1PA': 'P', 'T2PA': 'P', 'PicFolder': 'JPG\\', 'Picture': 'jeans01', 'FullPathName': 'C:\\\\Users\\\\Psychology\\\\Documents\\\\ABExperiment\\\\MemoryStudy\\\\resources\\\\JPG\\\\jeans01.jpg', 'FilePath': 'C:\\\\Users\\\\Psychology\\\\Documents\\\\ABExperiment\\\\MemoryStudy\\\\resources\\\\JPG\\\\'}
35.7451 	DATA 	Keypress: 1
35.7526 	EXP 	MemTest: autoDraw = False
35.7526 	EXP 	Display: autoDraw = False
35.7526 	EXP 	Display: image = 'C:\\\\Users\\\\Psychology\\\\Documents\\\\ABExperiment\\\\MemoryStudy\\\\resources\\\\JPG\\\\jeans01.jpg'
35.7526 	EXP 	MemTest: autoDraw = True
35.7526 	EXP 	Display: autoDraw = True
36.0838 	EXP 	New trial (rep=0, index=107): {'TrialType': 'Mem', 'Lag': 1, 'Image': 'jeep.jpg', 'T1PA': 'P', 'T2PA': 'P', 'PicFolder': 'JPG\\', 'Picture': 'jeep', 'FullPathName': 'C:\\\\Users\\\\Psychology\\\\Documents\\\\ABExperiment\\\\MemoryStudy\\\\resources\\\\JPG\\\\jeep.jpg', 'FilePath': 'C:\\\\Users\\\\Psychology\\\\Documents\\\\ABExperiment\\\\MemoryStudy\\\\resources\\\\JPG\\\\'}
36.0943 	DATA 	Keypress: 1
36.1018 	EXP 	MemTest: autoDraw = False
36.1018 	EXP 	Display: autoDraw = False
36.1018 	EXP 	Display: image = 'C:\\\\Users\\\\Psychology\\\\Documents\\\\ABExperiment\\\\MemoryStudy\\\\resources\\\\JPG\\\\jeep.jpg'
36.1018 	EXP 	MemTest: autoDraw = True
36.1018 	EXP 	Display: autoDraw = True
36.4176 	EXP 	New trial (rep=0, index=108): {'TrialType': 'Mem', 'Lag': 1, 'Image': 'knee.jpg', 'T1PA': 'P', 'T2PA': 'P', 'PicFolder': 'JPG\\', 'Picture': 'knee', 'FullPathName': 'C:\\\\Users\\\\Psychology\\\\Documents\\\\ABExperiment\\\\MemoryStudy\\\\resources\\\\JPG\\\\knee.jpg', 'FilePath': 'C:\\\\Users\\\\Psychology\\\\Documents\\\\ABExperiment\\\\MemoryStudy\\\\resources\\\\JPG\\\\'}
36.4238 	DATA 	Keypress: 1
36.4349 	EXP 	MemTest: autoDraw = False
36.4349 	EXP 	Display: autoDraw = False
36.4349 	EXP 	Display: image = 'C:\\\\Users\\\\Psychology\\\\Documents\\\\ABExperiment\\\\MemoryStudy\\\\resources\\\\JPG\\\\knee.jpg'
36.4349 	EXP 	MemTest: autoDraw = True
36.4349 	EXP 	Display: autoDraw = True
36.7523 	DATA 	Keypress: 1
36.7679 	EXP 	New trial (rep=0, index=109): {'TrialType': 'Mem', 'Lag': 1, 'Image': 'lighthouse.jpg', 'T1PA': 'P', 'T2PA': 'P', 'PicFolder': 'JPG\\', 'Picture': 'lighthouse', 'FullPathName': 'C:\\\\Users\\\\Psychology\\\\Documents\\\\ABExperiment\\\\MemoryStudy\\\\resources\\\\JPG\\\\lighthouse.jpg', 'FilePath': 'C:\\\\Users\\\\Psychology\\\\Documents\\\\ABExperiment\\\\MemoryStudy\\\\resources\\\\JPG\\\\'}
36.7848 	EXP 	MemTest: autoDraw = False
36.7848 	EXP 	Display: autoDraw = False
36.7848 	EXP 	Display: image = 'C:\\\\Users\\\\Psychology\\\\Documents\\\\ABExperiment\\\\MemoryStudy\\\\resources\\\\JPG\\\\lighthouse.jpg'
36.7848 	EXP 	MemTest: autoDraw = True
36.7848 	EXP 	Display: autoDraw = True
37.1183 	EXP 	New trial (rep=0, index=110): {'TrialType': 'Mem', 'Lag': 1, 'Image': 'lion.jpg', 'T1PA': 'P', 'T2PA': 'P', 'PicFolder': 'JPG\\', 'Picture': 'lion', 'FullPathName': 'C:\\\\Users\\\\Psychology\\\\Documents\\\\ABExperiment\\\\MemoryStudy\\\\resources\\\\JPG\\\\lion.jpg', 'FilePath': 'C:\\\\Users\\\\Psychology\\\\Documents\\\\ABExperiment\\\\MemoryStudy\\\\resources\\\\JPG\\\\'}
37.1244 	DATA 	Keypress: 1
37.1356 	EXP 	MemTest: autoDraw = False
37.1356 	EXP 	Display: autoDraw = False
37.1356 	EXP 	Display: image = 'C:\\\\Users\\\\Psychology\\\\Documents\\\\ABExperiment\\\\MemoryStudy\\\\resources\\\\JPG\\\\lion.jpg'
37.1356 	EXP 	MemTest: autoDraw = True
37.1356 	EXP 	Display: autoDraw = True
37.4520 	EXP 	New trial (rep=0, index=111): {'TrialType': 'Mem', 'Lag': 1, 'Image': 'microphone01.jpg', 'T1PA': 'P', 'T2PA': 'P', 'PicFolder': 'JPG\\', 'Picture': 'microphone01', 'FullPathName': 'C:\\\\Users\\\\Psychology\\\\Documents\\\\ABExperiment\\\\MemoryStudy\\\\resources\\\\JPG\\\\microphone01.jpg', 'FilePath': 'C:\\\\Users\\\\Psychology\\\\Documents\\\\ABExperiment\\\\MemoryStudy\\\\resources\\\\JPG\\\\'}
37.4625 	DATA 	Keypress: 1
37.4700 	EXP 	MemTest: autoDraw = False
37.4700 	EXP 	Display: autoDraw = False
37.4700 	EXP 	Display: image = 'C:\\\\Users\\\\Psychology\\\\Documents\\\\ABExperiment\\\\MemoryStudy\\\\resources\\\\JPG\\\\microphone01.jpg'
37.4700 	EXP 	MemTest: autoDraw = True
37.4700 	EXP 	Display: autoDraw = True
37.8022 	EXP 	New trial (rep=0, index=112): {'TrialType': 'Mem', 'Lag': 1, 'Image': 'nose.jpg', 'T1PA': 'P', 'T2PA': 'P', 'PicFolder': 'JPG\\', 'Picture': 'nose', 'FullPathName': 'C:\\\\Users\\\\Psychology\\\\Documents\\\\ABExperiment\\\\MemoryStudy\\\\resources\\\\JPG\\\nose.jpg', 'FilePath': 'C:\\\\Users\\\\Psychology\\\\Documents\\\\ABExperiment\\\\MemoryStudy\\\\resources\\\\JPG\\\\'}
37.8042 	DEPRECATION 	Couldn't find image C:\\Users\\Psychology\\Documents\\ABExperiment\\MemoryStudy\\resources\\JPG\
ose.jpg; check path? (tried: C:\Users\Psychology\Documents\ABExperiment\MemoryStudy\resources\JPG\
ose.jpg)
37.9314 	EXP 	window1: mouseVisible = True
