1.3895 	WARNING 	We strongly recommend you activate the PTB sound engine in PsychoPy prefs as the preferred audio engine. Its timing is vastly superior. Your prefs are currently set to use ['sounddevice', 'PTB', 'pyo', 'pygame'] (in that order).
10.4441 	WARNING 	User requested fullscreen with size [1024  768], but screen is actually [1920, 1080]. Using actual size
11.0734 	EXP 	Created window1 = Window(allowGUI=False, allowStencil=False, autoLog=True, backendConf=UNKNOWN, bitsMode=UNKNOWN, blendMode='avg', bpc=(8, 8, 8), color=array([0, 0, 0]), colorSpace='rgb', depthBits=8, fullscr=<method-wrapper '__getattribute__' of attributeSetter object at 0x0000027FC57E1B20>, gamma=None, gammaErrorPolicy='raise', lms=UNKNOWN, monitor=<psychopy.monitors.calibTools.Monitor object at 0x0000027FC645E520>, multiSample=False, name='window1', numSamples=2, pos=(0, 0), screen=0, size=array([1920, 1080]), stencilBits=0, stereo=False, units='height', useFBO=True, useRetina=False, viewOri=0.0, viewPos=None, viewScale=None, waitBlanking=True, winType='pyglet')
11.0740 	EXP 	window1: mouseVisible = True
11.0741 	EXP 	window1: Attempting to measure frame rate of screen (0) ...
11.0741 	EXP 	window1: recordFrameIntervals = False
11.2389 	EXP 	window1: recordFrameIntervals = True
11.4229 	EXP 	Screen (0) actual frame rate measured at 59.93Hz
11.4230 	EXP 	window1: recordFrameIntervals = False
13.3089 	EXP 	Created text = TextStim(__class__=<class 'psychopy.visual.text.TextStim'>, alignHoriz=method-wrapper(...), alignText='center', alignVert=method-wrapper(...), anchorHoriz='center', anchorVert='center', antialias=True, autoDraw=False, autoLog=True, bold=False, color=array([1., 1., 1.]), colorSpace='rgb', contrast=1.0, depth=0.0, flipHoriz=False, flipVert=False, font='Open Sans', fontFiles=[], height=0.05, italic=False, languageStyle='LTR', name='text', opacity=1.0, ori=0.0, pos=array([0., 0.]), rgb=UNKNOWN, text='Memory test instructions', units='height', win=Window(...), wrapWidth=1)
13.3164 	EXP 	Created MemTest = TextStim(__class__=<class 'psychopy.visual.text.TextStim'>, alignHoriz=method-wrapper(...), alignText='center', alignVert=method-wrapper(...), anchorHoriz='center', anchorVert='center', antialias=True, autoDraw=False, autoLog=True, bold=False, color=array([1., 1., 1.]), colorSpace='rgb', contrast=1.0, depth=0.0, flipHoriz=False, flipVert=False, font='Open Sans', fontFiles=[], height=0.05, italic=False, languageStyle='LTR', name='MemTest', opacity=1.0, ori=0.0, pos=array([ 0.  , -0.15]), rgb=UNKNOWN, text='Did you see this image?', units='height', win=Window(...), wrapWidth=1)
13.3211 	EXP 	Created Display = ImageStim(__class__=<class 'psychopy.visual.image.ImageStim'>, anchor=('center', 'center'), autoLog=True, color=array([1., 1., 1.]), colorSpace='rgb', contrast=1.0, depth=-2.0, flipHoriz=False, flipVert=False, image='sin', interpolate=True, mask=None, maskParams=None, name='Display', opacity=1.0, ori=0.0, pos=array([0.  , 0.15]), size=array([0.5, 0.5]), texRes=128.0, units='height', win=Window(...))
13.3302 	EXP 	text: autoDraw = True
13.9790 	DATA 	Keypress: space
14.1640 	EXP 	Imported Memory_conditionSheet.xlsx as conditions, 565 conditions, 10 params
14.1704 	EXP 	Created sequence: sequential, trialTypes=565, nReps=1, seed=None
14.1707 	EXP 	New trial (rep=0, index=0): {'TrialType': 'Mem', 'Lag': 1, 'Image': 'giraffe.jpg', 'T1PA': 'P', 'T2PA': 'P', 'PicFolder': 'JPG\\', 'Picture': 'giraffe', 'FullPathName': 'C:\\\\Users\\\\Psychology\\\\Documents\\\\ABExperiment\\\\MemoryStudy\\\\resources\\\\JPG\\\\giraffe.jpg', 'FilePath': 'C:\\\\Users\\\\Psychology\\\\Documents\\\\ABExperiment\\\\MemoryStudy\\\\resources\\\\JPG\\\\'}
14.1844 	EXP 	text: autoDraw = False
14.1844 	EXP 	Display: image = 'C:\\\\Users\\\\Psychology\\\\Documents\\\\ABExperiment\\\\MemoryStudy\\\\resources\\\\JPG\\\\giraffe.jpg'
14.1844 	EXP 	MemTest: autoDraw = True
14.1844 	EXP 	Display: autoDraw = True
16.5867 	EXP 	New trial (rep=0, index=1): {'TrialType': 'Mem', 'Lag': 1, 'Image': 'greathornowl.jpg', 'T1PA': 'P', 'T2PA': 'P', 'PicFolder': 'JPG\\', 'Picture': 'greathornowl', 'FullPathName': 'C:\\\\Users\\\\Psychology\\\\Documents\\\\ABExperiment\\\\MemoryStudy\\\\resources\\\\JPG\\\\greathornowl.jpg', 'FilePath': 'C:\\\\Users\\\\Psychology\\\\Documents\\\\ABExperiment\\\\MemoryStudy\\\\resources\\\\JPG\\\\'}
16.5991 	DATA 	Keypress: 1
16.6071 	EXP 	MemTest: autoDraw = False
16.6071 	EXP 	Display: autoDraw = False
16.6071 	EXP 	Display: image = 'C:\\\\Users\\\\Psychology\\\\Documents\\\\ABExperiment\\\\MemoryStudy\\\\resources\\\\JPG\\\\greathornowl.jpg'
16.6071 	EXP 	MemTest: autoDraw = True
16.6071 	EXP 	Display: autoDraw = True
17.1142 	DATA 	Keypress: 2
17.1298 	EXP 	New trial (rep=0, index=2): {'TrialType': 'Mem', 'Lag': 1, 'Image': 'candle08b.jpg', 'T1PA': 'P', 'T2PA': 'P', 'PicFolder': 'JPG\\', 'Picture': 'candle08b', 'FullPathName': 'C:\\\\Users\\\\Psychology\\\\Documents\\\\ABExperiment\\\\MemoryStudy\\\\resources\\\\JPG\\\\candle08b.jpg', 'FilePath': 'C:\\\\Users\\\\Psychology\\\\Documents\\\\ABExperiment\\\\MemoryStudy\\\\resources\\\\JPG\\\\'}
17.2882 	EXP 	MemTest: autoDraw = False
17.2882 	EXP 	Display: autoDraw = False
17.2882 	EXP 	Display: image = 'C:\\\\Users\\\\Psychology\\\\Documents\\\\ABExperiment\\\\MemoryStudy\\\\resources\\\\JPG\\\\candle08b.jpg'
17.2882 	EXP 	MemTest: autoDraw = True
17.2882 	EXP 	Display: autoDraw = True
17.6975 	EXP 	New trial (rep=0, index=3): {'TrialType': 'Mem', 'Lag': 1, 'Image': 'horse.jpg', 'T1PA': 'P', 'T2PA': 'P', 'PicFolder': 'JPG\\', 'Picture': 'horse', 'FullPathName': 'C:\\\\Users\\\\Psychology\\\\Documents\\\\ABExperiment\\\\MemoryStudy\\\\resources\\\\JPG\\\\horse.jpg', 'FilePath': 'C:\\\\Users\\\\Psychology\\\\Documents\\\\ABExperiment\\\\MemoryStudy\\\\resources\\\\JPG\\\\'}
17.7978 	DATA 	Keypress: 3
17.8052 	EXP 	MemTest: autoDraw = False
17.8052 	EXP 	Display: autoDraw = False
17.8052 	EXP 	Display: image = 'C:\\\\Users\\\\Psychology\\\\Documents\\\\ABExperiment\\\\MemoryStudy\\\\resources\\\\JPG\\\\horse.jpg'
17.8052 	EXP 	MemTest: autoDraw = True
17.8052 	EXP 	Display: autoDraw = True
18.2819 	EXP 	New trial (rep=0, index=4): {'TrialType': 'Mem', 'Lag': 1, 'Image': 'snowman.jpg', 'T1PA': 'P', 'T2PA': 'P', 'PicFolder': 'JPG\\', 'Picture': 'snowman', 'FullPathName': 'C:\\\\Users\\\\Psychology\\\\Documents\\\\ABExperiment\\\\MemoryStudy\\\\resources\\\\JPG\\\\snowman.jpg', 'FilePath': 'C:\\\\Users\\\\Psychology\\\\Documents\\\\ABExperiment\\\\MemoryStudy\\\\resources\\\\JPG\\\\'}
18.2967 	DATA 	Keypress: 4
18.3043 	EXP 	MemTest: autoDraw = False
18.3043 	EXP 	Display: autoDraw = False
18.3043 	EXP 	Display: image = 'C:\\\\Users\\\\Psychology\\\\Documents\\\\ABExperiment\\\\MemoryStudy\\\\resources\\\\JPG\\\\snowman.jpg'
18.3043 	EXP 	MemTest: autoDraw = True
18.3043 	EXP 	Display: autoDraw = True
18.7827 	EXP 	New trial (rep=0, index=5): {'TrialType': 'Mem', 'Lag': 1, 'Image': 'squirrel.jpg', 'T1PA': 'P', 'T2PA': 'P', 'PicFolder': 'JPG\\', 'Picture': 'squirrel', 'FullPathName': 'C:\\\\Users\\\\Psychology\\\\Documents\\\\ABExperiment\\\\MemoryStudy\\\\resources\\\\JPG\\\\squirrel.jpg', 'FilePath': 'C:\\\\Users\\\\Psychology\\\\Documents\\\\ABExperiment\\\\MemoryStudy\\\\resources\\\\JPG\\\\'}
18.7967 	DATA 	Keypress: 5
18.8043 	EXP 	MemTest: autoDraw = False
18.8043 	EXP 	Display: autoDraw = False
18.8043 	EXP 	Display: image = 'C:\\\\Users\\\\Psychology\\\\Documents\\\\ABExperiment\\\\MemoryStudy\\\\resources\\\\JPG\\\\squirrel.jpg'
18.8043 	EXP 	MemTest: autoDraw = True
18.8043 	EXP 	Display: autoDraw = True
19.2499 	EXP 	New trial (rep=0, index=6): {'TrialType': 'Mem', 'Lag': 1, 'Image': 'nunchuck.jpg', 'T1PA': 'P', 'T2PA': 'P', 'PicFolder': 'JPG\\', 'Picture': 'nunchuck', 'FullPathName': 'C:\\\\Users\\\\Psychology\\\\Documents\\\\ABExperiment\\\\MemoryStudy\\\\resources\\\\JPG\\\nunchuck.jpg', 'FilePath': 'C:\\\\Users\\\\Psychology\\\\Documents\\\\ABExperiment\\\\MemoryStudy\\\\resources\\\\JPG\\\\'}
19.2528 	DEPRECATION 	Couldn't find image C:\\Users\\Psychology\\Documents\\ABExperiment\\MemoryStudy\\resources\\JPG\
unchuck.jpg; check path? (tried: C:\Users\Psychology\Documents\ABExperiment\MemoryStudy\resources\JPG\
unchuck.jpg)
19.3983 	EXP 	window1: mouseVisible = True
