1.3999 	WARNING 	We strongly recommend you activate the PTB sound engine in PsychoPy prefs as the preferred audio engine. Its timing is vastly superior. Your prefs are currently set to use ['sounddevice', 'PTB', 'pyo', 'pygame'] (in that order).
5.6960 	WARNING 	User requested fullscreen with size [1024  768], but screen is actually [1920, 1080]. Using actual size
6.3179 	EXP 	Created window1 = Window(allowGUI=False, allowStencil=False, autoLog=True, backendConf=UNKNOWN, bitsMode=UNKNOWN, blendMode='avg', bpc=(8, 8, 8), color=array([0, 0, 0]), colorSpace='rgb', depthBits=8, fullscr=<method-wrapper '__getattribute__' of attributeSetter object at 0x000001604CBB1A90>, gamma=None, gammaErrorPolicy='raise', lms=UNKNOWN, monitor=<psychopy.monitors.calibTools.Monitor object at 0x000001604D82E490>, multiSample=False, name='window1', numSamples=2, pos=(0, 0), screen=0, size=array([1920, 1080]), stencilBits=0, stereo=False, units='height', useFBO=True, useRetina=False, viewOri=0.0, viewPos=None, viewScale=None, waitBlanking=True, winType='pyglet')
6.3184 	EXP 	window1: mouseVisible = True
6.3185 	EXP 	window1: Attempting to measure frame rate of screen (0) ...
6.3185 	EXP 	window1: recordFrameIntervals = False
6.4838 	EXP 	window1: recordFrameIntervals = True
6.6684 	EXP 	Screen (0) actual frame rate measured at 59.68Hz
6.6685 	EXP 	window1: recordFrameIntervals = False
8.5647 	EXP 	Created text = TextStim(__class__=<class 'psychopy.visual.text.TextStim'>, alignHoriz=method-wrapper(...), alignText='center', alignVert=method-wrapper(...), anchorHoriz='center', anchorVert='center', antialias=True, autoDraw=False, autoLog=True, bold=False, color=array([1., 1., 1.]), colorSpace='rgb', contrast=1.0, depth=0.0, flipHoriz=False, flipVert=False, font='Open Sans', fontFiles=[], height=0.05, italic=False, languageStyle='LTR', name='text', opacity=1.0, ori=0.0, pos=array([0., 0.]), rgb=UNKNOWN, text='Memory test instructions', units='height', win=Window(...), wrapWidth=1)
8.5725 	EXP 	Created MemTest = TextStim(__class__=<class 'psychopy.visual.text.TextStim'>, alignHoriz=method-wrapper(...), alignText='center', alignVert=method-wrapper(...), anchorHoriz='center', anchorVert='center', antialias=True, autoDraw=False, autoLog=True, bold=False, color=array([1., 1., 1.]), colorSpace='rgb', contrast=1.0, depth=0.0, flipHoriz=False, flipVert=False, font='Open Sans', fontFiles=[], height=0.05, italic=False, languageStyle='LTR', name='MemTest', opacity=1.0, ori=0.0, pos=array([ 0.  , -0.15]), rgb=UNKNOWN, text='Did you see this image?', units='height', win=Window(...), wrapWidth=1)
8.5772 	EXP 	Created Display = ImageStim(__class__=<class 'psychopy.visual.image.ImageStim'>, anchor=('center', 'center'), autoLog=True, color=array([1., 1., 1.]), colorSpace='rgb', contrast=1.0, depth=-2.0, flipHoriz=False, flipVert=False, image='sin', interpolate=True, mask=None, maskParams=None, name='Display', opacity=1.0, ori=0.0, pos=array([0.  , 0.15]), size=array([0.5, 0.5]), texRes=128.0, units='height', win=Window(...))
8.5862 	EXP 	text: autoDraw = True
9.1892 	EXP 	Imported Memory_conditionSheet.xlsx as conditions, 565 conditions, 10 params
9.1959 	EXP 	Created sequence: random, trialTypes=565, nReps=1, seed=None
9.1963 	EXP 	New trial (rep=0, index=0): {'TrialType': 'Mem', 'Lag': 99, 'Image': 'chocolatemilk.jpg', 'T1PA': 'Z', 'T2PA': 'Z', 'PicFolder': 'JPG\\', 'Picture': 'chocolatemilk', 'FullPathName': 'C:\\\\Users\\\\Psychology\\\\Documents\\\\ABExperiment\\\\MemoryStudy\\\\resources\\\\JPG\\\\chocolatemilk.jpg', 'FilePath': 'C:\\\\Users\\\\Psychology\\\\Documents\\\\ABExperiment\\\\MemoryStudy\\\\resources\\\\JPG\\\\'}
9.3088 	DATA 	Keypress: space
9.3218 	EXP 	text: autoDraw = False
9.3218 	EXP 	Display: image = 'C:\\\\Users\\\\Psychology\\\\Documents\\\\ABExperiment\\\\MemoryStudy\\\\resources\\\\JPG\\\\chocolatemilk.jpg'
9.3218 	EXP 	MemTest: autoDraw = True
9.3218 	EXP 	Display: autoDraw = True
10.0753 	EXP 	New trial (rep=0, index=1): {'TrialType': 'Mem', 'Lag': 99, 'Image': 'canister.jpg', 'T1PA': 'Z', 'T2PA': 'Z', 'PicFolder': 'JPG\\', 'Picture': 'canister', 'FullPathName': 'C:\\\\Users\\\\Psychology\\\\Documents\\\\ABExperiment\\\\MemoryStudy\\\\resources\\\\JPG\\\\canister.jpg', 'FilePath': 'C:\\\\Users\\\\Psychology\\\\Documents\\\\ABExperiment\\\\MemoryStudy\\\\resources\\\\JPG\\\\'}
10.1847 	DATA 	Keypress: 1
10.1946 	EXP 	MemTest: autoDraw = False
10.1946 	EXP 	Display: autoDraw = False
10.1946 	EXP 	Display: image = 'C:\\\\Users\\\\Psychology\\\\Documents\\\\ABExperiment\\\\MemoryStudy\\\\resources\\\\JPG\\\\canister.jpg'
10.1946 	EXP 	MemTest: autoDraw = True
10.1946 	EXP 	Display: autoDraw = True
10.8249 	EXP 	New trial (rep=0, index=2): {'TrialType': 'Mem', 'Lag': 1, 'Image': 'telescope.jpg', 'T1PA': 'P', 'T2PA': 'P', 'PicFolder': 'JPG\\', 'Picture': 'telescope', 'FullPathName': 'C:\\\\Users\\\\Psychology\\\\Documents\\\\ABExperiment\\\\MemoryStudy\\\\resources\\\\JPG\\\\telescope.jpg', 'FilePath': 'C:\\\\Users\\\\Psychology\\\\Documents\\\\ABExperiment\\\\MemoryStudy\\\\resources\\\\JPG\\\\'}
10.9060 	DATA 	Keypress: 1
10.9133 	EXP 	MemTest: autoDraw = False
10.9133 	EXP 	Display: autoDraw = False
10.9133 	EXP 	Display: image = 'C:\\\\Users\\\\Psychology\\\\Documents\\\\ABExperiment\\\\MemoryStudy\\\\resources\\\\JPG\\\\telescope.jpg'
10.9133 	EXP 	MemTest: autoDraw = True
10.9133 	EXP 	Display: autoDraw = True
11.5593 	EXP 	New trial (rep=0, index=3): {'TrialType': 'Mem', 'Lag': 99, 'Image': 'windowshade02.jpg', 'T1PA': 'Z', 'T2PA': 'Z', 'PicFolder': 'JPG\\', 'Picture': 'windowshade02', 'FullPathName': 'C:\\\\Users\\\\Psychology\\\\Documents\\\\ABExperiment\\\\MemoryStudy\\\\resources\\\\JPG\\\\windowshade02.jpg', 'FilePath': 'C:\\\\Users\\\\Psychology\\\\Documents\\\\ABExperiment\\\\MemoryStudy\\\\resources\\\\JPG\\\\'}
11.5643 	DEPRECATION 	Couldn't find image C:\\Users\\Psychology\\Documents\\ABExperiment\\MemoryStudy\\resources\\JPG\\windowshade02.jpg; check path? (tried: C:\Users\Psychology\Documents\ABExperiment\MemoryStudy\resources\JPG\windowshade02.jpg)
11.7040 	EXP 	window1: mouseVisible = True
