1.4240 	WARNING 	We strongly recommend you activate the PTB sound engine in PsychoPy prefs as the preferred audio engine. Its timing is vastly superior. Your prefs are currently set to use ['sounddevice', 'PTB', 'pyo', 'pygame'] (in that order).
5.5986 	WARNING 	User requested fullscreen with size [1024  768], but screen is actually [1920, 1080]. Using actual size
6.2309 	EXP 	Created window1 = Window(allowGUI=False, allowStencil=False, autoLog=True, backendConf=UNKNOWN, bitsMode=UNKNOWN, blendMode='avg', bpc=(8, 8, 8), color=array([0, 0, 0]), colorSpace='rgb', depthBits=8, fullscr=<method-wrapper '__getattribute__' of attributeSetter object at 0x0000024E265B1AC0>, gamma=None, gammaErrorPolicy='raise', lms=UNKNOWN, monitor=<psychopy.monitors.calibTools.Monitor object at 0x0000024E2723E4C0>, multiSample=False, name='window1', numSamples=2, pos=(0, 0), screen=0, size=array([1920, 1080]), stencilBits=0, stereo=False, units='height', useFBO=True, useRetina=False, viewOri=0.0, viewPos=None, viewScale=None, waitBlanking=True, winType='pyglet')
6.2315 	EXP 	window1: mouseVisible = True
6.2316 	EXP 	window1: Attempting to measure frame rate of screen (0) ...
6.2317 	EXP 	window1: recordFrameIntervals = False
6.3966 	EXP 	window1: recordFrameIntervals = True
6.5804 	EXP 	Screen (0) actual frame rate measured at 59.95Hz
6.5805 	EXP 	window1: recordFrameIntervals = False
8.4557 	EXP 	Created text = TextStim(__class__=<class 'psychopy.visual.text.TextStim'>, alignHoriz=method-wrapper(...), alignText='center', alignVert=method-wrapper(...), anchorHoriz='center', anchorVert='center', antialias=True, autoDraw=False, autoLog=True, bold=False, color=array([1., 1., 1.]), colorSpace='rgb', contrast=1.0, depth=0.0, flipHoriz=False, flipVert=False, font='Open Sans', fontFiles=[], height=0.05, italic=False, languageStyle='LTR', name='text', opacity=1.0, ori=0.0, pos=array([0., 0.]), rgb=UNKNOWN, text='Memory test instructions', units='height', win=Window(...), wrapWidth=1)
8.4639 	EXP 	Created MemTest = TextStim(__class__=<class 'psychopy.visual.text.TextStim'>, alignHoriz=method-wrapper(...), alignText='center', alignVert=method-wrapper(...), anchorHoriz='center', anchorVert='center', antialias=True, autoDraw=False, autoLog=True, bold=False, color=array([1., 1., 1.]), colorSpace='rgb', contrast=1.0, depth=0.0, flipHoriz=False, flipVert=False, font='Open Sans', fontFiles=[], height=0.05, italic=False, languageStyle='LTR', name='MemTest', opacity=1.0, ori=0.0, pos=array([ 0.  , -0.15]), rgb=UNKNOWN, text='Did you see this image?', units='height', win=Window(...), wrapWidth=1)
8.4688 	EXP 	Created Display = ImageStim(__class__=<class 'psychopy.visual.image.ImageStim'>, anchor=('center', 'center'), autoLog=True, color=array([1., 1., 1.]), colorSpace='rgb', contrast=1.0, depth=-2.0, flipHoriz=False, flipVert=False, image='sin', interpolate=True, mask=None, maskParams=None, name='Display', opacity=1.0, ori=0.0, pos=array([0.  , 0.15]), size=array([0.5, 0.5]), texRes=128.0, units='height', win=Window(...))
8.4780 	EXP 	text: autoDraw = True
9.2576 	EXP 	Imported Memory_conditionSheet.xlsx as conditions, 565 conditions, 10 params
9.2639 	EXP 	Created sequence: sequential, trialTypes=565, nReps=1, seed=None
9.2642 	EXP 	New trial (rep=0, index=0): {'TrialType': 'Mem', 'Lag': 1, 'Image': 'giraffe.jpg', 'T1PA': 'P', 'T2PA': 'P', 'PicFolder': 'JPG\\', 'Picture': 'giraffe', 'FullPathName': 'C:\\\\Users\\\\Psychology\\\\Documents\\\\ABExperiment\\\\MemoryStudy\\\\resources\\\\JPG\\\\giraffe.jpg', 'FilePath': 'C:\\\\Users\\\\Psychology\\\\Documents\\\\ABExperiment\\\\MemoryStudy\\\\resources\\\\JPG\\\\'}
9.2705 	DATA 	Keypress: space
9.2781 	EXP 	text: autoDraw = False
9.2781 	EXP 	Display: image = 'C:\\\\Users\\\\Psychology\\\\Documents\\\\ABExperiment\\\\MemoryStudy\\\\resources\\\\JPG\\\\giraffe.jpg'
9.2781 	EXP 	MemTest: autoDraw = True
9.2781 	EXP 	Display: autoDraw = True
10.1212 	EXP 	New trial (rep=0, index=1): {'TrialType': 'Mem', 'Lag': 1, 'Image': 'greathornowl.jpg', 'T1PA': 'P', 'T2PA': 'P', 'PicFolder': 'JPG\\', 'Picture': 'greathornowl', 'FullPathName': 'C:\\\\Users\\\\Psychology\\\\Documents\\\\ABExperiment\\\\MemoryStudy\\\\resources\\\\JPG\\\\greathornowl.jpg', 'FilePath': 'C:\\\\Users\\\\Psychology\\\\Documents\\\\ABExperiment\\\\MemoryStudy\\\\resources\\\\JPG\\\\'}
10.1286 	DATA 	Keypress: 1
10.1361 	EXP 	MemTest: autoDraw = False
10.1361 	EXP 	Display: autoDraw = False
10.1361 	EXP 	Display: image = 'C:\\\\Users\\\\Psychology\\\\Documents\\\\ABExperiment\\\\MemoryStudy\\\\resources\\\\JPG\\\\greathornowl.jpg'
10.1361 	EXP 	MemTest: autoDraw = True
10.1361 	EXP 	Display: autoDraw = True
10.4536 	DATA 	Keypress: 1
10.4690 	EXP 	New trial (rep=0, index=2): {'TrialType': 'Mem', 'Lag': 1, 'Image': 'candle08b.jpg', 'T1PA': 'P', 'T2PA': 'P', 'PicFolder': 'JPG\\', 'Picture': 'candle08b', 'FullPathName': 'C:\\\\Users\\\\Psychology\\\\Documents\\\\ABExperiment\\\\MemoryStudy\\\\resources\\\\JPG\\\\candle08b.jpg', 'FilePath': 'C:\\\\Users\\\\Psychology\\\\Documents\\\\ABExperiment\\\\MemoryStudy\\\\resources\\\\JPG\\\\'}
10.6232 	EXP 	MemTest: autoDraw = False
10.6232 	EXP 	Display: autoDraw = False
10.6232 	EXP 	Display: image = 'C:\\\\Users\\\\Psychology\\\\Documents\\\\ABExperiment\\\\MemoryStudy\\\\resources\\\\JPG\\\\candle08b.jpg'
10.6232 	EXP 	MemTest: autoDraw = True
10.6232 	EXP 	Display: autoDraw = True
10.9689 	EXP 	New trial (rep=0, index=3): {'TrialType': 'Mem', 'Lag': 1, 'Image': 'horse.jpg', 'T1PA': 'P', 'T2PA': 'P', 'PicFolder': 'JPG\\', 'Picture': 'horse', 'FullPathName': 'C:\\\\Users\\\\Psychology\\\\Documents\\\\ABExperiment\\\\MemoryStudy\\\\resources\\\\JPG\\\\horse.jpg', 'FilePath': 'C:\\\\Users\\\\Psychology\\\\Documents\\\\ABExperiment\\\\MemoryStudy\\\\resources\\\\JPG\\\\'}
11.0354 	DATA 	Keypress: 1
11.0429 	EXP 	MemTest: autoDraw = False
11.0429 	EXP 	Display: autoDraw = False
11.0429 	EXP 	Display: image = 'C:\\\\Users\\\\Psychology\\\\Documents\\\\ABExperiment\\\\MemoryStudy\\\\resources\\\\JPG\\\\horse.jpg'
11.0429 	EXP 	MemTest: autoDraw = True
11.0429 	EXP 	Display: autoDraw = True
11.4380 	DATA 	Keypress: 1
11.4536 	EXP 	New trial (rep=0, index=4): {'TrialType': 'Mem', 'Lag': 1, 'Image': 'snowman.jpg', 'T1PA': 'P', 'T2PA': 'P', 'PicFolder': 'JPG\\', 'Picture': 'snowman', 'FullPathName': 'C:\\\\Users\\\\Psychology\\\\Documents\\\\ABExperiment\\\\MemoryStudy\\\\resources\\\\JPG\\\\snowman.jpg', 'FilePath': 'C:\\\\Users\\\\Psychology\\\\Documents\\\\ABExperiment\\\\MemoryStudy\\\\resources\\\\JPG\\\\'}
11.4703 	EXP 	MemTest: autoDraw = False
11.4703 	EXP 	Display: autoDraw = False
11.4703 	EXP 	Display: image = 'C:\\\\Users\\\\Psychology\\\\Documents\\\\ABExperiment\\\\MemoryStudy\\\\resources\\\\JPG\\\\snowman.jpg'
11.4703 	EXP 	MemTest: autoDraw = True
11.4703 	EXP 	Display: autoDraw = True
11.8867 	EXP 	New trial (rep=0, index=5): {'TrialType': 'Mem', 'Lag': 1, 'Image': 'squirrel.jpg', 'T1PA': 'P', 'T2PA': 'P', 'PicFolder': 'JPG\\', 'Picture': 'squirrel', 'FullPathName': 'C:\\\\Users\\\\Psychology\\\\Documents\\\\ABExperiment\\\\MemoryStudy\\\\resources\\\\JPG\\\\squirrel.jpg', 'FilePath': 'C:\\\\Users\\\\Psychology\\\\Documents\\\\ABExperiment\\\\MemoryStudy\\\\resources\\\\JPG\\\\'}
11.8913 	DATA 	Keypress: 1
11.9015 	EXP 	MemTest: autoDraw = False
11.9015 	EXP 	Display: autoDraw = False
11.9015 	EXP 	Display: image = 'C:\\\\Users\\\\Psychology\\\\Documents\\\\ABExperiment\\\\MemoryStudy\\\\resources\\\\JPG\\\\squirrel.jpg'
11.9015 	EXP 	MemTest: autoDraw = True
11.9015 	EXP 	Display: autoDraw = True
12.3703 	EXP 	New trial (rep=0, index=6): {'TrialType': 'Mem', 'Lag': 1, 'Image': 'firtree.jpg', 'T1PA': 'P', 'T2PA': 'P', 'PicFolder': 'JPG\\', 'Picture': 'firtree', 'FullPathName': 'C:\\\\Users\\\\Psychology\\\\Documents\\\\ABExperiment\\\\MemoryStudy\\\\resources\\\\JPG\\\\firtree.jpg', 'FilePath': 'C:\\\\Users\\\\Psychology\\\\Documents\\\\ABExperiment\\\\MemoryStudy\\\\resources\\\\JPG\\\\'}
12.4733 	DATA 	Keypress: 1
12.4833 	EXP 	MemTest: autoDraw = False
12.4833 	EXP 	Display: autoDraw = False
12.4833 	EXP 	Display: image = 'C:\\\\Users\\\\Psychology\\\\Documents\\\\ABExperiment\\\\MemoryStudy\\\\resources\\\\JPG\\\\firtree.jpg'
12.4833 	EXP 	MemTest: autoDraw = True
12.4833 	EXP 	Display: autoDraw = True
12.8544 	EXP 	New trial (rep=0, index=7): {'TrialType': 'Mem', 'Lag': 1, 'Image': 'bowlingball.jpg', 'T1PA': 'P', 'T2PA': 'P', 'PicFolder': 'JPG\\', 'Picture': 'bowlingball', 'FullPathName': 'C:\\\\Users\\\\Psychology\\\\Documents\\\\ABExperiment\\\\MemoryStudy\\\\resources\\\\JPG\\\\bowlingball.jpg', 'FilePath': 'C:\\\\Users\\\\Psychology\\\\Documents\\\\ABExperiment\\\\MemoryStudy\\\\resources\\\\JPG\\\\'}
12.8612 	DATA 	Keypress: 1
12.8706 	EXP 	MemTest: autoDraw = False
12.8706 	EXP 	Display: autoDraw = False
12.8706 	EXP 	Display: image = 'C:\\\\Users\\\\Psychology\\\\Documents\\\\ABExperiment\\\\MemoryStudy\\\\resources\\\\JPG\\\\bowlingball.jpg'
12.8706 	EXP 	MemTest: autoDraw = True
12.8706 	EXP 	Display: autoDraw = True
13.3215 	EXP 	New trial (rep=0, index=8): {'TrialType': 'Mem', 'Lag': 1, 'Image': 'bowlingpin.jpg', 'T1PA': 'P', 'T2PA': 'P', 'PicFolder': 'JPG\\', 'Picture': 'bowlingpin', 'FullPathName': 'C:\\\\Users\\\\Psychology\\\\Documents\\\\ABExperiment\\\\MemoryStudy\\\\resources\\\\JPG\\\\bowlingpin.jpg', 'FilePath': 'C:\\\\Users\\\\Psychology\\\\Documents\\\\ABExperiment\\\\MemoryStudy\\\\resources\\\\JPG\\\\'}
13.3276 	DATA 	Keypress: 1
13.3369 	EXP 	MemTest: autoDraw = False
13.3369 	EXP 	Display: autoDraw = False
13.3369 	EXP 	Display: image = 'C:\\\\Users\\\\Psychology\\\\Documents\\\\ABExperiment\\\\MemoryStudy\\\\resources\\\\JPG\\\\bowlingpin.jpg'
13.3369 	EXP 	MemTest: autoDraw = True
13.3369 	EXP 	Display: autoDraw = True
13.7894 	DATA 	Keypress: 1
13.8052 	EXP 	New trial (rep=0, index=9): {'TrialType': 'Mem', 'Lag': 1, 'Image': 'candycane01a.jpg', 'T1PA': 'P', 'T2PA': 'P', 'PicFolder': 'JPG\\', 'Picture': 'candycane01a', 'FullPathName': 'C:\\\\Users\\\\Psychology\\\\Documents\\\\ABExperiment\\\\MemoryStudy\\\\resources\\\\JPG\\\\candycane01a.jpg', 'FilePath': 'C:\\\\Users\\\\Psychology\\\\Documents\\\\ABExperiment\\\\MemoryStudy\\\\resources\\\\JPG\\\\'}
13.8201 	EXP 	MemTest: autoDraw = False
13.8201 	EXP 	Display: autoDraw = False
13.8201 	EXP 	Display: image = 'C:\\\\Users\\\\Psychology\\\\Documents\\\\ABExperiment\\\\MemoryStudy\\\\resources\\\\JPG\\\\candycane01a.jpg'
13.8201 	EXP 	MemTest: autoDraw = True
13.8201 	EXP 	Display: autoDraw = True
14.2389 	EXP 	New trial (rep=0, index=10): {'TrialType': 'Mem', 'Lag': 1, 'Image': 'dolphin01.jpg', 'T1PA': 'P', 'T2PA': 'P', 'PicFolder': 'JPG\\', 'Picture': 'dolphin01', 'FullPathName': 'C:\\\\Users\\\\Psychology\\\\Documents\\\\ABExperiment\\\\MemoryStudy\\\\resources\\\\JPG\\\\dolphin01.jpg', 'FilePath': 'C:\\\\Users\\\\Psychology\\\\Documents\\\\ABExperiment\\\\MemoryStudy\\\\resources\\\\JPG\\\\'}
14.2452 	DATA 	Keypress: 1
14.2545 	EXP 	MemTest: autoDraw = False
14.2545 	EXP 	Display: autoDraw = False
14.2545 	EXP 	Display: image = 'C:\\\\Users\\\\Psychology\\\\Documents\\\\ABExperiment\\\\MemoryStudy\\\\resources\\\\JPG\\\\dolphin01.jpg'
14.2545 	EXP 	MemTest: autoDraw = True
14.2545 	EXP 	Display: autoDraw = True
14.7228 	EXP 	New trial (rep=0, index=11): {'TrialType': 'Mem', 'Lag': 1, 'Image': 'dromedary.jpg', 'T1PA': 'P', 'T2PA': 'P', 'PicFolder': 'JPG\\', 'Picture': 'dromedary', 'FullPathName': 'C:\\\\Users\\\\Psychology\\\\Documents\\\\ABExperiment\\\\MemoryStudy\\\\resources\\\\JPG\\\\dromedary.jpg', 'FilePath': 'C:\\\\Users\\\\Psychology\\\\Documents\\\\ABExperiment\\\\MemoryStudy\\\\resources\\\\JPG\\\\'}
14.7291 	DATA 	Keypress: 1
14.7385 	EXP 	MemTest: autoDraw = False
14.7385 	EXP 	Display: autoDraw = False
14.7385 	EXP 	Display: image = 'C:\\\\Users\\\\Psychology\\\\Documents\\\\ABExperiment\\\\MemoryStudy\\\\resources\\\\JPG\\\\dromedary.jpg'
14.7385 	EXP 	MemTest: autoDraw = True
14.7385 	EXP 	Display: autoDraw = True
15.1575 	DATA 	Keypress: 1
15.1732 	EXP 	New trial (rep=0, index=12): {'TrialType': 'Mem', 'Lag': 1, 'Image': 'football.jpg', 'T1PA': 'P', 'T2PA': 'P', 'PicFolder': 'JPG\\', 'Picture': 'football', 'FullPathName': 'C:\\\\Users\\\\Psychology\\\\Documents\\\\ABExperiment\\\\MemoryStudy\\\\resources\\\\JPG\\\\football.jpg', 'FilePath': 'C:\\\\Users\\\\Psychology\\\\Documents\\\\ABExperiment\\\\MemoryStudy\\\\resources\\\\JPG\\\\'}
15.1884 	EXP 	MemTest: autoDraw = False
15.1884 	EXP 	Display: autoDraw = False
15.1884 	EXP 	Display: image = 'C:\\\\Users\\\\Psychology\\\\Documents\\\\ABExperiment\\\\MemoryStudy\\\\resources\\\\JPG\\\\football.jpg'
15.1884 	EXP 	MemTest: autoDraw = True
15.1884 	EXP 	Display: autoDraw = True
15.6237 	EXP 	New trial (rep=0, index=13): {'TrialType': 'Mem', 'Lag': 1, 'Image': 'golfball.jpg', 'T1PA': 'P', 'T2PA': 'P', 'PicFolder': 'JPG\\', 'Picture': 'golfball', 'FullPathName': 'C:\\\\Users\\\\Psychology\\\\Documents\\\\ABExperiment\\\\MemoryStudy\\\\resources\\\\JPG\\\\golfball.jpg', 'FilePath': 'C:\\\\Users\\\\Psychology\\\\Documents\\\\ABExperiment\\\\MemoryStudy\\\\resources\\\\JPG\\\\'}
15.6297 	DATA 	Keypress: 1
15.6391 	EXP 	MemTest: autoDraw = False
15.6391 	EXP 	Display: autoDraw = False
15.6391 	EXP 	Display: image = 'C:\\\\Users\\\\Psychology\\\\Documents\\\\ABExperiment\\\\MemoryStudy\\\\resources\\\\JPG\\\\golfball.jpg'
15.6391 	EXP 	MemTest: autoDraw = True
15.6391 	EXP 	Display: autoDraw = True
16.0908 	EXP 	New trial (rep=0, index=14): {'TrialType': 'Mem', 'Lag': 1, 'Image': 'guitarcase.jpg', 'T1PA': 'P', 'T2PA': 'P', 'PicFolder': 'JPG\\', 'Picture': 'guitarcase', 'FullPathName': 'C:\\\\Users\\\\Psychology\\\\Documents\\\\ABExperiment\\\\MemoryStudy\\\\resources\\\\JPG\\\\guitarcase.jpg', 'FilePath': 'C:\\\\Users\\\\Psychology\\\\Documents\\\\ABExperiment\\\\MemoryStudy\\\\resources\\\\JPG\\\\'}
16.0970 	DATA 	Keypress: 1
16.1064 	EXP 	MemTest: autoDraw = False
16.1064 	EXP 	Display: autoDraw = False
16.1064 	EXP 	Display: image = 'C:\\\\Users\\\\Psychology\\\\Documents\\\\ABExperiment\\\\MemoryStudy\\\\resources\\\\JPG\\\\guitarcase.jpg'
16.1064 	EXP 	MemTest: autoDraw = True
16.1064 	EXP 	Display: autoDraw = True
16.5255 	DATA 	Keypress: 1
16.5411 	EXP 	New trial (rep=0, index=15): {'TrialType': 'Mem', 'Lag': 1, 'Image': 'jellybean.jpg', 'T1PA': 'P', 'T2PA': 'P', 'PicFolder': 'JPG\\', 'Picture': 'jellybean', 'FullPathName': 'C:\\\\Users\\\\Psychology\\\\Documents\\\\ABExperiment\\\\MemoryStudy\\\\resources\\\\JPG\\\\jellybean.jpg', 'FilePath': 'C:\\\\Users\\\\Psychology\\\\Documents\\\\ABExperiment\\\\MemoryStudy\\\\resources\\\\JPG\\\\'}
16.5561 	EXP 	MemTest: autoDraw = False
16.5561 	EXP 	Display: autoDraw = False
16.5561 	EXP 	Display: image = 'C:\\\\Users\\\\Psychology\\\\Documents\\\\ABExperiment\\\\MemoryStudy\\\\resources\\\\JPG\\\\jellybean.jpg'
16.5561 	EXP 	MemTest: autoDraw = True
16.5561 	EXP 	Display: autoDraw = True
16.9917 	EXP 	New trial (rep=0, index=16): {'TrialType': 'Mem', 'Lag': 1, 'Image': 'kangaroo.jpg', 'T1PA': 'P', 'T2PA': 'P', 'PicFolder': 'JPG\\', 'Picture': 'kangaroo', 'FullPathName': 'C:\\\\Users\\\\Psychology\\\\Documents\\\\ABExperiment\\\\MemoryStudy\\\\resources\\\\JPG\\\\kangaroo.jpg', 'FilePath': 'C:\\\\Users\\\\Psychology\\\\Documents\\\\ABExperiment\\\\MemoryStudy\\\\resources\\\\JPG\\\\'}
16.9978 	DATA 	Keypress: 1
17.0071 	EXP 	MemTest: autoDraw = False
17.0071 	EXP 	Display: autoDraw = False
17.0071 	EXP 	Display: image = 'C:\\\\Users\\\\Psychology\\\\Documents\\\\ABExperiment\\\\MemoryStudy\\\\resources\\\\JPG\\\\kangaroo.jpg'
17.0071 	EXP 	MemTest: autoDraw = True
17.0071 	EXP 	Display: autoDraw = True
17.4255 	EXP 	New trial (rep=0, index=17): {'TrialType': 'Mem', 'Lag': 1, 'Image': 'kite.jpg', 'T1PA': 'P', 'T2PA': 'P', 'PicFolder': 'JPG\\', 'Picture': 'kite', 'FullPathName': 'C:\\\\Users\\\\Psychology\\\\Documents\\\\ABExperiment\\\\MemoryStudy\\\\resources\\\\JPG\\\\kite.jpg', 'FilePath': 'C:\\\\Users\\\\Psychology\\\\Documents\\\\ABExperiment\\\\MemoryStudy\\\\resources\\\\JPG\\\\'}
17.4317 	DATA 	Keypress: 1
17.4411 	EXP 	MemTest: autoDraw = False
17.4411 	EXP 	Display: autoDraw = False
17.4411 	EXP 	Display: image = 'C:\\\\Users\\\\Psychology\\\\Documents\\\\ABExperiment\\\\MemoryStudy\\\\resources\\\\JPG\\\\kite.jpg'
17.4411 	EXP 	MemTest: autoDraw = True
17.4411 	EXP 	Display: autoDraw = True
17.8934 	DATA 	Keypress: 1
17.9092 	EXP 	New trial (rep=0, index=18): {'TrialType': 'Mem', 'Lag': 1, 'Image': 'lightswitch01.jpg', 'T1PA': 'P', 'T2PA': 'P', 'PicFolder': 'JPG\\', 'Picture': 'lightswitch01', 'FullPathName': 'C:\\\\Users\\\\Psychology\\\\Documents\\\\ABExperiment\\\\MemoryStudy\\\\resources\\\\JPG\\\\lightswitch01.jpg', 'FilePath': 'C:\\\\Users\\\\Psychology\\\\Documents\\\\ABExperiment\\\\MemoryStudy\\\\resources\\\\JPG\\\\'}
17.9241 	EXP 	MemTest: autoDraw = False
17.9241 	EXP 	Display: autoDraw = False
17.9241 	EXP 	Display: image = 'C:\\\\Users\\\\Psychology\\\\Documents\\\\ABExperiment\\\\MemoryStudy\\\\resources\\\\JPG\\\\lightswitch01.jpg'
17.9241 	EXP 	MemTest: autoDraw = True
17.9241 	EXP 	Display: autoDraw = True
18.3431 	EXP 	New trial (rep=0, index=19): {'TrialType': 'Mem', 'Lag': 1, 'Image': 'locker.jpg', 'T1PA': 'P', 'T2PA': 'P', 'PicFolder': 'JPG\\', 'Picture': 'locker', 'FullPathName': 'C:\\\\Users\\\\Psychology\\\\Documents\\\\ABExperiment\\\\MemoryStudy\\\\resources\\\\JPG\\\\locker.jpg', 'FilePath': 'C:\\\\Users\\\\Psychology\\\\Documents\\\\ABExperiment\\\\MemoryStudy\\\\resources\\\\JPG\\\\'}
18.3492 	DATA 	Keypress: 1
18.3592 	EXP 	MemTest: autoDraw = False
18.3592 	EXP 	Display: autoDraw = False
18.3592 	EXP 	Display: image = 'C:\\\\Users\\\\Psychology\\\\Documents\\\\ABExperiment\\\\MemoryStudy\\\\resources\\\\JPG\\\\locker.jpg'
18.3592 	EXP 	MemTest: autoDraw = True
18.3592 	EXP 	Display: autoDraw = True
18.8102 	EXP 	New trial (rep=0, index=20): {'TrialType': 'Mem', 'Lag': 1, 'Image': 'mailbox01.jpg', 'T1PA': 'P', 'T2PA': 'P', 'PicFolder': 'JPG\\', 'Picture': 'mailbox01', 'FullPathName': 'C:\\\\Users\\\\Psychology\\\\Documents\\\\ABExperiment\\\\MemoryStudy\\\\resources\\\\JPG\\\\mailbox01.jpg', 'FilePath': 'C:\\\\Users\\\\Psychology\\\\Documents\\\\ABExperiment\\\\MemoryStudy\\\\resources\\\\JPG\\\\'}
18.9065 	DATA 	Keypress: 1
18.9172 	EXP 	MemTest: autoDraw = False
18.9172 	EXP 	Display: autoDraw = False
18.9172 	EXP 	Display: image = 'C:\\\\Users\\\\Psychology\\\\Documents\\\\ABExperiment\\\\MemoryStudy\\\\resources\\\\JPG\\\\mailbox01.jpg'
18.9172 	EXP 	MemTest: autoDraw = True
18.9172 	EXP 	Display: autoDraw = True
19.2787 	EXP 	New trial (rep=0, index=21): {'TrialType': 'Mem', 'Lag': 1, 'Image': 'mailbox02.jpg', 'T1PA': 'P', 'T2PA': 'P', 'PicFolder': 'JPG\\', 'Picture': 'mailbox02', 'FullPathName': 'C:\\\\Users\\\\Psychology\\\\Documents\\\\ABExperiment\\\\MemoryStudy\\\\resources\\\\JPG\\\\mailbox02.jpg', 'FilePath': 'C:\\\\Users\\\\Psychology\\\\Documents\\\\ABExperiment\\\\MemoryStudy\\\\resources\\\\JPG\\\\'}
19.2885 	DATA 	Keypress: 1
19.2961 	EXP 	MemTest: autoDraw = False
19.2961 	EXP 	Display: autoDraw = False
19.2961 	EXP 	Display: image = 'C:\\\\Users\\\\Psychology\\\\Documents\\\\ABExperiment\\\\MemoryStudy\\\\resources\\\\JPG\\\\mailbox02.jpg'
19.2961 	EXP 	MemTest: autoDraw = True
19.2961 	EXP 	Display: autoDraw = True
19.7458 	EXP 	New trial (rep=0, index=22): {'TrialType': 'Mem', 'Lag': 1, 'Image': 'mattress.jpg', 'T1PA': 'P', 'T2PA': 'P', 'PicFolder': 'JPG\\', 'Picture': 'mattress', 'FullPathName': 'C:\\\\Users\\\\Psychology\\\\Documents\\\\ABExperiment\\\\MemoryStudy\\\\resources\\\\JPG\\\\mattress.jpg', 'FilePath': 'C:\\\\Users\\\\Psychology\\\\Documents\\\\ABExperiment\\\\MemoryStudy\\\\resources\\\\JPG\\\\'}
19.7545 	DATA 	Keypress: 1
19.7622 	EXP 	MemTest: autoDraw = False
19.7622 	EXP 	Display: autoDraw = False
19.7622 	EXP 	Display: image = 'C:\\\\Users\\\\Psychology\\\\Documents\\\\ABExperiment\\\\MemoryStudy\\\\resources\\\\JPG\\\\mattress.jpg'
19.7622 	EXP 	MemTest: autoDraw = True
19.7622 	EXP 	Display: autoDraw = True
20.1796 	EXP 	New trial (rep=0, index=23): {'TrialType': 'Mem', 'Lag': 1, 'Image': 'pumpkin.jpg', 'T1PA': 'P', 'T2PA': 'P', 'PicFolder': 'JPG\\', 'Picture': 'pumpkin', 'FullPathName': 'C:\\\\Users\\\\Psychology\\\\Documents\\\\ABExperiment\\\\MemoryStudy\\\\resources\\\\JPG\\\\pumpkin.jpg', 'FilePath': 'C:\\\\Users\\\\Psychology\\\\Documents\\\\ABExperiment\\\\MemoryStudy\\\\resources\\\\JPG\\\\'}
20.1882 	DATA 	Keypress: 1
20.1964 	EXP 	MemTest: autoDraw = False
20.1964 	EXP 	Display: autoDraw = False
20.1964 	EXP 	Display: image = 'C:\\\\Users\\\\Psychology\\\\Documents\\\\ABExperiment\\\\MemoryStudy\\\\resources\\\\JPG\\\\pumpkin.jpg'
20.1964 	EXP 	MemTest: autoDraw = True
20.1964 	EXP 	Display: autoDraw = True
20.6292 	EXP 	New trial (rep=0, index=24): {'TrialType': 'Mem', 'Lag': 1, 'Image': 'schoolbus.jpg', 'T1PA': 'P', 'T2PA': 'P', 'PicFolder': 'JPG\\', 'Picture': 'schoolbus', 'FullPathName': 'C:\\\\Users\\\\Psychology\\\\Documents\\\\ABExperiment\\\\MemoryStudy\\\\resources\\\\JPG\\\\schoolbus.jpg', 'FilePath': 'C:\\\\Users\\\\Psychology\\\\Documents\\\\ABExperiment\\\\MemoryStudy\\\\resources\\\\JPG\\\\'}
20.6420 	DATA 	Keypress: 1
20.6501 	EXP 	MemTest: autoDraw = False
20.6501 	EXP 	Display: autoDraw = False
20.6501 	EXP 	Display: image = 'C:\\\\Users\\\\Psychology\\\\Documents\\\\ABExperiment\\\\MemoryStudy\\\\resources\\\\JPG\\\\schoolbus.jpg'
20.6501 	EXP 	MemTest: autoDraw = True
20.6501 	EXP 	Display: autoDraw = True
21.0809 	EXP 	New trial (rep=0, index=25): {'TrialType': 'Mem', 'Lag': 1, 'Image': 'skateboard.jpg', 'T1PA': 'P', 'T2PA': 'P', 'PicFolder': 'JPG\\', 'Picture': 'skateboard', 'FullPathName': 'C:\\\\Users\\\\Psychology\\\\Documents\\\\ABExperiment\\\\MemoryStudy\\\\resources\\\\JPG\\\\skateboard.jpg', 'FilePath': 'C:\\\\Users\\\\Psychology\\\\Documents\\\\ABExperiment\\\\MemoryStudy\\\\resources\\\\JPG\\\\'}
21.0912 	DATA 	Keypress: 1
21.0989 	EXP 	MemTest: autoDraw = False
21.0989 	EXP 	Display: autoDraw = False
21.0989 	EXP 	Display: image = 'C:\\\\Users\\\\Psychology\\\\Documents\\\\ABExperiment\\\\MemoryStudy\\\\resources\\\\JPG\\\\skateboard.jpg'
21.0989 	EXP 	MemTest: autoDraw = True
21.0989 	EXP 	Display: autoDraw = True
21.5462 	EXP 	New trial (rep=0, index=26): {'TrialType': 'Mem', 'Lag': 1, 'Image': 'soccerball.jpg', 'T1PA': 'P', 'T2PA': 'P', 'PicFolder': 'JPG\\', 'Picture': 'soccerball', 'FullPathName': 'C:\\\\Users\\\\Psychology\\\\Documents\\\\ABExperiment\\\\MemoryStudy\\\\resources\\\\JPG\\\\soccerball.jpg', 'FilePath': 'C:\\\\Users\\\\Psychology\\\\Documents\\\\ABExperiment\\\\MemoryStudy\\\\resources\\\\JPG\\\\'}
21.5524 	DATA 	Keypress: 1
21.5618 	EXP 	MemTest: autoDraw = False
21.5618 	EXP 	Display: autoDraw = False
21.5618 	EXP 	Display: image = 'C:\\\\Users\\\\Psychology\\\\Documents\\\\ABExperiment\\\\MemoryStudy\\\\resources\\\\JPG\\\\soccerball.jpg'
21.5618 	EXP 	MemTest: autoDraw = True
21.5618 	EXP 	Display: autoDraw = True
21.9967 	EXP 	New trial (rep=0, index=27): {'TrialType': 'Mem', 'Lag': 1, 'Image': 'wheelchair.jpg', 'T1PA': 'P', 'T2PA': 'P', 'PicFolder': 'JPG\\', 'Picture': 'wheelchair', 'FullPathName': 'C:\\\\Users\\\\Psychology\\\\Documents\\\\ABExperiment\\\\MemoryStudy\\\\resources\\\\JPG\\\\wheelchair.jpg', 'FilePath': 'C:\\\\Users\\\\Psychology\\\\Documents\\\\ABExperiment\\\\MemoryStudy\\\\resources\\\\JPG\\\\'}
22.0029 	DATA 	Keypress: 1
22.0123 	EXP 	MemTest: autoDraw = False
22.0123 	EXP 	Display: autoDraw = False
22.0123 	EXP 	Display: image = 'C:\\\\Users\\\\Psychology\\\\Documents\\\\ABExperiment\\\\MemoryStudy\\\\resources\\\\JPG\\\\wheelchair.jpg'
22.0123 	EXP 	MemTest: autoDraw = True
22.0123 	EXP 	Display: autoDraw = True
22.4319 	EXP 	New trial (rep=0, index=28): {'TrialType': 'Mem', 'Lag': 1, 'Image': 'zebra.jpg', 'T1PA': 'P', 'T2PA': 'P', 'PicFolder': 'JPG\\', 'Picture': 'zebra', 'FullPathName': 'C:\\\\Users\\\\Psychology\\\\Documents\\\\ABExperiment\\\\MemoryStudy\\\\resources\\\\JPG\\\\zebra.jpg', 'FilePath': 'C:\\\\Users\\\\Psychology\\\\Documents\\\\ABExperiment\\\\MemoryStudy\\\\resources\\\\JPG\\\\'}
22.4408 	DATA 	Keypress: 1
22.4485 	EXP 	MemTest: autoDraw = False
22.4485 	EXP 	Display: autoDraw = False
22.4485 	EXP 	Display: image = 'C:\\\\Users\\\\Psychology\\\\Documents\\\\ABExperiment\\\\MemoryStudy\\\\resources\\\\JPG\\\\zebra.jpg'
22.4485 	EXP 	MemTest: autoDraw = True
22.4485 	EXP 	Display: autoDraw = True
22.8489 	EXP 	New trial (rep=0, index=29): {'TrialType': 'Mem', 'Lag': 1, 'Image': 'pooltable.jpg', 'T1PA': 'P', 'T2PA': 'P', 'PicFolder': 'JPG\\', 'Picture': 'pooltable', 'FullPathName': 'C:\\\\Users\\\\Psychology\\\\Documents\\\\ABExperiment\\\\MemoryStudy\\\\resources\\\\JPG\\\\pooltable.jpg', 'FilePath': 'C:\\\\Users\\\\Psychology\\\\Documents\\\\ABExperiment\\\\MemoryStudy\\\\resources\\\\JPG\\\\'}
22.8574 	DATA 	Keypress: 1
22.8658 	EXP 	MemTest: autoDraw = False
22.8658 	EXP 	Display: autoDraw = False
22.8658 	EXP 	Display: image = 'C:\\\\Users\\\\Psychology\\\\Documents\\\\ABExperiment\\\\MemoryStudy\\\\resources\\\\JPG\\\\pooltable.jpg'
22.8658 	EXP 	MemTest: autoDraw = True
22.8658 	EXP 	Display: autoDraw = True
23.2814 	EXP 	New trial (rep=0, index=30): {'TrialType': 'Mem', 'Lag': 1, 'Image': 'swing.jpg', 'T1PA': 'P', 'T2PA': 'P', 'PicFolder': 'JPG\\', 'Picture': 'swing', 'FullPathName': 'C:\\\\Users\\\\Psychology\\\\Documents\\\\ABExperiment\\\\MemoryStudy\\\\resources\\\\JPG\\\\swing.jpg', 'FilePath': 'C:\\\\Users\\\\Psychology\\\\Documents\\\\ABExperiment\\\\MemoryStudy\\\\resources\\\\JPG\\\\'}
23.2865 	DATA 	Keypress: 1
23.2964 	EXP 	MemTest: autoDraw = False
23.2964 	EXP 	Display: autoDraw = False
23.2964 	EXP 	Display: image = 'C:\\\\Users\\\\Psychology\\\\Documents\\\\ABExperiment\\\\MemoryStudy\\\\resources\\\\JPG\\\\swing.jpg'
23.2964 	EXP 	MemTest: autoDraw = True
23.2964 	EXP 	Display: autoDraw = True
23.7159 	DATA 	Keypress: 1
23.7319 	EXP 	New trial (rep=0, index=31): {'TrialType': 'Mem', 'Lag': 1, 'Image': 'africanelephant.jpg', 'T1PA': 'P', 'T2PA': 'P', 'PicFolder': 'JPG\\', 'Picture': 'africanelephant', 'FullPathName': 'C:\\\\Users\\\\Psychology\\\\Documents\\\\ABExperiment\\\\MemoryStudy\\\\resources\\\\JPG\\\\africanelephant.jpg', 'FilePath': 'C:\\\\Users\\\\Psychology\\\\Documents\\\\ABExperiment\\\\MemoryStudy\\\\resources\\\\JPG\\\\'}
23.7468 	EXP 	MemTest: autoDraw = False
23.7468 	EXP 	Display: autoDraw = False
23.7468 	EXP 	Display: image = 'C:\\\\Users\\\\Psychology\\\\Documents\\\\ABExperiment\\\\MemoryStudy\\\\resources\\\\JPG\\\\africanelephant.jpg'
23.7468 	EXP 	MemTest: autoDraw = True
23.7468 	EXP 	Display: autoDraw = True
24.1490 	EXP 	New trial (rep=0, index=32): {'TrialType': 'Mem', 'Lag': 1, 'Image': 'apron.jpg', 'T1PA': 'P', 'T2PA': 'P', 'PicFolder': 'JPG\\', 'Picture': 'apron', 'FullPathName': 'C:\\\\Users\\\\Psychology\\\\Documents\\\\ABExperiment\\\\MemoryStudy\\\\resources\\\\JPG\\\\apron.jpg', 'FilePath': 'C:\\\\Users\\\\Psychology\\\\Documents\\\\ABExperiment\\\\MemoryStudy\\\\resources\\\\JPG\\\\'}
24.1543 	DATA 	Keypress: 1
24.1643 	EXP 	MemTest: autoDraw = False
24.1643 	EXP 	Display: autoDraw = False
24.1643 	EXP 	Display: image = 'C:\\\\Users\\\\Psychology\\\\Documents\\\\ABExperiment\\\\MemoryStudy\\\\resources\\\\JPG\\\\apron.jpg'
24.1643 	EXP 	MemTest: autoDraw = True
24.1643 	EXP 	Display: autoDraw = True
24.5661 	EXP 	New trial (rep=0, index=33): {'TrialType': 'Mem', 'Lag': 1, 'Image': 'barnowl.jpg', 'T1PA': 'P', 'T2PA': 'P', 'PicFolder': 'JPG\\', 'Picture': 'barnowl', 'FullPathName': 'C:\\\\Users\\\\Psychology\\\\Documents\\\\ABExperiment\\\\MemoryStudy\\\\resources\\\\JPG\\\\barnowl.jpg', 'FilePath': 'C:\\\\Users\\\\Psychology\\\\Documents\\\\ABExperiment\\\\MemoryStudy\\\\resources\\\\JPG\\\\'}
24.6560 	DATA 	Keypress: 1
24.6657 	EXP 	MemTest: autoDraw = False
24.6657 	EXP 	Display: autoDraw = False
24.6657 	EXP 	Display: image = 'C:\\\\Users\\\\Psychology\\\\Documents\\\\ABExperiment\\\\MemoryStudy\\\\resources\\\\JPG\\\\barnowl.jpg'
24.6657 	EXP 	MemTest: autoDraw = True
24.6657 	EXP 	Display: autoDraw = True
25.0512 	DATA 	Keypress: 1
25.0669 	EXP 	New trial (rep=0, index=34): {'TrialType': 'Mem', 'Lag': 1, 'Image': 'basketball01.jpg', 'T1PA': 'P', 'T2PA': 'P', 'PicFolder': 'JPG\\', 'Picture': 'basketball01', 'FullPathName': 'C:\\\\Users\\\\Psychology\\\\Documents\\\\ABExperiment\\\\MemoryStudy\\\\resources\\\\JPG\\\\basketball01.jpg', 'FilePath': 'C:\\\\Users\\\\Psychology\\\\Documents\\\\ABExperiment\\\\MemoryStudy\\\\resources\\\\JPG\\\\'}
25.0835 	EXP 	MemTest: autoDraw = False
25.0835 	EXP 	Display: autoDraw = False
25.0835 	EXP 	Display: image = 'C:\\\\Users\\\\Psychology\\\\Documents\\\\ABExperiment\\\\MemoryStudy\\\\resources\\\\JPG\\\\basketball01.jpg'
25.0835 	EXP 	MemTest: autoDraw = True
25.0835 	EXP 	Display: autoDraw = True
25.5173 	EXP 	New trial (rep=0, index=35): {'TrialType': 'Mem', 'Lag': 1, 'Image': 'bat.jpg', 'T1PA': 'P', 'T2PA': 'P', 'PicFolder': 'JPG\\', 'Picture': 'bat', 'FullPathName': 'C:\\\\Users\\\\Psychology\\\\Documents\\\\ABExperiment\\\\MemoryStudy\\\\resources\\\\JPG\\\\bat.jpg', 'FilePath': 'C:\\\\Users\\\\Psychology\\\\Documents\\\\ABExperiment\\\\MemoryStudy\\\\resources\\\\JPG\\\\'}
25.5241 	DATA 	Keypress: 1
25.5337 	EXP 	MemTest: autoDraw = False
25.5337 	EXP 	Display: autoDraw = False
25.5337 	EXP 	Display: image = 'C:\\\\Users\\\\Psychology\\\\Documents\\\\ABExperiment\\\\MemoryStudy\\\\resources\\\\JPG\\\\bat.jpg'
25.5337 	EXP 	MemTest: autoDraw = True
25.5337 	EXP 	Display: autoDraw = True
25.9678 	EXP 	New trial (rep=0, index=36): {'TrialType': 'Mem', 'Lag': 1, 'Image': 'cloud.jpg', 'T1PA': 'P', 'T2PA': 'P', 'PicFolder': 'JPG\\', 'Picture': 'cloud', 'FullPathName': 'C:\\\\Users\\\\Psychology\\\\Documents\\\\ABExperiment\\\\MemoryStudy\\\\resources\\\\JPG\\\\cloud.jpg', 'FilePath': 'C:\\\\Users\\\\Psychology\\\\Documents\\\\ABExperiment\\\\MemoryStudy\\\\resources\\\\JPG\\\\'}
25.9748 	DATA 	Keypress: 1
25.9844 	EXP 	MemTest: autoDraw = False
25.9844 	EXP 	Display: autoDraw = False
25.9844 	EXP 	Display: image = 'C:\\\\Users\\\\Psychology\\\\Documents\\\\ABExperiment\\\\MemoryStudy\\\\resources\\\\JPG\\\\cloud.jpg'
25.9844 	EXP 	MemTest: autoDraw = True
25.9844 	EXP 	Display: autoDraw = True
26.4683 	EXP 	New trial (rep=0, index=37): {'TrialType': 'Mem', 'Lag': 1, 'Image': 'crab01.jpg', 'T1PA': 'P', 'T2PA': 'P', 'PicFolder': 'JPG\\', 'Picture': 'crab01', 'FullPathName': 'C:\\\\Users\\\\Psychology\\\\Documents\\\\ABExperiment\\\\MemoryStudy\\\\resources\\\\JPG\\\\crab01.jpg', 'FilePath': 'C:\\\\Users\\\\Psychology\\\\Documents\\\\ABExperiment\\\\MemoryStudy\\\\resources\\\\JPG\\\\'}
26.4753 	DATA 	Keypress: 1
26.4848 	EXP 	MemTest: autoDraw = False
26.4848 	EXP 	Display: autoDraw = False
26.4848 	EXP 	Display: image = 'C:\\\\Users\\\\Psychology\\\\Documents\\\\ABExperiment\\\\MemoryStudy\\\\resources\\\\JPG\\\\crab01.jpg'
26.4848 	EXP 	MemTest: autoDraw = True
26.4848 	EXP 	Display: autoDraw = True
26.9521 	EXP 	New trial (rep=0, index=38): {'TrialType': 'Mem', 'Lag': 1, 'Image': 'cupcake.jpg', 'T1PA': 'P', 'T2PA': 'P', 'PicFolder': 'JPG\\', 'Picture': 'cupcake', 'FullPathName': 'C:\\\\Users\\\\Psychology\\\\Documents\\\\ABExperiment\\\\MemoryStudy\\\\resources\\\\JPG\\\\cupcake.jpg', 'FilePath': 'C:\\\\Users\\\\Psychology\\\\Documents\\\\ABExperiment\\\\MemoryStudy\\\\resources\\\\JPG\\\\'}
26.9591 	DATA 	Keypress: 1
26.9686 	EXP 	MemTest: autoDraw = False
26.9686 	EXP 	Display: autoDraw = False
26.9686 	EXP 	Display: image = 'C:\\\\Users\\\\Psychology\\\\Documents\\\\ABExperiment\\\\MemoryStudy\\\\resources\\\\JPG\\\\cupcake.jpg'
26.9686 	EXP 	MemTest: autoDraw = True
26.9686 	EXP 	Display: autoDraw = True
27.4193 	EXP 	New trial (rep=0, index=39): {'TrialType': 'Mem', 'Lag': 1, 'Image': 'donut.jpg', 'T1PA': 'P', 'T2PA': 'P', 'PicFolder': 'JPG\\', 'Picture': 'donut', 'FullPathName': 'C:\\\\Users\\\\Psychology\\\\Documents\\\\ABExperiment\\\\MemoryStudy\\\\resources\\\\JPG\\\\donut.jpg', 'FilePath': 'C:\\\\Users\\\\Psychology\\\\Documents\\\\ABExperiment\\\\MemoryStudy\\\\resources\\\\JPG\\\\'}
27.4263 	DATA 	Keypress: 1
27.4358 	EXP 	MemTest: autoDraw = False
27.4358 	EXP 	Display: autoDraw = False
27.4358 	EXP 	Display: image = 'C:\\\\Users\\\\Psychology\\\\Documents\\\\ABExperiment\\\\MemoryStudy\\\\resources\\\\JPG\\\\donut.jpg'
27.4358 	EXP 	MemTest: autoDraw = True
27.4358 	EXP 	Display: autoDraw = True
28.0033 	EXP 	New trial (rep=0, index=40): {'TrialType': 'Mem', 'Lag': 1, 'Image': 'eiffeltower.jpg', 'T1PA': 'P', 'T2PA': 'P', 'PicFolder': 'JPG\\', 'Picture': 'eiffeltower', 'FullPathName': 'C:\\\\Users\\\\Psychology\\\\Documents\\\\ABExperiment\\\\MemoryStudy\\\\resources\\\\JPG\\\\eiffeltower.jpg', 'FilePath': 'C:\\\\Users\\\\Psychology\\\\Documents\\\\ABExperiment\\\\MemoryStudy\\\\resources\\\\JPG\\\\'}
28.0101 	DATA 	Keypress: 1
28.0196 	EXP 	MemTest: autoDraw = False
28.0196 	EXP 	Display: autoDraw = False
28.0196 	EXP 	Display: image = 'C:\\\\Users\\\\Psychology\\\\Documents\\\\ABExperiment\\\\MemoryStudy\\\\resources\\\\JPG\\\\eiffeltower.jpg'
28.0196 	EXP 	MemTest: autoDraw = True
28.0196 	EXP 	Display: autoDraw = True
28.5037 	EXP 	New trial (rep=0, index=41): {'TrialType': 'Mem', 'Lag': 1, 'Image': 'exitsign.jpg', 'T1PA': 'P', 'T2PA': 'P', 'PicFolder': 'JPG\\', 'Picture': 'exitsign', 'FullPathName': 'C:\\\\Users\\\\Psychology\\\\Documents\\\\ABExperiment\\\\MemoryStudy\\\\resources\\\\JPG\\\\exitsign.jpg', 'FilePath': 'C:\\\\Users\\\\Psychology\\\\Documents\\\\ABExperiment\\\\MemoryStudy\\\\resources\\\\JPG\\\\'}
28.5107 	DATA 	Keypress: 1
28.5203 	EXP 	MemTest: autoDraw = False
28.5203 	EXP 	Display: autoDraw = False
28.5203 	EXP 	Display: image = 'C:\\\\Users\\\\Psychology\\\\Documents\\\\ABExperiment\\\\MemoryStudy\\\\resources\\\\JPG\\\\exitsign.jpg'
28.5203 	EXP 	MemTest: autoDraw = True
28.5203 	EXP 	Display: autoDraw = True
28.9884 	DATA 	Keypress: 1
29.0041 	EXP 	New trial (rep=0, index=42): {'TrialType': 'Mem', 'Lag': 1, 'Image': 'fortunecookie.jpg', 'T1PA': 'P', 'T2PA': 'P', 'PicFolder': 'JPG\\', 'Picture': 'fortunecookie', 'FullPathName': 'C:\\\\Users\\\\Psychology\\\\Documents\\\\ABExperiment\\\\MemoryStudy\\\\resources\\\\JPG\\\\fortunecookie.jpg', 'FilePath': 'C:\\\\Users\\\\Psychology\\\\Documents\\\\ABExperiment\\\\MemoryStudy\\\\resources\\\\JPG\\\\'}
29.0202 	EXP 	MemTest: autoDraw = False
29.0202 	EXP 	Display: autoDraw = False
29.0202 	EXP 	Display: image = 'C:\\\\Users\\\\Psychology\\\\Documents\\\\ABExperiment\\\\MemoryStudy\\\\resources\\\\JPG\\\\fortunecookie.jpg'
29.0202 	EXP 	MemTest: autoDraw = True
29.0202 	EXP 	Display: autoDraw = True
29.4547 	EXP 	New trial (rep=0, index=43): {'TrialType': 'Mem', 'Lag': 1, 'Image': 'harmonica.jpg', 'T1PA': 'P', 'T2PA': 'P', 'PicFolder': 'JPG\\', 'Picture': 'harmonica', 'FullPathName': 'C:\\\\Users\\\\Psychology\\\\Documents\\\\ABExperiment\\\\MemoryStudy\\\\resources\\\\JPG\\\\harmonica.jpg', 'FilePath': 'C:\\\\Users\\\\Psychology\\\\Documents\\\\ABExperiment\\\\MemoryStudy\\\\resources\\\\JPG\\\\'}
29.4616 	DATA 	Keypress: 1
29.4711 	EXP 	MemTest: autoDraw = False
29.4711 	EXP 	Display: autoDraw = False
29.4711 	EXP 	Display: image = 'C:\\\\Users\\\\Psychology\\\\Documents\\\\ABExperiment\\\\MemoryStudy\\\\resources\\\\JPG\\\\harmonica.jpg'
29.4711 	EXP 	MemTest: autoDraw = True
29.4711 	EXP 	Display: autoDraw = True
29.9384 	EXP 	New trial (rep=0, index=44): {'TrialType': 'Mem', 'Lag': 1, 'Image': 'doghouse.jpg', 'T1PA': 'P', 'T2PA': 'P', 'PicFolder': 'JPG\\', 'Picture': 'doghouse', 'FullPathName': 'C:\\\\Users\\\\Psychology\\\\Documents\\\\ABExperiment\\\\MemoryStudy\\\\resources\\\\JPG\\\\doghouse.jpg', 'FilePath': 'C:\\\\Users\\\\Psychology\\\\Documents\\\\ABExperiment\\\\MemoryStudy\\\\resources\\\\JPG\\\\'}
29.9454 	DATA 	Keypress: 1
29.9549 	EXP 	MemTest: autoDraw = False
29.9549 	EXP 	Display: autoDraw = False
29.9549 	EXP 	Display: image = 'C:\\\\Users\\\\Psychology\\\\Documents\\\\ABExperiment\\\\MemoryStudy\\\\resources\\\\JPG\\\\doghouse.jpg'
29.9549 	EXP 	MemTest: autoDraw = True
29.9549 	EXP 	Display: autoDraw = True
30.4054 	EXP 	New trial (rep=0, index=45): {'TrialType': 'Mem', 'Lag': 1, 'Image': 'ladder.jpg', 'T1PA': 'P', 'T2PA': 'P', 'PicFolder': 'JPG\\', 'Picture': 'ladder', 'FullPathName': 'C:\\\\Users\\\\Psychology\\\\Documents\\\\ABExperiment\\\\MemoryStudy\\\\resources\\\\JPG\\\\ladder.jpg', 'FilePath': 'C:\\\\Users\\\\Psychology\\\\Documents\\\\ABExperiment\\\\MemoryStudy\\\\resources\\\\JPG\\\\'}
30.4122 	DATA 	Keypress: 1
30.4215 	EXP 	MemTest: autoDraw = False
30.4215 	EXP 	Display: autoDraw = False
30.4215 	EXP 	Display: image = 'C:\\\\Users\\\\Psychology\\\\Documents\\\\ABExperiment\\\\MemoryStudy\\\\resources\\\\JPG\\\\ladder.jpg'
30.4215 	EXP 	MemTest: autoDraw = True
30.4215 	EXP 	Display: autoDraw = True
30.8727 	EXP 	New trial (rep=0, index=46): {'TrialType': 'Mem', 'Lag': 1, 'Image': 'lawnmower.jpg', 'T1PA': 'P', 'T2PA': 'P', 'PicFolder': 'JPG\\', 'Picture': 'lawnmower', 'FullPathName': 'C:\\\\Users\\\\Psychology\\\\Documents\\\\ABExperiment\\\\MemoryStudy\\\\resources\\\\JPG\\\\lawnmower.jpg', 'FilePath': 'C:\\\\Users\\\\Psychology\\\\Documents\\\\ABExperiment\\\\MemoryStudy\\\\resources\\\\JPG\\\\'}
30.8797 	DATA 	Keypress: 1
30.8892 	EXP 	MemTest: autoDraw = False
30.8892 	EXP 	Display: autoDraw = False
30.8892 	EXP 	Display: image = 'C:\\\\Users\\\\Psychology\\\\Documents\\\\ABExperiment\\\\MemoryStudy\\\\resources\\\\JPG\\\\lawnmower.jpg'
30.8892 	EXP 	MemTest: autoDraw = True
30.8892 	EXP 	Display: autoDraw = True
31.3408 	DATA 	Keypress: 1
31.3565 	EXP 	New trial (rep=0, index=47): {'TrialType': 'Mem', 'Lag': 1, 'Image': 'noparkingsign.jpg', 'T1PA': 'P', 'T2PA': 'P', 'PicFolder': 'JPG\\', 'Picture': 'noparkingsign', 'FullPathName': 'C:\\\\Users\\\\Psychology\\\\Documents\\\\ABExperiment\\\\MemoryStudy\\\\resources\\\\JPG\\\noparkingsign.jpg', 'FilePath': 'C:\\\\Users\\\\Psychology\\\\Documents\\\\ABExperiment\\\\MemoryStudy\\\\resources\\\\JPG\\\\'}
31.3587 	DEPRECATION 	Couldn't find image C:\\Users\\Psychology\\Documents\\ABExperiment\\MemoryStudy\\resources\\JPG\
oparkingsign.jpg; check path? (tried: C:\Users\Psychology\Documents\ABExperiment\MemoryStudy\resources\JPG\
oparkingsign.jpg)
31.4858 	EXP 	window1: mouseVisible = True
